[4.845s] Invoking command in '/home/russe/Autonomous_Robot/src/mobile_robot': PYTHONPATH=/home/russe/Autonomous_Robot/build/mobile_robot/prefix_override:/usr/lib/python3/dist-packages/colcon_core/task/python/colcon_distutils_commands:/home/russe/Autonomous_Robot/install/mobile_robot/lib/python3.12/site-packages:${PYTHONPATH} /usr/bin/python3 -W ignore:setup.py install is deprecated -W ignore:easy_install command is deprecated setup.py egg_info --egg-base ../../build/mobile_robot build --build-base /home/russe/Autonomous_Robot/build/mobile_robot/build install --record /home/russe/Autonomous_Robot/build/mobile_robot/install.log --single-version-externally-managed install_data
[6.479s] running egg_info
[6.605s] writing ../../build/mobile_robot/mobile_robot.egg-info/PKG-INFO
[6.609s] writing dependency_links to ../../build/mobile_robot/mobile_robot.egg-info/dependency_links.txt
[6.611s] writing entry points to ../../build/mobile_robot/mobile_robot.egg-info/entry_points.txt
[6.613s] writing requirements to ../../build/mobile_robot/mobile_robot.egg-info/requires.txt
[6.616s] writing top-level names to ../../build/mobile_robot/mobile_robot.egg-info/top_level.txt
[6.873s] reading manifest file '../../build/mobile_robot/mobile_robot.egg-info/SOURCES.txt'
[6.875s] writing manifest file '../../build/mobile_robot/mobile_robot.egg-info/SOURCES.txt'
[6.880s] running build
[6.880s] running build_py
[6.884s] copying mobile_robot/test.py -> /home/russe/Autonomous_Robot/build/mobile_robot/build/lib/mobile_robot
[6.886s] running install
[6.927s] running install_lib
[7.053s] copying /home/russe/Autonomous_Robot/build/mobile_robot/build/lib/mobile_robot/test.py -> /home/russe/Autonomous_Robot/install/mobile_robot/lib/python3.12/site-packages/mobile_robot
[7.057s] byte-compiling /home/russe/Autonomous_Robot/install/mobile_robot/lib/python3.12/site-packages/mobile_robot/test.py to test.cpython-312.pyc
[7.060s] running install_data
[7.062s] running install_egg_info
[7.178s] removing '/home/russe/Autonomous_Robot/install/mobile_robot/lib/python3.12/site-packages/mobile_robot-0.0.0-py3.12.egg-info' (and everything under it)
[7.180s] Copying ../../build/mobile_robot/mobile_robot.egg-info to /home/russe/Autonomous_Robot/install/mobile_robot/lib/python3.12/site-packages/mobile_robot-0.0.0-py3.12.egg-info
[7.185s] running install_scripts
[7.972s] Installing test_publisher script to /home/russe/Autonomous_Robot/install/mobile_robot/lib/mobile_robot
[7.976s] writing list of installed files to '/home/russe/Autonomous_Robot/build/mobile_robot/install.log'
[8.113s] Invoked command in '/home/russe/Autonomous_Robot/src/mobile_robot' returned '0': PYTHONPATH=/home/russe/Autonomous_Robot/build/mobile_robot/prefix_override:/usr/lib/python3/dist-packages/colcon_core/task/python/colcon_distutils_commands:/home/russe/Autonomous_Robot/install/mobile_robot/lib/python3.12/site-packages:${PYTHONPATH} /usr/bin/python3 -W ignore:setup.py install is deprecated -W ignore:easy_install command is deprecated setup.py egg_info --egg-base ../../build/mobile_robot build --build-base /home/russe/Autonomous_Robot/build/mobile_robot/build install --record /home/russe/Autonomous_Robot/build/mobile_robot/install.log --single-version-externally-managed install_data
