[1.430s] Invoking command in '/home/russe/Autonomous_Robot/src/new_gazebo_robot': PYTHONPATH=/home/russe/Autonomous_Robot/build/new_gazebo_robot/prefix_override:/usr/lib/python3/dist-packages/colcon_core/task/python/colcon_distutils_commands:/home/russe/Autonomous_Robot/install/new_gazebo_robot/lib/python3.12/site-packages:${PYTHONPATH} /usr/bin/python3 -W ignore:setup.py install is deprecated -W ignore:easy_install command is deprecated setup.py egg_info --egg-base ../../build/new_gazebo_robot build --build-base /home/russe/Autonomous_Robot/build/new_gazebo_robot/build install --record /home/russe/Autonomous_Robot/build/new_gazebo_robot/install.log --single-version-externally-managed install_data
[1.740s] running egg_info
[1.740s] creating ../../build/new_gazebo_robot/new_gazebo_robot.egg-info
[1.762s] writing ../../build/new_gazebo_robot/new_gazebo_robot.egg-info/PKG-INFO
[1.762s] writing dependency_links to ../../build/new_gazebo_robot/new_gazebo_robot.egg-info/dependency_links.txt
[1.763s] writing requirements to ../../build/new_gazebo_robot/new_gazebo_robot.egg-info/requires.txt
[1.763s] writing top-level names to ../../build/new_gazebo_robot/new_gazebo_robot.egg-info/top_level.txt
[1.763s] writing manifest file '../../build/new_gazebo_robot/new_gazebo_robot.egg-info/SOURCES.txt'
[1.812s] reading manifest file '../../build/new_gazebo_robot/new_gazebo_robot.egg-info/SOURCES.txt'
[1.813s] writing manifest file '../../build/new_gazebo_robot/new_gazebo_robot.egg-info/SOURCES.txt'
[1.813s] running build
[1.813s] running build_py
[1.813s] creating /home/russe/Autonomous_Robot/build/new_gazebo_robot/build
[1.814s] creating /home/russe/Autonomous_Robot/build/new_gazebo_robot/build/lib
[1.814s] creating /home/russe/Autonomous_Robot/build/new_gazebo_robot/build/lib/new_gazebo_robot
[1.814s] copying new_gazebo_robot/__init__.py -> /home/russe/Autonomous_Robot/build/new_gazebo_robot/build/lib/new_gazebo_robot
[1.815s] running install
[1.822s] running install_lib
[1.844s] creating /home/russe/Autonomous_Robot/install/new_gazebo_robot/lib/python3.12/site-packages/new_gazebo_robot
[1.845s] copying /home/russe/Autonomous_Robot/build/new_gazebo_robot/build/lib/new_gazebo_robot/__init__.py -> /home/russe/Autonomous_Robot/install/new_gazebo_robot/lib/python3.12/site-packages/new_gazebo_robot
[1.846s] byte-compiling /home/russe/Autonomous_Robot/install/new_gazebo_robot/lib/python3.12/site-packages/new_gazebo_robot/__init__.py to __init__.cpython-312.pyc
[1.846s] running install_data
[1.847s] creating /home/russe/Autonomous_Robot/install/new_gazebo_robot/share/ament_index
[1.847s] creating /home/russe/Autonomous_Robot/install/new_gazebo_robot/share/ament_index/resource_index
[1.847s] creating /home/russe/Autonomous_Robot/install/new_gazebo_robot/share/ament_index/resource_index/packages
[1.848s] copying resource/new_gazebo_robot -> /home/russe/Autonomous_Robot/install/new_gazebo_robot/share/ament_index/resource_index/packages
[1.848s] copying package.xml -> /home/russe/Autonomous_Robot/install/new_gazebo_robot/share/new_gazebo_robot
[1.848s] running install_egg_info
[1.873s] Copying ../../build/new_gazebo_robot/new_gazebo_robot.egg-info to /home/russe/Autonomous_Robot/install/new_gazebo_robot/lib/python3.12/site-packages/new_gazebo_robot-0.0.0-py3.12.egg-info
[1.874s] running install_scripts
[2.022s] writing list of installed files to '/home/russe/Autonomous_Robot/build/new_gazebo_robot/install.log'
[2.054s] Invoked command in '/home/russe/Autonomous_Robot/src/new_gazebo_robot' returned '0': PYTHONPATH=/home/russe/Autonomous_Robot/build/new_gazebo_robot/prefix_override:/usr/lib/python3/dist-packages/colcon_core/task/python/colcon_distutils_commands:/home/russe/Autonomous_Robot/install/new_gazebo_robot/lib/python3.12/site-packages:${PYTHONPATH} /usr/bin/python3 -W ignore:setup.py install is deprecated -W ignore:easy_install command is deprecated setup.py egg_info --egg-base ../../build/new_gazebo_robot build --build-base /home/russe/Autonomous_Robot/build/new_gazebo_robot/build install --record /home/russe/Autonomous_Robot/build/new_gazebo_robot/install.log --single-version-externally-managed install_data
