[0.861s] Invoking command in '/home/benoitrouchy/Autonomous_Robot-master/src/mobile_robot': DEBUGINFOD_URLS=https://debuginfod.ubuntu.com PYTHONPATH=/home/benoitrouchy/Autonomous_Robot-master/build/mobile_robot/prefix_override:/usr/lib/python3/dist-packages/colcon_core/task/python/colcon_distutils_commands:/home/benoitrouchy/Autonomous_Robot-master/install/mobile_robot/lib/python3.12/site-packages:${PYTHONPATH} /usr/bin/python3 -W ignore:setup.py install is deprecated -W ignore:easy_install command is deprecated setup.py egg_info --egg-base ../../build/mobile_robot build --build-base /home/benoitrouchy/Autonomous_Robot-master/build/mobile_robot/build install --record /home/benoitrouchy/Autonomous_Robot-master/build/mobile_robot/install.log --single-version-externally-managed install_data
[1.164s] running egg_info
[1.186s] writing ../../build/mobile_robot/mobile_robot.egg-info/PKG-INFO
[1.186s] writing dependency_links to ../../build/mobile_robot/mobile_robot.egg-info/dependency_links.txt
[1.187s] writing entry points to ../../build/mobile_robot/mobile_robot.egg-info/entry_points.txt
[1.187s] writing requirements to ../../build/mobile_robot/mobile_robot.egg-info/requires.txt
[1.187s] writing top-level names to ../../build/mobile_robot/mobile_robot.egg-info/top_level.txt
[1.232s] reading manifest file '../../build/mobile_robot/mobile_robot.egg-info/SOURCES.txt'
[1.232s] writing manifest file '../../build/mobile_robot/mobile_robot.egg-info/SOURCES.txt'
[1.233s] running build
[1.233s] running build_py
[1.233s] running install
[1.239s] running install_lib
[1.263s] running install_data
[1.263s] running install_egg_info
[1.287s] removing '/home/benoitrouchy/Autonomous_Robot-master/install/mobile_robot/lib/python3.12/site-packages/mobile_robot-0.0.0-py3.12.egg-info' (and everything under it)
[1.287s] Copying ../../build/mobile_robot/mobile_robot.egg-info to /home/benoitrouchy/Autonomous_Robot-master/install/mobile_robot/lib/python3.12/site-packages/mobile_robot-0.0.0-py3.12.egg-info
[1.288s] running install_scripts
[1.431s] Installing battery_node script to /home/benoitrouchy/Autonomous_Robot-master/install/mobile_robot/lib/mobile_robot
[1.431s] Installing test_publisher script to /home/benoitrouchy/Autonomous_Robot-master/install/mobile_robot/lib/mobile_robot
[1.431s] writing list of installed files to '/home/benoitrouchy/Autonomous_Robot-master/build/mobile_robot/install.log'
[1.458s] Invoked command in '/home/benoitrouchy/Autonomous_Robot-master/src/mobile_robot' returned '0': DEBUGINFOD_URLS=https://debuginfod.ubuntu.com PYTHONPATH=/home/benoitrouchy/Autonomous_Robot-master/build/mobile_robot/prefix_override:/usr/lib/python3/dist-packages/colcon_core/task/python/colcon_distutils_commands:/home/benoitrouchy/Autonomous_Robot-master/install/mobile_robot/lib/python3.12/site-packages:${PYTHONPATH} /usr/bin/python3 -W ignore:setup.py install is deprecated -W ignore:easy_install command is deprecated setup.py egg_info --egg-base ../../build/mobile_robot build --build-base /home/benoitrouchy/Autonomous_Robot-master/build/mobile_robot/build install --record /home/benoitrouchy/Autonomous_Robot-master/build/mobile_robot/install.log --single-version-externally-managed install_data
