[0.075s] DEBUG:colcon:Command line arguments: ['/usr/bin/colcon', 'build']
[0.075s] DEBUG:colcon:Parsed command line arguments: Namespace(log_base=None, log_level=None, verb_name='build', build_base='build', install_base='install', merge_install=False, symlink_install=False, test_result_base=None, continue_on_error=False, executor='parallel', parallel_workers=24, event_handlers=None, ignore_user_meta=False, metas=['./colcon.meta'], base_paths=['.'], packages_ignore=None, packages_ignore_regex=None, paths=None, packages_up_to=None, packages_up_to_regex=None, packages_above=None, packages_above_and_dependencies=None, packages_above_depth=None, packages_select_by_dep=None, packages_skip_by_dep=None, packages_skip_up_to=None, packages_select_build_failed=False, packages_skip_build_finished=False, packages_select_test_failures=False, packages_skip_test_passed=False, packages_select=None, packages_skip=None, packages_select_regex=None, packages_skip_regex=None, packages_start=None, packages_end=None, allow_overriding=[], cmake_args=None, cmake_target=None, cmake_target_skip_unavailable=False, cmake_clean_cache=False, cmake_clean_first=False, cmake_force_configure=False, ament_cmake_args=None, catkin_cmake_args=None, catkin_skip_building_tests=False, mixin_files=None, mixin=None, verb_parser=<colcon_mixin.mixin.mixin_argument.MixinArgumentDecorator object at 0x71ca0394b9b0>, verb_extension=<colcon_core.verb.build.BuildVerb object at 0x71ca049e6570>, main=<bound method BuildVerb.main of <colcon_core.verb.build.BuildVerb object at 0x71ca049e6570>>, mixin_verb=('build',))
[0.106s] Level 1:colcon.colcon_core.package_discovery:discover_packages(colcon_meta) check parameters
[0.106s] Level 1:colcon.colcon_core.package_discovery:discover_packages(recursive) check parameters
[0.106s] Level 1:colcon.colcon_core.package_discovery:discover_packages(ignore) check parameters
[0.106s] Level 1:colcon.colcon_core.package_discovery:discover_packages(path) check parameters
[0.106s] Level 1:colcon.colcon_core.package_discovery:discover_packages(colcon_meta) discover
[0.106s] Level 1:colcon.colcon_core.package_discovery:discover_packages(recursive) discover
[0.106s] INFO:colcon.colcon_core.package_discovery:Crawling recursively for packages in '/home/russell/Autonomous_Robot/src/mobile_robot'
[0.106s] Level 1:colcon.colcon_core.package_identification:_identify(.) by extensions ['ignore', 'ignore_ament_install']
[0.106s] Level 1:colcon.colcon_core.package_identification:_identify(.) by extension 'ignore'
[0.106s] Level 1:colcon.colcon_core.package_identification:_identify(.) by extension 'ignore_ament_install'
[0.106s] Level 1:colcon.colcon_core.package_identification:_identify(.) by extensions ['colcon_pkg']
[0.106s] Level 1:colcon.colcon_core.package_identification:_identify(.) by extension 'colcon_pkg'
[0.106s] Level 1:colcon.colcon_core.package_identification:_identify(.) by extensions ['colcon_meta']
[0.106s] Level 1:colcon.colcon_core.package_identification:_identify(.) by extension 'colcon_meta'
[0.107s] Level 1:colcon.colcon_core.package_identification:_identify(.) by extensions ['ros']
[0.107s] Level 1:colcon.colcon_core.package_identification:_identify(.) by extension 'ros'
[0.146s] DEBUG:colcon.colcon_core.package_identification:Package '.' with type 'ros.ament_python' and name 'mobile_robot'
[0.146s] Level 1:colcon.colcon_core.package_discovery:discover_packages(recursive) using defaults
[0.146s] Level 1:colcon.colcon_core.package_discovery:discover_packages(ignore) discover
[0.146s] Level 1:colcon.colcon_core.package_discovery:discover_packages(ignore) using defaults
[0.146s] Level 1:colcon.colcon_core.package_discovery:discover_packages(path) discover
[0.146s] Level 1:colcon.colcon_core.package_discovery:discover_packages(path) using defaults
[0.181s] Level 1:colcon.colcon_core.package_discovery:discover_packages(prefix_path) check parameters
[0.181s] Level 1:colcon.colcon_core.package_discovery:discover_packages(prefix_path) discover
[0.182s] Level 1:colcon.colcon_core.package_discovery:discover_packages(prefix_path) using defaults
[0.183s] Level 5:colcon.colcon_core.verb:set package 'mobile_robot' build argument 'cmake_args' from command line to 'None'
[0.183s] Level 5:colcon.colcon_core.verb:set package 'mobile_robot' build argument 'cmake_target' from command line to 'None'
[0.183s] Level 5:colcon.colcon_core.verb:set package 'mobile_robot' build argument 'cmake_target_skip_unavailable' from command line to 'False'
[0.183s] Level 5:colcon.colcon_core.verb:set package 'mobile_robot' build argument 'cmake_clean_cache' from command line to 'False'
[0.183s] Level 5:colcon.colcon_core.verb:set package 'mobile_robot' build argument 'cmake_clean_first' from command line to 'False'
[0.183s] Level 5:colcon.colcon_core.verb:set package 'mobile_robot' build argument 'cmake_force_configure' from command line to 'False'
[0.183s] Level 5:colcon.colcon_core.verb:set package 'mobile_robot' build argument 'ament_cmake_args' from command line to 'None'
[0.183s] Level 5:colcon.colcon_core.verb:set package 'mobile_robot' build argument 'catkin_cmake_args' from command line to 'None'
[0.183s] Level 5:colcon.colcon_core.verb:set package 'mobile_robot' build argument 'catkin_skip_building_tests' from command line to 'False'
[0.183s] DEBUG:colcon.colcon_core.verb:Building package 'mobile_robot' with the following arguments: {'ament_cmake_args': None, 'build_base': '/home/russell/Autonomous_Robot/src/mobile_robot/build/mobile_robot', 'catkin_cmake_args': None, 'catkin_skip_building_tests': False, 'cmake_args': None, 'cmake_clean_cache': False, 'cmake_clean_first': False, 'cmake_force_configure': False, 'cmake_target': None, 'cmake_target_skip_unavailable': False, 'install_base': '/home/russell/Autonomous_Robot/src/mobile_robot/install/mobile_robot', 'merge_install': False, 'path': '/home/russell/Autonomous_Robot/src/mobile_robot', 'symlink_install': False, 'test_result_base': None}
[0.183s] INFO:colcon.colcon_core.executor:Executing jobs using 'parallel' executor
[0.184s] DEBUG:colcon.colcon_parallel_executor.executor.parallel:run_until_complete
[0.184s] INFO:colcon.colcon_ros.task.ament_python.build:Building ROS package in '/home/russell/Autonomous_Robot/src/mobile_robot' with build type 'ament_python'
[0.184s] Level 1:colcon.colcon_core.shell:create_environment_hook('mobile_robot', 'ament_prefix_path')
[0.186s] INFO:colcon.colcon_core.plugin_system:Skipping extension 'colcon_core.shell.bat': Not used on non-Windows systems
[0.186s] INFO:colcon.colcon_core.shell:Creating environment hook '/home/russell/Autonomous_Robot/src/mobile_robot/install/mobile_robot/share/mobile_robot/hook/ament_prefix_path.ps1'
[0.186s] INFO:colcon.colcon_core.shell:Creating environment descriptor '/home/russell/Autonomous_Robot/src/mobile_robot/install/mobile_robot/share/mobile_robot/hook/ament_prefix_path.dsv'
[0.187s] INFO:colcon.colcon_core.shell:Creating environment hook '/home/russell/Autonomous_Robot/src/mobile_robot/install/mobile_robot/share/mobile_robot/hook/ament_prefix_path.sh'
[0.187s] INFO:colcon.colcon_core.shell:Skip shell extension 'powershell' for command environment: Not usable outside of PowerShell
[0.187s] DEBUG:colcon.colcon_core.shell:Skip shell extension 'dsv' for command environment
[0.376s] INFO:colcon.colcon_core.task.python.build:Building Python package in '/home/russell/Autonomous_Robot/src/mobile_robot'
[0.377s] INFO:colcon.colcon_core.shell:Skip shell extension 'powershell' for command environment: Not usable outside of PowerShell
[0.377s] DEBUG:colcon.colcon_core.shell:Skip shell extension 'dsv' for command environment
[2.386s] DEBUG:colcon.colcon_core.event_handler.log_command:Invoking command in '/home/russell/Autonomous_Robot/src/mobile_robot': DEBUGINFOD_URLS=https://debuginfod.ubuntu.com PYTHONPATH=/home/russell/Autonomous_Robot/src/mobile_robot/build/mobile_robot/prefix_override:/usr/lib/python3/dist-packages/colcon_core/task/python/colcon_distutils_commands:/home/russell/Autonomous_Robot/src/mobile_robot/install/mobile_robot/lib/python3.12/site-packages: /usr/bin/python3 -W ignore:setup.py install is deprecated -W ignore:easy_install command is deprecated setup.py egg_info --egg-base build/mobile_robot build --build-base /home/russell/Autonomous_Robot/src/mobile_robot/build/mobile_robot/build install --record /home/russell/Autonomous_Robot/src/mobile_robot/build/mobile_robot/install.log --single-version-externally-managed install_data
[2.824s] DEBUG:colcon.colcon_core.event_handler.log_command:Invoked command in '/home/russell/Autonomous_Robot/src/mobile_robot' returned '0': DEBUGINFOD_URLS=https://debuginfod.ubuntu.com PYTHONPATH=/home/russell/Autonomous_Robot/src/mobile_robot/build/mobile_robot/prefix_override:/usr/lib/python3/dist-packages/colcon_core/task/python/colcon_distutils_commands:/home/russell/Autonomous_Robot/src/mobile_robot/install/mobile_robot/lib/python3.12/site-packages: /usr/bin/python3 -W ignore:setup.py install is deprecated -W ignore:easy_install command is deprecated setup.py egg_info --egg-base build/mobile_robot build --build-base /home/russell/Autonomous_Robot/src/mobile_robot/build/mobile_robot/build install --record /home/russell/Autonomous_Robot/src/mobile_robot/build/mobile_robot/install.log --single-version-externally-managed install_data
[2.827s] Level 1:colcon.colcon_core.environment:checking '/home/russell/Autonomous_Robot/src/mobile_robot/install/mobile_robot' for CMake module files
[2.828s] Level 1:colcon.colcon_core.environment:checking '/home/russell/Autonomous_Robot/src/mobile_robot/install/mobile_robot' for CMake config files
[2.829s] Level 1:colcon.colcon_core.environment:checking '/home/russell/Autonomous_Robot/src/mobile_robot/install/mobile_robot/lib'
[2.829s] Level 1:colcon.colcon_core.environment:checking '/home/russell/Autonomous_Robot/src/mobile_robot/install/mobile_robot/bin'
[2.830s] Level 1:colcon.colcon_core.environment:checking '/home/russell/Autonomous_Robot/src/mobile_robot/install/mobile_robot/lib/pkgconfig/mobile_robot.pc'
[2.830s] Level 1:colcon.colcon_core.environment:checking '/home/russell/Autonomous_Robot/src/mobile_robot/install/mobile_robot/lib/python3.12/site-packages'
[2.830s] Level 1:colcon.colcon_core.shell:create_environment_hook('mobile_robot', 'pythonpath')
[2.830s] INFO:colcon.colcon_core.shell:Creating environment hook '/home/russell/Autonomous_Robot/src/mobile_robot/install/mobile_robot/share/mobile_robot/hook/pythonpath.ps1'
[2.831s] INFO:colcon.colcon_core.shell:Creating environment descriptor '/home/russell/Autonomous_Robot/src/mobile_robot/install/mobile_robot/share/mobile_robot/hook/pythonpath.dsv'
[2.831s] INFO:colcon.colcon_core.shell:Creating environment hook '/home/russell/Autonomous_Robot/src/mobile_robot/install/mobile_robot/share/mobile_robot/hook/pythonpath.sh'
[2.832s] Level 1:colcon.colcon_core.environment:checking '/home/russell/Autonomous_Robot/src/mobile_robot/install/mobile_robot/bin'
[2.832s] Level 1:colcon.colcon_core.environment:create_environment_scripts_only(mobile_robot)
[2.833s] INFO:colcon.colcon_core.shell:Creating package script '/home/russell/Autonomous_Robot/src/mobile_robot/install/mobile_robot/share/mobile_robot/package.ps1'
[2.834s] INFO:colcon.colcon_core.shell:Creating package descriptor '/home/russell/Autonomous_Robot/src/mobile_robot/install/mobile_robot/share/mobile_robot/package.dsv'
[2.834s] INFO:colcon.colcon_core.shell:Creating package script '/home/russell/Autonomous_Robot/src/mobile_robot/install/mobile_robot/share/mobile_robot/package.sh'
[2.835s] INFO:colcon.colcon_core.shell:Creating package script '/home/russell/Autonomous_Robot/src/mobile_robot/install/mobile_robot/share/mobile_robot/package.bash'
[2.836s] INFO:colcon.colcon_core.shell:Creating package script '/home/russell/Autonomous_Robot/src/mobile_robot/install/mobile_robot/share/mobile_robot/package.zsh'
[2.837s] Level 1:colcon.colcon_core.environment:create_file_with_runtime_dependencies(/home/russell/Autonomous_Robot/src/mobile_robot/install/mobile_robot/share/colcon-core/packages/mobile_robot)
[2.837s] DEBUG:colcon.colcon_parallel_executor.executor.parallel:closing loop
[2.838s] DEBUG:colcon.colcon_parallel_executor.executor.parallel:loop closed
[2.838s] DEBUG:colcon.colcon_parallel_executor.executor.parallel:run_until_complete finished with '0'
[2.838s] DEBUG:colcon.colcon_core.event_reactor:joining thread
[2.846s] INFO:colcon.colcon_core.plugin_system:Skipping extension 'colcon_notification.desktop_notification.terminal_notifier': Not used on non-Darwin systems
[2.846s] INFO:colcon.colcon_core.plugin_system:Skipping extension 'colcon_notification.desktop_notification.win32': Not used on non-Windows systems
[2.846s] INFO:colcon.colcon_notification.desktop_notification:Sending desktop notification using 'notify2'
[2.865s] DEBUG:colcon.colcon_core.event_reactor:joined thread
[2.865s] INFO:colcon.colcon_core.shell:Creating prefix script '/home/russell/Autonomous_Robot/src/mobile_robot/install/local_setup.ps1'
[2.866s] INFO:colcon.colcon_core.shell:Creating prefix util module '/home/russell/Autonomous_Robot/src/mobile_robot/install/_local_setup_util_ps1.py'
[2.868s] INFO:colcon.colcon_core.shell:Creating prefix chain script '/home/russell/Autonomous_Robot/src/mobile_robot/install/setup.ps1'
[2.869s] INFO:colcon.colcon_core.shell:Creating prefix script '/home/russell/Autonomous_Robot/src/mobile_robot/install/local_setup.sh'
[2.869s] INFO:colcon.colcon_core.shell:Creating prefix util module '/home/russell/Autonomous_Robot/src/mobile_robot/install/_local_setup_util_sh.py'
[2.870s] INFO:colcon.colcon_core.shell:Creating prefix chain script '/home/russell/Autonomous_Robot/src/mobile_robot/install/setup.sh'
[2.871s] INFO:colcon.colcon_core.shell:Creating prefix script '/home/russell/Autonomous_Robot/src/mobile_robot/install/local_setup.bash'
[2.871s] INFO:colcon.colcon_core.shell:Creating prefix chain script '/home/russell/Autonomous_Robot/src/mobile_robot/install/setup.bash'
[2.872s] INFO:colcon.colcon_core.shell:Creating prefix script '/home/russell/Autonomous_Robot/src/mobile_robot/install/local_setup.zsh'
[2.873s] INFO:colcon.colcon_core.shell:Creating prefix chain script '/home/russell/Autonomous_Robot/src/mobile_robot/install/setup.zsh'
