[0.621s] Invoking command in '/home/russe/Autonomous_Robot/src/mobile_robot': PYTHONPATH=/home/russe/Autonomous_Robot/build/mobile_robot/prefix_override:/usr/lib/python3/dist-packages/colcon_core/task/python/colcon_distutils_commands:/home/russe/Autonomous_Robot/install/mobile_robot/lib/python3.12/site-packages:${PYTHONPATH} /usr/bin/python3 -W ignore:setup.py install is deprecated -W ignore:easy_install command is deprecated setup.py egg_info --egg-base ../../build/mobile_robot build --build-base /home/russe/Autonomous_Robot/build/mobile_robot/build install --record /home/russe/Autonomous_Robot/build/mobile_robot/install.log --single-version-externally-managed install_data
[0.817s] running egg_info
[0.832s] writing ../../build/mobile_robot/mobile_robot.egg-info/PKG-INFO
[0.832s] writing dependency_links to ../../build/mobile_robot/mobile_robot.egg-info/dependency_links.txt
[0.832s] writing entry points to ../../build/mobile_robot/mobile_robot.egg-info/entry_points.txt
[0.832s] writing requirements to ../../build/mobile_robot/mobile_robot.egg-info/requires.txt
[0.832s] writing top-level names to ../../build/mobile_robot/mobile_robot.egg-info/top_level.txt
[0.861s] reading manifest file '../../build/mobile_robot/mobile_robot.egg-info/SOURCES.txt'
[0.862s] writing manifest file '../../build/mobile_robot/mobile_robot.egg-info/SOURCES.txt'
[0.862s] running build
[0.862s] running build_py
[0.863s] copying mobile_robot/simple_avoid_obstacle.py -> /home/russe/Autonomous_Robot/build/mobile_robot/build/lib/mobile_robot
[0.863s] running install
[0.872s] running install_lib
[0.887s] copying /home/russe/Autonomous_Robot/build/mobile_robot/build/lib/mobile_robot/simple_avoid_obstacle.py -> /home/russe/Autonomous_Robot/install/mobile_robot/lib/python3.12/site-packages/mobile_robot
[0.887s] byte-compiling /home/russe/Autonomous_Robot/install/mobile_robot/lib/python3.12/site-packages/mobile_robot/simple_avoid_obstacle.py to simple_avoid_obstacle.cpython-312.pyc
[0.888s] running install_data
[0.889s] copying worlds/arena_with_cylinders.py -> /home/russe/Autonomous_Robot/install/mobile_robot/share/mobile_robot/worlds
[0.889s] running install_egg_info
[0.905s] removing '/home/russe/Autonomous_Robot/install/mobile_robot/lib/python3.12/site-packages/mobile_robot-0.0.0-py3.12.egg-info' (and everything under it)
[0.906s] Copying ../../build/mobile_robot/mobile_robot.egg-info to /home/russe/Autonomous_Robot/install/mobile_robot/lib/python3.12/site-packages/mobile_robot-0.0.0-py3.12.egg-info
[0.907s] running install_scripts
[1.003s] Installing battery_node script to /home/russe/Autonomous_Robot/install/mobile_robot/lib/mobile_robot
[1.003s] Installing simple_avoid_obstacle script to /home/russe/Autonomous_Robot/install/mobile_robot/lib/mobile_robot
[1.004s] Installing test_publisher script to /home/russe/Autonomous_Robot/install/mobile_robot/lib/mobile_robot
[1.004s] writing list of installed files to '/home/russe/Autonomous_Robot/build/mobile_robot/install.log'
[1.028s] Invoked command in '/home/russe/Autonomous_Robot/src/mobile_robot' returned '0': PYTHONPATH=/home/russe/Autonomous_Robot/build/mobile_robot/prefix_override:/usr/lib/python3/dist-packages/colcon_core/task/python/colcon_distutils_commands:/home/russe/Autonomous_Robot/install/mobile_robot/lib/python3.12/site-packages:${PYTHONPATH} /usr/bin/python3 -W ignore:setup.py install is deprecated -W ignore:easy_install command is deprecated setup.py egg_info --egg-base ../../build/mobile_robot build --build-base /home/russe/Autonomous_Robot/build/mobile_robot/build install --record /home/russe/Autonomous_Robot/build/mobile_robot/install.log --single-version-externally-managed install_data
