[0.860s] Invoking command in '/home/benoitrouchy/Autonomous_Robot-master/src/mobile_robot': DEBUGINFOD_URLS=https://debuginfod.ubuntu.com PYTHONPATH=/home/benoitrouchy/Autonomous_Robot-master/build/mobile_robot/prefix_override:/usr/lib/python3/dist-packages/colcon_core/task/python/colcon_distutils_commands:/home/benoitrouchy/Autonomous_Robot-master/install/mobile_robot/lib/python3.12/site-packages:${PYTHONPATH} /usr/bin/python3 -W ignore:setup.py install is deprecated -W ignore:easy_install command is deprecated setup.py egg_info --egg-base ../../build/mobile_robot build --build-base /home/benoitrouchy/Autonomous_Robot-master/build/mobile_robot/build install --record /home/benoitrouchy/Autonomous_Robot-master/build/mobile_robot/install.log --single-version-externally-managed install_data
[1.150s] running egg_info
[1.172s] writing ../../build/mobile_robot/mobile_robot.egg-info/PKG-INFO
[1.173s] writing dependency_links to ../../build/mobile_robot/mobile_robot.egg-info/dependency_links.txt
[1.173s] writing entry points to ../../build/mobile_robot/mobile_robot.egg-info/entry_points.txt
[1.173s] writing requirements to ../../build/mobile_robot/mobile_robot.egg-info/requires.txt
[1.173s] writing top-level names to ../../build/mobile_robot/mobile_robot.egg-info/top_level.txt
[1.217s] reading manifest file '../../build/mobile_robot/mobile_robot.egg-info/SOURCES.txt'
[1.217s] writing manifest file '../../build/mobile_robot/mobile_robot.egg-info/SOURCES.txt'
[1.218s] running build
[1.218s] running build_py
[1.218s] copying mobile_robot/battery_node.py -> /home/benoitrouchy/Autonomous_Robot-master/build/mobile_robot/build/lib/mobile_robot
[1.218s] running install
[1.224s] running install_lib
[1.247s] copying /home/benoitrouchy/Autonomous_Robot-master/build/mobile_robot/build/lib/mobile_robot/battery_node.py -> /home/benoitrouchy/Autonomous_Robot-master/install/mobile_robot/lib/python3.12/site-packages/mobile_robot
[1.247s] byte-compiling /home/benoitrouchy/Autonomous_Robot-master/install/mobile_robot/lib/python3.12/site-packages/mobile_robot/battery_node.py to battery_node.cpython-312.pyc
[1.248s] running install_data
[1.249s] copying model/robot.xacro -> /home/benoitrouchy/Autonomous_Robot-master/install/mobile_robot/share/mobile_robot/model
[1.249s] running install_egg_info
[1.272s] removing '/home/benoitrouchy/Autonomous_Robot-master/install/mobile_robot/lib/python3.12/site-packages/mobile_robot-0.0.0-py3.12.egg-info' (and everything under it)
[1.272s] Copying ../../build/mobile_robot/mobile_robot.egg-info to /home/benoitrouchy/Autonomous_Robot-master/install/mobile_robot/lib/python3.12/site-packages/mobile_robot-0.0.0-py3.12.egg-info
[1.273s] running install_scripts
[1.414s] Installing battery_node script to /home/benoitrouchy/Autonomous_Robot-master/install/mobile_robot/lib/mobile_robot
[1.414s] Installing test_publisher script to /home/benoitrouchy/Autonomous_Robot-master/install/mobile_robot/lib/mobile_robot
[1.414s] writing list of installed files to '/home/benoitrouchy/Autonomous_Robot-master/build/mobile_robot/install.log'
[1.440s] Invoked command in '/home/benoitrouchy/Autonomous_Robot-master/src/mobile_robot' returned '0': DEBUGINFOD_URLS=https://debuginfod.ubuntu.com PYTHONPATH=/home/benoitrouchy/Autonomous_Robot-master/build/mobile_robot/prefix_override:/usr/lib/python3/dist-packages/colcon_core/task/python/colcon_distutils_commands:/home/benoitrouchy/Autonomous_Robot-master/install/mobile_robot/lib/python3.12/site-packages:${PYTHONPATH} /usr/bin/python3 -W ignore:setup.py install is deprecated -W ignore:easy_install command is deprecated setup.py egg_info --egg-base ../../build/mobile_robot build --build-base /home/benoitrouchy/Autonomous_Robot-master/build/mobile_robot/build install --record /home/benoitrouchy/Autonomous_Robot-master/build/mobile_robot/install.log --single-version-externally-managed install_data
