[0.886s] Invoking command in '/home/russe/Autonomous_Robot/src/mobile_robot': PYTHONPATH=/home/russe/Autonomous_Robot/build/mobile_robot/prefix_override:/usr/lib/python3/dist-packages/colcon_core/task/python/colcon_distutils_commands:/home/russe/Autonomous_Robot/install/mobile_robot/lib/python3.12/site-packages:${PYTHONPATH} /usr/bin/python3 -W ignore:setup.py install is deprecated -W ignore:easy_install command is deprecated setup.py egg_info --egg-base ../../build/mobile_robot build --build-base /home/russe/Autonomous_Robot/build/mobile_robot/build install --record /home/russe/Autonomous_Robot/build/mobile_robot/install.log --single-version-externally-managed install_data
[1.165s] running egg_info
[1.182s] writing ../../build/mobile_robot/mobile_robot.egg-info/PKG-INFO
[1.183s] writing dependency_links to ../../build/mobile_robot/mobile_robot.egg-info/dependency_links.txt
[1.183s] writing entry points to ../../build/mobile_robot/mobile_robot.egg-info/entry_points.txt
[1.184s] writing requirements to ../../build/mobile_robot/mobile_robot.egg-info/requires.txt
[1.184s] writing top-level names to ../../build/mobile_robot/mobile_robot.egg-info/top_level.txt
[1.224s] reading manifest file '../../build/mobile_robot/mobile_robot.egg-info/SOURCES.txt'
[1.225s] writing manifest file '../../build/mobile_robot/mobile_robot.egg-info/SOURCES.txt'
[1.226s] running build
[1.226s] running build_py
[1.227s] running install
[1.235s] running install_lib
[1.258s] running install_data
[1.258s] copying parameters/battery_tunable_parameters.yaml -> /home/russe/Autonomous_Robot/install/mobile_robot/share/mobile_robot/parameters
[1.259s] running install_egg_info
[1.279s] removing '/home/russe/Autonomous_Robot/install/mobile_robot/lib/python3.12/site-packages/mobile_robot-0.0.0-py3.12.egg-info' (and everything under it)
[1.279s] Copying ../../build/mobile_robot/mobile_robot.egg-info to /home/russe/Autonomous_Robot/install/mobile_robot/lib/python3.12/site-packages/mobile_robot-0.0.0-py3.12.egg-info
[1.280s] running install_scripts
[1.413s] Installing auto_recharge_node script to /home/russe/Autonomous_Robot/install/mobile_robot/lib/mobile_robot
[1.413s] Installing avoid_while_interact script to /home/russe/Autonomous_Robot/install/mobile_robot/lib/mobile_robot
[1.416s] Installing battery_node script to /home/russe/Autonomous_Robot/install/mobile_robot/lib/mobile_robot
[1.416s] Installing bounce_2cylinders script to /home/russe/Autonomous_Robot/install/mobile_robot/lib/mobile_robot
[1.416s] Installing bounce_cylinder script to /home/russe/Autonomous_Robot/install/mobile_robot/lib/mobile_robot
[1.417s] Installing data_logger script to /home/russe/Autonomous_Robot/install/mobile_robot/lib/mobile_robot
[1.417s] Installing find script to /home/russe/Autonomous_Robot/install/mobile_robot/lib/mobile_robot
[1.417s] Installing guest_approach script to /home/russe/Autonomous_Robot/install/mobile_robot/lib/mobile_robot
[1.417s] Installing guest_find script to /home/russe/Autonomous_Robot/install/mobile_robot/lib/mobile_robot
[1.418s] Installing identify2 script to /home/russe/Autonomous_Robot/install/mobile_robot/lib/mobile_robot
[1.418s] Installing identify3 script to /home/russe/Autonomous_Robot/install/mobile_robot/lib/mobile_robot
[1.418s] Installing identify5 script to /home/russe/Autonomous_Robot/install/mobile_robot/lib/mobile_robot
[1.418s] Installing identify6 script to /home/russe/Autonomous_Robot/install/mobile_robot/lib/mobile_robot
[1.419s] Installing identify_move_supervisor script to /home/russe/Autonomous_Robot/install/mobile_robot/lib/mobile_robot
[1.419s] Installing move script to /home/russe/Autonomous_Robot/install/mobile_robot/lib/mobile_robot
[1.419s] Installing move2 script to /home/russe/Autonomous_Robot/install/mobile_robot/lib/mobile_robot
[1.420s] Installing move5 script to /home/russe/Autonomous_Robot/install/mobile_robot/lib/mobile_robot
[1.420s] Installing move6 script to /home/russe/Autonomous_Robot/install/mobile_robot/lib/mobile_robot
[1.420s] Installing rotate_90_degrees script to /home/russe/Autonomous_Robot/install/mobile_robot/lib/mobile_robot
[1.420s] Installing simple_avoid_obstacle script to /home/russe/Autonomous_Robot/install/mobile_robot/lib/mobile_robot
[1.420s] Installing simple_guest_approach script to /home/russe/Autonomous_Robot/install/mobile_robot/lib/mobile_robot
[1.421s] Installing simple_guest_find script to /home/russe/Autonomous_Robot/install/mobile_robot/lib/mobile_robot
[1.421s] Installing soft_obstacle_avoidance_node script to /home/russe/Autonomous_Robot/install/mobile_robot/lib/mobile_robot
[1.421s] Installing spin_head script to /home/russe/Autonomous_Robot/install/mobile_robot/lib/mobile_robot
[1.422s] Installing square_driver_with_logging script to /home/russe/Autonomous_Robot/install/mobile_robot/lib/mobile_robot
[1.422s] Installing test_publisher script to /home/russe/Autonomous_Robot/install/mobile_robot/lib/mobile_robot
[1.423s] writing list of installed files to '/home/russe/Autonomous_Robot/build/mobile_robot/install.log'
[1.457s] Invoked command in '/home/russe/Autonomous_Robot/src/mobile_robot' returned '0': PYTHONPATH=/home/russe/Autonomous_Robot/build/mobile_robot/prefix_override:/usr/lib/python3/dist-packages/colcon_core/task/python/colcon_distutils_commands:/home/russe/Autonomous_Robot/install/mobile_robot/lib/python3.12/site-packages:${PYTHONPATH} /usr/bin/python3 -W ignore:setup.py install is deprecated -W ignore:easy_install command is deprecated setup.py egg_info --egg-base ../../build/mobile_robot build --build-base /home/russe/Autonomous_Robot/build/mobile_robot/build install --record /home/russe/Autonomous_Robot/build/mobile_robot/install.log --single-version-externally-managed install_data
