running egg_info
writing ../../build/mobile_robot/mobile_robot.egg-info/PKG-INFO
writing dependency_links to ../../build/mobile_robot/mobile_robot.egg-info/dependency_links.txt
writing entry points to ../../build/mobile_robot/mobile_robot.egg-info/entry_points.txt
writing requirements to ../../build/mobile_robot/mobile_robot.egg-info/requires.txt
writing top-level names to ../../build/mobile_robot/mobile_robot.egg-info/top_level.txt
reading manifest file '../../build/mobile_robot/mobile_robot.egg-info/SOURCES.txt'
writing manifest file '../../build/mobile_robot/mobile_robot.egg-info/SOURCES.txt'
running build
running build_py
copying mobile_robot/battery_node.py -> /home/benoitrouchy/Autonomous_Robot-master/build/mobile_robot/build/lib/mobile_robot
running install
running install_lib
copying /home/benoitrouchy/Autonomous_Robot-master/build/mobile_robot/build/lib/mobile_robot/battery_node.py -> /home/benoitrouchy/Autonomous_Robot-master/install/mobile_robot/lib/python3.12/site-packages/mobile_robot
byte-compiling /home/benoitrouchy/Autonomous_Robot-master/install/mobile_robot/lib/python3.12/site-packages/mobile_robot/battery_node.py to battery_node.cpython-312.pyc
running install_data
running install_egg_info
removing '/home/benoitrouchy/Autonomous_Robot-master/install/mobile_robot/lib/python3.12/site-packages/mobile_robot-0.0.0-py3.12.egg-info' (and everything under it)
Copying ../../build/mobile_robot/mobile_robot.egg-info to /home/benoitrouchy/Autonomous_Robot-master/install/mobile_robot/lib/python3.12/site-packages/mobile_robot-0.0.0-py3.12.egg-info
running install_scripts
Installing battery_node script to /home/benoitrouchy/Autonomous_Robot-master/install/mobile_robot/lib/mobile_robot
Installing test_publisher script to /home/benoitrouchy/Autonomous_Robot-master/install/mobile_robot/lib/mobile_robot
writing list of installed files to '/home/benoitrouchy/Autonomous_Robot-master/build/mobile_robot/install.log'
