[0.654s] Invoking command in '/home/russe/Autonomous_Robot/src/mobile_robot': PYTHONPATH=/home/russe/Autonomous_Robot/build/mobile_robot/prefix_override:/usr/lib/python3/dist-packages/colcon_core/task/python/colcon_distutils_commands:/home/russe/Autonomous_Robot/install/mobile_robot/lib/python3.12/site-packages:${PYTHONPATH} /usr/bin/python3 -W ignore:setup.py install is deprecated -W ignore:easy_install command is deprecated setup.py egg_info --egg-base ../../build/mobile_robot build --build-base /home/russe/Autonomous_Robot/build/mobile_robot/build install --record /home/russe/Autonomous_Robot/build/mobile_robot/install.log --single-version-externally-managed install_data
[0.865s] running egg_info
[0.881s] writing ../../build/mobile_robot/mobile_robot.egg-info/PKG-INFO
[0.882s] writing dependency_links to ../../build/mobile_robot/mobile_robot.egg-info/dependency_links.txt
[0.882s] writing entry points to ../../build/mobile_robot/mobile_robot.egg-info/entry_points.txt
[0.883s] writing requirements to ../../build/mobile_robot/mobile_robot.egg-info/requires.txt
[0.883s] writing top-level names to ../../build/mobile_robot/mobile_robot.egg-info/top_level.txt
[0.913s] reading manifest file '../../build/mobile_robot/mobile_robot.egg-info/SOURCES.txt'
[0.913s] writing manifest file '../../build/mobile_robot/mobile_robot.egg-info/SOURCES.txt'
[0.913s] running build
[0.914s] running build_py
[0.914s] running install
[0.919s] running install_lib
[0.935s] running install_data
[0.936s] copying worlds/arena_moving_cylinder.sdf -> /home/russe/Autonomous_Robot/install/mobile_robot/share/mobile_robot/worlds
[0.936s] running install_egg_info
[0.954s] removing '/home/russe/Autonomous_Robot/install/mobile_robot/lib/python3.12/site-packages/mobile_robot-0.0.0-py3.12.egg-info' (and everything under it)
[0.955s] Copying ../../build/mobile_robot/mobile_robot.egg-info to /home/russe/Autonomous_Robot/install/mobile_robot/lib/python3.12/site-packages/mobile_robot-0.0.0-py3.12.egg-info
[0.956s] running install_scripts
[1.063s] Installing battery_node script to /home/russe/Autonomous_Robot/install/mobile_robot/lib/mobile_robot
[1.067s] Installing guest_approach script to /home/russe/Autonomous_Robot/install/mobile_robot/lib/mobile_robot
[1.067s] Installing guest_find script to /home/russe/Autonomous_Robot/install/mobile_robot/lib/mobile_robot
[1.067s] Installing simple_avoid_obstacle script to /home/russe/Autonomous_Robot/install/mobile_robot/lib/mobile_robot
[1.067s] Installing spin_head script to /home/russe/Autonomous_Robot/install/mobile_robot/lib/mobile_robot
[1.067s] Installing test_publisher script to /home/russe/Autonomous_Robot/install/mobile_robot/lib/mobile_robot
[1.067s] writing list of installed files to '/home/russe/Autonomous_Robot/build/mobile_robot/install.log'
[1.089s] Invoked command in '/home/russe/Autonomous_Robot/src/mobile_robot' returned '0': PYTHONPATH=/home/russe/Autonomous_Robot/build/mobile_robot/prefix_override:/usr/lib/python3/dist-packages/colcon_core/task/python/colcon_distutils_commands:/home/russe/Autonomous_Robot/install/mobile_robot/lib/python3.12/site-packages:${PYTHONPATH} /usr/bin/python3 -W ignore:setup.py install is deprecated -W ignore:easy_install command is deprecated setup.py egg_info --egg-base ../../build/mobile_robot build --build-base /home/russe/Autonomous_Robot/build/mobile_robot/build install --record /home/russe/Autonomous_Robot/build/mobile_robot/install.log --single-version-externally-managed install_data
