[0.649s] Invoking command in '/home/russe/Autonomous_Robot/src/mobile_robot': PYTHONPATH=/home/russe/Autonomous_Robot/src/mobile_robot/build/mobile_robot/prefix_override:/usr/lib/python3/dist-packages/colcon_core/task/python/colcon_distutils_commands:/home/russe/Autonomous_Robot/src/mobile_robot/install/mobile_robot/lib/python3.12/site-packages:${PYTHONPATH} /usr/bin/python3 -W ignore:setup.py install is deprecated -W ignore:easy_install command is deprecated setup.py egg_info --egg-base build/mobile_robot build --build-base /home/russe/Autonomous_Robot/src/mobile_robot/build/mobile_robot/build install --record /home/russe/Autonomous_Robot/src/mobile_robot/build/mobile_robot/install.log --single-version-externally-managed install_data
[0.865s] running egg_info
[0.879s] writing build/mobile_robot/mobile_robot.egg-info/PKG-INFO
[0.879s] writing dependency_links to build/mobile_robot/mobile_robot.egg-info/dependency_links.txt
[0.879s] writing entry points to build/mobile_robot/mobile_robot.egg-info/entry_points.txt
[0.880s] writing requirements to build/mobile_robot/mobile_robot.egg-info/requires.txt
[0.880s] writing top-level names to build/mobile_robot/mobile_robot.egg-info/top_level.txt
[0.910s] reading manifest file 'build/mobile_robot/mobile_robot.egg-info/SOURCES.txt'
[0.911s] writing manifest file 'build/mobile_robot/mobile_robot.egg-info/SOURCES.txt'
[0.911s] running build
[0.911s] running build_py
[0.912s] running install
[0.918s] running install_lib
[0.935s] running install_data
[0.935s] copying parameters/battery_tunable_parameters.yaml -> /home/russe/Autonomous_Robot/src/mobile_robot/install/mobile_robot/share/mobile_robot/parameters
[0.936s] running install_egg_info
[0.953s] removing '/home/russe/Autonomous_Robot/src/mobile_robot/install/mobile_robot/lib/python3.12/site-packages/mobile_robot-0.0.0-py3.12.egg-info' (and everything under it)
[0.953s] Copying build/mobile_robot/mobile_robot.egg-info to /home/russe/Autonomous_Robot/src/mobile_robot/install/mobile_robot/lib/python3.12/site-packages/mobile_robot-0.0.0-py3.12.egg-info
[0.954s] running install_scripts
[1.061s] Installing auto_recharge_node script to /home/russe/Autonomous_Robot/src/mobile_robot/install/mobile_robot/lib/mobile_robot
[1.062s] Installing avoid_while_interact script to /home/russe/Autonomous_Robot/src/mobile_robot/install/mobile_robot/lib/mobile_robot
[1.062s] Installing battery_node script to /home/russe/Autonomous_Robot/src/mobile_robot/install/mobile_robot/lib/mobile_robot
[1.062s] Installing bounce_2cylinders script to /home/russe/Autonomous_Robot/src/mobile_robot/install/mobile_robot/lib/mobile_robot
[1.062s] Installing bounce_cylinder script to /home/russe/Autonomous_Robot/src/mobile_robot/install/mobile_robot/lib/mobile_robot
[1.063s] Installing find script to /home/russe/Autonomous_Robot/src/mobile_robot/install/mobile_robot/lib/mobile_robot
[1.063s] Installing guest_approach script to /home/russe/Autonomous_Robot/src/mobile_robot/install/mobile_robot/lib/mobile_robot
[1.063s] Installing guest_find script to /home/russe/Autonomous_Robot/src/mobile_robot/install/mobile_robot/lib/mobile_robot
[1.063s] Installing identify2 script to /home/russe/Autonomous_Robot/src/mobile_robot/install/mobile_robot/lib/mobile_robot
[1.063s] Installing identify3 script to /home/russe/Autonomous_Robot/src/mobile_robot/install/mobile_robot/lib/mobile_robot
[1.063s] Installing identify5 script to /home/russe/Autonomous_Robot/src/mobile_robot/install/mobile_robot/lib/mobile_robot
[1.064s] Installing identify6 script to /home/russe/Autonomous_Robot/src/mobile_robot/install/mobile_robot/lib/mobile_robot
[1.064s] Installing identify_move_supervisor script to /home/russe/Autonomous_Robot/src/mobile_robot/install/mobile_robot/lib/mobile_robot
[1.064s] Installing move script to /home/russe/Autonomous_Robot/src/mobile_robot/install/mobile_robot/lib/mobile_robot
[1.064s] Installing move2 script to /home/russe/Autonomous_Robot/src/mobile_robot/install/mobile_robot/lib/mobile_robot
[1.064s] Installing move5 script to /home/russe/Autonomous_Robot/src/mobile_robot/install/mobile_robot/lib/mobile_robot
[1.064s] Installing move6 script to /home/russe/Autonomous_Robot/src/mobile_robot/install/mobile_robot/lib/mobile_robot
[1.065s] Installing rotate_90_degrees script to /home/russe/Autonomous_Robot/src/mobile_robot/install/mobile_robot/lib/mobile_robot
[1.065s] Installing simple_avoid_obstacle script to /home/russe/Autonomous_Robot/src/mobile_robot/install/mobile_robot/lib/mobile_robot
[1.065s] Installing simple_guest_approach script to /home/russe/Autonomous_Robot/src/mobile_robot/install/mobile_robot/lib/mobile_robot
[1.065s] Installing simple_guest_find script to /home/russe/Autonomous_Robot/src/mobile_robot/install/mobile_robot/lib/mobile_robot
[1.065s] Installing soft_obstacle_avoidance_node script to /home/russe/Autonomous_Robot/src/mobile_robot/install/mobile_robot/lib/mobile_robot
[1.065s] Installing spin_head script to /home/russe/Autonomous_Robot/src/mobile_robot/install/mobile_robot/lib/mobile_robot
[1.066s] Installing square_driver_with_logging script to /home/russe/Autonomous_Robot/src/mobile_robot/install/mobile_robot/lib/mobile_robot
[1.066s] Installing test_publisher script to /home/russe/Autonomous_Robot/src/mobile_robot/install/mobile_robot/lib/mobile_robot
[1.066s] writing list of installed files to '/home/russe/Autonomous_Robot/src/mobile_robot/build/mobile_robot/install.log'
[1.091s] Invoked command in '/home/russe/Autonomous_Robot/src/mobile_robot' returned '0': PYTHONPATH=/home/russe/Autonomous_Robot/src/mobile_robot/build/mobile_robot/prefix_override:/usr/lib/python3/dist-packages/colcon_core/task/python/colcon_distutils_commands:/home/russe/Autonomous_Robot/src/mobile_robot/install/mobile_robot/lib/python3.12/site-packages:${PYTHONPATH} /usr/bin/python3 -W ignore:setup.py install is deprecated -W ignore:easy_install command is deprecated setup.py egg_info --egg-base build/mobile_robot build --build-base /home/russe/Autonomous_Robot/src/mobile_robot/build/mobile_robot/build install --record /home/russe/Autonomous_Robot/src/mobile_robot/build/mobile_robot/install.log --single-version-externally-managed install_data
