[0.220s] DEBUG:colcon:Command line arguments: ['/usr/bin/colcon', 'build']
[0.220s] DEBUG:colcon:Parsed command line arguments: Namespace(log_base=None, log_level=None, verb_name='build', build_base='build', install_base='install', merge_install=False, symlink_install=False, test_result_base=None, continue_on_error=False, executor='parallel', parallel_workers=8, event_handlers=None, ignore_user_meta=False, metas=['./colcon.meta'], base_paths=['.'], packages_ignore=None, packages_ignore_regex=None, paths=None, packages_up_to=None, packages_up_to_regex=None, packages_above=None, packages_above_and_dependencies=None, packages_above_depth=None, packages_select_by_dep=None, packages_skip_by_dep=None, packages_skip_up_to=None, packages_select_build_failed=False, packages_skip_build_finished=False, packages_select_test_failures=False, packages_skip_test_passed=False, packages_select=None, packages_skip=None, packages_select_regex=None, packages_skip_regex=None, packages_start=None, packages_end=None, allow_overriding=[], cmake_args=None, cmake_target=None, cmake_target_skip_unavailable=False, cmake_clean_cache=False, cmake_clean_first=False, cmake_force_configure=False, ament_cmake_args=None, catkin_cmake_args=None, catkin_skip_building_tests=False, mixin_files=None, mixin=None, verb_parser=<colcon_mixin.mixin.mixin_argument.MixinArgumentDecorator object at 0x75bc10a82330>, verb_extension=<colcon_core.verb.build.BuildVerb object at 0x75bc10a81ac0>, main=<bound method BuildVerb.main of <colcon_core.verb.build.BuildVerb object at 0x75bc10a81ac0>>, mixin_verb=('build',))
[0.265s] Level 1:colcon.colcon_core.package_discovery:discover_packages(colcon_meta) check parameters
[0.265s] Level 1:colcon.colcon_core.package_discovery:discover_packages(recursive) check parameters
[0.265s] Level 1:colcon.colcon_core.package_discovery:discover_packages(ignore) check parameters
[0.265s] Level 1:colcon.colcon_core.package_discovery:discover_packages(path) check parameters
[0.265s] Level 1:colcon.colcon_core.package_discovery:discover_packages(colcon_meta) discover
[0.265s] Level 1:colcon.colcon_core.package_discovery:discover_packages(recursive) discover
[0.265s] INFO:colcon.colcon_core.package_discovery:Crawling recursively for packages in '/home/russe/Autonomous_Robot'
[0.265s] Level 1:colcon.colcon_core.package_identification:_identify(.) by extensions ['ignore', 'ignore_ament_install']
[0.265s] Level 1:colcon.colcon_core.package_identification:_identify(.) by extension 'ignore'
[0.265s] Level 1:colcon.colcon_core.package_identification:_identify(.) by extension 'ignore_ament_install'
[0.265s] Level 1:colcon.colcon_core.package_identification:_identify(.) by extensions ['colcon_pkg']
[0.266s] Level 1:colcon.colcon_core.package_identification:_identify(.) by extension 'colcon_pkg'
[0.266s] Level 1:colcon.colcon_core.package_identification:_identify(.) by extensions ['colcon_meta']
[0.266s] Level 1:colcon.colcon_core.package_identification:_identify(.) by extension 'colcon_meta'
[0.266s] Level 1:colcon.colcon_core.package_identification:_identify(.) by extensions ['ros']
[0.266s] Level 1:colcon.colcon_core.package_identification:_identify(.) by extension 'ros'
[0.304s] Level 1:colcon.colcon_core.package_identification:_identify(.) by extensions ['cmake', 'python']
[0.305s] Level 1:colcon.colcon_core.package_identification:_identify(.) by extension 'cmake'
[0.305s] Level 1:colcon.colcon_core.package_identification:_identify(.) by extension 'python'
[0.305s] Level 1:colcon.colcon_core.package_identification:_identify(.) by extensions ['python_setup_py']
[0.305s] Level 1:colcon.colcon_core.package_identification:_identify(.) by extension 'python_setup_py'
[0.305s] Level 1:colcon.colcon_core.package_identification:_identify(build) by extensions ['ignore', 'ignore_ament_install']
[0.305s] Level 1:colcon.colcon_core.package_identification:_identify(build) by extension 'ignore'
[0.306s] Level 1:colcon.colcon_core.package_identification:_identify(build) ignored
[0.306s] Level 1:colcon.colcon_core.package_identification:_identify(install) by extensions ['ignore', 'ignore_ament_install']
[0.307s] Level 1:colcon.colcon_core.package_identification:_identify(install) by extension 'ignore'
[0.307s] Level 1:colcon.colcon_core.package_identification:_identify(install) ignored
[0.307s] Level 1:colcon.colcon_core.package_identification:_identify(log) by extensions ['ignore', 'ignore_ament_install']
[0.307s] Level 1:colcon.colcon_core.package_identification:_identify(log) by extension 'ignore'
[0.308s] Level 1:colcon.colcon_core.package_identification:_identify(log) ignored
[0.308s] Level 1:colcon.colcon_core.package_identification:_identify(src) by extensions ['ignore', 'ignore_ament_install']
[0.308s] Level 1:colcon.colcon_core.package_identification:_identify(src) by extension 'ignore'
[0.308s] Level 1:colcon.colcon_core.package_identification:_identify(src) by extension 'ignore_ament_install'
[0.309s] Level 1:colcon.colcon_core.package_identification:_identify(src) by extensions ['colcon_pkg']
[0.309s] Level 1:colcon.colcon_core.package_identification:_identify(src) by extension 'colcon_pkg'
[0.309s] Level 1:colcon.colcon_core.package_identification:_identify(src) by extensions ['colcon_meta']
[0.309s] Level 1:colcon.colcon_core.package_identification:_identify(src) by extension 'colcon_meta'
[0.309s] Level 1:colcon.colcon_core.package_identification:_identify(src) by extensions ['ros']
[0.309s] Level 1:colcon.colcon_core.package_identification:_identify(src) by extension 'ros'
[0.309s] Level 1:colcon.colcon_core.package_identification:_identify(src) by extensions ['cmake', 'python']
[0.310s] Level 1:colcon.colcon_core.package_identification:_identify(src) by extension 'cmake'
[0.310s] Level 1:colcon.colcon_core.package_identification:_identify(src) by extension 'python'
[0.310s] Level 1:colcon.colcon_core.package_identification:_identify(src) by extensions ['python_setup_py']
[0.310s] Level 1:colcon.colcon_core.package_identification:_identify(src) by extension 'python_setup_py'
[0.310s] Level 1:colcon.colcon_core.package_identification:_identify(src/build) by extensions ['ignore', 'ignore_ament_install']
[0.310s] Level 1:colcon.colcon_core.package_identification:_identify(src/build) by extension 'ignore'
[0.310s] Level 1:colcon.colcon_core.package_identification:_identify(src/build) ignored
[0.311s] Level 1:colcon.colcon_core.package_identification:_identify(src/gazebo_differential_drive_robot) by extensions ['ignore', 'ignore_ament_install']
[0.311s] Level 1:colcon.colcon_core.package_identification:_identify(src/gazebo_differential_drive_robot) by extension 'ignore'
[0.311s] Level 1:colcon.colcon_core.package_identification:_identify(src/gazebo_differential_drive_robot) by extension 'ignore_ament_install'
[0.311s] Level 1:colcon.colcon_core.package_identification:_identify(src/gazebo_differential_drive_robot) by extensions ['colcon_pkg']
[0.311s] Level 1:colcon.colcon_core.package_identification:_identify(src/gazebo_differential_drive_robot) by extension 'colcon_pkg'
[0.311s] Level 1:colcon.colcon_core.package_identification:_identify(src/gazebo_differential_drive_robot) by extensions ['colcon_meta']
[0.311s] Level 1:colcon.colcon_core.package_identification:_identify(src/gazebo_differential_drive_robot) by extension 'colcon_meta'
[0.312s] Level 1:colcon.colcon_core.package_identification:_identify(src/gazebo_differential_drive_robot) by extensions ['ros']
[0.312s] Level 1:colcon.colcon_core.package_identification:_identify(src/gazebo_differential_drive_robot) by extension 'ros'
[0.317s] DEBUG:colcon.colcon_core.package_identification:Package 'src/gazebo_differential_drive_robot' with type 'ros.ament_cmake' and name 'gazebo_differential_drive_robot'
[0.317s] Level 1:colcon.colcon_core.package_identification:_identify(src/install) by extensions ['ignore', 'ignore_ament_install']
[0.317s] Level 1:colcon.colcon_core.package_identification:_identify(src/install) by extension 'ignore'
[0.318s] Level 1:colcon.colcon_core.package_identification:_identify(src/install) ignored
[0.318s] Level 1:colcon.colcon_core.package_identification:_identify(src/log) by extensions ['ignore', 'ignore_ament_install']
[0.318s] Level 1:colcon.colcon_core.package_identification:_identify(src/log) by extension 'ignore'
[0.318s] Level 1:colcon.colcon_core.package_identification:_identify(src/log) ignored
[0.319s] Level 1:colcon.colcon_core.package_identification:_identify(src/mobile_robot) by extensions ['ignore', 'ignore_ament_install']
[0.319s] Level 1:colcon.colcon_core.package_identification:_identify(src/mobile_robot) by extension 'ignore'
[0.319s] Level 1:colcon.colcon_core.package_identification:_identify(src/mobile_robot) by extension 'ignore_ament_install'
[0.319s] Level 1:colcon.colcon_core.package_identification:_identify(src/mobile_robot) by extensions ['colcon_pkg']
[0.319s] Level 1:colcon.colcon_core.package_identification:_identify(src/mobile_robot) by extension 'colcon_pkg'
[0.320s] Level 1:colcon.colcon_core.package_identification:_identify(src/mobile_robot) by extensions ['colcon_meta']
[0.320s] Level 1:colcon.colcon_core.package_identification:_identify(src/mobile_robot) by extension 'colcon_meta'
[0.320s] Level 1:colcon.colcon_core.package_identification:_identify(src/mobile_robot) by extensions ['ros']
[0.320s] Level 1:colcon.colcon_core.package_identification:_identify(src/mobile_robot) by extension 'ros'
[0.322s] DEBUG:colcon.colcon_core.package_identification:Package 'src/mobile_robot' with type 'ros.ament_python' and name 'mobile_robot'
[0.322s] Level 1:colcon.colcon_core.package_discovery:discover_packages(recursive) using defaults
[0.322s] Level 1:colcon.colcon_core.package_discovery:discover_packages(ignore) discover
[0.322s] Level 1:colcon.colcon_core.package_discovery:discover_packages(ignore) using defaults
[0.323s] Level 1:colcon.colcon_core.package_discovery:discover_packages(path) discover
[0.323s] Level 1:colcon.colcon_core.package_discovery:discover_packages(path) using defaults
[0.356s] Level 1:colcon.colcon_core.package_discovery:discover_packages(prefix_path) check parameters
[0.356s] Level 1:colcon.colcon_core.package_discovery:discover_packages(prefix_path) discover
[0.358s] DEBUG:colcon.colcon_installed_package_information.package_discovery:Found 3 installed packages in /home/russe/Autonomous_Robot/install
[0.359s] DEBUG:colcon.colcon_installed_package_information.package_discovery:Found 322 installed packages in /opt/ros/jazzy
[0.360s] Level 1:colcon.colcon_core.package_discovery:discover_packages(prefix_path) using defaults
[0.415s] Level 5:colcon.colcon_core.verb:set package 'gazebo_differential_drive_robot' build argument 'cmake_args' from command line to 'None'
[0.415s] Level 5:colcon.colcon_core.verb:set package 'gazebo_differential_drive_robot' build argument 'cmake_target' from command line to 'None'
[0.415s] Level 5:colcon.colcon_core.verb:set package 'gazebo_differential_drive_robot' build argument 'cmake_target_skip_unavailable' from command line to 'False'
[0.415s] Level 5:colcon.colcon_core.verb:set package 'gazebo_differential_drive_robot' build argument 'cmake_clean_cache' from command line to 'False'
[0.415s] Level 5:colcon.colcon_core.verb:set package 'gazebo_differential_drive_robot' build argument 'cmake_clean_first' from command line to 'False'
[0.415s] Level 5:colcon.colcon_core.verb:set package 'gazebo_differential_drive_robot' build argument 'cmake_force_configure' from command line to 'False'
[0.415s] Level 5:colcon.colcon_core.verb:set package 'gazebo_differential_drive_robot' build argument 'ament_cmake_args' from command line to 'None'
[0.415s] Level 5:colcon.colcon_core.verb:set package 'gazebo_differential_drive_robot' build argument 'catkin_cmake_args' from command line to 'None'
[0.415s] Level 5:colcon.colcon_core.verb:set package 'gazebo_differential_drive_robot' build argument 'catkin_skip_building_tests' from command line to 'False'
[0.415s] DEBUG:colcon.colcon_core.verb:Building package 'gazebo_differential_drive_robot' with the following arguments: {'ament_cmake_args': None, 'build_base': '/home/russe/Autonomous_Robot/build/gazebo_differential_drive_robot', 'catkin_cmake_args': None, 'catkin_skip_building_tests': False, 'cmake_args': None, 'cmake_clean_cache': False, 'cmake_clean_first': False, 'cmake_force_configure': False, 'cmake_target': None, 'cmake_target_skip_unavailable': False, 'install_base': '/home/russe/Autonomous_Robot/install/gazebo_differential_drive_robot', 'merge_install': False, 'path': '/home/russe/Autonomous_Robot/src/gazebo_differential_drive_robot', 'symlink_install': False, 'test_result_base': None}
[0.416s] Level 5:colcon.colcon_core.verb:set package 'mobile_robot' build argument 'cmake_args' from command line to 'None'
[0.416s] Level 5:colcon.colcon_core.verb:set package 'mobile_robot' build argument 'cmake_target' from command line to 'None'
[0.416s] Level 5:colcon.colcon_core.verb:set package 'mobile_robot' build argument 'cmake_target_skip_unavailable' from command line to 'False'
[0.416s] Level 5:colcon.colcon_core.verb:set package 'mobile_robot' build argument 'cmake_clean_cache' from command line to 'False'
[0.416s] Level 5:colcon.colcon_core.verb:set package 'mobile_robot' build argument 'cmake_clean_first' from command line to 'False'
[0.416s] Level 5:colcon.colcon_core.verb:set package 'mobile_robot' build argument 'cmake_force_configure' from command line to 'False'
[0.416s] Level 5:colcon.colcon_core.verb:set package 'mobile_robot' build argument 'ament_cmake_args' from command line to 'None'
[0.416s] Level 5:colcon.colcon_core.verb:set package 'mobile_robot' build argument 'catkin_cmake_args' from command line to 'None'
[0.416s] Level 5:colcon.colcon_core.verb:set package 'mobile_robot' build argument 'catkin_skip_building_tests' from command line to 'False'
[0.416s] DEBUG:colcon.colcon_core.verb:Building package 'mobile_robot' with the following arguments: {'ament_cmake_args': None, 'build_base': '/home/russe/Autonomous_Robot/build/mobile_robot', 'catkin_cmake_args': None, 'catkin_skip_building_tests': False, 'cmake_args': None, 'cmake_clean_cache': False, 'cmake_clean_first': False, 'cmake_force_configure': False, 'cmake_target': None, 'cmake_target_skip_unavailable': False, 'install_base': '/home/russe/Autonomous_Robot/install/mobile_robot', 'merge_install': False, 'path': '/home/russe/Autonomous_Robot/src/mobile_robot', 'symlink_install': False, 'test_result_base': None}
[0.417s] INFO:colcon.colcon_core.executor:Executing jobs using 'parallel' executor
[0.419s] DEBUG:colcon.colcon_parallel_executor.executor.parallel:run_until_complete
[0.419s] INFO:colcon.colcon_ros.task.ament_cmake.build:Building ROS package in '/home/russe/Autonomous_Robot/src/gazebo_differential_drive_robot' with build type 'ament_cmake'
[0.419s] INFO:colcon.colcon_cmake.task.cmake.build:Building CMake package in '/home/russe/Autonomous_Robot/src/gazebo_differential_drive_robot'
[0.425s] INFO:colcon.colcon_core.plugin_system:Skipping extension 'colcon_core.shell.bat': Not used on non-Windows systems
[0.425s] INFO:colcon.colcon_core.shell:Skip shell extension 'powershell' for command environment: Not usable outside of PowerShell
[0.425s] DEBUG:colcon.colcon_core.shell:Skip shell extension 'dsv' for command environment
[0.432s] INFO:colcon.colcon_ros.task.ament_python.build:Building ROS package in '/home/russe/Autonomous_Robot/src/mobile_robot' with build type 'ament_python'
[0.433s] Level 1:colcon.colcon_core.shell:create_environment_hook('mobile_robot', 'ament_prefix_path')
[0.433s] INFO:colcon.colcon_core.shell:Creating environment hook '/home/russe/Autonomous_Robot/install/mobile_robot/share/mobile_robot/hook/ament_prefix_path.ps1'
[0.435s] INFO:colcon.colcon_core.shell:Creating environment descriptor '/home/russe/Autonomous_Robot/install/mobile_robot/share/mobile_robot/hook/ament_prefix_path.dsv'
[0.436s] INFO:colcon.colcon_core.shell:Creating environment hook '/home/russe/Autonomous_Robot/install/mobile_robot/share/mobile_robot/hook/ament_prefix_path.sh'
[0.438s] INFO:colcon.colcon_core.shell:Skip shell extension 'powershell' for command environment: Not usable outside of PowerShell
[0.438s] DEBUG:colcon.colcon_core.shell:Skip shell extension 'dsv' for command environment
[0.453s] DEBUG:colcon.colcon_core.event_handler.log_command:Invoking command in '/home/russe/Autonomous_Robot/build/gazebo_differential_drive_robot': CMAKE_PREFIX_PATH=${CMAKE_PREFIX_PATH}:/home/russe/Autonomous_Robot/install/new_gazebo_robot:/home/russe/Autonomous_Robot/install/mobile_robot:/opt/ros/jazzy /usr/bin/cmake --build /home/russe/Autonomous_Robot/build/gazebo_differential_drive_robot -- -j8 -l8
[0.803s] INFO:colcon.colcon_core.task.python.build:Building Python package in '/home/russe/Autonomous_Robot/src/mobile_robot'
[0.804s] INFO:colcon.colcon_core.shell:Skip shell extension 'powershell' for command environment: Not usable outside of PowerShell
[0.804s] DEBUG:colcon.colcon_core.shell:Skip shell extension 'dsv' for command environment
[0.817s] DEBUG:colcon.colcon_core.event_handler.log_command:Invoked command in '/home/russe/Autonomous_Robot/build/gazebo_differential_drive_robot' returned '0': CMAKE_PREFIX_PATH=${CMAKE_PREFIX_PATH}:/home/russe/Autonomous_Robot/install/new_gazebo_robot:/home/russe/Autonomous_Robot/install/mobile_robot:/opt/ros/jazzy /usr/bin/cmake --build /home/russe/Autonomous_Robot/build/gazebo_differential_drive_robot -- -j8 -l8
[0.856s] DEBUG:colcon.colcon_core.event_handler.log_command:Invoking command in '/home/russe/Autonomous_Robot/build/gazebo_differential_drive_robot': CMAKE_PREFIX_PATH=${CMAKE_PREFIX_PATH}:/home/russe/Autonomous_Robot/install/new_gazebo_robot:/home/russe/Autonomous_Robot/install/mobile_robot:/opt/ros/jazzy /usr/bin/cmake --install /home/russe/Autonomous_Robot/build/gazebo_differential_drive_robot
[0.893s] Level 1:colcon.colcon_core.environment:create_environment_scripts_only(gazebo_differential_drive_robot)
[0.897s] DEBUG:colcon.colcon_core.event_handler.log_command:Invoked command in '/home/russe/Autonomous_Robot/build/gazebo_differential_drive_robot' returned '0': CMAKE_PREFIX_PATH=${CMAKE_PREFIX_PATH}:/home/russe/Autonomous_Robot/install/new_gazebo_robot:/home/russe/Autonomous_Robot/install/mobile_robot:/opt/ros/jazzy /usr/bin/cmake --install /home/russe/Autonomous_Robot/build/gazebo_differential_drive_robot
[0.900s] Level 1:colcon.colcon_core.environment:checking '/home/russe/Autonomous_Robot/install/gazebo_differential_drive_robot' for CMake module files
[0.904s] Level 1:colcon.colcon_core.environment:checking '/home/russe/Autonomous_Robot/install/gazebo_differential_drive_robot' for CMake config files
[0.905s] Level 1:colcon.colcon_core.shell:create_environment_hook('gazebo_differential_drive_robot', 'cmake_prefix_path')
[0.905s] INFO:colcon.colcon_core.shell:Creating environment hook '/home/russe/Autonomous_Robot/install/gazebo_differential_drive_robot/share/gazebo_differential_drive_robot/hook/cmake_prefix_path.ps1'
[0.907s] INFO:colcon.colcon_core.shell:Creating environment descriptor '/home/russe/Autonomous_Robot/install/gazebo_differential_drive_robot/share/gazebo_differential_drive_robot/hook/cmake_prefix_path.dsv'
[0.907s] INFO:colcon.colcon_core.shell:Creating environment hook '/home/russe/Autonomous_Robot/install/gazebo_differential_drive_robot/share/gazebo_differential_drive_robot/hook/cmake_prefix_path.sh'
[0.909s] Level 1:colcon.colcon_core.environment:checking '/home/russe/Autonomous_Robot/install/gazebo_differential_drive_robot/lib'
[0.909s] Level 1:colcon.colcon_core.environment:checking '/home/russe/Autonomous_Robot/install/gazebo_differential_drive_robot/bin'
[0.909s] Level 1:colcon.colcon_core.environment:checking '/home/russe/Autonomous_Robot/install/gazebo_differential_drive_robot/lib/pkgconfig/gazebo_differential_drive_robot.pc'
[0.909s] Level 1:colcon.colcon_core.environment:checking '/home/russe/Autonomous_Robot/install/gazebo_differential_drive_robot/lib/python3.12/site-packages'
[0.910s] Level 1:colcon.colcon_core.environment:checking '/home/russe/Autonomous_Robot/install/gazebo_differential_drive_robot/bin'
[0.910s] INFO:colcon.colcon_core.shell:Creating package script '/home/russe/Autonomous_Robot/install/gazebo_differential_drive_robot/share/gazebo_differential_drive_robot/package.ps1'
[0.911s] INFO:colcon.colcon_core.shell:Creating package descriptor '/home/russe/Autonomous_Robot/install/gazebo_differential_drive_robot/share/gazebo_differential_drive_robot/package.dsv'
[0.912s] INFO:colcon.colcon_core.shell:Creating package script '/home/russe/Autonomous_Robot/install/gazebo_differential_drive_robot/share/gazebo_differential_drive_robot/package.sh'
[0.914s] INFO:colcon.colcon_core.shell:Creating package script '/home/russe/Autonomous_Robot/install/gazebo_differential_drive_robot/share/gazebo_differential_drive_robot/package.bash'
[0.915s] INFO:colcon.colcon_core.shell:Creating package script '/home/russe/Autonomous_Robot/install/gazebo_differential_drive_robot/share/gazebo_differential_drive_robot/package.zsh'
[0.916s] Level 1:colcon.colcon_core.environment:create_file_with_runtime_dependencies(/home/russe/Autonomous_Robot/install/gazebo_differential_drive_robot/share/colcon-core/packages/gazebo_differential_drive_robot)
[0.918s] Level 1:colcon.colcon_core.environment:create_environment_scripts_only(gazebo_differential_drive_robot)
[0.918s] Level 1:colcon.colcon_core.environment:checking '/home/russe/Autonomous_Robot/install/gazebo_differential_drive_robot' for CMake module files
[0.919s] Level 1:colcon.colcon_core.environment:checking '/home/russe/Autonomous_Robot/install/gazebo_differential_drive_robot' for CMake config files
[0.921s] Level 1:colcon.colcon_core.shell:create_environment_hook('gazebo_differential_drive_robot', 'cmake_prefix_path')
[0.921s] INFO:colcon.colcon_core.shell:Creating environment hook '/home/russe/Autonomous_Robot/install/gazebo_differential_drive_robot/share/gazebo_differential_drive_robot/hook/cmake_prefix_path.ps1'
[0.922s] INFO:colcon.colcon_core.shell:Creating environment descriptor '/home/russe/Autonomous_Robot/install/gazebo_differential_drive_robot/share/gazebo_differential_drive_robot/hook/cmake_prefix_path.dsv'
[0.923s] INFO:colcon.colcon_core.shell:Creating environment hook '/home/russe/Autonomous_Robot/install/gazebo_differential_drive_robot/share/gazebo_differential_drive_robot/hook/cmake_prefix_path.sh'
[0.924s] Level 1:colcon.colcon_core.environment:checking '/home/russe/Autonomous_Robot/install/gazebo_differential_drive_robot/lib'
[0.924s] Level 1:colcon.colcon_core.environment:checking '/home/russe/Autonomous_Robot/install/gazebo_differential_drive_robot/bin'
[0.924s] Level 1:colcon.colcon_core.environment:checking '/home/russe/Autonomous_Robot/install/gazebo_differential_drive_robot/lib/pkgconfig/gazebo_differential_drive_robot.pc'
[0.924s] Level 1:colcon.colcon_core.environment:checking '/home/russe/Autonomous_Robot/install/gazebo_differential_drive_robot/lib/python3.12/site-packages'
[0.925s] Level 1:colcon.colcon_core.environment:checking '/home/russe/Autonomous_Robot/install/gazebo_differential_drive_robot/bin'
[0.925s] INFO:colcon.colcon_core.shell:Creating package script '/home/russe/Autonomous_Robot/install/gazebo_differential_drive_robot/share/gazebo_differential_drive_robot/package.ps1'
[0.926s] INFO:colcon.colcon_core.shell:Creating package descriptor '/home/russe/Autonomous_Robot/install/gazebo_differential_drive_robot/share/gazebo_differential_drive_robot/package.dsv'
[0.927s] INFO:colcon.colcon_core.shell:Creating package script '/home/russe/Autonomous_Robot/install/gazebo_differential_drive_robot/share/gazebo_differential_drive_robot/package.sh'
[0.928s] INFO:colcon.colcon_core.shell:Creating package script '/home/russe/Autonomous_Robot/install/gazebo_differential_drive_robot/share/gazebo_differential_drive_robot/package.bash'
[0.929s] INFO:colcon.colcon_core.shell:Creating package script '/home/russe/Autonomous_Robot/install/gazebo_differential_drive_robot/share/gazebo_differential_drive_robot/package.zsh'
[0.929s] Level 1:colcon.colcon_core.environment:create_file_with_runtime_dependencies(/home/russe/Autonomous_Robot/install/gazebo_differential_drive_robot/share/colcon-core/packages/gazebo_differential_drive_robot)
[1.696s] DEBUG:colcon.colcon_core.event_handler.log_command:Invoking command in '/home/russe/Autonomous_Robot/src/mobile_robot': PYTHONPATH=/home/russe/Autonomous_Robot/build/mobile_robot/prefix_override:/usr/lib/python3/dist-packages/colcon_core/task/python/colcon_distutils_commands:/home/russe/Autonomous_Robot/install/mobile_robot/lib/python3.12/site-packages:${PYTHONPATH} /usr/bin/python3 -W ignore:setup.py install is deprecated -W ignore:easy_install command is deprecated setup.py egg_info --egg-base ../../build/mobile_robot build --build-base /home/russe/Autonomous_Robot/build/mobile_robot/build install --record /home/russe/Autonomous_Robot/build/mobile_robot/install.log --single-version-externally-managed install_data
[2.439s] Level 1:colcon.colcon_core.environment:checking '/home/russe/Autonomous_Robot/install/mobile_robot' for CMake module files
[2.441s] DEBUG:colcon.colcon_core.event_handler.log_command:Invoked command in '/home/russe/Autonomous_Robot/src/mobile_robot' returned '0': PYTHONPATH=/home/russe/Autonomous_Robot/build/mobile_robot/prefix_override:/usr/lib/python3/dist-packages/colcon_core/task/python/colcon_distutils_commands:/home/russe/Autonomous_Robot/install/mobile_robot/lib/python3.12/site-packages:${PYTHONPATH} /usr/bin/python3 -W ignore:setup.py install is deprecated -W ignore:easy_install command is deprecated setup.py egg_info --egg-base ../../build/mobile_robot build --build-base /home/russe/Autonomous_Robot/build/mobile_robot/build install --record /home/russe/Autonomous_Robot/build/mobile_robot/install.log --single-version-externally-managed install_data
[2.441s] Level 1:colcon.colcon_core.environment:checking '/home/russe/Autonomous_Robot/install/mobile_robot' for CMake config files
[2.442s] Level 1:colcon.colcon_core.environment:checking '/home/russe/Autonomous_Robot/install/mobile_robot/lib'
[2.442s] Level 1:colcon.colcon_core.environment:checking '/home/russe/Autonomous_Robot/install/mobile_robot/bin'
[2.443s] Level 1:colcon.colcon_core.environment:checking '/home/russe/Autonomous_Robot/install/mobile_robot/lib/pkgconfig/mobile_robot.pc'
[2.443s] Level 1:colcon.colcon_core.environment:checking '/home/russe/Autonomous_Robot/install/mobile_robot/lib/python3.12/site-packages'
[2.443s] Level 1:colcon.colcon_core.shell:create_environment_hook('mobile_robot', 'pythonpath')
[2.443s] INFO:colcon.colcon_core.shell:Creating environment hook '/home/russe/Autonomous_Robot/install/mobile_robot/share/mobile_robot/hook/pythonpath.ps1'
[2.444s] INFO:colcon.colcon_core.shell:Creating environment descriptor '/home/russe/Autonomous_Robot/install/mobile_robot/share/mobile_robot/hook/pythonpath.dsv'
[2.445s] INFO:colcon.colcon_core.shell:Creating environment hook '/home/russe/Autonomous_Robot/install/mobile_robot/share/mobile_robot/hook/pythonpath.sh'
[2.446s] Level 1:colcon.colcon_core.environment:checking '/home/russe/Autonomous_Robot/install/mobile_robot/bin'
[2.446s] Level 1:colcon.colcon_core.environment:create_environment_scripts_only(mobile_robot)
[2.446s] INFO:colcon.colcon_core.shell:Creating package script '/home/russe/Autonomous_Robot/install/mobile_robot/share/mobile_robot/package.ps1'
[2.447s] INFO:colcon.colcon_core.shell:Creating package descriptor '/home/russe/Autonomous_Robot/install/mobile_robot/share/mobile_robot/package.dsv'
[2.447s] INFO:colcon.colcon_core.shell:Creating package script '/home/russe/Autonomous_Robot/install/mobile_robot/share/mobile_robot/package.sh'
[2.448s] INFO:colcon.colcon_core.shell:Creating package script '/home/russe/Autonomous_Robot/install/mobile_robot/share/mobile_robot/package.bash'
[2.448s] INFO:colcon.colcon_core.shell:Creating package script '/home/russe/Autonomous_Robot/install/mobile_robot/share/mobile_robot/package.zsh'
[2.449s] Level 1:colcon.colcon_core.environment:create_file_with_runtime_dependencies(/home/russe/Autonomous_Robot/install/mobile_robot/share/colcon-core/packages/mobile_robot)
[2.449s] DEBUG:colcon.colcon_parallel_executor.executor.parallel:closing loop
[2.450s] DEBUG:colcon.colcon_parallel_executor.executor.parallel:loop closed
[2.450s] DEBUG:colcon.colcon_parallel_executor.executor.parallel:run_until_complete finished with '0'
[2.450s] DEBUG:colcon.colcon_core.event_reactor:joining thread
[2.499s] INFO:colcon.colcon_core.plugin_system:Skipping extension 'colcon_notification.desktop_notification.notify_send': Could not find 'notify-send'
[2.499s] INFO:colcon.colcon_core.plugin_system:Skipping extension 'colcon_notification.desktop_notification.terminal_notifier': Not used on non-Darwin systems
[2.499s] INFO:colcon.colcon_core.plugin_system:Skipping extension 'colcon_notification.desktop_notification.win32': Not used on non-Windows systems
[2.499s] INFO:colcon.colcon_notification.desktop_notification:Sending desktop notification using 'notify2'
[2.502s] DEBUG:colcon.colcon_notification.desktop_notification.notify2:Failed to initialize notify2: org.freedesktop.DBus.Error.ServiceUnknown: The name org.freedesktop.Notifications was not provided by any .service files
[2.502s] DEBUG:colcon.colcon_core.event_reactor:joined thread
[2.503s] INFO:colcon.colcon_core.shell:Creating prefix script '/home/russe/Autonomous_Robot/install/local_setup.ps1'
[2.504s] INFO:colcon.colcon_core.shell:Creating prefix util module '/home/russe/Autonomous_Robot/install/_local_setup_util_ps1.py'
[2.505s] INFO:colcon.colcon_core.shell:Creating prefix chain script '/home/russe/Autonomous_Robot/install/setup.ps1'
[2.507s] INFO:colcon.colcon_core.shell:Creating prefix script '/home/russe/Autonomous_Robot/install/local_setup.sh'
[2.507s] INFO:colcon.colcon_core.shell:Creating prefix util module '/home/russe/Autonomous_Robot/install/_local_setup_util_sh.py'
[2.508s] INFO:colcon.colcon_core.shell:Creating prefix chain script '/home/russe/Autonomous_Robot/install/setup.sh'
[2.509s] INFO:colcon.colcon_core.shell:Creating prefix script '/home/russe/Autonomous_Robot/install/local_setup.bash'
[2.509s] INFO:colcon.colcon_core.shell:Creating prefix chain script '/home/russe/Autonomous_Robot/install/setup.bash'
[2.510s] INFO:colcon.colcon_core.shell:Creating prefix script '/home/russe/Autonomous_Robot/install/local_setup.zsh'
[2.511s] INFO:colcon.colcon_core.shell:Creating prefix chain script '/home/russe/Autonomous_Robot/install/setup.zsh'
