[3.221s] Invoking command in '/home/russe/Autonomous_Robot/src/mobile_robot': PYTHONPATH=/home/russe/Autonomous_Robot/build/mobile_robot/prefix_override:/usr/lib/python3/dist-packages/colcon_core/task/python/colcon_distutils_commands:/home/russe/Autonomous_Robot/install/mobile_robot/lib/python3.12/site-packages:${PYTHONPATH} /usr/bin/python3 -W ignore:setup.py install is deprecated -W ignore:easy_install command is deprecated setup.py egg_info --egg-base ../../build/mobile_robot build --build-base /home/russe/Autonomous_Robot/build/mobile_robot/build install --record /home/russe/Autonomous_Robot/build/mobile_robot/install.log --single-version-externally-managed install_data
[3.886s] running egg_info
[3.943s] writing ../../build/mobile_robot/mobile_robot.egg-info/PKG-INFO
[3.944s] writing dependency_links to ../../build/mobile_robot/mobile_robot.egg-info/dependency_links.txt
[3.947s] writing entry points to ../../build/mobile_robot/mobile_robot.egg-info/entry_points.txt
[3.949s] writing requirements to ../../build/mobile_robot/mobile_robot.egg-info/requires.txt
[3.950s] writing top-level names to ../../build/mobile_robot/mobile_robot.egg-info/top_level.txt
[4.048s] reading manifest file '../../build/mobile_robot/mobile_robot.egg-info/SOURCES.txt'
[4.053s] writing manifest file '../../build/mobile_robot/mobile_robot.egg-info/SOURCES.txt'
[4.055s] running build
[4.055s] running build_py
[4.055s] copying mobile_robot/simple_guest_approach.py -> /home/russe/Autonomous_Robot/build/mobile_robot/build/lib/mobile_robot
[4.065s] running install
[4.078s] running install_lib
[4.127s] copying /home/russe/Autonomous_Robot/build/mobile_robot/build/lib/mobile_robot/simple_guest_approach.py -> /home/russe/Autonomous_Robot/install/mobile_robot/lib/python3.12/site-packages/mobile_robot
[4.134s] byte-compiling /home/russe/Autonomous_Robot/install/mobile_robot/lib/python3.12/site-packages/mobile_robot/simple_guest_approach.py to simple_guest_approach.cpython-312.pyc
[4.137s] running install_data
[4.138s] running install_egg_info
[4.192s] removing '/home/russe/Autonomous_Robot/install/mobile_robot/lib/python3.12/site-packages/mobile_robot-0.0.0-py3.12.egg-info' (and everything under it)
[4.197s] Copying ../../build/mobile_robot/mobile_robot.egg-info to /home/russe/Autonomous_Robot/install/mobile_robot/lib/python3.12/site-packages/mobile_robot-0.0.0-py3.12.egg-info
[4.202s] running install_scripts
[4.527s] Installing battery_node script to /home/russe/Autonomous_Robot/install/mobile_robot/lib/mobile_robot
[4.534s] Installing guest_approach script to /home/russe/Autonomous_Robot/install/mobile_robot/lib/mobile_robot
[4.534s] Installing guest_find script to /home/russe/Autonomous_Robot/install/mobile_robot/lib/mobile_robot
[4.535s] Installing simple_avoid_obstacle script to /home/russe/Autonomous_Robot/install/mobile_robot/lib/mobile_robot
[4.535s] Installing simple_guest_approach script to /home/russe/Autonomous_Robot/install/mobile_robot/lib/mobile_robot
[4.536s] Installing simple_guest_find script to /home/russe/Autonomous_Robot/install/mobile_robot/lib/mobile_robot
[4.536s] Installing spin_head script to /home/russe/Autonomous_Robot/install/mobile_robot/lib/mobile_robot
[4.537s] Installing test_publisher script to /home/russe/Autonomous_Robot/install/mobile_robot/lib/mobile_robot
[4.537s] writing list of installed files to '/home/russe/Autonomous_Robot/build/mobile_robot/install.log'
[4.592s] Invoked command in '/home/russe/Autonomous_Robot/src/mobile_robot' returned '0': PYTHONPATH=/home/russe/Autonomous_Robot/build/mobile_robot/prefix_override:/usr/lib/python3/dist-packages/colcon_core/task/python/colcon_distutils_commands:/home/russe/Autonomous_Robot/install/mobile_robot/lib/python3.12/site-packages:${PYTHONPATH} /usr/bin/python3 -W ignore:setup.py install is deprecated -W ignore:easy_install command is deprecated setup.py egg_info --egg-base ../../build/mobile_robot build --build-base /home/russe/Autonomous_Robot/build/mobile_robot/build install --record /home/russe/Autonomous_Robot/build/mobile_robot/install.log --single-version-externally-managed install_data
