[1.122s] Invoking command in '/home/russe/Autonomous_Robot/src/mobile_robot': PYTHONPATH=/home/russe/Autonomous_Robot/src/mobile_robot/build/mobile_robot/prefix_override:/usr/lib/python3/dist-packages/colcon_core/task/python/colcon_distutils_commands:/home/russe/Autonomous_Robot/src/mobile_robot/install/mobile_robot/lib/python3.12/site-packages:${PYTHONPATH} /usr/bin/python3 -W ignore:setup.py install is deprecated -W ignore:easy_install command is deprecated setup.py egg_info --egg-base build/mobile_robot build --build-base /home/russe/Autonomous_Robot/src/mobile_robot/build/mobile_robot/build install --record /home/russe/Autonomous_Robot/src/mobile_robot/build/mobile_robot/install.log --single-version-externally-managed install_data
[1.333s] running egg_info
[1.349s] writing build/mobile_robot/mobile_robot.egg-info/PKG-INFO
[1.349s] writing dependency_links to build/mobile_robot/mobile_robot.egg-info/dependency_links.txt
[1.350s] writing entry points to build/mobile_robot/mobile_robot.egg-info/entry_points.txt
[1.350s] writing requirements to build/mobile_robot/mobile_robot.egg-info/requires.txt
[1.350s] writing top-level names to build/mobile_robot/mobile_robot.egg-info/top_level.txt
[1.381s] reading manifest file 'build/mobile_robot/mobile_robot.egg-info/SOURCES.txt'
[1.382s] writing manifest file 'build/mobile_robot/mobile_robot.egg-info/SOURCES.txt'
[1.383s] running build
[1.383s] running build_py
[1.383s] copying mobile_robot/identify.py -> /home/russe/Autonomous_Robot/src/mobile_robot/build/mobile_robot/build/lib/mobile_robot
[1.384s] copying mobile_robot/guest_approach.py -> /home/russe/Autonomous_Robot/src/mobile_robot/build/mobile_robot/build/lib/mobile_robot
[1.385s] copying mobile_robot/identify_move_supervisor.py -> /home/russe/Autonomous_Robot/src/mobile_robot/build/mobile_robot/build/lib/mobile_robot
[1.386s] copying mobile_robot/rotate_90_degrees.py -> /home/russe/Autonomous_Robot/src/mobile_robot/build/mobile_robot/build/lib/mobile_robot
[1.386s] copying mobile_robot/battery_node.py -> /home/russe/Autonomous_Robot/src/mobile_robot/build/mobile_robot/build/lib/mobile_robot
[1.387s] copying mobile_robot/identify2.py -> /home/russe/Autonomous_Robot/src/mobile_robot/build/mobile_robot/build/lib/mobile_robot
[1.388s] copying mobile_robot/simple_guest_approach.py -> /home/russe/Autonomous_Robot/src/mobile_robot/build/mobile_robot/build/lib/mobile_robot
[1.388s] copying mobile_robot/identify3.py -> /home/russe/Autonomous_Robot/src/mobile_robot/build/mobile_robot/build/lib/mobile_robot
[1.389s] copying mobile_robot/move.py -> /home/russe/Autonomous_Robot/src/mobile_robot/build/mobile_robot/build/lib/mobile_robot
[1.390s] copying mobile_robot/bounce_2cylinders.py -> /home/russe/Autonomous_Robot/src/mobile_robot/build/mobile_robot/build/lib/mobile_robot
[1.391s] copying mobile_robot/spin_head.py -> /home/russe/Autonomous_Robot/src/mobile_robot/build/mobile_robot/build/lib/mobile_robot
[1.391s] copying mobile_robot/guest_find.py -> /home/russe/Autonomous_Robot/src/mobile_robot/build/mobile_robot/build/lib/mobile_robot
[1.392s] copying mobile_robot/move5.py -> /home/russe/Autonomous_Robot/src/mobile_robot/build/mobile_robot/build/lib/mobile_robot
[1.392s] copying mobile_robot/avoid_while_interact.py -> /home/russe/Autonomous_Robot/src/mobile_robot/build/mobile_robot/build/lib/mobile_robot
[1.392s] copying mobile_robot/bounce_cylinder.py -> /home/russe/Autonomous_Robot/src/mobile_robot/build/mobile_robot/build/lib/mobile_robot
[1.393s] copying mobile_robot/identify5.py -> /home/russe/Autonomous_Robot/src/mobile_robot/build/mobile_robot/build/lib/mobile_robot
[1.393s] copying mobile_robot/simple_guest_find.py -> /home/russe/Autonomous_Robot/src/mobile_robot/build/mobile_robot/build/lib/mobile_robot
[1.394s] copying mobile_robot/square_driver_with_logging.py -> /home/russe/Autonomous_Robot/src/mobile_robot/build/mobile_robot/build/lib/mobile_robot
[1.394s] copying mobile_robot/move2.py -> /home/russe/Autonomous_Robot/src/mobile_robot/build/mobile_robot/build/lib/mobile_robot
[1.395s] copying mobile_robot/simple_avoid_obstacle.py -> /home/russe/Autonomous_Robot/src/mobile_robot/build/mobile_robot/build/lib/mobile_robot
[1.396s] running install
[1.400s] running install_lib
[1.419s] copying /home/russe/Autonomous_Robot/src/mobile_robot/build/mobile_robot/build/lib/mobile_robot/identify.py -> /home/russe/Autonomous_Robot/src/mobile_robot/install/mobile_robot/lib/python3.12/site-packages/mobile_robot
[1.419s] copying /home/russe/Autonomous_Robot/src/mobile_robot/build/mobile_robot/build/lib/mobile_robot/guest_approach.py -> /home/russe/Autonomous_Robot/src/mobile_robot/install/mobile_robot/lib/python3.12/site-packages/mobile_robot
[1.419s] copying /home/russe/Autonomous_Robot/src/mobile_robot/build/mobile_robot/build/lib/mobile_robot/identify_move_supervisor.py -> /home/russe/Autonomous_Robot/src/mobile_robot/install/mobile_robot/lib/python3.12/site-packages/mobile_robot
[1.420s] copying /home/russe/Autonomous_Robot/src/mobile_robot/build/mobile_robot/build/lib/mobile_robot/rotate_90_degrees.py -> /home/russe/Autonomous_Robot/src/mobile_robot/install/mobile_robot/lib/python3.12/site-packages/mobile_robot
[1.420s] copying /home/russe/Autonomous_Robot/src/mobile_robot/build/mobile_robot/build/lib/mobile_robot/battery_node.py -> /home/russe/Autonomous_Robot/src/mobile_robot/install/mobile_robot/lib/python3.12/site-packages/mobile_robot
[1.420s] copying /home/russe/Autonomous_Robot/src/mobile_robot/build/mobile_robot/build/lib/mobile_robot/identify2.py -> /home/russe/Autonomous_Robot/src/mobile_robot/install/mobile_robot/lib/python3.12/site-packages/mobile_robot
[1.420s] copying /home/russe/Autonomous_Robot/src/mobile_robot/build/mobile_robot/build/lib/mobile_robot/simple_guest_approach.py -> /home/russe/Autonomous_Robot/src/mobile_robot/install/mobile_robot/lib/python3.12/site-packages/mobile_robot
[1.420s] copying /home/russe/Autonomous_Robot/src/mobile_robot/build/mobile_robot/build/lib/mobile_robot/identify3.py -> /home/russe/Autonomous_Robot/src/mobile_robot/install/mobile_robot/lib/python3.12/site-packages/mobile_robot
[1.420s] copying /home/russe/Autonomous_Robot/src/mobile_robot/build/mobile_robot/build/lib/mobile_robot/move.py -> /home/russe/Autonomous_Robot/src/mobile_robot/install/mobile_robot/lib/python3.12/site-packages/mobile_robot
[1.421s] copying /home/russe/Autonomous_Robot/src/mobile_robot/build/mobile_robot/build/lib/mobile_robot/bounce_2cylinders.py -> /home/russe/Autonomous_Robot/src/mobile_robot/install/mobile_robot/lib/python3.12/site-packages/mobile_robot
[1.421s] copying /home/russe/Autonomous_Robot/src/mobile_robot/build/mobile_robot/build/lib/mobile_robot/spin_head.py -> /home/russe/Autonomous_Robot/src/mobile_robot/install/mobile_robot/lib/python3.12/site-packages/mobile_robot
[1.421s] copying /home/russe/Autonomous_Robot/src/mobile_robot/build/mobile_robot/build/lib/mobile_robot/guest_find.py -> /home/russe/Autonomous_Robot/src/mobile_robot/install/mobile_robot/lib/python3.12/site-packages/mobile_robot
[1.421s] copying /home/russe/Autonomous_Robot/src/mobile_robot/build/mobile_robot/build/lib/mobile_robot/move5.py -> /home/russe/Autonomous_Robot/src/mobile_robot/install/mobile_robot/lib/python3.12/site-packages/mobile_robot
[1.421s] copying /home/russe/Autonomous_Robot/src/mobile_robot/build/mobile_robot/build/lib/mobile_robot/avoid_while_interact.py -> /home/russe/Autonomous_Robot/src/mobile_robot/install/mobile_robot/lib/python3.12/site-packages/mobile_robot
[1.422s] copying /home/russe/Autonomous_Robot/src/mobile_robot/build/mobile_robot/build/lib/mobile_robot/bounce_cylinder.py -> /home/russe/Autonomous_Robot/src/mobile_robot/install/mobile_robot/lib/python3.12/site-packages/mobile_robot
[1.422s] copying /home/russe/Autonomous_Robot/src/mobile_robot/build/mobile_robot/build/lib/mobile_robot/identify5.py -> /home/russe/Autonomous_Robot/src/mobile_robot/install/mobile_robot/lib/python3.12/site-packages/mobile_robot
[1.422s] copying /home/russe/Autonomous_Robot/src/mobile_robot/build/mobile_robot/build/lib/mobile_robot/simple_guest_find.py -> /home/russe/Autonomous_Robot/src/mobile_robot/install/mobile_robot/lib/python3.12/site-packages/mobile_robot
[1.422s] copying /home/russe/Autonomous_Robot/src/mobile_robot/build/mobile_robot/build/lib/mobile_robot/square_driver_with_logging.py -> /home/russe/Autonomous_Robot/src/mobile_robot/install/mobile_robot/lib/python3.12/site-packages/mobile_robot
[1.422s] copying /home/russe/Autonomous_Robot/src/mobile_robot/build/mobile_robot/build/lib/mobile_robot/move2.py -> /home/russe/Autonomous_Robot/src/mobile_robot/install/mobile_robot/lib/python3.12/site-packages/mobile_robot
[1.422s] copying /home/russe/Autonomous_Robot/src/mobile_robot/build/mobile_robot/build/lib/mobile_robot/simple_avoid_obstacle.py -> /home/russe/Autonomous_Robot/src/mobile_robot/install/mobile_robot/lib/python3.12/site-packages/mobile_robot
[1.423s] byte-compiling /home/russe/Autonomous_Robot/src/mobile_robot/install/mobile_robot/lib/python3.12/site-packages/mobile_robot/identify.py to identify.cpython-312.pyc
[1.424s] byte-compiling /home/russe/Autonomous_Robot/src/mobile_robot/install/mobile_robot/lib/python3.12/site-packages/mobile_robot/guest_approach.py to guest_approach.cpython-312.pyc
[1.426s] byte-compiling /home/russe/Autonomous_Robot/src/mobile_robot/install/mobile_robot/lib/python3.12/site-packages/mobile_robot/identify_move_supervisor.py to identify_move_supervisor.cpython-312.pyc
[1.426s] byte-compiling /home/russe/Autonomous_Robot/src/mobile_robot/install/mobile_robot/lib/python3.12/site-packages/mobile_robot/rotate_90_degrees.py to rotate_90_degrees.cpython-312.pyc
[1.427s] byte-compiling /home/russe/Autonomous_Robot/src/mobile_robot/install/mobile_robot/lib/python3.12/site-packages/mobile_robot/battery_node.py to battery_node.cpython-312.pyc
[1.429s] byte-compiling /home/russe/Autonomous_Robot/src/mobile_robot/install/mobile_robot/lib/python3.12/site-packages/mobile_robot/identify2.py to identify2.cpython-312.pyc
[1.430s] byte-compiling /home/russe/Autonomous_Robot/src/mobile_robot/install/mobile_robot/lib/python3.12/site-packages/mobile_robot/simple_guest_approach.py to simple_guest_approach.cpython-312.pyc
[1.431s] byte-compiling /home/russe/Autonomous_Robot/src/mobile_robot/install/mobile_robot/lib/python3.12/site-packages/mobile_robot/identify3.py to identify3.cpython-312.pyc
[1.434s] byte-compiling /home/russe/Autonomous_Robot/src/mobile_robot/install/mobile_robot/lib/python3.12/site-packages/mobile_robot/move.py to move.cpython-312.pyc
[1.435s] byte-compiling /home/russe/Autonomous_Robot/src/mobile_robot/install/mobile_robot/lib/python3.12/site-packages/mobile_robot/bounce_2cylinders.py to bounce_2cylinders.cpython-312.pyc
[1.436s] byte-compiling /home/russe/Autonomous_Robot/src/mobile_robot/install/mobile_robot/lib/python3.12/site-packages/mobile_robot/spin_head.py to spin_head.cpython-312.pyc
[1.437s] byte-compiling /home/russe/Autonomous_Robot/src/mobile_robot/install/mobile_robot/lib/python3.12/site-packages/mobile_robot/guest_find.py to guest_find.cpython-312.pyc
[1.440s] byte-compiling /home/russe/Autonomous_Robot/src/mobile_robot/install/mobile_robot/lib/python3.12/site-packages/mobile_robot/move5.py to move5.cpython-312.pyc
[1.441s] byte-compiling /home/russe/Autonomous_Robot/src/mobile_robot/install/mobile_robot/lib/python3.12/site-packages/mobile_robot/avoid_while_interact.py to avoid_while_interact.cpython-312.pyc
[1.442s] byte-compiling /home/russe/Autonomous_Robot/src/mobile_robot/install/mobile_robot/lib/python3.12/site-packages/mobile_robot/bounce_cylinder.py to bounce_cylinder.cpython-312.pyc
[1.443s] byte-compiling /home/russe/Autonomous_Robot/src/mobile_robot/install/mobile_robot/lib/python3.12/site-packages/mobile_robot/identify5.py to identify5.cpython-312.pyc
[1.445s] byte-compiling /home/russe/Autonomous_Robot/src/mobile_robot/install/mobile_robot/lib/python3.12/site-packages/mobile_robot/simple_guest_find.py to simple_guest_find.cpython-312.pyc
[1.448s] byte-compiling /home/russe/Autonomous_Robot/src/mobile_robot/install/mobile_robot/lib/python3.12/site-packages/mobile_robot/square_driver_with_logging.py to square_driver_with_logging.cpython-312.pyc
[1.449s] byte-compiling /home/russe/Autonomous_Robot/src/mobile_robot/install/mobile_robot/lib/python3.12/site-packages/mobile_robot/move2.py to move2.cpython-312.pyc
[1.451s] byte-compiling /home/russe/Autonomous_Robot/src/mobile_robot/install/mobile_robot/lib/python3.12/site-packages/mobile_robot/simple_avoid_obstacle.py to simple_avoid_obstacle.cpython-312.pyc
[1.452s] running install_data
[1.452s] copying launch/gazebo_2moving_cyl.launch.py -> /home/russe/Autonomous_Robot/src/mobile_robot/install/mobile_robot/share/mobile_robot/launch
[1.453s] copying launch/interaction_logic.launch.py -> /home/russe/Autonomous_Robot/src/mobile_robot/install/mobile_robot/share/mobile_robot/launch
[1.453s] copying launch/gazebo_model.launch.py -> /home/russe/Autonomous_Robot/src/mobile_robot/install/mobile_robot/share/mobile_robot/launch
[1.454s] copying launch/simple_avoid_obstacle.launch.py -> /home/russe/Autonomous_Robot/src/mobile_robot/install/mobile_robot/share/mobile_robot/launch
[1.454s] copying launch/gazebo_model_moving_cylinder.launch.py -> /home/russe/Autonomous_Robot/src/mobile_robot/install/mobile_robot/share/mobile_robot/launch
[1.454s] copying launch/gazebo_model_with_cylinders.launch.py -> /home/russe/Autonomous_Robot/src/mobile_robot/install/mobile_robot/share/mobile_robot/launch
[1.455s] copying launch/guest_find_approach.launch.py -> /home/russe/Autonomous_Robot/src/mobile_robot/install/mobile_robot/share/mobile_robot/launch
[1.455s] copying launch/gazebo_model2.launch.py -> /home/russe/Autonomous_Robot/src/mobile_robot/install/mobile_robot/share/mobile_robot/launch
[1.455s] copying launch/simple_guest_find_approach.launch.py -> /home/russe/Autonomous_Robot/src/mobile_robot/install/mobile_robot/share/mobile_robot/launch
[1.456s] copying model/robot.xacro -> /home/russe/Autonomous_Robot/src/mobile_robot/install/mobile_robot/share/mobile_robot/model
[1.456s] copying model/charging_stations.sdf -> /home/russe/Autonomous_Robot/src/mobile_robot/install/mobile_robot/share/mobile_robot/model
[1.457s] copying model/robot_test.xacro -> /home/russe/Autonomous_Robot/src/mobile_robot/install/mobile_robot/share/mobile_robot/model
[1.458s] copying model/robot.gazebo -> /home/russe/Autonomous_Robot/src/mobile_robot/install/mobile_robot/share/mobile_robot/model
[1.458s] copying parameters/bridge_parameters.yaml -> /home/russe/Autonomous_Robot/src/mobile_robot/install/mobile_robot/share/mobile_robot/parameters
[1.459s] copying parameters/battery_tunable_parameters.yaml -> /home/russe/Autonomous_Robot/src/mobile_robot/install/mobile_robot/share/mobile_robot/parameters
[1.459s] copying parameters/ekf_global.yaml -> /home/russe/Autonomous_Robot/src/mobile_robot/install/mobile_robot/share/mobile_robot/parameters
[1.460s] creating /home/russe/Autonomous_Robot/src/mobile_robot/install/mobile_robot/share/mobile_robot/worlds
[1.460s] copying worlds/arena.sdf -> /home/russe/Autonomous_Robot/src/mobile_robot/install/mobile_robot/share/mobile_robot/worlds
[1.461s] copying worlds/arena_long.sdf -> /home/russe/Autonomous_Robot/src/mobile_robot/install/mobile_robot/share/mobile_robot/worlds
[1.462s] copying worlds/arena_moving_cylinder.sdf -> /home/russe/Autonomous_Robot/src/mobile_robot/install/mobile_robot/share/mobile_robot/worlds
[1.462s] copying worlds/arena_2moving_cylinders.sdf -> /home/russe/Autonomous_Robot/src/mobile_robot/install/mobile_robot/share/mobile_robot/worlds
[1.463s] copying worlds/arena_with_cylinders.py -> /home/russe/Autonomous_Robot/src/mobile_robot/install/mobile_robot/share/mobile_robot/worlds
[1.463s] running install_egg_info
[1.482s] removing '/home/russe/Autonomous_Robot/src/mobile_robot/install/mobile_robot/lib/python3.12/site-packages/mobile_robot-0.0.0-py3.12.egg-info' (and everything under it)
[1.483s] Copying build/mobile_robot/mobile_robot.egg-info to /home/russe/Autonomous_Robot/src/mobile_robot/install/mobile_robot/lib/python3.12/site-packages/mobile_robot-0.0.0-py3.12.egg-info
[1.484s] running install_scripts
[1.592s] Installing avoid_while_interact script to /home/russe/Autonomous_Robot/src/mobile_robot/install/mobile_robot/lib/mobile_robot
[1.592s] Installing battery_node script to /home/russe/Autonomous_Robot/src/mobile_robot/install/mobile_robot/lib/mobile_robot
[1.592s] Installing bounce_2cylinders script to /home/russe/Autonomous_Robot/src/mobile_robot/install/mobile_robot/lib/mobile_robot
[1.592s] Installing bounce_cylinder script to /home/russe/Autonomous_Robot/src/mobile_robot/install/mobile_robot/lib/mobile_robot
[1.593s] Installing find script to /home/russe/Autonomous_Robot/src/mobile_robot/install/mobile_robot/lib/mobile_robot
[1.593s] Installing guest_approach script to /home/russe/Autonomous_Robot/src/mobile_robot/install/mobile_robot/lib/mobile_robot
[1.593s] Installing guest_find script to /home/russe/Autonomous_Robot/src/mobile_robot/install/mobile_robot/lib/mobile_robot
[1.593s] Installing identify2 script to /home/russe/Autonomous_Robot/src/mobile_robot/install/mobile_robot/lib/mobile_robot
[1.593s] Installing identify3 script to /home/russe/Autonomous_Robot/src/mobile_robot/install/mobile_robot/lib/mobile_robot
[1.593s] Installing identify5 script to /home/russe/Autonomous_Robot/src/mobile_robot/install/mobile_robot/lib/mobile_robot
[1.594s] Installing identify_move_supervisor script to /home/russe/Autonomous_Robot/src/mobile_robot/install/mobile_robot/lib/mobile_robot
[1.594s] Installing move script to /home/russe/Autonomous_Robot/src/mobile_robot/install/mobile_robot/lib/mobile_robot
[1.594s] Installing move2 script to /home/russe/Autonomous_Robot/src/mobile_robot/install/mobile_robot/lib/mobile_robot
[1.594s] Installing move5 script to /home/russe/Autonomous_Robot/src/mobile_robot/install/mobile_robot/lib/mobile_robot
[1.594s] Installing rotate_90_degrees script to /home/russe/Autonomous_Robot/src/mobile_robot/install/mobile_robot/lib/mobile_robot
[1.595s] Installing simple_avoid_obstacle script to /home/russe/Autonomous_Robot/src/mobile_robot/install/mobile_robot/lib/mobile_robot
[1.595s] Installing simple_guest_approach script to /home/russe/Autonomous_Robot/src/mobile_robot/install/mobile_robot/lib/mobile_robot
[1.595s] Installing simple_guest_find script to /home/russe/Autonomous_Robot/src/mobile_robot/install/mobile_robot/lib/mobile_robot
[1.595s] Installing spin_head script to /home/russe/Autonomous_Robot/src/mobile_robot/install/mobile_robot/lib/mobile_robot
[1.595s] Installing square_driver_with_logging script to /home/russe/Autonomous_Robot/src/mobile_robot/install/mobile_robot/lib/mobile_robot
[1.595s] Installing test_publisher script to /home/russe/Autonomous_Robot/src/mobile_robot/install/mobile_robot/lib/mobile_robot
[1.596s] writing list of installed files to '/home/russe/Autonomous_Robot/src/mobile_robot/build/mobile_robot/install.log'
[1.620s] Invoked command in '/home/russe/Autonomous_Robot/src/mobile_robot' returned '0': PYTHONPATH=/home/russe/Autonomous_Robot/src/mobile_robot/build/mobile_robot/prefix_override:/usr/lib/python3/dist-packages/colcon_core/task/python/colcon_distutils_commands:/home/russe/Autonomous_Robot/src/mobile_robot/install/mobile_robot/lib/python3.12/site-packages:${PYTHONPATH} /usr/bin/python3 -W ignore:setup.py install is deprecated -W ignore:easy_install command is deprecated setup.py egg_info --egg-base build/mobile_robot build --build-base /home/russe/Autonomous_Robot/src/mobile_robot/build/mobile_robot/build install --record /home/russe/Autonomous_Robot/src/mobile_robot/build/mobile_robot/install.log --single-version-externally-managed install_data
