[2.098s] Invoking command in '/home/russe/Autonomous_Robot/src/mobile_robot': PYTHONPATH=/home/russe/Autonomous_Robot/src/build/mobile_robot/prefix_override:/usr/lib/python3/dist-packages/colcon_core/task/python/colcon_distutils_commands:/home/russe/Autonomous_Robot/src/install/mobile_robot/lib/python3.12/site-packages:${PYTHONPATH} /usr/bin/python3 -W ignore:setup.py install is deprecated -W ignore:easy_install command is deprecated setup.py egg_info --egg-base ../build/mobile_robot build --build-base /home/russe/Autonomous_Robot/src/build/mobile_robot/build install --record /home/russe/Autonomous_Robot/src/build/mobile_robot/install.log --single-version-externally-managed install_data
[2.761s] running egg_info
[2.817s] writing ../build/mobile_robot/mobile_robot.egg-info/PKG-INFO
[2.821s] writing dependency_links to ../build/mobile_robot/mobile_robot.egg-info/dependency_links.txt
[2.822s] writing entry points to ../build/mobile_robot/mobile_robot.egg-info/entry_points.txt
[2.822s] writing requirements to ../build/mobile_robot/mobile_robot.egg-info/requires.txt
[2.822s] writing top-level names to ../build/mobile_robot/mobile_robot.egg-info/top_level.txt
[2.936s] reading manifest file '../build/mobile_robot/mobile_robot.egg-info/SOURCES.txt'
[2.939s] writing manifest file '../build/mobile_robot/mobile_robot.egg-info/SOURCES.txt'
[2.948s] running build
[2.948s] running build_py
[2.948s] running install
[2.960s] running install_lib
[3.016s] running install_data
[3.016s] copying launch/interaction_logic.launch.py -> /home/russe/Autonomous_Robot/src/install/mobile_robot/share/mobile_robot/launch
[3.016s] running install_egg_info
[3.066s] removing '/home/russe/Autonomous_Robot/src/install/mobile_robot/lib/python3.12/site-packages/mobile_robot-0.0.0-py3.12.egg-info' (and everything under it)
[3.066s] Copying ../build/mobile_robot/mobile_robot.egg-info to /home/russe/Autonomous_Robot/src/install/mobile_robot/lib/python3.12/site-packages/mobile_robot-0.0.0-py3.12.egg-info
[3.068s] running install_scripts
[3.381s] Installing avoid_while_interact script to /home/russe/Autonomous_Robot/src/install/mobile_robot/lib/mobile_robot
[3.382s] Installing battery_node script to /home/russe/Autonomous_Robot/src/install/mobile_robot/lib/mobile_robot
[3.382s] Installing bounce_2cylinders script to /home/russe/Autonomous_Robot/src/install/mobile_robot/lib/mobile_robot
[3.388s] Installing bounce_cylinder script to /home/russe/Autonomous_Robot/src/install/mobile_robot/lib/mobile_robot
[3.388s] Installing find script to /home/russe/Autonomous_Robot/src/install/mobile_robot/lib/mobile_robot
[3.389s] Installing guest_approach script to /home/russe/Autonomous_Robot/src/install/mobile_robot/lib/mobile_robot
[3.389s] Installing guest_find script to /home/russe/Autonomous_Robot/src/install/mobile_robot/lib/mobile_robot
[3.389s] Installing identify2 script to /home/russe/Autonomous_Robot/src/install/mobile_robot/lib/mobile_robot
[3.389s] Installing identify3 script to /home/russe/Autonomous_Robot/src/install/mobile_robot/lib/mobile_robot
[3.389s] Installing identify5 script to /home/russe/Autonomous_Robot/src/install/mobile_robot/lib/mobile_robot
[3.390s] Installing identify_move_supervisor script to /home/russe/Autonomous_Robot/src/install/mobile_robot/lib/mobile_robot
[3.390s] Installing move script to /home/russe/Autonomous_Robot/src/install/mobile_robot/lib/mobile_robot
[3.390s] Installing move2 script to /home/russe/Autonomous_Robot/src/install/mobile_robot/lib/mobile_robot
[3.390s] Installing move5 script to /home/russe/Autonomous_Robot/src/install/mobile_robot/lib/mobile_robot
[3.390s] Installing rotate_90_degrees script to /home/russe/Autonomous_Robot/src/install/mobile_robot/lib/mobile_robot
[3.390s] Installing simple_avoid_obstacle script to /home/russe/Autonomous_Robot/src/install/mobile_robot/lib/mobile_robot
[3.391s] Installing simple_guest_approach script to /home/russe/Autonomous_Robot/src/install/mobile_robot/lib/mobile_robot
[3.391s] Installing simple_guest_find script to /home/russe/Autonomous_Robot/src/install/mobile_robot/lib/mobile_robot
[3.391s] Installing spin_head script to /home/russe/Autonomous_Robot/src/install/mobile_robot/lib/mobile_robot
[3.391s] Installing square_driver_with_logging script to /home/russe/Autonomous_Robot/src/install/mobile_robot/lib/mobile_robot
[3.391s] Installing test_publisher script to /home/russe/Autonomous_Robot/src/install/mobile_robot/lib/mobile_robot
[3.391s] writing list of installed files to '/home/russe/Autonomous_Robot/src/build/mobile_robot/install.log'
[3.454s] Invoked command in '/home/russe/Autonomous_Robot/src/mobile_robot' returned '0': PYTHONPATH=/home/russe/Autonomous_Robot/src/build/mobile_robot/prefix_override:/usr/lib/python3/dist-packages/colcon_core/task/python/colcon_distutils_commands:/home/russe/Autonomous_Robot/src/install/mobile_robot/lib/python3.12/site-packages:${PYTHONPATH} /usr/bin/python3 -W ignore:setup.py install is deprecated -W ignore:easy_install command is deprecated setup.py egg_info --egg-base ../build/mobile_robot build --build-base /home/russe/Autonomous_Robot/src/build/mobile_robot/build install --record /home/russe/Autonomous_Robot/src/build/mobile_robot/install.log --single-version-externally-managed install_data
