[0.689s] Invoking command in '/home/russe/Autonomous_Robot/src/mobile_robot': PYTHONPATH=/home/russe/Autonomous_Robot/src/mobile_robot/build/mobile_robot/prefix_override:/usr/lib/python3/dist-packages/colcon_core/task/python/colcon_distutils_commands:/home/russe/Autonomous_Robot/src/mobile_robot/install/mobile_robot/lib/python3.12/site-packages:${PYTHONPATH} /usr/bin/python3 -W ignore:setup.py install is deprecated -W ignore:easy_install command is deprecated setup.py egg_info --egg-base build/mobile_robot build --build-base /home/russe/Autonomous_Robot/src/mobile_robot/build/mobile_robot/build install --record /home/russe/Autonomous_Robot/src/mobile_robot/build/mobile_robot/install.log --single-version-externally-managed install_data
[0.899s] running egg_info
[0.913s] writing build/mobile_robot/mobile_robot.egg-info/PKG-INFO
[0.913s] writing dependency_links to build/mobile_robot/mobile_robot.egg-info/dependency_links.txt
[0.929s] writing entry points to build/mobile_robot/mobile_robot.egg-info/entry_points.txt
[0.929s] writing requirements to build/mobile_robot/mobile_robot.egg-info/requires.txt
[0.929s] writing top-level names to build/mobile_robot/mobile_robot.egg-info/top_level.txt
[0.948s] reading manifest file 'build/mobile_robot/mobile_robot.egg-info/SOURCES.txt'
[0.949s] writing manifest file 'build/mobile_robot/mobile_robot.egg-info/SOURCES.txt'
[0.949s] running build
[0.949s] running build_py
[0.950s] running install
[0.955s] running install_lib
[0.973s] running install_data
[0.974s] running install_egg_info
[0.989s] removing '/home/russe/Autonomous_Robot/src/mobile_robot/install/mobile_robot/lib/python3.12/site-packages/mobile_robot-0.0.0-py3.12.egg-info' (and everything under it)
[0.990s] Copying build/mobile_robot/mobile_robot.egg-info to /home/russe/Autonomous_Robot/src/mobile_robot/install/mobile_robot/lib/python3.12/site-packages/mobile_robot-0.0.0-py3.12.egg-info
[0.991s] running install_scripts
[1.095s] Installing avoid_while_interact script to /home/russe/Autonomous_Robot/src/mobile_robot/install/mobile_robot/lib/mobile_robot
[1.095s] Installing battery_node script to /home/russe/Autonomous_Robot/src/mobile_robot/install/mobile_robot/lib/mobile_robot
[1.098s] Installing bounce_2cylinders script to /home/russe/Autonomous_Robot/src/mobile_robot/install/mobile_robot/lib/mobile_robot
[1.098s] Installing bounce_cylinder script to /home/russe/Autonomous_Robot/src/mobile_robot/install/mobile_robot/lib/mobile_robot
[1.098s] Installing find script to /home/russe/Autonomous_Robot/src/mobile_robot/install/mobile_robot/lib/mobile_robot
[1.098s] Installing guest_approach script to /home/russe/Autonomous_Robot/src/mobile_robot/install/mobile_robot/lib/mobile_robot
[1.098s] Installing guest_find script to /home/russe/Autonomous_Robot/src/mobile_robot/install/mobile_robot/lib/mobile_robot
[1.099s] Installing identify2 script to /home/russe/Autonomous_Robot/src/mobile_robot/install/mobile_robot/lib/mobile_robot
[1.099s] Installing identify3 script to /home/russe/Autonomous_Robot/src/mobile_robot/install/mobile_robot/lib/mobile_robot
[1.099s] Installing identify5 script to /home/russe/Autonomous_Robot/src/mobile_robot/install/mobile_robot/lib/mobile_robot
[1.099s] Installing identify_move_supervisor script to /home/russe/Autonomous_Robot/src/mobile_robot/install/mobile_robot/lib/mobile_robot
[1.099s] Installing move script to /home/russe/Autonomous_Robot/src/mobile_robot/install/mobile_robot/lib/mobile_robot
[1.099s] Installing move2 script to /home/russe/Autonomous_Robot/src/mobile_robot/install/mobile_robot/lib/mobile_robot
[1.099s] Installing move5 script to /home/russe/Autonomous_Robot/src/mobile_robot/install/mobile_robot/lib/mobile_robot
[1.099s] Installing rotate_90_degrees script to /home/russe/Autonomous_Robot/src/mobile_robot/install/mobile_robot/lib/mobile_robot
[1.099s] Installing simple_avoid_obstacle script to /home/russe/Autonomous_Robot/src/mobile_robot/install/mobile_robot/lib/mobile_robot
[1.099s] Installing simple_guest_approach script to /home/russe/Autonomous_Robot/src/mobile_robot/install/mobile_robot/lib/mobile_robot
[1.099s] Installing simple_guest_find script to /home/russe/Autonomous_Robot/src/mobile_robot/install/mobile_robot/lib/mobile_robot
[1.100s] Installing spin_head script to /home/russe/Autonomous_Robot/src/mobile_robot/install/mobile_robot/lib/mobile_robot
[1.100s] Installing square_driver_with_logging script to /home/russe/Autonomous_Robot/src/mobile_robot/install/mobile_robot/lib/mobile_robot
[1.100s] Installing test_publisher script to /home/russe/Autonomous_Robot/src/mobile_robot/install/mobile_robot/lib/mobile_robot
[1.100s] writing list of installed files to '/home/russe/Autonomous_Robot/src/mobile_robot/build/mobile_robot/install.log'
[1.133s] Invoked command in '/home/russe/Autonomous_Robot/src/mobile_robot' returned '0': PYTHONPATH=/home/russe/Autonomous_Robot/src/mobile_robot/build/mobile_robot/prefix_override:/usr/lib/python3/dist-packages/colcon_core/task/python/colcon_distutils_commands:/home/russe/Autonomous_Robot/src/mobile_robot/install/mobile_robot/lib/python3.12/site-packages:${PYTHONPATH} /usr/bin/python3 -W ignore:setup.py install is deprecated -W ignore:easy_install command is deprecated setup.py egg_info --egg-base build/mobile_robot build --build-base /home/russe/Autonomous_Robot/src/mobile_robot/build/mobile_robot/build install --record /home/russe/Autonomous_Robot/src/mobile_robot/build/mobile_robot/install.log --single-version-externally-managed install_data
