[2.403s] Invoking command in '/home/russe/Autonomous_Robot/src/mobile_robot': PYTHONPATH=/home/russe/Autonomous_Robot/src/build/mobile_robot/prefix_override:/usr/lib/python3/dist-packages/colcon_core/task/python/colcon_distutils_commands:/home/russe/Autonomous_Robot/src/install/mobile_robot/lib/python3.12/site-packages:${PYTHONPATH} /usr/bin/python3 -W ignore:setup.py install is deprecated -W ignore:easy_install command is deprecated setup.py egg_info --egg-base ../build/mobile_robot build --build-base /home/russe/Autonomous_Robot/src/build/mobile_robot/build install --record /home/russe/Autonomous_Robot/src/build/mobile_robot/install.log --single-version-externally-managed install_data
[3.116s] running egg_info
[3.120s] creating ../build/mobile_robot/mobile_robot.egg-info
[3.168s] writing ../build/mobile_robot/mobile_robot.egg-info/PKG-INFO
[3.168s] writing dependency_links to ../build/mobile_robot/mobile_robot.egg-info/dependency_links.txt
[3.169s] writing entry points to ../build/mobile_robot/mobile_robot.egg-info/entry_points.txt
[3.169s] writing requirements to ../build/mobile_robot/mobile_robot.egg-info/requires.txt
[3.169s] writing top-level names to ../build/mobile_robot/mobile_robot.egg-info/top_level.txt
[3.169s] writing manifest file '../build/mobile_robot/mobile_robot.egg-info/SOURCES.txt'
[3.276s] reading manifest file '../build/mobile_robot/mobile_robot.egg-info/SOURCES.txt'
[3.281s] writing manifest file '../build/mobile_robot/mobile_robot.egg-info/SOURCES.txt'
[3.281s] running build
[3.282s] running build_py
[3.282s] creating /home/russe/Autonomous_Robot/src/build/mobile_robot/build
[3.282s] creating /home/russe/Autonomous_Robot/src/build/mobile_robot/build/lib
[3.283s] creating /home/russe/Autonomous_Robot/src/build/mobile_robot/build/lib/mobile_robot
[3.283s] copying mobile_robot/identify.py -> /home/russe/Autonomous_Robot/src/build/mobile_robot/build/lib/mobile_robot
[3.284s] copying mobile_robot/guest_approach.py -> /home/russe/Autonomous_Robot/src/build/mobile_robot/build/lib/mobile_robot
[3.284s] copying mobile_robot/test.py -> /home/russe/Autonomous_Robot/src/build/mobile_robot/build/lib/mobile_robot
[3.290s] copying mobile_robot/identify_move_supervisor.py -> /home/russe/Autonomous_Robot/src/build/mobile_robot/build/lib/mobile_robot
[3.290s] copying mobile_robot/rotate_90_degrees.py -> /home/russe/Autonomous_Robot/src/build/mobile_robot/build/lib/mobile_robot
[3.291s] copying mobile_robot/battery_node.py -> /home/russe/Autonomous_Robot/src/build/mobile_robot/build/lib/mobile_robot
[3.291s] copying mobile_robot/identify2.py -> /home/russe/Autonomous_Robot/src/build/mobile_robot/build/lib/mobile_robot
[3.291s] copying mobile_robot/simple_guest_approach.py -> /home/russe/Autonomous_Robot/src/build/mobile_robot/build/lib/mobile_robot
[3.292s] copying mobile_robot/identify3.py -> /home/russe/Autonomous_Robot/src/build/mobile_robot/build/lib/mobile_robot
[3.292s] copying mobile_robot/move.py -> /home/russe/Autonomous_Robot/src/build/mobile_robot/build/lib/mobile_robot
[3.292s] copying mobile_robot/__init__.py -> /home/russe/Autonomous_Robot/src/build/mobile_robot/build/lib/mobile_robot
[3.293s] copying mobile_robot/bounce_2cylinders.py -> /home/russe/Autonomous_Robot/src/build/mobile_robot/build/lib/mobile_robot
[3.293s] copying mobile_robot/spin_head.py -> /home/russe/Autonomous_Robot/src/build/mobile_robot/build/lib/mobile_robot
[3.294s] copying mobile_robot/guest_find.py -> /home/russe/Autonomous_Robot/src/build/mobile_robot/build/lib/mobile_robot
[3.295s] copying mobile_robot/move5.py -> /home/russe/Autonomous_Robot/src/build/mobile_robot/build/lib/mobile_robot
[3.295s] copying mobile_robot/avoid_while_interact.py -> /home/russe/Autonomous_Robot/src/build/mobile_robot/build/lib/mobile_robot
[3.295s] copying mobile_robot/bounce_cylinder.py -> /home/russe/Autonomous_Robot/src/build/mobile_robot/build/lib/mobile_robot
[3.295s] copying mobile_robot/identify5.py -> /home/russe/Autonomous_Robot/src/build/mobile_robot/build/lib/mobile_robot
[3.296s] copying mobile_robot/simple_guest_find.py -> /home/russe/Autonomous_Robot/src/build/mobile_robot/build/lib/mobile_robot
[3.296s] copying mobile_robot/square_driver_with_logging.py -> /home/russe/Autonomous_Robot/src/build/mobile_robot/build/lib/mobile_robot
[3.296s] copying mobile_robot/move2.py -> /home/russe/Autonomous_Robot/src/build/mobile_robot/build/lib/mobile_robot
[3.300s] copying mobile_robot/simple_avoid_obstacle.py -> /home/russe/Autonomous_Robot/src/build/mobile_robot/build/lib/mobile_robot
[3.300s] running install
[3.317s] running install_lib
[3.368s] creating /home/russe/Autonomous_Robot/src/install/mobile_robot/lib/python3.12/site-packages/mobile_robot
[3.369s] copying /home/russe/Autonomous_Robot/src/build/mobile_robot/build/lib/mobile_robot/identify.py -> /home/russe/Autonomous_Robot/src/install/mobile_robot/lib/python3.12/site-packages/mobile_robot
[3.370s] copying /home/russe/Autonomous_Robot/src/build/mobile_robot/build/lib/mobile_robot/guest_approach.py -> /home/russe/Autonomous_Robot/src/install/mobile_robot/lib/python3.12/site-packages/mobile_robot
[3.370s] copying /home/russe/Autonomous_Robot/src/build/mobile_robot/build/lib/mobile_robot/test.py -> /home/russe/Autonomous_Robot/src/install/mobile_robot/lib/python3.12/site-packages/mobile_robot
[3.371s] copying /home/russe/Autonomous_Robot/src/build/mobile_robot/build/lib/mobile_robot/identify_move_supervisor.py -> /home/russe/Autonomous_Robot/src/install/mobile_robot/lib/python3.12/site-packages/mobile_robot
[3.371s] copying /home/russe/Autonomous_Robot/src/build/mobile_robot/build/lib/mobile_robot/rotate_90_degrees.py -> /home/russe/Autonomous_Robot/src/install/mobile_robot/lib/python3.12/site-packages/mobile_robot
[3.372s] copying /home/russe/Autonomous_Robot/src/build/mobile_robot/build/lib/mobile_robot/battery_node.py -> /home/russe/Autonomous_Robot/src/install/mobile_robot/lib/python3.12/site-packages/mobile_robot
[3.372s] copying /home/russe/Autonomous_Robot/src/build/mobile_robot/build/lib/mobile_robot/identify2.py -> /home/russe/Autonomous_Robot/src/install/mobile_robot/lib/python3.12/site-packages/mobile_robot
[3.373s] copying /home/russe/Autonomous_Robot/src/build/mobile_robot/build/lib/mobile_robot/simple_guest_approach.py -> /home/russe/Autonomous_Robot/src/install/mobile_robot/lib/python3.12/site-packages/mobile_robot
[3.373s] copying /home/russe/Autonomous_Robot/src/build/mobile_robot/build/lib/mobile_robot/identify3.py -> /home/russe/Autonomous_Robot/src/install/mobile_robot/lib/python3.12/site-packages/mobile_robot
[3.374s] copying /home/russe/Autonomous_Robot/src/build/mobile_robot/build/lib/mobile_robot/move.py -> /home/russe/Autonomous_Robot/src/install/mobile_robot/lib/python3.12/site-packages/mobile_robot
[3.374s] copying /home/russe/Autonomous_Robot/src/build/mobile_robot/build/lib/mobile_robot/__init__.py -> /home/russe/Autonomous_Robot/src/install/mobile_robot/lib/python3.12/site-packages/mobile_robot
[3.375s] copying /home/russe/Autonomous_Robot/src/build/mobile_robot/build/lib/mobile_robot/bounce_2cylinders.py -> /home/russe/Autonomous_Robot/src/install/mobile_robot/lib/python3.12/site-packages/mobile_robot
[3.375s] copying /home/russe/Autonomous_Robot/src/build/mobile_robot/build/lib/mobile_robot/spin_head.py -> /home/russe/Autonomous_Robot/src/install/mobile_robot/lib/python3.12/site-packages/mobile_robot
[3.376s] copying /home/russe/Autonomous_Robot/src/build/mobile_robot/build/lib/mobile_robot/guest_find.py -> /home/russe/Autonomous_Robot/src/install/mobile_robot/lib/python3.12/site-packages/mobile_robot
[3.376s] copying /home/russe/Autonomous_Robot/src/build/mobile_robot/build/lib/mobile_robot/move5.py -> /home/russe/Autonomous_Robot/src/install/mobile_robot/lib/python3.12/site-packages/mobile_robot
[3.377s] copying /home/russe/Autonomous_Robot/src/build/mobile_robot/build/lib/mobile_robot/avoid_while_interact.py -> /home/russe/Autonomous_Robot/src/install/mobile_robot/lib/python3.12/site-packages/mobile_robot
[3.377s] copying /home/russe/Autonomous_Robot/src/build/mobile_robot/build/lib/mobile_robot/bounce_cylinder.py -> /home/russe/Autonomous_Robot/src/install/mobile_robot/lib/python3.12/site-packages/mobile_robot
[3.378s] copying /home/russe/Autonomous_Robot/src/build/mobile_robot/build/lib/mobile_robot/identify5.py -> /home/russe/Autonomous_Robot/src/install/mobile_robot/lib/python3.12/site-packages/mobile_robot
[3.378s] copying /home/russe/Autonomous_Robot/src/build/mobile_robot/build/lib/mobile_robot/simple_guest_find.py -> /home/russe/Autonomous_Robot/src/install/mobile_robot/lib/python3.12/site-packages/mobile_robot
[3.379s] copying /home/russe/Autonomous_Robot/src/build/mobile_robot/build/lib/mobile_robot/square_driver_with_logging.py -> /home/russe/Autonomous_Robot/src/install/mobile_robot/lib/python3.12/site-packages/mobile_robot
[3.379s] copying /home/russe/Autonomous_Robot/src/build/mobile_robot/build/lib/mobile_robot/move2.py -> /home/russe/Autonomous_Robot/src/install/mobile_robot/lib/python3.12/site-packages/mobile_robot
[3.379s] copying /home/russe/Autonomous_Robot/src/build/mobile_robot/build/lib/mobile_robot/simple_avoid_obstacle.py -> /home/russe/Autonomous_Robot/src/install/mobile_robot/lib/python3.12/site-packages/mobile_robot
[3.384s] byte-compiling /home/russe/Autonomous_Robot/src/install/mobile_robot/lib/python3.12/site-packages/mobile_robot/identify.py to identify.cpython-312.pyc
[3.385s] byte-compiling /home/russe/Autonomous_Robot/src/install/mobile_robot/lib/python3.12/site-packages/mobile_robot/guest_approach.py to guest_approach.cpython-312.pyc
[3.386s] byte-compiling /home/russe/Autonomous_Robot/src/install/mobile_robot/lib/python3.12/site-packages/mobile_robot/test.py to test.cpython-312.pyc
[3.387s] byte-compiling /home/russe/Autonomous_Robot/src/install/mobile_robot/lib/python3.12/site-packages/mobile_robot/identify_move_supervisor.py to identify_move_supervisor.cpython-312.pyc
[3.389s] byte-compiling /home/russe/Autonomous_Robot/src/install/mobile_robot/lib/python3.12/site-packages/mobile_robot/rotate_90_degrees.py to rotate_90_degrees.cpython-312.pyc
[3.391s] byte-compiling /home/russe/Autonomous_Robot/src/install/mobile_robot/lib/python3.12/site-packages/mobile_robot/battery_node.py to battery_node.cpython-312.pyc
[3.399s] byte-compiling /home/russe/Autonomous_Robot/src/install/mobile_robot/lib/python3.12/site-packages/mobile_robot/identify2.py to identify2.cpython-312.pyc
[3.399s] byte-compiling /home/russe/Autonomous_Robot/src/install/mobile_robot/lib/python3.12/site-packages/mobile_robot/simple_guest_approach.py to simple_guest_approach.cpython-312.pyc
[3.403s] byte-compiling /home/russe/Autonomous_Robot/src/install/mobile_robot/lib/python3.12/site-packages/mobile_robot/identify3.py to identify3.cpython-312.pyc
[3.409s] byte-compiling /home/russe/Autonomous_Robot/src/install/mobile_robot/lib/python3.12/site-packages/mobile_robot/move.py to move.cpython-312.pyc
[3.412s] byte-compiling /home/russe/Autonomous_Robot/src/install/mobile_robot/lib/python3.12/site-packages/mobile_robot/__init__.py to __init__.cpython-312.pyc
[3.412s] byte-compiling /home/russe/Autonomous_Robot/src/install/mobile_robot/lib/python3.12/site-packages/mobile_robot/bounce_2cylinders.py to bounce_2cylinders.cpython-312.pyc
[3.416s] byte-compiling /home/russe/Autonomous_Robot/src/install/mobile_robot/lib/python3.12/site-packages/mobile_robot/spin_head.py to spin_head.cpython-312.pyc
[3.417s] byte-compiling /home/russe/Autonomous_Robot/src/install/mobile_robot/lib/python3.12/site-packages/mobile_robot/guest_find.py to guest_find.cpython-312.pyc
[3.423s] byte-compiling /home/russe/Autonomous_Robot/src/install/mobile_robot/lib/python3.12/site-packages/mobile_robot/move5.py to move5.cpython-312.pyc
[3.427s] byte-compiling /home/russe/Autonomous_Robot/src/install/mobile_robot/lib/python3.12/site-packages/mobile_robot/avoid_while_interact.py to avoid_while_interact.cpython-312.pyc
[3.431s] byte-compiling /home/russe/Autonomous_Robot/src/install/mobile_robot/lib/python3.12/site-packages/mobile_robot/bounce_cylinder.py to bounce_cylinder.cpython-312.pyc
[3.438s] byte-compiling /home/russe/Autonomous_Robot/src/install/mobile_robot/lib/python3.12/site-packages/mobile_robot/identify5.py to identify5.cpython-312.pyc
[3.441s] byte-compiling /home/russe/Autonomous_Robot/src/install/mobile_robot/lib/python3.12/site-packages/mobile_robot/simple_guest_find.py to simple_guest_find.cpython-312.pyc
[3.451s] byte-compiling /home/russe/Autonomous_Robot/src/install/mobile_robot/lib/python3.12/site-packages/mobile_robot/square_driver_with_logging.py to square_driver_with_logging.cpython-312.pyc
[3.456s] byte-compiling /home/russe/Autonomous_Robot/src/install/mobile_robot/lib/python3.12/site-packages/mobile_robot/move2.py to move2.cpython-312.pyc
[3.458s] byte-compiling /home/russe/Autonomous_Robot/src/install/mobile_robot/lib/python3.12/site-packages/mobile_robot/simple_avoid_obstacle.py to simple_avoid_obstacle.cpython-312.pyc
[3.461s] running install_data
[3.464s] creating /home/russe/Autonomous_Robot/src/install/mobile_robot/share/ament_index
[3.465s] creating /home/russe/Autonomous_Robot/src/install/mobile_robot/share/ament_index/resource_index
[3.465s] creating /home/russe/Autonomous_Robot/src/install/mobile_robot/share/ament_index/resource_index/packages
[3.465s] copying resource/mobile_robot -> /home/russe/Autonomous_Robot/src/install/mobile_robot/share/ament_index/resource_index/packages
[3.466s] copying package.xml -> /home/russe/Autonomous_Robot/src/install/mobile_robot/share/mobile_robot
[3.466s] creating /home/russe/Autonomous_Robot/src/install/mobile_robot/share/mobile_robot/launch
[3.467s] copying launch/gazebo_2moving_cyl.launch.py -> /home/russe/Autonomous_Robot/src/install/mobile_robot/share/mobile_robot/launch
[3.467s] copying launch/interaction_logic.launch.py -> /home/russe/Autonomous_Robot/src/install/mobile_robot/share/mobile_robot/launch
[3.467s] copying launch/gazebo_model.launch.py -> /home/russe/Autonomous_Robot/src/install/mobile_robot/share/mobile_robot/launch
[3.468s] copying launch/simple_avoid_obstacle.launch.py -> /home/russe/Autonomous_Robot/src/install/mobile_robot/share/mobile_robot/launch
[3.468s] copying launch/gazebo_model_moving_cylinder.launch.py -> /home/russe/Autonomous_Robot/src/install/mobile_robot/share/mobile_robot/launch
[3.468s] copying launch/gazebo_model_with_cylinders.launch.py -> /home/russe/Autonomous_Robot/src/install/mobile_robot/share/mobile_robot/launch
[3.468s] copying launch/guest_find_approach.launch.py -> /home/russe/Autonomous_Robot/src/install/mobile_robot/share/mobile_robot/launch
[3.469s] copying launch/gazebo_model2.launch.py -> /home/russe/Autonomous_Robot/src/install/mobile_robot/share/mobile_robot/launch
[3.469s] copying launch/simple_guest_find_approach.launch.py -> /home/russe/Autonomous_Robot/src/install/mobile_robot/share/mobile_robot/launch
[3.469s] creating /home/russe/Autonomous_Robot/src/install/mobile_robot/share/mobile_robot/model
[3.469s] copying model/robot.xacro -> /home/russe/Autonomous_Robot/src/install/mobile_robot/share/mobile_robot/model
[3.469s] copying model/charging_stations.sdf -> /home/russe/Autonomous_Robot/src/install/mobile_robot/share/mobile_robot/model
[3.470s] copying model/robot_test.xacro -> /home/russe/Autonomous_Robot/src/install/mobile_robot/share/mobile_robot/model
[3.470s] copying model/robot.gazebo -> /home/russe/Autonomous_Robot/src/install/mobile_robot/share/mobile_robot/model
[3.470s] creating /home/russe/Autonomous_Robot/src/install/mobile_robot/share/mobile_robot/parameters
[3.472s] copying parameters/bridge_parameters.yaml -> /home/russe/Autonomous_Robot/src/install/mobile_robot/share/mobile_robot/parameters
[3.472s] copying parameters/battery_tunable_parameters.yaml -> /home/russe/Autonomous_Robot/src/install/mobile_robot/share/mobile_robot/parameters
[3.473s] copying parameters/ekf_global.yaml -> /home/russe/Autonomous_Robot/src/install/mobile_robot/share/mobile_robot/parameters
[3.473s] creating /home/russe/Autonomous_Robot/src/install/mobile_robot/share/mobile_robot/worlds
[3.473s] copying worlds/arena.sdf -> /home/russe/Autonomous_Robot/src/install/mobile_robot/share/mobile_robot/worlds
[3.473s] copying worlds/arena_long.sdf -> /home/russe/Autonomous_Robot/src/install/mobile_robot/share/mobile_robot/worlds
[3.473s] copying worlds/arena2.py -> /home/russe/Autonomous_Robot/src/install/mobile_robot/share/mobile_robot/worlds
[3.473s] copying worlds/arena_moving_cylinder.sdf -> /home/russe/Autonomous_Robot/src/install/mobile_robot/share/mobile_robot/worlds
[3.474s] copying worlds/arena_2moving_cylinders.sdf -> /home/russe/Autonomous_Robot/src/install/mobile_robot/share/mobile_robot/worlds
[3.474s] copying worlds/arena_with_cylinders.py -> /home/russe/Autonomous_Robot/src/install/mobile_robot/share/mobile_robot/worlds
[3.474s] running install_egg_info
[3.524s] Copying ../build/mobile_robot/mobile_robot.egg-info to /home/russe/Autonomous_Robot/src/install/mobile_robot/lib/python3.12/site-packages/mobile_robot-0.0.0-py3.12.egg-info
[3.529s] running install_scripts
[3.852s] Installing avoid_while_interact script to /home/russe/Autonomous_Robot/src/install/mobile_robot/lib/mobile_robot
[3.852s] Installing battery_node script to /home/russe/Autonomous_Robot/src/install/mobile_robot/lib/mobile_robot
[3.852s] Installing bounce_2cylinders script to /home/russe/Autonomous_Robot/src/install/mobile_robot/lib/mobile_robot
[3.858s] Installing bounce_cylinder script to /home/russe/Autonomous_Robot/src/install/mobile_robot/lib/mobile_robot
[3.859s] Installing find script to /home/russe/Autonomous_Robot/src/install/mobile_robot/lib/mobile_robot
[3.859s] Installing guest_approach script to /home/russe/Autonomous_Robot/src/install/mobile_robot/lib/mobile_robot
[3.859s] Installing guest_find script to /home/russe/Autonomous_Robot/src/install/mobile_robot/lib/mobile_robot
[3.859s] Installing identify2 script to /home/russe/Autonomous_Robot/src/install/mobile_robot/lib/mobile_robot
[3.859s] Installing identify3 script to /home/russe/Autonomous_Robot/src/install/mobile_robot/lib/mobile_robot
[3.859s] Installing identify5 script to /home/russe/Autonomous_Robot/src/install/mobile_robot/lib/mobile_robot
[3.860s] Installing identify_move_supervisor script to /home/russe/Autonomous_Robot/src/install/mobile_robot/lib/mobile_robot
[3.860s] Installing move script to /home/russe/Autonomous_Robot/src/install/mobile_robot/lib/mobile_robot
[3.860s] Installing move2 script to /home/russe/Autonomous_Robot/src/install/mobile_robot/lib/mobile_robot
[3.860s] Installing move5 script to /home/russe/Autonomous_Robot/src/install/mobile_robot/lib/mobile_robot
[3.860s] Installing rotate_90_degrees script to /home/russe/Autonomous_Robot/src/install/mobile_robot/lib/mobile_robot
[3.860s] Installing simple_avoid_obstacle script to /home/russe/Autonomous_Robot/src/install/mobile_robot/lib/mobile_robot
[3.861s] Installing simple_guest_approach script to /home/russe/Autonomous_Robot/src/install/mobile_robot/lib/mobile_robot
[3.861s] Installing simple_guest_find script to /home/russe/Autonomous_Robot/src/install/mobile_robot/lib/mobile_robot
[3.861s] Installing spin_head script to /home/russe/Autonomous_Robot/src/install/mobile_robot/lib/mobile_robot
[3.861s] Installing square_driver_with_logging script to /home/russe/Autonomous_Robot/src/install/mobile_robot/lib/mobile_robot
[3.863s] Installing test_publisher script to /home/russe/Autonomous_Robot/src/install/mobile_robot/lib/mobile_robot
[3.864s] writing list of installed files to '/home/russe/Autonomous_Robot/src/build/mobile_robot/install.log'
[3.928s] Invoked command in '/home/russe/Autonomous_Robot/src/mobile_robot' returned '0': PYTHONPATH=/home/russe/Autonomous_Robot/src/build/mobile_robot/prefix_override:/usr/lib/python3/dist-packages/colcon_core/task/python/colcon_distutils_commands:/home/russe/Autonomous_Robot/src/install/mobile_robot/lib/python3.12/site-packages:${PYTHONPATH} /usr/bin/python3 -W ignore:setup.py install is deprecated -W ignore:easy_install command is deprecated setup.py egg_info --egg-base ../build/mobile_robot build --build-base /home/russe/Autonomous_Robot/src/build/mobile_robot/build install --record /home/russe/Autonomous_Robot/src/build/mobile_robot/install.log --single-version-externally-managed install_data
