[0.032s] Invoking command in '/home/russe/Autonomous_Robot/build/gazebo_differential_drive_robot': CMAKE_PREFIX_PATH=${CMAKE_PREFIX_PATH}:/home/russe/Autonomous_Robot/install/mobile_robot:/opt/ros/jazzy /usr/bin/cmake /home/russe/Autonomous_Robot/src/gazebo_differential_drive_robot -DCMAKE_INSTALL_PREFIX=/home/russe/Autonomous_Robot/install/gazebo_differential_drive_robot
[0.419s] -- The C compiler identification is GNU 13.3.0
[0.971s] -- The CXX compiler identification is GNU 13.3.0
[1.395s] -- Detecting C compiler ABI info
[1.626s] -- Detecting C compiler ABI info - done
[1.636s] -- Check for working C compiler: /usr/bin/cc - skipped
[1.639s] -- Detecting C compile features
[1.640s] -- Detecting C compile features - done
[1.719s] -- Detecting CXX compiler ABI info
[1.946s] -- Detecting CXX compiler ABI info - done
[1.957s] -- Check for working CXX compiler: /usr/bin/c++ - skipped
[1.957s] -- Detecting CXX compile features
[1.957s] -- Detecting CXX compile features - done
[1.999s] -- Found ament_cmake: 2.5.5 (/opt/ros/jazzy/share/ament_cmake/cmake)
[2.180s] -- Found Python3: /usr/bin/python3 (found version "3.12.3") found components: Interpreter 
[2.328s] -- Found ament_lint_auto: 0.17.4 (/opt/ros/jazzy/share/ament_lint_auto/cmake)
[2.446s] -- Added test 'flake8' to check Python code syntax and style conventions
[2.446s] -- Configured 'flake8' exclude dirs and/or files: 
[2.448s] -- Added test 'lint_cmake' to check CMake code style
[2.449s] -- Added test 'pep257' to check Python code against some of the docstring style conventions in PEP 257
[2.453s] -- Added test 'xmllint' to check XML markup files
[2.457s] -- Configuring done (2.4s)
[2.462s] -- Generating done (0.0s)
[2.466s] -- Build files have been written to: /home/russe/Autonomous_Robot/build/gazebo_differential_drive_robot
[2.471s] Invoked command in '/home/russe/Autonomous_Robot/build/gazebo_differential_drive_robot' returned '0': CMAKE_PREFIX_PATH=${CMAKE_PREFIX_PATH}:/home/russe/Autonomous_Robot/install/mobile_robot:/opt/ros/jazzy /usr/bin/cmake /home/russe/Autonomous_Robot/src/gazebo_differential_drive_robot -DCMAKE_INSTALL_PREFIX=/home/russe/Autonomous_Robot/install/gazebo_differential_drive_robot
[2.472s] Invoking command in '/home/russe/Autonomous_Robot/build/gazebo_differential_drive_robot': CMAKE_PREFIX_PATH=${CMAKE_PREFIX_PATH}:/home/russe/Autonomous_Robot/install/mobile_robot:/opt/ros/jazzy /usr/bin/cmake --build /home/russe/Autonomous_Robot/build/gazebo_differential_drive_robot -- -j8 -l8
[2.507s] Invoked command in '/home/russe/Autonomous_Robot/build/gazebo_differential_drive_robot' returned '0': CMAKE_PREFIX_PATH=${CMAKE_PREFIX_PATH}:/home/russe/Autonomous_Robot/install/mobile_robot:/opt/ros/jazzy /usr/bin/cmake --build /home/russe/Autonomous_Robot/build/gazebo_differential_drive_robot -- -j8 -l8
[2.516s] Invoking command in '/home/russe/Autonomous_Robot/build/gazebo_differential_drive_robot': CMAKE_PREFIX_PATH=${CMAKE_PREFIX_PATH}:/home/russe/Autonomous_Robot/install/mobile_robot:/opt/ros/jazzy /usr/bin/cmake --install /home/russe/Autonomous_Robot/build/gazebo_differential_drive_robot
[2.523s] -- Install configuration: ""
[2.523s] -- Installing: /home/russe/Autonomous_Robot/install/gazebo_differential_drive_robot/share/gazebo_differential_drive_robot/launch
[2.524s] -- Installing: /home/russe/Autonomous_Robot/install/gazebo_differential_drive_robot/share/gazebo_differential_drive_robot/launch/robot.launch.py
[2.525s] -- Installing: /home/russe/Autonomous_Robot/install/gazebo_differential_drive_robot/share/gazebo_differential_drive_robot/model
[2.525s] -- Installing: /home/russe/Autonomous_Robot/install/gazebo_differential_drive_robot/share/gazebo_differential_drive_robot/model/robot.xacro
[2.525s] -- Installing: /home/russe/Autonomous_Robot/install/gazebo_differential_drive_robot/share/gazebo_differential_drive_robot/config
[2.525s] -- Installing: /home/russe/Autonomous_Robot/install/gazebo_differential_drive_robot/share/gazebo_differential_drive_robot/config/gz_bridge.yaml
[2.526s] -- Installing: /home/russe/Autonomous_Robot/install/gazebo_differential_drive_robot/share/ament_index/resource_index/package_run_dependencies/gazebo_differential_drive_robot
[2.526s] -- Installing: /home/russe/Autonomous_Robot/install/gazebo_differential_drive_robot/share/ament_index/resource_index/parent_prefix_path/gazebo_differential_drive_robot
[2.526s] -- Installing: /home/russe/Autonomous_Robot/install/gazebo_differential_drive_robot/share/gazebo_differential_drive_robot/environment/ament_prefix_path.sh
[2.527s] -- Installing: /home/russe/Autonomous_Robot/install/gazebo_differential_drive_robot/share/gazebo_differential_drive_robot/environment/ament_prefix_path.dsv
[2.527s] -- Installing: /home/russe/Autonomous_Robot/install/gazebo_differential_drive_robot/share/gazebo_differential_drive_robot/environment/path.sh
[2.527s] -- Installing: /home/russe/Autonomous_Robot/install/gazebo_differential_drive_robot/share/gazebo_differential_drive_robot/environment/path.dsv
[2.527s] -- Installing: /home/russe/Autonomous_Robot/install/gazebo_differential_drive_robot/share/gazebo_differential_drive_robot/local_setup.bash
[2.528s] -- Installing: /home/russe/Autonomous_Robot/install/gazebo_differential_drive_robot/share/gazebo_differential_drive_robot/local_setup.sh
[2.528s] -- Installing: /home/russe/Autonomous_Robot/install/gazebo_differential_drive_robot/share/gazebo_differential_drive_robot/local_setup.zsh
[2.528s] -- Installing: /home/russe/Autonomous_Robot/install/gazebo_differential_drive_robot/share/gazebo_differential_drive_robot/local_setup.dsv
[2.528s] -- Installing: /home/russe/Autonomous_Robot/install/gazebo_differential_drive_robot/share/gazebo_differential_drive_robot/package.dsv
[2.529s] -- Installing: /home/russe/Autonomous_Robot/install/gazebo_differential_drive_robot/share/ament_index/resource_index/packages/gazebo_differential_drive_robot
[2.529s] -- Installing: /home/russe/Autonomous_Robot/install/gazebo_differential_drive_robot/share/gazebo_differential_drive_robot/cmake/gazebo_differential_drive_robotConfig.cmake
[2.530s] -- Installing: /home/russe/Autonomous_Robot/install/gazebo_differential_drive_robot/share/gazebo_differential_drive_robot/cmake/gazebo_differential_drive_robotConfig-version.cmake
[2.530s] -- Installing: /home/russe/Autonomous_Robot/install/gazebo_differential_drive_robot/share/gazebo_differential_drive_robot/package.xml
[2.532s] Invoked command in '/home/russe/Autonomous_Robot/build/gazebo_differential_drive_robot' returned '0': CMAKE_PREFIX_PATH=${CMAKE_PREFIX_PATH}:/home/russe/Autonomous_Robot/install/mobile_robot:/opt/ros/jazzy /usr/bin/cmake --install /home/russe/Autonomous_Robot/build/gazebo_differential_drive_robot
