[1.068s] Invoking command in '/home/russe/Autonomous_Robot/src/mobile_robot': PYTHONPATH=/home/russe/Autonomous_Robot/build/mobile_robot/prefix_override:/usr/lib/python3/dist-packages/colcon_core/task/python/colcon_distutils_commands:/home/russe/Autonomous_Robot/install/mobile_robot/lib/python3.12/site-packages:${PYTHONPATH} /usr/bin/python3 -W ignore:setup.py install is deprecated -W ignore:easy_install command is deprecated setup.py egg_info --egg-base ../../build/mobile_robot build --build-base /home/russe/Autonomous_Robot/build/mobile_robot/build install --record /home/russe/Autonomous_Robot/build/mobile_robot/install.log --single-version-externally-managed install_data
[1.380s] running egg_info
[1.398s] writing ../../build/mobile_robot/mobile_robot.egg-info/PKG-INFO
[1.398s] writing dependency_links to ../../build/mobile_robot/mobile_robot.egg-info/dependency_links.txt
[1.401s] writing entry points to ../../build/mobile_robot/mobile_robot.egg-info/entry_points.txt
[1.402s] writing requirements to ../../build/mobile_robot/mobile_robot.egg-info/requires.txt
[1.402s] writing top-level names to ../../build/mobile_robot/mobile_robot.egg-info/top_level.txt
[1.453s] reading manifest file '../../build/mobile_robot/mobile_robot.egg-info/SOURCES.txt'
[1.454s] writing manifest file '../../build/mobile_robot/mobile_robot.egg-info/SOURCES.txt'
[1.454s] running build
[1.454s] running build_py
[1.455s] running install
[1.468s] running install_lib
[1.512s] running install_data
[1.512s] copying model/robot.xacro -> /home/russe/Autonomous_Robot/install/mobile_robot/share/mobile_robot/model
[1.513s] copying model/robot.gazebo -> /home/russe/Autonomous_Robot/install/mobile_robot/share/mobile_robot/model
[1.513s] running install_egg_info
[1.536s] removing '/home/russe/Autonomous_Robot/install/mobile_robot/lib/python3.12/site-packages/mobile_robot-0.0.0-py3.12.egg-info' (and everything under it)
[1.536s] Copying ../../build/mobile_robot/mobile_robot.egg-info to /home/russe/Autonomous_Robot/install/mobile_robot/lib/python3.12/site-packages/mobile_robot-0.0.0-py3.12.egg-info
[1.537s] running install_scripts
[1.758s] Installing publisher script to /home/russe/Autonomous_Robot/install/mobile_robot/lib/mobile_robot
[1.762s] writing list of installed files to '/home/russe/Autonomous_Robot/build/mobile_robot/install.log'
[1.791s] Invoked command in '/home/russe/Autonomous_Robot/src/mobile_robot' returned '0': PYTHONPATH=/home/russe/Autonomous_Robot/build/mobile_robot/prefix_override:/usr/lib/python3/dist-packages/colcon_core/task/python/colcon_distutils_commands:/home/russe/Autonomous_Robot/install/mobile_robot/lib/python3.12/site-packages:${PYTHONPATH} /usr/bin/python3 -W ignore:setup.py install is deprecated -W ignore:easy_install command is deprecated setup.py egg_info --egg-base ../../build/mobile_robot build --build-base /home/russe/Autonomous_Robot/build/mobile_robot/build install --record /home/russe/Autonomous_Robot/build/mobile_robot/install.log --single-version-externally-managed install_data
