[2.170s] Invoking command in '/home/russe/Autonomous_Robot/src/mobile_robot': PYTHONPATH=/home/russe/Autonomous_Robot/build/mobile_robot/prefix_override:/usr/lib/python3/dist-packages/colcon_core/task/python/colcon_distutils_commands:/home/russe/Autonomous_Robot/install/mobile_robot/lib/python3.12/site-packages:${PYTHONPATH} /usr/bin/python3 -W ignore:setup.py install is deprecated -W ignore:easy_install command is deprecated setup.py egg_info --egg-base ../../build/mobile_robot build --build-base /home/russe/Autonomous_Robot/build/mobile_robot/build install --record /home/russe/Autonomous_Robot/build/mobile_robot/install.log --single-version-externally-managed install_data
[2.841s] running egg_info
[2.896s] writing ../../build/mobile_robot/mobile_robot.egg-info/PKG-INFO
[2.896s] writing dependency_links to ../../build/mobile_robot/mobile_robot.egg-info/dependency_links.txt
[2.896s] writing entry points to ../../build/mobile_robot/mobile_robot.egg-info/entry_points.txt
[2.896s] writing requirements to ../../build/mobile_robot/mobile_robot.egg-info/requires.txt
[2.896s] writing top-level names to ../../build/mobile_robot/mobile_robot.egg-info/top_level.txt
[2.987s] reading manifest file '../../build/mobile_robot/mobile_robot.egg-info/SOURCES.txt'
[2.996s] writing manifest file '../../build/mobile_robot/mobile_robot.egg-info/SOURCES.txt'
[2.996s] running build
[2.996s] running build_py
[2.996s] copying mobile_robot/movement.py -> /home/russe/Autonomous_Robot/build/mobile_robot/build/lib/mobile_robot
[2.997s] running install
[3.011s] running install_lib
[3.064s] copying /home/russe/Autonomous_Robot/build/mobile_robot/build/lib/mobile_robot/movement.py -> /home/russe/Autonomous_Robot/install/mobile_robot/lib/python3.12/site-packages/mobile_robot
[3.066s] byte-compiling /home/russe/Autonomous_Robot/install/mobile_robot/lib/python3.12/site-packages/mobile_robot/movement.py to movement.cpython-312.pyc
[3.072s] running install_data
[3.072s] running install_egg_info
[3.127s] removing '/home/russe/Autonomous_Robot/install/mobile_robot/lib/python3.12/site-packages/mobile_robot-0.0.0-py3.12.egg-info' (and everything under it)
[3.127s] Copying ../../build/mobile_robot/mobile_robot.egg-info to /home/russe/Autonomous_Robot/install/mobile_robot/lib/python3.12/site-packages/mobile_robot-0.0.0-py3.12.egg-info
[3.127s] running install_scripts
[3.439s] Installing battery_node script to /home/russe/Autonomous_Robot/install/mobile_robot/lib/mobile_robot
[3.446s] Installing bounce_2cylinders script to /home/russe/Autonomous_Robot/install/mobile_robot/lib/mobile_robot
[3.448s] Installing bounce_cylinder script to /home/russe/Autonomous_Robot/install/mobile_robot/lib/mobile_robot
[3.453s] Installing find script to /home/russe/Autonomous_Robot/install/mobile_robot/lib/mobile_robot
[3.454s] Installing guest_approach script to /home/russe/Autonomous_Robot/install/mobile_robot/lib/mobile_robot
[3.454s] Installing guest_find script to /home/russe/Autonomous_Robot/install/mobile_robot/lib/mobile_robot
[3.454s] Installing movement script to /home/russe/Autonomous_Robot/install/mobile_robot/lib/mobile_robot
[3.454s] Installing rotate_90_degrees script to /home/russe/Autonomous_Robot/install/mobile_robot/lib/mobile_robot
[3.454s] Installing simple_avoid_obstacle script to /home/russe/Autonomous_Robot/install/mobile_robot/lib/mobile_robot
[3.454s] Installing simple_guest_approach script to /home/russe/Autonomous_Robot/install/mobile_robot/lib/mobile_robot
[3.456s] Installing simple_guest_find script to /home/russe/Autonomous_Robot/install/mobile_robot/lib/mobile_robot
[3.456s] Installing spin_head script to /home/russe/Autonomous_Robot/install/mobile_robot/lib/mobile_robot
[3.456s] Installing square_driver_with_logging script to /home/russe/Autonomous_Robot/install/mobile_robot/lib/mobile_robot
[3.456s] Installing test_publisher script to /home/russe/Autonomous_Robot/install/mobile_robot/lib/mobile_robot
[3.457s] writing list of installed files to '/home/russe/Autonomous_Robot/build/mobile_robot/install.log'
[3.532s] Invoked command in '/home/russe/Autonomous_Robot/src/mobile_robot' returned '0': PYTHONPATH=/home/russe/Autonomous_Robot/build/mobile_robot/prefix_override:/usr/lib/python3/dist-packages/colcon_core/task/python/colcon_distutils_commands:/home/russe/Autonomous_Robot/install/mobile_robot/lib/python3.12/site-packages:${PYTHONPATH} /usr/bin/python3 -W ignore:setup.py install is deprecated -W ignore:easy_install command is deprecated setup.py egg_info --egg-base ../../build/mobile_robot build --build-base /home/russe/Autonomous_Robot/build/mobile_robot/build install --record /home/russe/Autonomous_Robot/build/mobile_robot/install.log --single-version-externally-managed install_data
