[0.844s] Invoking command in '/home/benoitrouchy/Autonomous_Robot-master/src/mobile_robot': DEBUGINFOD_URLS=https://debuginfod.ubuntu.com PYTHONPATH=/home/benoitrouchy/Autonomous_Robot-master/build/mobile_robot/prefix_override:/usr/lib/python3/dist-packages/colcon_core/task/python/colcon_distutils_commands:/home/benoitrouchy/Autonomous_Robot-master/install/mobile_robot/lib/python3.12/site-packages:${PYTHONPATH} /usr/bin/python3 -W ignore:setup.py install is deprecated -W ignore:easy_install command is deprecated setup.py egg_info --egg-base ../../build/mobile_robot build --build-base /home/benoitrouchy/Autonomous_Robot-master/build/mobile_robot/build install --record /home/benoitrouchy/Autonomous_Robot-master/build/mobile_robot/install.log --single-version-externally-managed install_data
[1.146s] running egg_info
[1.168s] writing ../../build/mobile_robot/mobile_robot.egg-info/PKG-INFO
[1.168s] writing dependency_links to ../../build/mobile_robot/mobile_robot.egg-info/dependency_links.txt
[1.169s] writing entry points to ../../build/mobile_robot/mobile_robot.egg-info/entry_points.txt
[1.169s] writing requirements to ../../build/mobile_robot/mobile_robot.egg-info/requires.txt
[1.169s] writing top-level names to ../../build/mobile_robot/mobile_robot.egg-info/top_level.txt
[1.217s] reading manifest file '../../build/mobile_robot/mobile_robot.egg-info/SOURCES.txt'
[1.218s] writing manifest file '../../build/mobile_robot/mobile_robot.egg-info/SOURCES.txt'
[1.218s] running build
[1.218s] running build_py
[1.219s] running install
[1.226s] running install_lib
[1.249s] running install_data
[1.249s] copying launch/gazebo_model.launch.py -> /home/benoitrouchy/Autonomous_Robot-master/install/mobile_robot/share/mobile_robot/launch
[1.250s] running install_egg_info
[1.273s] removing '/home/benoitrouchy/Autonomous_Robot-master/install/mobile_robot/lib/python3.12/site-packages/mobile_robot-0.0.0-py3.12.egg-info' (and everything under it)
[1.273s] Copying ../../build/mobile_robot/mobile_robot.egg-info to /home/benoitrouchy/Autonomous_Robot-master/install/mobile_robot/lib/python3.12/site-packages/mobile_robot-0.0.0-py3.12.egg-info
[1.274s] running install_scripts
[1.419s] Installing battery_node script to /home/benoitrouchy/Autonomous_Robot-master/install/mobile_robot/lib/mobile_robot
[1.419s] Installing test_publisher script to /home/benoitrouchy/Autonomous_Robot-master/install/mobile_robot/lib/mobile_robot
[1.419s] writing list of installed files to '/home/benoitrouchy/Autonomous_Robot-master/build/mobile_robot/install.log'
[1.446s] Invoked command in '/home/benoitrouchy/Autonomous_Robot-master/src/mobile_robot' returned '0': DEBUGINFOD_URLS=https://debuginfod.ubuntu.com PYTHONPATH=/home/benoitrouchy/Autonomous_Robot-master/build/mobile_robot/prefix_override:/usr/lib/python3/dist-packages/colcon_core/task/python/colcon_distutils_commands:/home/benoitrouchy/Autonomous_Robot-master/install/mobile_robot/lib/python3.12/site-packages:${PYTHONPATH} /usr/bin/python3 -W ignore:setup.py install is deprecated -W ignore:easy_install command is deprecated setup.py egg_info --egg-base ../../build/mobile_robot build --build-base /home/benoitrouchy/Autonomous_Robot-master/build/mobile_robot/build install --record /home/benoitrouchy/Autonomous_Robot-master/build/mobile_robot/install.log --single-version-externally-managed install_data
