[0.680s] DEBUG:colcon:Command line arguments: ['/usr/bin/colcon', 'build']
[0.680s] DEBUG:colcon:Parsed command line arguments: Namespace(log_base=None, log_level=None, verb_name='build', build_base='build', install_base='install', merge_install=False, symlink_install=False, test_result_base=None, continue_on_error=False, executor='parallel', parallel_workers=8, event_handlers=None, ignore_user_meta=False, metas=['./colcon.meta'], base_paths=['.'], packages_ignore=None, packages_ignore_regex=None, paths=None, packages_up_to=None, packages_up_to_regex=None, packages_above=None, packages_above_and_dependencies=None, packages_above_depth=None, packages_select_by_dep=None, packages_skip_by_dep=None, packages_skip_up_to=None, packages_select_build_failed=False, packages_skip_build_finished=False, packages_select_test_failures=False, packages_skip_test_passed=False, packages_select=None, packages_skip=None, packages_select_regex=None, packages_skip_regex=None, packages_start=None, packages_end=None, allow_overriding=[], cmake_args=None, cmake_target=None, cmake_target_skip_unavailable=False, cmake_clean_cache=False, cmake_clean_first=False, cmake_force_configure=False, ament_cmake_args=None, catkin_cmake_args=None, catkin_skip_building_tests=False, mixin_files=None, mixin=None, verb_parser=<colcon_mixin.mixin.mixin_argument.MixinArgumentDecorator object at 0x7fb6d7fe0e60>, verb_extension=<colcon_core.verb.build.BuildVerb object at 0x7fb6d7e696d0>, main=<bound method BuildVerb.main of <colcon_core.verb.build.BuildVerb object at 0x7fb6d7e696d0>>, mixin_verb=('build',))
[0.850s] Level 1:colcon.colcon_core.package_discovery:discover_packages(colcon_meta) check parameters
[0.851s] Level 1:colcon.colcon_core.package_discovery:discover_packages(recursive) check parameters
[0.851s] Level 1:colcon.colcon_core.package_discovery:discover_packages(ignore) check parameters
[0.851s] Level 1:colcon.colcon_core.package_discovery:discover_packages(path) check parameters
[0.851s] Level 1:colcon.colcon_core.package_discovery:discover_packages(colcon_meta) discover
[0.851s] Level 1:colcon.colcon_core.package_discovery:discover_packages(recursive) discover
[0.851s] INFO:colcon.colcon_core.package_discovery:Crawling recursively for packages in '/home/russe/Autonomous_Robot'
[0.852s] Level 1:colcon.colcon_core.package_identification:_identify(.) by extensions ['ignore', 'ignore_ament_install']
[0.852s] Level 1:colcon.colcon_core.package_identification:_identify(.) by extension 'ignore'
[0.852s] Level 1:colcon.colcon_core.package_identification:_identify(.) by extension 'ignore_ament_install'
[0.852s] Level 1:colcon.colcon_core.package_identification:_identify(.) by extensions ['colcon_pkg']
[0.852s] Level 1:colcon.colcon_core.package_identification:_identify(.) by extension 'colcon_pkg'
[0.853s] Level 1:colcon.colcon_core.package_identification:_identify(.) by extensions ['colcon_meta']
[0.853s] Level 1:colcon.colcon_core.package_identification:_identify(.) by extension 'colcon_meta'
[0.853s] Level 1:colcon.colcon_core.package_identification:_identify(.) by extensions ['ros']
[0.853s] Level 1:colcon.colcon_core.package_identification:_identify(.) by extension 'ros'
[0.961s] Level 1:colcon.colcon_core.package_identification:_identify(.) by extensions ['cmake', 'python']
[0.962s] Level 1:colcon.colcon_core.package_identification:_identify(.) by extension 'cmake'
[0.962s] Level 1:colcon.colcon_core.package_identification:_identify(.) by extension 'python'
[0.963s] Level 1:colcon.colcon_core.package_identification:_identify(.) by extensions ['python_setup_py']
[0.963s] Level 1:colcon.colcon_core.package_identification:_identify(.) by extension 'python_setup_py'
[0.964s] Level 1:colcon.colcon_core.package_identification:_identify(build) by extensions ['ignore', 'ignore_ament_install']
[0.965s] Level 1:colcon.colcon_core.package_identification:_identify(build) by extension 'ignore'
[0.965s] Level 1:colcon.colcon_core.package_identification:_identify(build) ignored
[0.965s] Level 1:colcon.colcon_core.package_identification:_identify(install) by extensions ['ignore', 'ignore_ament_install']
[0.966s] Level 1:colcon.colcon_core.package_identification:_identify(install) by extension 'ignore'
[0.966s] Level 1:colcon.colcon_core.package_identification:_identify(install) ignored
[0.967s] Level 1:colcon.colcon_core.package_identification:_identify(log) by extensions ['ignore', 'ignore_ament_install']
[0.968s] Level 1:colcon.colcon_core.package_identification:_identify(log) by extension 'ignore'
[0.968s] Level 1:colcon.colcon_core.package_identification:_identify(log) ignored
[0.969s] Level 1:colcon.colcon_core.package_identification:_identify(src) by extensions ['ignore', 'ignore_ament_install']
[0.969s] Level 1:colcon.colcon_core.package_identification:_identify(src) by extension 'ignore'
[0.969s] Level 1:colcon.colcon_core.package_identification:_identify(src) by extension 'ignore_ament_install'
[0.969s] Level 1:colcon.colcon_core.package_identification:_identify(src) by extensions ['colcon_pkg']
[0.970s] Level 1:colcon.colcon_core.package_identification:_identify(src) by extension 'colcon_pkg'
[0.970s] Level 1:colcon.colcon_core.package_identification:_identify(src) by extensions ['colcon_meta']
[0.970s] Level 1:colcon.colcon_core.package_identification:_identify(src) by extension 'colcon_meta'
[0.970s] Level 1:colcon.colcon_core.package_identification:_identify(src) by extensions ['ros']
[0.971s] Level 1:colcon.colcon_core.package_identification:_identify(src) by extension 'ros'
[0.971s] Level 1:colcon.colcon_core.package_identification:_identify(src) by extensions ['cmake', 'python']
[0.971s] Level 1:colcon.colcon_core.package_identification:_identify(src) by extension 'cmake'
[0.971s] Level 1:colcon.colcon_core.package_identification:_identify(src) by extension 'python'
[0.971s] Level 1:colcon.colcon_core.package_identification:_identify(src) by extensions ['python_setup_py']
[0.972s] Level 1:colcon.colcon_core.package_identification:_identify(src) by extension 'python_setup_py'
[0.972s] Level 1:colcon.colcon_core.package_identification:_identify(src/build) by extensions ['ignore', 'ignore_ament_install']
[0.972s] Level 1:colcon.colcon_core.package_identification:_identify(src/build) by extension 'ignore'
[0.973s] Level 1:colcon.colcon_core.package_identification:_identify(src/build) ignored
[0.973s] Level 1:colcon.colcon_core.package_identification:_identify(src/gazebo_differential_drive_robot) by extensions ['ignore', 'ignore_ament_install']
[0.974s] Level 1:colcon.colcon_core.package_identification:_identify(src/gazebo_differential_drive_robot) by extension 'ignore'
[0.974s] Level 1:colcon.colcon_core.package_identification:_identify(src/gazebo_differential_drive_robot) by extension 'ignore_ament_install'
[0.975s] Level 1:colcon.colcon_core.package_identification:_identify(src/gazebo_differential_drive_robot) by extensions ['colcon_pkg']
[0.975s] Level 1:colcon.colcon_core.package_identification:_identify(src/gazebo_differential_drive_robot) by extension 'colcon_pkg'
[0.975s] Level 1:colcon.colcon_core.package_identification:_identify(src/gazebo_differential_drive_robot) by extensions ['colcon_meta']
[0.975s] Level 1:colcon.colcon_core.package_identification:_identify(src/gazebo_differential_drive_robot) by extension 'colcon_meta'
[0.976s] Level 1:colcon.colcon_core.package_identification:_identify(src/gazebo_differential_drive_robot) by extensions ['ros']
[0.976s] Level 1:colcon.colcon_core.package_identification:_identify(src/gazebo_differential_drive_robot) by extension 'ros'
[0.983s] DEBUG:colcon.colcon_core.package_identification:Package 'src/gazebo_differential_drive_robot' with type 'ros.ament_cmake' and name 'gazebo_differential_drive_robot'
[0.984s] Level 1:colcon.colcon_core.package_identification:_identify(src/install) by extensions ['ignore', 'ignore_ament_install']
[0.984s] Level 1:colcon.colcon_core.package_identification:_identify(src/install) by extension 'ignore'
[0.984s] Level 1:colcon.colcon_core.package_identification:_identify(src/install) ignored
[0.984s] Level 1:colcon.colcon_core.package_identification:_identify(src/log) by extensions ['ignore', 'ignore_ament_install']
[0.984s] Level 1:colcon.colcon_core.package_identification:_identify(src/log) by extension 'ignore'
[0.984s] Level 1:colcon.colcon_core.package_identification:_identify(src/log) ignored
[0.985s] Level 1:colcon.colcon_core.package_identification:_identify(src/mobile_robot) by extensions ['ignore', 'ignore_ament_install']
[0.985s] Level 1:colcon.colcon_core.package_identification:_identify(src/mobile_robot) by extension 'ignore'
[0.985s] Level 1:colcon.colcon_core.package_identification:_identify(src/mobile_robot) by extension 'ignore_ament_install'
[0.985s] Level 1:colcon.colcon_core.package_identification:_identify(src/mobile_robot) by extensions ['colcon_pkg']
[0.985s] Level 1:colcon.colcon_core.package_identification:_identify(src/mobile_robot) by extension 'colcon_pkg'
[0.986s] Level 1:colcon.colcon_core.package_identification:_identify(src/mobile_robot) by extensions ['colcon_meta']
[0.986s] Level 1:colcon.colcon_core.package_identification:_identify(src/mobile_robot) by extension 'colcon_meta'
[0.986s] Level 1:colcon.colcon_core.package_identification:_identify(src/mobile_robot) by extensions ['ros']
[0.986s] Level 1:colcon.colcon_core.package_identification:_identify(src/mobile_robot) by extension 'ros'
[0.988s] DEBUG:colcon.colcon_core.package_identification:Package 'src/mobile_robot' with type 'ros.ament_python' and name 'mobile_robot'
[0.989s] Level 1:colcon.colcon_core.package_discovery:discover_packages(recursive) using defaults
[0.989s] Level 1:colcon.colcon_core.package_discovery:discover_packages(ignore) discover
[0.989s] Level 1:colcon.colcon_core.package_discovery:discover_packages(ignore) using defaults
[0.989s] Level 1:colcon.colcon_core.package_discovery:discover_packages(path) discover
[0.990s] Level 1:colcon.colcon_core.package_discovery:discover_packages(path) using defaults
[1.073s] Level 1:colcon.colcon_core.package_discovery:discover_packages(prefix_path) check parameters
[1.074s] Level 1:colcon.colcon_core.package_discovery:discover_packages(prefix_path) discover
[1.079s] DEBUG:colcon.colcon_installed_package_information.package_discovery:Found 3 installed packages in /home/russe/Autonomous_Robot/install
[1.080s] DEBUG:colcon.colcon_installed_package_information.package_discovery:Found 2 installed packages in /home/russe/Autonomous_Robot/src/install
[1.085s] DEBUG:colcon.colcon_installed_package_information.package_discovery:Found 322 installed packages in /opt/ros/jazzy
[1.088s] Level 1:colcon.colcon_core.package_discovery:discover_packages(prefix_path) using defaults
[-1.114s] Level 5:colcon.colcon_core.verb:set package 'gazebo_differential_drive_robot' build argument 'cmake_args' from command line to 'None'
[-1.114s] Level 5:colcon.colcon_core.verb:set package 'gazebo_differential_drive_robot' build argument 'cmake_target' from command line to 'None'
[-1.114s] Level 5:colcon.colcon_core.verb:set package 'gazebo_differential_drive_robot' build argument 'cmake_target_skip_unavailable' from command line to 'False'
[-1.114s] Level 5:colcon.colcon_core.verb:set package 'gazebo_differential_drive_robot' build argument 'cmake_clean_cache' from command line to 'False'
[-1.114s] Level 5:colcon.colcon_core.verb:set package 'gazebo_differential_drive_robot' build argument 'cmake_clean_first' from command line to 'False'
[-1.114s] Level 5:colcon.colcon_core.verb:set package 'gazebo_differential_drive_robot' build argument 'cmake_force_configure' from command line to 'False'
[-1.114s] Level 5:colcon.colcon_core.verb:set package 'gazebo_differential_drive_robot' build argument 'ament_cmake_args' from command line to 'None'
[-1.114s] Level 5:colcon.colcon_core.verb:set package 'gazebo_differential_drive_robot' build argument 'catkin_cmake_args' from command line to 'None'
[-1.114s] Level 5:colcon.colcon_core.verb:set package 'gazebo_differential_drive_robot' build argument 'catkin_skip_building_tests' from command line to 'False'
[-1.114s] DEBUG:colcon.colcon_core.verb:Building package 'gazebo_differential_drive_robot' with the following arguments: {'ament_cmake_args': None, 'build_base': '/home/russe/Autonomous_Robot/build/gazebo_differential_drive_robot', 'catkin_cmake_args': None, 'catkin_skip_building_tests': False, 'cmake_args': None, 'cmake_clean_cache': False, 'cmake_clean_first': False, 'cmake_force_configure': False, 'cmake_target': None, 'cmake_target_skip_unavailable': False, 'install_base': '/home/russe/Autonomous_Robot/install/gazebo_differential_drive_robot', 'merge_install': False, 'path': '/home/russe/Autonomous_Robot/src/gazebo_differential_drive_robot', 'symlink_install': False, 'test_result_base': None}
[-1.113s] Level 5:colcon.colcon_core.verb:set package 'mobile_robot' build argument 'cmake_args' from command line to 'None'
[-1.113s] Level 5:colcon.colcon_core.verb:set package 'mobile_robot' build argument 'cmake_target' from command line to 'None'
[-1.113s] Level 5:colcon.colcon_core.verb:set package 'mobile_robot' build argument 'cmake_target_skip_unavailable' from command line to 'False'
[-1.113s] Level 5:colcon.colcon_core.verb:set package 'mobile_robot' build argument 'cmake_clean_cache' from command line to 'False'
[-1.113s] Level 5:colcon.colcon_core.verb:set package 'mobile_robot' build argument 'cmake_clean_first' from command line to 'False'
[-1.113s] Level 5:colcon.colcon_core.verb:set package 'mobile_robot' build argument 'cmake_force_configure' from command line to 'False'
[-1.113s] Level 5:colcon.colcon_core.verb:set package 'mobile_robot' build argument 'ament_cmake_args' from command line to 'None'
[-1.113s] Level 5:colcon.colcon_core.verb:set package 'mobile_robot' build argument 'catkin_cmake_args' from command line to 'None'
[-1.112s] Level 5:colcon.colcon_core.verb:set package 'mobile_robot' build argument 'catkin_skip_building_tests' from command line to 'False'
[-1.112s] DEBUG:colcon.colcon_core.verb:Building package 'mobile_robot' with the following arguments: {'ament_cmake_args': None, 'build_base': '/home/russe/Autonomous_Robot/build/mobile_robot', 'catkin_cmake_args': None, 'catkin_skip_building_tests': False, 'cmake_args': None, 'cmake_clean_cache': False, 'cmake_clean_first': False, 'cmake_force_configure': False, 'cmake_target': None, 'cmake_target_skip_unavailable': False, 'install_base': '/home/russe/Autonomous_Robot/install/mobile_robot', 'merge_install': False, 'path': '/home/russe/Autonomous_Robot/src/mobile_robot', 'symlink_install': False, 'test_result_base': None}
[-1.112s] INFO:colcon.colcon_core.executor:Executing jobs using 'parallel' executor
[-1.106s] DEBUG:colcon.colcon_parallel_executor.executor.parallel:run_until_complete
[-1.105s] INFO:colcon.colcon_ros.task.ament_cmake.build:Building ROS package in '/home/russe/Autonomous_Robot/src/gazebo_differential_drive_robot' with build type 'ament_cmake'
[-1.105s] INFO:colcon.colcon_cmake.task.cmake.build:Building CMake package in '/home/russe/Autonomous_Robot/src/gazebo_differential_drive_robot'
[-1.096s] INFO:colcon.colcon_core.plugin_system:Skipping extension 'colcon_core.shell.bat': Not used on non-Windows systems
[-1.096s] INFO:colcon.colcon_core.shell:Skip shell extension 'powershell' for command environment: Not usable outside of PowerShell
[-1.096s] DEBUG:colcon.colcon_core.shell:Skip shell extension 'dsv' for command environment
[-1.066s] INFO:colcon.colcon_ros.task.ament_python.build:Building ROS package in '/home/russe/Autonomous_Robot/src/mobile_robot' with build type 'ament_python'
[-1.065s] Level 1:colcon.colcon_core.shell:create_environment_hook('mobile_robot', 'ament_prefix_path')
[-1.052s] INFO:colcon.colcon_core.shell:Creating environment hook '/home/russe/Autonomous_Robot/install/mobile_robot/share/mobile_robot/hook/ament_prefix_path.ps1'
[-1.050s] INFO:colcon.colcon_core.shell:Creating environment descriptor '/home/russe/Autonomous_Robot/install/mobile_robot/share/mobile_robot/hook/ament_prefix_path.dsv'
[-1.050s] INFO:colcon.colcon_core.shell:Creating environment hook '/home/russe/Autonomous_Robot/install/mobile_robot/share/mobile_robot/hook/ament_prefix_path.sh'
[-1.046s] INFO:colcon.colcon_core.shell:Skip shell extension 'powershell' for command environment: Not usable outside of PowerShell
[-1.046s] DEBUG:colcon.colcon_core.shell:Skip shell extension 'dsv' for command environment
[-1.011s] DEBUG:colcon.colcon_core.event_handler.log_command:Invoking command in '/home/russe/Autonomous_Robot/build/gazebo_differential_drive_robot': CMAKE_PREFIX_PATH=${CMAKE_PREFIX_PATH}:/home/russe/Autonomous_Robot/install/new_gazebo_robot:/home/russe/Autonomous_Robot/install/mobile_robot:/home/russe/Autonomous_Robot/src/install/mobile_robot:/opt/ros/jazzy /usr/bin/cmake --build /home/russe/Autonomous_Robot/build/gazebo_differential_drive_robot -- -j8 -l8
[0.102s] INFO:colcon.colcon_core.task.python.build:Building Python package in '/home/russe/Autonomous_Robot/src/mobile_robot'
[0.102s] INFO:colcon.colcon_core.shell:Skip shell extension 'powershell' for command environment: Not usable outside of PowerShell
[0.103s] DEBUG:colcon.colcon_core.shell:Skip shell extension 'dsv' for command environment
[0.139s] DEBUG:colcon.colcon_core.event_handler.log_command:Invoked command in '/home/russe/Autonomous_Robot/build/gazebo_differential_drive_robot' returned '0': CMAKE_PREFIX_PATH=${CMAKE_PREFIX_PATH}:/home/russe/Autonomous_Robot/install/new_gazebo_robot:/home/russe/Autonomous_Robot/install/mobile_robot:/home/russe/Autonomous_Robot/src/install/mobile_robot:/opt/ros/jazzy /usr/bin/cmake --build /home/russe/Autonomous_Robot/build/gazebo_differential_drive_robot -- -j8 -l8
[0.192s] DEBUG:colcon.colcon_core.event_handler.log_command:Invoking command in '/home/russe/Autonomous_Robot/build/gazebo_differential_drive_robot': CMAKE_PREFIX_PATH=${CMAKE_PREFIX_PATH}:/home/russe/Autonomous_Robot/install/new_gazebo_robot:/home/russe/Autonomous_Robot/install/mobile_robot:/home/russe/Autonomous_Robot/src/install/mobile_robot:/opt/ros/jazzy /usr/bin/cmake --install /home/russe/Autonomous_Robot/build/gazebo_differential_drive_robot
[0.248s] Level 1:colcon.colcon_core.environment:create_environment_scripts_only(gazebo_differential_drive_robot)
[0.252s] DEBUG:colcon.colcon_core.event_handler.log_command:Invoked command in '/home/russe/Autonomous_Robot/build/gazebo_differential_drive_robot' returned '0': CMAKE_PREFIX_PATH=${CMAKE_PREFIX_PATH}:/home/russe/Autonomous_Robot/install/new_gazebo_robot:/home/russe/Autonomous_Robot/install/mobile_robot:/home/russe/Autonomous_Robot/src/install/mobile_robot:/opt/ros/jazzy /usr/bin/cmake --install /home/russe/Autonomous_Robot/build/gazebo_differential_drive_robot
[0.255s] Level 1:colcon.colcon_core.environment:checking '/home/russe/Autonomous_Robot/install/gazebo_differential_drive_robot' for CMake module files
[0.263s] Level 1:colcon.colcon_core.environment:checking '/home/russe/Autonomous_Robot/install/gazebo_differential_drive_robot' for CMake config files
[0.264s] Level 1:colcon.colcon_core.shell:create_environment_hook('gazebo_differential_drive_robot', 'cmake_prefix_path')
[0.266s] INFO:colcon.colcon_core.shell:Creating environment hook '/home/russe/Autonomous_Robot/install/gazebo_differential_drive_robot/share/gazebo_differential_drive_robot/hook/cmake_prefix_path.ps1'
[0.268s] INFO:colcon.colcon_core.shell:Creating environment descriptor '/home/russe/Autonomous_Robot/install/gazebo_differential_drive_robot/share/gazebo_differential_drive_robot/hook/cmake_prefix_path.dsv'
[0.277s] INFO:colcon.colcon_core.shell:Creating environment hook '/home/russe/Autonomous_Robot/install/gazebo_differential_drive_robot/share/gazebo_differential_drive_robot/hook/cmake_prefix_path.sh'
[0.279s] Level 1:colcon.colcon_core.environment:checking '/home/russe/Autonomous_Robot/install/gazebo_differential_drive_robot/lib'
[0.279s] Level 1:colcon.colcon_core.environment:checking '/home/russe/Autonomous_Robot/install/gazebo_differential_drive_robot/bin'
[0.280s] Level 1:colcon.colcon_core.environment:checking '/home/russe/Autonomous_Robot/install/gazebo_differential_drive_robot/lib/pkgconfig/gazebo_differential_drive_robot.pc'
[0.280s] Level 1:colcon.colcon_core.environment:checking '/home/russe/Autonomous_Robot/install/gazebo_differential_drive_robot/lib/python3.12/site-packages'
[0.281s] Level 1:colcon.colcon_core.environment:checking '/home/russe/Autonomous_Robot/install/gazebo_differential_drive_robot/bin'
[0.282s] INFO:colcon.colcon_core.shell:Creating package script '/home/russe/Autonomous_Robot/install/gazebo_differential_drive_robot/share/gazebo_differential_drive_robot/package.ps1'
[0.283s] INFO:colcon.colcon_core.shell:Creating package descriptor '/home/russe/Autonomous_Robot/install/gazebo_differential_drive_robot/share/gazebo_differential_drive_robot/package.dsv'
[0.284s] INFO:colcon.colcon_core.shell:Creating package script '/home/russe/Autonomous_Robot/install/gazebo_differential_drive_robot/share/gazebo_differential_drive_robot/package.sh'
[0.286s] INFO:colcon.colcon_core.shell:Creating package script '/home/russe/Autonomous_Robot/install/gazebo_differential_drive_robot/share/gazebo_differential_drive_robot/package.bash'
[0.289s] INFO:colcon.colcon_core.shell:Creating package script '/home/russe/Autonomous_Robot/install/gazebo_differential_drive_robot/share/gazebo_differential_drive_robot/package.zsh'
[0.292s] Level 1:colcon.colcon_core.environment:create_file_with_runtime_dependencies(/home/russe/Autonomous_Robot/install/gazebo_differential_drive_robot/share/colcon-core/packages/gazebo_differential_drive_robot)
[0.294s] Level 1:colcon.colcon_core.environment:create_environment_scripts_only(gazebo_differential_drive_robot)
[0.294s] Level 1:colcon.colcon_core.environment:checking '/home/russe/Autonomous_Robot/install/gazebo_differential_drive_robot' for CMake module files
[0.295s] Level 1:colcon.colcon_core.environment:checking '/home/russe/Autonomous_Robot/install/gazebo_differential_drive_robot' for CMake config files
[0.296s] Level 1:colcon.colcon_core.shell:create_environment_hook('gazebo_differential_drive_robot', 'cmake_prefix_path')
[0.297s] INFO:colcon.colcon_core.shell:Creating environment hook '/home/russe/Autonomous_Robot/install/gazebo_differential_drive_robot/share/gazebo_differential_drive_robot/hook/cmake_prefix_path.ps1'
[0.307s] INFO:colcon.colcon_core.shell:Creating environment descriptor '/home/russe/Autonomous_Robot/install/gazebo_differential_drive_robot/share/gazebo_differential_drive_robot/hook/cmake_prefix_path.dsv'
[0.308s] INFO:colcon.colcon_core.shell:Creating environment hook '/home/russe/Autonomous_Robot/install/gazebo_differential_drive_robot/share/gazebo_differential_drive_robot/hook/cmake_prefix_path.sh'
[0.309s] Level 1:colcon.colcon_core.environment:checking '/home/russe/Autonomous_Robot/install/gazebo_differential_drive_robot/lib'
[0.312s] Level 1:colcon.colcon_core.environment:checking '/home/russe/Autonomous_Robot/install/gazebo_differential_drive_robot/bin'
[0.312s] Level 1:colcon.colcon_core.environment:checking '/home/russe/Autonomous_Robot/install/gazebo_differential_drive_robot/lib/pkgconfig/gazebo_differential_drive_robot.pc'
[0.313s] Level 1:colcon.colcon_core.environment:checking '/home/russe/Autonomous_Robot/install/gazebo_differential_drive_robot/lib/python3.12/site-packages'
[0.321s] Level 1:colcon.colcon_core.environment:checking '/home/russe/Autonomous_Robot/install/gazebo_differential_drive_robot/bin'
[0.325s] INFO:colcon.colcon_core.shell:Creating package script '/home/russe/Autonomous_Robot/install/gazebo_differential_drive_robot/share/gazebo_differential_drive_robot/package.ps1'
[0.329s] INFO:colcon.colcon_core.shell:Creating package descriptor '/home/russe/Autonomous_Robot/install/gazebo_differential_drive_robot/share/gazebo_differential_drive_robot/package.dsv'
[0.334s] INFO:colcon.colcon_core.shell:Creating package script '/home/russe/Autonomous_Robot/install/gazebo_differential_drive_robot/share/gazebo_differential_drive_robot/package.sh'
[0.337s] INFO:colcon.colcon_core.shell:Creating package script '/home/russe/Autonomous_Robot/install/gazebo_differential_drive_robot/share/gazebo_differential_drive_robot/package.bash'
[0.339s] INFO:colcon.colcon_core.shell:Creating package script '/home/russe/Autonomous_Robot/install/gazebo_differential_drive_robot/share/gazebo_differential_drive_robot/package.zsh'
[0.340s] Level 1:colcon.colcon_core.environment:create_file_with_runtime_dependencies(/home/russe/Autonomous_Robot/install/gazebo_differential_drive_robot/share/colcon-core/packages/gazebo_differential_drive_robot)
[2.515s] DEBUG:colcon.colcon_core.event_handler.log_command:Invoking command in '/home/russe/Autonomous_Robot/src/mobile_robot': PYTHONPATH=/home/russe/Autonomous_Robot/build/mobile_robot/prefix_override:/usr/lib/python3/dist-packages/colcon_core/task/python/colcon_distutils_commands:/home/russe/Autonomous_Robot/install/mobile_robot/lib/python3.12/site-packages:${PYTHONPATH} /usr/bin/python3 -W ignore:setup.py install is deprecated -W ignore:easy_install command is deprecated setup.py egg_info --egg-base ../../build/mobile_robot build --build-base /home/russe/Autonomous_Robot/build/mobile_robot/build install --record /home/russe/Autonomous_Robot/build/mobile_robot/install.log --single-version-externally-managed install_data
[5.148s] Level 1:colcon.colcon_core.environment:checking '/home/russe/Autonomous_Robot/install/mobile_robot' for CMake module files
[5.150s] DEBUG:colcon.colcon_core.event_handler.log_command:Invoked command in '/home/russe/Autonomous_Robot/src/mobile_robot' returned '0': PYTHONPATH=/home/russe/Autonomous_Robot/build/mobile_robot/prefix_override:/usr/lib/python3/dist-packages/colcon_core/task/python/colcon_distutils_commands:/home/russe/Autonomous_Robot/install/mobile_robot/lib/python3.12/site-packages:${PYTHONPATH} /usr/bin/python3 -W ignore:setup.py install is deprecated -W ignore:easy_install command is deprecated setup.py egg_info --egg-base ../../build/mobile_robot build --build-base /home/russe/Autonomous_Robot/build/mobile_robot/build install --record /home/russe/Autonomous_Robot/build/mobile_robot/install.log --single-version-externally-managed install_data
[5.155s] Level 1:colcon.colcon_core.environment:checking '/home/russe/Autonomous_Robot/install/mobile_robot' for CMake config files
[5.156s] Level 1:colcon.colcon_core.environment:checking '/home/russe/Autonomous_Robot/install/mobile_robot/lib'
[5.156s] Level 1:colcon.colcon_core.environment:checking '/home/russe/Autonomous_Robot/install/mobile_robot/bin'
[5.156s] Level 1:colcon.colcon_core.environment:checking '/home/russe/Autonomous_Robot/install/mobile_robot/lib/pkgconfig/mobile_robot.pc'
[5.157s] Level 1:colcon.colcon_core.environment:checking '/home/russe/Autonomous_Robot/install/mobile_robot/lib/python3.12/site-packages'
[5.157s] Level 1:colcon.colcon_core.shell:create_environment_hook('mobile_robot', 'pythonpath')
[5.158s] INFO:colcon.colcon_core.shell:Creating environment hook '/home/russe/Autonomous_Robot/install/mobile_robot/share/mobile_robot/hook/pythonpath.ps1'
[5.163s] INFO:colcon.colcon_core.shell:Creating environment descriptor '/home/russe/Autonomous_Robot/install/mobile_robot/share/mobile_robot/hook/pythonpath.dsv'
[5.165s] INFO:colcon.colcon_core.shell:Creating environment hook '/home/russe/Autonomous_Robot/install/mobile_robot/share/mobile_robot/hook/pythonpath.sh'
[5.167s] Level 1:colcon.colcon_core.environment:checking '/home/russe/Autonomous_Robot/install/mobile_robot/bin'
[5.167s] Level 1:colcon.colcon_core.environment:create_environment_scripts_only(mobile_robot)
[5.168s] INFO:colcon.colcon_core.shell:Creating package script '/home/russe/Autonomous_Robot/install/mobile_robot/share/mobile_robot/package.ps1'
[5.170s] INFO:colcon.colcon_core.shell:Creating package descriptor '/home/russe/Autonomous_Robot/install/mobile_robot/share/mobile_robot/package.dsv'
[5.171s] INFO:colcon.colcon_core.shell:Creating package script '/home/russe/Autonomous_Robot/install/mobile_robot/share/mobile_robot/package.sh'
[5.173s] INFO:colcon.colcon_core.shell:Creating package script '/home/russe/Autonomous_Robot/install/mobile_robot/share/mobile_robot/package.bash'
[5.177s] INFO:colcon.colcon_core.shell:Creating package script '/home/russe/Autonomous_Robot/install/mobile_robot/share/mobile_robot/package.zsh'
[5.183s] Level 1:colcon.colcon_core.environment:create_file_with_runtime_dependencies(/home/russe/Autonomous_Robot/install/mobile_robot/share/colcon-core/packages/mobile_robot)
[5.186s] DEBUG:colcon.colcon_parallel_executor.executor.parallel:closing loop
[5.190s] DEBUG:colcon.colcon_parallel_executor.executor.parallel:loop closed
[5.190s] DEBUG:colcon.colcon_parallel_executor.executor.parallel:run_until_complete finished with '0'
[5.190s] DEBUG:colcon.colcon_core.event_reactor:joining thread
[5.262s] INFO:colcon.colcon_core.plugin_system:Skipping extension 'colcon_notification.desktop_notification.notify_send': Could not find 'notify-send'
[5.262s] INFO:colcon.colcon_core.plugin_system:Skipping extension 'colcon_notification.desktop_notification.terminal_notifier': Not used on non-Darwin systems
[5.263s] INFO:colcon.colcon_core.plugin_system:Skipping extension 'colcon_notification.desktop_notification.win32': Not used on non-Windows systems
[5.263s] INFO:colcon.colcon_notification.desktop_notification:Sending desktop notification using 'notify2'
[5.264s] DEBUG:colcon.colcon_notification.desktop_notification.notify2:Failed to initialize notify2: org.freedesktop.DBus.Error.ServiceUnknown: The name org.freedesktop.Notifications was not provided by any .service files
[5.265s] DEBUG:colcon.colcon_core.event_reactor:joined thread
[5.266s] INFO:colcon.colcon_core.shell:Creating prefix script '/home/russe/Autonomous_Robot/install/local_setup.ps1'
[5.271s] INFO:colcon.colcon_core.shell:Creating prefix util module '/home/russe/Autonomous_Robot/install/_local_setup_util_ps1.py'
[5.277s] INFO:colcon.colcon_core.shell:Creating prefix chain script '/home/russe/Autonomous_Robot/install/setup.ps1'
[5.283s] INFO:colcon.colcon_core.shell:Creating prefix script '/home/russe/Autonomous_Robot/install/local_setup.sh'
[5.289s] INFO:colcon.colcon_core.shell:Creating prefix util module '/home/russe/Autonomous_Robot/install/_local_setup_util_sh.py'
[5.290s] INFO:colcon.colcon_core.shell:Creating prefix chain script '/home/russe/Autonomous_Robot/install/setup.sh'
[5.293s] INFO:colcon.colcon_core.shell:Creating prefix script '/home/russe/Autonomous_Robot/install/local_setup.bash'
[5.295s] INFO:colcon.colcon_core.shell:Creating prefix chain script '/home/russe/Autonomous_Robot/install/setup.bash'
[5.302s] INFO:colcon.colcon_core.shell:Creating prefix script '/home/russe/Autonomous_Robot/install/local_setup.zsh'
[5.305s] INFO:colcon.colcon_core.shell:Creating prefix chain script '/home/russe/Autonomous_Robot/install/setup.zsh'
