[0.060s] Invoking command in '/home/russe/Autonomous_Robot/build/gazebo_differential_drive_robot': CMAKE_PREFIX_PATH=${CMAKE_PREFIX_PATH}:/opt/ros/jazzy /usr/bin/cmake --build /home/russe/Autonomous_Robot/build/gazebo_differential_drive_robot -- -j8 -l8
[1.267s] Invoked command in '/home/russe/Autonomous_Robot/build/gazebo_differential_drive_robot' returned '0': CMAKE_PREFIX_PATH=${CMAKE_PREFIX_PATH}:/opt/ros/jazzy /usr/bin/cmake --build /home/russe/Autonomous_Robot/build/gazebo_differential_drive_robot -- -j8 -l8
[1.337s] Invoking command in '/home/russe/Autonomous_Robot/build/gazebo_differential_drive_robot': CMAKE_PREFIX_PATH=${CMAKE_PREFIX_PATH}:/opt/ros/jazzy /usr/bin/cmake --install /home/russe/Autonomous_Robot/build/gazebo_differential_drive_robot
[1.400s] -- Install configuration: ""
[1.403s] -- Up-to-date: /home/russe/Autonomous_Robot/install/gazebo_differential_drive_robot/share/gazebo_differential_drive_robot/launch
[1.404s] -- Up-to-date: /home/russe/Autonomous_Robot/install/gazebo_differential_drive_robot/share/gazebo_differential_drive_robot/launch/robot.launch.py
[1.404s] -- Up-to-date: /home/russe/Autonomous_Robot/install/gazebo_differential_drive_robot/share/gazebo_differential_drive_robot/model
[1.404s] -- Up-to-date: /home/russe/Autonomous_Robot/install/gazebo_differential_drive_robot/share/gazebo_differential_drive_robot/model/robot.xacro
[1.418s] -- Up-to-date: /home/russe/Autonomous_Robot/install/gazebo_differential_drive_robot/share/gazebo_differential_drive_robot/config
[1.423s] -- Up-to-date: /home/russe/Autonomous_Robot/install/gazebo_differential_drive_robot/share/gazebo_differential_drive_robot/config/gz_bridge.yaml
[1.425s] -- Up-to-date: /home/russe/Autonomous_Robot/install/gazebo_differential_drive_robot/lib/gazebo_differential_drive_robot/square_driver_with_logging.py
[1.425s] -- Up-to-date: /home/russe/Autonomous_Robot/install/gazebo_differential_drive_robot/share/ament_index/resource_index/package_run_dependencies/gazebo_differential_drive_robot
[1.425s] -- Up-to-date: /home/russe/Autonomous_Robot/install/gazebo_differential_drive_robot/share/ament_index/resource_index/parent_prefix_path/gazebo_differential_drive_robot
[1.425s] -- Up-to-date: /home/russe/Autonomous_Robot/install/gazebo_differential_drive_robot/share/gazebo_differential_drive_robot/environment/ament_prefix_path.sh
[1.431s] -- Up-to-date: /home/russe/Autonomous_Robot/install/gazebo_differential_drive_robot/share/gazebo_differential_drive_robot/environment/ament_prefix_path.dsv
[1.432s] -- Up-to-date: /home/russe/Autonomous_Robot/install/gazebo_differential_drive_robot/share/gazebo_differential_drive_robot/environment/path.sh
[1.432s] -- Up-to-date: /home/russe/Autonomous_Robot/install/gazebo_differential_drive_robot/share/gazebo_differential_drive_robot/environment/path.dsv
[1.432s] -- Up-to-date: /home/russe/Autonomous_Robot/install/gazebo_differential_drive_robot/share/gazebo_differential_drive_robot/local_setup.bash
[1.432s] -- Up-to-date: /home/russe/Autonomous_Robot/install/gazebo_differential_drive_robot/share/gazebo_differential_drive_robot/local_setup.sh
[1.432s] -- Up-to-date: /home/russe/Autonomous_Robot/install/gazebo_differential_drive_robot/share/gazebo_differential_drive_robot/local_setup.zsh
[1.432s] -- Up-to-date: /home/russe/Autonomous_Robot/install/gazebo_differential_drive_robot/share/gazebo_differential_drive_robot/local_setup.dsv
[1.433s] -- Installing: /home/russe/Autonomous_Robot/install/gazebo_differential_drive_robot/share/gazebo_differential_drive_robot/package.dsv
[1.433s] -- Up-to-date: /home/russe/Autonomous_Robot/install/gazebo_differential_drive_robot/share/ament_index/resource_index/packages/gazebo_differential_drive_robot
[1.433s] -- Up-to-date: /home/russe/Autonomous_Robot/install/gazebo_differential_drive_robot/share/gazebo_differential_drive_robot/cmake/gazebo_differential_drive_robotConfig.cmake
[1.433s] -- Up-to-date: /home/russe/Autonomous_Robot/install/gazebo_differential_drive_robot/share/gazebo_differential_drive_robot/cmake/gazebo_differential_drive_robotConfig-version.cmake
[1.433s] -- Up-to-date: /home/russe/Autonomous_Robot/install/gazebo_differential_drive_robot/share/gazebo_differential_drive_robot/package.xml
[1.447s] Invoked command in '/home/russe/Autonomous_Robot/build/gazebo_differential_drive_robot' returned '0': CMAKE_PREFIX_PATH=${CMAKE_PREFIX_PATH}:/opt/ros/jazzy /usr/bin/cmake --install /home/russe/Autonomous_Robot/build/gazebo_differential_drive_robot
