[0.803s] Invoking command in '/home/russe/Autonomous_Robot/src/mobile_robot': PYTHONPATH=/home/russe/Autonomous_Robot/build/mobile_robot/prefix_override:/usr/lib/python3/dist-packages/colcon_core/task/python/colcon_distutils_commands:/home/russe/Autonomous_Robot/install/mobile_robot/lib/python3.12/site-packages:${PYTHONPATH} /usr/bin/python3 -W ignore:setup.py install is deprecated -W ignore:easy_install command is deprecated setup.py egg_info --egg-base ../../build/mobile_robot build --build-base /home/russe/Autonomous_Robot/build/mobile_robot/build install --record /home/russe/Autonomous_Robot/build/mobile_robot/install.log --single-version-externally-managed install_data
[1.021s] running egg_info
[1.038s] writing ../../build/mobile_robot/mobile_robot.egg-info/PKG-INFO
[1.039s] writing dependency_links to ../../build/mobile_robot/mobile_robot.egg-info/dependency_links.txt
[1.039s] writing entry points to ../../build/mobile_robot/mobile_robot.egg-info/entry_points.txt
[1.039s] writing requirements to ../../build/mobile_robot/mobile_robot.egg-info/requires.txt
[1.039s] writing top-level names to ../../build/mobile_robot/mobile_robot.egg-info/top_level.txt
[1.072s] reading manifest file '../../build/mobile_robot/mobile_robot.egg-info/SOURCES.txt'
[1.073s] writing manifest file '../../build/mobile_robot/mobile_robot.egg-info/SOURCES.txt'
[1.073s] running build
[1.073s] running build_py
[1.074s] copying mobile_robot/identify2.py -> /home/russe/Autonomous_Robot/build/mobile_robot/build/lib/mobile_robot
[1.074s] running install
[1.079s] running install_lib
[1.094s] copying /home/russe/Autonomous_Robot/build/mobile_robot/build/lib/mobile_robot/identify2.py -> /home/russe/Autonomous_Robot/install/mobile_robot/lib/python3.12/site-packages/mobile_robot
[1.095s] byte-compiling /home/russe/Autonomous_Robot/install/mobile_robot/lib/python3.12/site-packages/mobile_robot/identify2.py to identify2.cpython-312.pyc
[1.097s] running install_data
[1.098s] running install_egg_info
[1.146s] removing '/home/russe/Autonomous_Robot/install/mobile_robot/lib/python3.12/site-packages/mobile_robot-0.0.0-py3.12.egg-info' (and everything under it)
[1.146s] Copying ../../build/mobile_robot/mobile_robot.egg-info to /home/russe/Autonomous_Robot/install/mobile_robot/lib/python3.12/site-packages/mobile_robot-0.0.0-py3.12.egg-info
[1.148s] running install_scripts
[1.279s] Installing battery_node script to /home/russe/Autonomous_Robot/install/mobile_robot/lib/mobile_robot
[1.280s] Installing bounce_2cylinders script to /home/russe/Autonomous_Robot/install/mobile_robot/lib/mobile_robot
[1.281s] Installing bounce_cylinder script to /home/russe/Autonomous_Robot/install/mobile_robot/lib/mobile_robot
[1.281s] Installing find script to /home/russe/Autonomous_Robot/install/mobile_robot/lib/mobile_robot
[1.281s] Installing guest_approach script to /home/russe/Autonomous_Robot/install/mobile_robot/lib/mobile_robot
[1.282s] Installing guest_find script to /home/russe/Autonomous_Robot/install/mobile_robot/lib/mobile_robot
[1.282s] Installing identify2 script to /home/russe/Autonomous_Robot/install/mobile_robot/lib/mobile_robot
[1.282s] Installing identify_move_supervisor script to /home/russe/Autonomous_Robot/install/mobile_robot/lib/mobile_robot
[1.282s] Installing move script to /home/russe/Autonomous_Robot/install/mobile_robot/lib/mobile_robot
[1.284s] Installing rotate_90_degrees script to /home/russe/Autonomous_Robot/install/mobile_robot/lib/mobile_robot
[1.285s] Installing simple_avoid_obstacle script to /home/russe/Autonomous_Robot/install/mobile_robot/lib/mobile_robot
[1.285s] Installing simple_guest_approach script to /home/russe/Autonomous_Robot/install/mobile_robot/lib/mobile_robot
[1.285s] Installing simple_guest_find script to /home/russe/Autonomous_Robot/install/mobile_robot/lib/mobile_robot
[1.285s] Installing spin_head script to /home/russe/Autonomous_Robot/install/mobile_robot/lib/mobile_robot
[1.286s] Installing square_driver_with_logging script to /home/russe/Autonomous_Robot/install/mobile_robot/lib/mobile_robot
[1.286s] Installing test_publisher script to /home/russe/Autonomous_Robot/install/mobile_robot/lib/mobile_robot
[1.287s] writing list of installed files to '/home/russe/Autonomous_Robot/build/mobile_robot/install.log'
[1.320s] Invoked command in '/home/russe/Autonomous_Robot/src/mobile_robot' returned '0': PYTHONPATH=/home/russe/Autonomous_Robot/build/mobile_robot/prefix_override:/usr/lib/python3/dist-packages/colcon_core/task/python/colcon_distutils_commands:/home/russe/Autonomous_Robot/install/mobile_robot/lib/python3.12/site-packages:${PYTHONPATH} /usr/bin/python3 -W ignore:setup.py install is deprecated -W ignore:easy_install command is deprecated setup.py egg_info --egg-base ../../build/mobile_robot build --build-base /home/russe/Autonomous_Robot/build/mobile_robot/build install --record /home/russe/Autonomous_Robot/build/mobile_robot/install.log --single-version-externally-managed install_data
