[0.119s] Invoking command in '/home/russe/Autonomous_Robot/build/gazebo_differential_drive_robot': CMAKE_PREFIX_PATH=${CMAKE_PREFIX_PATH}:/home/russe/Autonomous_Robot/install/new_gazebo_robot:/home/russe/Autonomous_Robot/install/mobile_robot:/opt/ros/jazzy /usr/bin/cmake --build /home/russe/Autonomous_Robot/build/gazebo_differential_drive_robot -- -j8 -l8
[1.191s] Invoked command in '/home/russe/Autonomous_Robot/build/gazebo_differential_drive_robot' returned '0': CMAKE_PREFIX_PATH=${CMAKE_PREFIX_PATH}:/home/russe/Autonomous_Robot/install/new_gazebo_robot:/home/russe/Autonomous_Robot/install/mobile_robot:/opt/ros/jazzy /usr/bin/cmake --build /home/russe/Autonomous_Robot/build/gazebo_differential_drive_robot -- -j8 -l8
[1.239s] Invoking command in '/home/russe/Autonomous_Robot/build/gazebo_differential_drive_robot': CMAKE_PREFIX_PATH=${CMAKE_PREFIX_PATH}:/home/russe/Autonomous_Robot/install/new_gazebo_robot:/home/russe/Autonomous_Robot/install/mobile_robot:/opt/ros/jazzy /usr/bin/cmake --install /home/russe/Autonomous_Robot/build/gazebo_differential_drive_robot
[1.291s] -- Install configuration: ""
[1.299s] -- Up-to-date: /home/russe/Autonomous_Robot/install/gazebo_differential_drive_robot/share/gazebo_differential_drive_robot/launch
[1.300s] -- Up-to-date: /home/russe/Autonomous_Robot/install/gazebo_differential_drive_robot/share/gazebo_differential_drive_robot/launch/robot.launch.py
[1.300s] -- Up-to-date: /home/russe/Autonomous_Robot/install/gazebo_differential_drive_robot/share/gazebo_differential_drive_robot/model
[1.300s] -- Up-to-date: /home/russe/Autonomous_Robot/install/gazebo_differential_drive_robot/share/gazebo_differential_drive_robot/model/robot.xacro
[1.301s] -- Up-to-date: /home/russe/Autonomous_Robot/install/gazebo_differential_drive_robot/share/gazebo_differential_drive_robot/config
[1.301s] -- Up-to-date: /home/russe/Autonomous_Robot/install/gazebo_differential_drive_robot/share/gazebo_differential_drive_robot/config/gz_bridge.yaml
[1.303s] -- Up-to-date: /home/russe/Autonomous_Robot/install/gazebo_differential_drive_robot/lib/gazebo_differential_drive_robot/square_driver_with_logging.py
[1.306s] -- Up-to-date: /home/russe/Autonomous_Robot/install/gazebo_differential_drive_robot/share/ament_index/resource_index/package_run_dependencies/gazebo_differential_drive_robot
[1.306s] -- Up-to-date: /home/russe/Autonomous_Robot/install/gazebo_differential_drive_robot/share/ament_index/resource_index/parent_prefix_path/gazebo_differential_drive_robot
[1.308s] -- Up-to-date: /home/russe/Autonomous_Robot/install/gazebo_differential_drive_robot/share/gazebo_differential_drive_robot/environment/ament_prefix_path.sh
[1.308s] -- Up-to-date: /home/russe/Autonomous_Robot/install/gazebo_differential_drive_robot/share/gazebo_differential_drive_robot/environment/ament_prefix_path.dsv
[1.308s] -- Up-to-date: /home/russe/Autonomous_Robot/install/gazebo_differential_drive_robot/share/gazebo_differential_drive_robot/environment/path.sh
[1.313s] -- Up-to-date: /home/russe/Autonomous_Robot/install/gazebo_differential_drive_robot/share/gazebo_differential_drive_robot/environment/path.dsv
[1.313s] -- Up-to-date: /home/russe/Autonomous_Robot/install/gazebo_differential_drive_robot/share/gazebo_differential_drive_robot/local_setup.bash
[1.314s] -- Up-to-date: /home/russe/Autonomous_Robot/install/gazebo_differential_drive_robot/share/gazebo_differential_drive_robot/local_setup.sh
[1.314s] -- Up-to-date: /home/russe/Autonomous_Robot/install/gazebo_differential_drive_robot/share/gazebo_differential_drive_robot/local_setup.zsh
[1.314s] -- Up-to-date: /home/russe/Autonomous_Robot/install/gazebo_differential_drive_robot/share/gazebo_differential_drive_robot/local_setup.dsv
[1.314s] -- Installing: /home/russe/Autonomous_Robot/install/gazebo_differential_drive_robot/share/gazebo_differential_drive_robot/package.dsv
[1.315s] -- Up-to-date: /home/russe/Autonomous_Robot/install/gazebo_differential_drive_robot/share/ament_index/resource_index/packages/gazebo_differential_drive_robot
[1.315s] -- Up-to-date: /home/russe/Autonomous_Robot/install/gazebo_differential_drive_robot/share/gazebo_differential_drive_robot/cmake/gazebo_differential_drive_robotConfig.cmake
[1.315s] -- Up-to-date: /home/russe/Autonomous_Robot/install/gazebo_differential_drive_robot/share/gazebo_differential_drive_robot/cmake/gazebo_differential_drive_robotConfig-version.cmake
[1.315s] -- Up-to-date: /home/russe/Autonomous_Robot/install/gazebo_differential_drive_robot/share/gazebo_differential_drive_robot/package.xml
[1.350s] Invoked command in '/home/russe/Autonomous_Robot/build/gazebo_differential_drive_robot' returned '0': CMAKE_PREFIX_PATH=${CMAKE_PREFIX_PATH}:/home/russe/Autonomous_Robot/install/new_gazebo_robot:/home/russe/Autonomous_Robot/install/mobile_robot:/opt/ros/jazzy /usr/bin/cmake --install /home/russe/Autonomous_Robot/build/gazebo_differential_drive_robot
