[1.642s] Invoking command in '/home/russe/Autonomous_Robot/src/mobile_robot': PYTHONPATH=/home/russe/Autonomous_Robot/build/mobile_robot/prefix_override:/usr/lib/python3/dist-packages/colcon_core/task/python/colcon_distutils_commands:/home/russe/Autonomous_Robot/install/mobile_robot/lib/python3.12/site-packages:${PYTHONPATH} /usr/bin/python3 -W ignore:setup.py install is deprecated -W ignore:easy_install command is deprecated setup.py egg_info --egg-base ../../build/mobile_robot build --build-base /home/russe/Autonomous_Robot/build/mobile_robot/build install --record /home/russe/Autonomous_Robot/build/mobile_robot/install.log --single-version-externally-managed install_data
[1.944s] running egg_info
[1.967s] writing ../../build/mobile_robot/mobile_robot.egg-info/PKG-INFO
[1.968s] writing dependency_links to ../../build/mobile_robot/mobile_robot.egg-info/dependency_links.txt
[1.968s] writing entry points to ../../build/mobile_robot/mobile_robot.egg-info/entry_points.txt
[1.969s] writing requirements to ../../build/mobile_robot/mobile_robot.egg-info/requires.txt
[1.969s] writing top-level names to ../../build/mobile_robot/mobile_robot.egg-info/top_level.txt
[2.006s] reading manifest file '../../build/mobile_robot/mobile_robot.egg-info/SOURCES.txt'
[2.007s] writing manifest file '../../build/mobile_robot/mobile_robot.egg-info/SOURCES.txt'
[2.007s] running build
[2.007s] running build_py
[2.007s] copying mobile_robot/simple_avoid_obstacle.py -> /home/russe/Autonomous_Robot/build/mobile_robot/build/lib/mobile_robot
[2.008s] running install
[2.015s] running install_lib
[2.033s] copying /home/russe/Autonomous_Robot/build/mobile_robot/build/lib/mobile_robot/simple_avoid_obstacle.py -> /home/russe/Autonomous_Robot/install/mobile_robot/lib/python3.12/site-packages/mobile_robot
[2.034s] byte-compiling /home/russe/Autonomous_Robot/install/mobile_robot/lib/python3.12/site-packages/mobile_robot/simple_avoid_obstacle.py to simple_avoid_obstacle.cpython-312.pyc
[2.035s] running install_data
[2.035s] Sorry: IndentationError: unindent does not match any outer indentation level (simple_avoid_obstacle.py, line 80)
[2.036s] copying launch/simple_avoid_obstacle.launch.py -> /home/russe/Autonomous_Robot/install/mobile_robot/share/mobile_robot/launch
[2.037s] running install_egg_info
[2.059s] removing '/home/russe/Autonomous_Robot/install/mobile_robot/lib/python3.12/site-packages/mobile_robot-0.0.0-py3.12.egg-info' (and everything under it)
[2.061s] Copying ../../build/mobile_robot/mobile_robot.egg-info to /home/russe/Autonomous_Robot/install/mobile_robot/lib/python3.12/site-packages/mobile_robot-0.0.0-py3.12.egg-info
[2.063s] running install_scripts
[2.195s] Installing simple_avoid_obstacle script to /home/russe/Autonomous_Robot/install/mobile_robot/lib/mobile_robot
[2.199s] Installing test_publisher script to /home/russe/Autonomous_Robot/install/mobile_robot/lib/mobile_robot
[2.199s] writing list of installed files to '/home/russe/Autonomous_Robot/build/mobile_robot/install.log'
[2.229s] Invoked command in '/home/russe/Autonomous_Robot/src/mobile_robot' returned '0': PYTHONPATH=/home/russe/Autonomous_Robot/build/mobile_robot/prefix_override:/usr/lib/python3/dist-packages/colcon_core/task/python/colcon_distutils_commands:/home/russe/Autonomous_Robot/install/mobile_robot/lib/python3.12/site-packages:${PYTHONPATH} /usr/bin/python3 -W ignore:setup.py install is deprecated -W ignore:easy_install command is deprecated setup.py egg_info --egg-base ../../build/mobile_robot build --build-base /home/russe/Autonomous_Robot/build/mobile_robot/build install --record /home/russe/Autonomous_Robot/build/mobile_robot/install.log --single-version-externally-managed install_data
