[0.974s] Invoking command in '/home/russe/Autonomous_Robot/src/mobile_robot': PYTHONPATH=/home/russe/Autonomous_Robot/build/mobile_robot/prefix_override:/usr/lib/python3/dist-packages/colcon_core/task/python/colcon_distutils_commands:/home/russe/Autonomous_Robot/install/mobile_robot/lib/python3.12/site-packages:${PYTHONPATH} /usr/bin/python3 -W ignore:setup.py install is deprecated -W ignore:easy_install command is deprecated setup.py egg_info --egg-base ../../build/mobile_robot build --build-base /home/russe/Autonomous_Robot/build/mobile_robot/build install --record /home/russe/Autonomous_Robot/build/mobile_robot/install.log --single-version-externally-managed install_data
[1.171s] running egg_info
[1.184s] writing ../../build/mobile_robot/mobile_robot.egg-info/PKG-INFO
[1.184s] writing dependency_links to ../../build/mobile_robot/mobile_robot.egg-info/dependency_links.txt
[1.188s] writing entry points to ../../build/mobile_robot/mobile_robot.egg-info/entry_points.txt
[1.188s] writing requirements to ../../build/mobile_robot/mobile_robot.egg-info/requires.txt
[1.188s] writing top-level names to ../../build/mobile_robot/mobile_robot.egg-info/top_level.txt
[1.219s] reading manifest file '../../build/mobile_robot/mobile_robot.egg-info/SOURCES.txt'
[1.220s] writing manifest file '../../build/mobile_robot/mobile_robot.egg-info/SOURCES.txt'
[1.220s] running build
[1.220s] running build_py
[1.221s] copying mobile_robot/battery_node.py -> /home/russe/Autonomous_Robot/build/mobile_robot/build/lib/mobile_robot
[1.222s] running install
[1.228s] running install_lib
[1.244s] copying /home/russe/Autonomous_Robot/build/mobile_robot/build/lib/mobile_robot/battery_node.py -> /home/russe/Autonomous_Robot/install/mobile_robot/lib/python3.12/site-packages/mobile_robot
[1.245s] byte-compiling /home/russe/Autonomous_Robot/install/mobile_robot/lib/python3.12/site-packages/mobile_robot/battery_node.py to battery_node.cpython-312.pyc
[1.246s] running install_data
[1.246s] copying model/charging_stations.sdf -> /home/russe/Autonomous_Robot/install/mobile_robot/share/mobile_robot/model
[1.247s] copying parameters/battery_tunable_parameters.yaml -> /home/russe/Autonomous_Robot/install/mobile_robot/share/mobile_robot/parameters
[1.247s] running install_egg_info
[1.262s] removing '/home/russe/Autonomous_Robot/install/mobile_robot/lib/python3.12/site-packages/mobile_robot-0.0.0-py3.12.egg-info' (and everything under it)
[1.263s] Copying ../../build/mobile_robot/mobile_robot.egg-info to /home/russe/Autonomous_Robot/install/mobile_robot/lib/python3.12/site-packages/mobile_robot-0.0.0-py3.12.egg-info
[1.265s] running install_scripts
[1.358s] Installing battery_node script to /home/russe/Autonomous_Robot/install/mobile_robot/lib/mobile_robot
[1.358s] Installing simple_avoid_obstacle script to /home/russe/Autonomous_Robot/install/mobile_robot/lib/mobile_robot
[1.358s] Installing spin_head script to /home/russe/Autonomous_Robot/install/mobile_robot/lib/mobile_robot
[1.361s] Installing stationary_detect script to /home/russe/Autonomous_Robot/install/mobile_robot/lib/mobile_robot
[1.361s] Installing test_publisher script to /home/russe/Autonomous_Robot/install/mobile_robot/lib/mobile_robot
[1.362s] writing list of installed files to '/home/russe/Autonomous_Robot/build/mobile_robot/install.log'
[1.384s] Invoked command in '/home/russe/Autonomous_Robot/src/mobile_robot' returned '0': PYTHONPATH=/home/russe/Autonomous_Robot/build/mobile_robot/prefix_override:/usr/lib/python3/dist-packages/colcon_core/task/python/colcon_distutils_commands:/home/russe/Autonomous_Robot/install/mobile_robot/lib/python3.12/site-packages:${PYTHONPATH} /usr/bin/python3 -W ignore:setup.py install is deprecated -W ignore:easy_install command is deprecated setup.py egg_info --egg-base ../../build/mobile_robot build --build-base /home/russe/Autonomous_Robot/build/mobile_robot/build install --record /home/russe/Autonomous_Robot/build/mobile_robot/install.log --single-version-externally-managed install_data
