[0.580s] Invoking command in '/home/russe/Autonomous_Robot/src/mobile_robot': PYTHONPATH=/home/russe/Autonomous_Robot/build/mobile_robot/prefix_override:/usr/lib/python3/dist-packages/colcon_core/task/python/colcon_distutils_commands:/home/russe/Autonomous_Robot/install/mobile_robot/lib/python3.12/site-packages:${PYTHONPATH} /usr/bin/python3 -W ignore:setup.py install is deprecated -W ignore:easy_install command is deprecated setup.py egg_info --egg-base ../../build/mobile_robot build --build-base /home/russe/Autonomous_Robot/build/mobile_robot/build install --record /home/russe/Autonomous_Robot/build/mobile_robot/install.log --single-version-externally-managed install_data
[0.777s] running egg_info
[0.790s] writing ../../build/mobile_robot/mobile_robot.egg-info/PKG-INFO
[0.790s] writing dependency_links to ../../build/mobile_robot/mobile_robot.egg-info/dependency_links.txt
[0.790s] writing entry points to ../../build/mobile_robot/mobile_robot.egg-info/entry_points.txt
[0.790s] writing requirements to ../../build/mobile_robot/mobile_robot.egg-info/requires.txt
[0.790s] writing top-level names to ../../build/mobile_robot/mobile_robot.egg-info/top_level.txt
[0.818s] reading manifest file '../../build/mobile_robot/mobile_robot.egg-info/SOURCES.txt'
[0.819s] writing manifest file '../../build/mobile_robot/mobile_robot.egg-info/SOURCES.txt'
[0.819s] running build
[0.819s] running build_py
[0.819s] copying mobile_robot/guest_find.py -> /home/russe/Autonomous_Robot/build/mobile_robot/build/lib/mobile_robot
[0.820s] running install
[0.825s] running install_lib
[0.839s] copying /home/russe/Autonomous_Robot/build/mobile_robot/build/lib/mobile_robot/guest_find.py -> /home/russe/Autonomous_Robot/install/mobile_robot/lib/python3.12/site-packages/mobile_robot
[0.840s] byte-compiling /home/russe/Autonomous_Robot/install/mobile_robot/lib/python3.12/site-packages/mobile_robot/guest_find.py to guest_find.cpython-312.pyc
[0.842s] running install_data
[0.842s] running install_egg_info
[0.857s] removing '/home/russe/Autonomous_Robot/install/mobile_robot/lib/python3.12/site-packages/mobile_robot-0.0.0-py3.12.egg-info' (and everything under it)
[0.857s] Copying ../../build/mobile_robot/mobile_robot.egg-info to /home/russe/Autonomous_Robot/install/mobile_robot/lib/python3.12/site-packages/mobile_robot-0.0.0-py3.12.egg-info
[0.858s] running install_scripts
[0.957s] Installing battery_node script to /home/russe/Autonomous_Robot/install/mobile_robot/lib/mobile_robot
[0.957s] Installing guest_approach script to /home/russe/Autonomous_Robot/install/mobile_robot/lib/mobile_robot
[0.957s] Installing guest_find script to /home/russe/Autonomous_Robot/install/mobile_robot/lib/mobile_robot
[0.957s] Installing simple_avoid_obstacle script to /home/russe/Autonomous_Robot/install/mobile_robot/lib/mobile_robot
[0.957s] Installing spin_head script to /home/russe/Autonomous_Robot/install/mobile_robot/lib/mobile_robot
[0.957s] Installing test_publisher script to /home/russe/Autonomous_Robot/install/mobile_robot/lib/mobile_robot
[0.958s] writing list of installed files to '/home/russe/Autonomous_Robot/build/mobile_robot/install.log'
[0.982s] Invoked command in '/home/russe/Autonomous_Robot/src/mobile_robot' returned '0': PYTHONPATH=/home/russe/Autonomous_Robot/build/mobile_robot/prefix_override:/usr/lib/python3/dist-packages/colcon_core/task/python/colcon_distutils_commands:/home/russe/Autonomous_Robot/install/mobile_robot/lib/python3.12/site-packages:${PYTHONPATH} /usr/bin/python3 -W ignore:setup.py install is deprecated -W ignore:easy_install command is deprecated setup.py egg_info --egg-base ../../build/mobile_robot build --build-base /home/russe/Autonomous_Robot/build/mobile_robot/build install --record /home/russe/Autonomous_Robot/build/mobile_robot/install.log --single-version-externally-managed install_data
