[0.876s] Invoking command in '/home/russell/Autonomous_Robot/src/mobile_robot': DEBUGINFOD_URLS=https://debuginfod.ubuntu.com PYTHONPATH=/home/russell/Autonomous_Robot/build/mobile_robot/prefix_override:/usr/lib/python3/dist-packages/colcon_core/task/python/colcon_distutils_commands:/home/russell/Autonomous_Robot/install/mobile_robot/lib/python3.12/site-packages:${PYTHONPATH} /usr/bin/python3 -W ignore:setup.py install is deprecated -W ignore:easy_install command is deprecated setup.py egg_info --egg-base ../../build/mobile_robot build --build-base /home/russell/Autonomous_Robot/build/mobile_robot/build install --record /home/russell/Autonomous_Robot/build/mobile_robot/install.log --single-version-externally-managed install_data
[1.161s] running egg_info
[1.184s] writing ../../build/mobile_robot/mobile_robot.egg-info/PKG-INFO
[1.184s] writing dependency_links to ../../build/mobile_robot/mobile_robot.egg-info/dependency_links.txt
[1.185s] writing entry points to ../../build/mobile_robot/mobile_robot.egg-info/entry_points.txt
[1.185s] writing requirements to ../../build/mobile_robot/mobile_robot.egg-info/requires.txt
[1.185s] writing top-level names to ../../build/mobile_robot/mobile_robot.egg-info/top_level.txt
[1.230s] reading manifest file '../../build/mobile_robot/mobile_robot.egg-info/SOURCES.txt'
[1.230s] writing manifest file '../../build/mobile_robot/mobile_robot.egg-info/SOURCES.txt'
[1.230s] running build
[1.230s] running build_py
[1.231s] copying mobile_robot/test.py -> /home/russell/Autonomous_Robot/build/mobile_robot/build/lib/mobile_robot
[1.231s] running install
[1.236s] running install_lib
[1.260s] copying /home/russell/Autonomous_Robot/build/mobile_robot/build/lib/mobile_robot/test.py -> /home/russell/Autonomous_Robot/install/mobile_robot/lib/python3.12/site-packages/mobile_robot
[1.260s] byte-compiling /home/russell/Autonomous_Robot/install/mobile_robot/lib/python3.12/site-packages/mobile_robot/test.py to test.cpython-312.pyc
[1.261s] running install_data
[1.261s] running install_egg_info
[1.288s] removing '/home/russell/Autonomous_Robot/install/mobile_robot/lib/python3.12/site-packages/mobile_robot-0.0.0-py3.12.egg-info' (and everything under it)
[1.288s] Copying ../../build/mobile_robot/mobile_robot.egg-info to /home/russell/Autonomous_Robot/install/mobile_robot/lib/python3.12/site-packages/mobile_robot-0.0.0-py3.12.egg-info
[1.289s] running install_scripts
[1.436s] Installing publisher script to /home/russell/Autonomous_Robot/install/mobile_robot/lib/mobile_robot
[1.436s] writing list of installed files to '/home/russell/Autonomous_Robot/build/mobile_robot/install.log'
[1.468s] Invoked command in '/home/russell/Autonomous_Robot/src/mobile_robot' returned '0': DEBUGINFOD_URLS=https://debuginfod.ubuntu.com PYTHONPATH=/home/russell/Autonomous_Robot/build/mobile_robot/prefix_override:/usr/lib/python3/dist-packages/colcon_core/task/python/colcon_distutils_commands:/home/russell/Autonomous_Robot/install/mobile_robot/lib/python3.12/site-packages:${PYTHONPATH} /usr/bin/python3 -W ignore:setup.py install is deprecated -W ignore:easy_install command is deprecated setup.py egg_info --egg-base ../../build/mobile_robot build --build-base /home/russell/Autonomous_Robot/build/mobile_robot/build install --record /home/russell/Autonomous_Robot/build/mobile_robot/install.log --single-version-externally-managed install_data
