[4.829s] Invoking command in '/home/russe/Autonomous_Robot/src/mobile_robot': PYTHONPATH=/home/russe/Autonomous_Robot/build/mobile_robot/prefix_override:/usr/lib/python3/dist-packages/colcon_core/task/python/colcon_distutils_commands:/home/russe/Autonomous_Robot/install/mobile_robot/lib/python3.12/site-packages:${PYTHONPATH} /usr/bin/python3 -W ignore:setup.py install is deprecated -W ignore:easy_install command is deprecated setup.py egg_info --egg-base ../../build/mobile_robot build --build-base /home/russe/Autonomous_Robot/build/mobile_robot/build install --record /home/russe/Autonomous_Robot/build/mobile_robot/install.log --single-version-externally-managed install_data
[6.336s] running egg_info
[6.487s] writing ../../build/mobile_robot/mobile_robot.egg-info/PKG-INFO
[6.490s] writing dependency_links to ../../build/mobile_robot/mobile_robot.egg-info/dependency_links.txt
[6.499s] writing entry points to ../../build/mobile_robot/mobile_robot.egg-info/entry_points.txt
[6.505s] writing requirements to ../../build/mobile_robot/mobile_robot.egg-info/requires.txt
[6.505s] writing top-level names to ../../build/mobile_robot/mobile_robot.egg-info/top_level.txt
[6.754s] reading manifest file '../../build/mobile_robot/mobile_robot.egg-info/SOURCES.txt'
[6.764s] writing manifest file '../../build/mobile_robot/mobile_robot.egg-info/SOURCES.txt'
[6.764s] running build
[6.765s] running build_py
[6.770s] running install
[6.800s] running install_lib
[6.925s] running install_data
[6.928s] copying launch/execute.launch.py -> /home/russe/Autonomous_Robot/install/mobile_robot/share/mobile_robot/launch
[6.929s] running install_egg_info
[7.040s] removing '/home/russe/Autonomous_Robot/install/mobile_robot/lib/python3.12/site-packages/mobile_robot-0.0.0-py3.12.egg-info' (and everything under it)
[7.043s] Copying ../../build/mobile_robot/mobile_robot.egg-info to /home/russe/Autonomous_Robot/install/mobile_robot/lib/python3.12/site-packages/mobile_robot-0.0.0-py3.12.egg-info
[7.048s] running install_scripts
[7.814s] Installing auto_recharge_node script to /home/russe/Autonomous_Robot/install/mobile_robot/lib/mobile_robot
[7.814s] Installing avoid_while_interact script to /home/russe/Autonomous_Robot/install/mobile_robot/lib/mobile_robot
[7.814s] Installing battery_node script to /home/russe/Autonomous_Robot/install/mobile_robot/lib/mobile_robot
[7.815s] Installing bounce_2cylinders script to /home/russe/Autonomous_Robot/install/mobile_robot/lib/mobile_robot
[7.815s] Installing bounce_cylinder script to /home/russe/Autonomous_Robot/install/mobile_robot/lib/mobile_robot
[7.815s] Installing data_logger script to /home/russe/Autonomous_Robot/install/mobile_robot/lib/mobile_robot
[7.822s] Installing find script to /home/russe/Autonomous_Robot/install/mobile_robot/lib/mobile_robot
[7.823s] Installing guest_approach script to /home/russe/Autonomous_Robot/install/mobile_robot/lib/mobile_robot
[7.827s] Installing guest_find script to /home/russe/Autonomous_Robot/install/mobile_robot/lib/mobile_robot
[7.827s] Installing identify2 script to /home/russe/Autonomous_Robot/install/mobile_robot/lib/mobile_robot
[7.828s] Installing identify3 script to /home/russe/Autonomous_Robot/install/mobile_robot/lib/mobile_robot
[7.828s] Installing identify5 script to /home/russe/Autonomous_Robot/install/mobile_robot/lib/mobile_robot
[7.828s] Installing identify6 script to /home/russe/Autonomous_Robot/install/mobile_robot/lib/mobile_robot
[7.828s] Installing identify_move_supervisor script to /home/russe/Autonomous_Robot/install/mobile_robot/lib/mobile_robot
[7.829s] Installing move script to /home/russe/Autonomous_Robot/install/mobile_robot/lib/mobile_robot
[7.829s] Installing move2 script to /home/russe/Autonomous_Robot/install/mobile_robot/lib/mobile_robot
[7.829s] Installing move5 script to /home/russe/Autonomous_Robot/install/mobile_robot/lib/mobile_robot
[7.830s] Installing move6 script to /home/russe/Autonomous_Robot/install/mobile_robot/lib/mobile_robot
[7.833s] Installing rotate_90_degrees script to /home/russe/Autonomous_Robot/install/mobile_robot/lib/mobile_robot
[7.833s] Installing simple_avoid_obstacle script to /home/russe/Autonomous_Robot/install/mobile_robot/lib/mobile_robot
[7.834s] Installing simple_guest_approach script to /home/russe/Autonomous_Robot/install/mobile_robot/lib/mobile_robot
[7.834s] Installing simple_guest_find script to /home/russe/Autonomous_Robot/install/mobile_robot/lib/mobile_robot
[7.835s] Installing soft_obstacle_avoidance_node script to /home/russe/Autonomous_Robot/install/mobile_robot/lib/mobile_robot
[7.835s] Installing spin_head script to /home/russe/Autonomous_Robot/install/mobile_robot/lib/mobile_robot
[7.835s] Installing square_driver_with_logging script to /home/russe/Autonomous_Robot/install/mobile_robot/lib/mobile_robot
[7.836s] Installing test_publisher script to /home/russe/Autonomous_Robot/install/mobile_robot/lib/mobile_robot
[7.837s] writing list of installed files to '/home/russe/Autonomous_Robot/build/mobile_robot/install.log'
[7.944s] Invoked command in '/home/russe/Autonomous_Robot/src/mobile_robot' returned '0': PYTHONPATH=/home/russe/Autonomous_Robot/build/mobile_robot/prefix_override:/usr/lib/python3/dist-packages/colcon_core/task/python/colcon_distutils_commands:/home/russe/Autonomous_Robot/install/mobile_robot/lib/python3.12/site-packages:${PYTHONPATH} /usr/bin/python3 -W ignore:setup.py install is deprecated -W ignore:easy_install command is deprecated setup.py egg_info --egg-base ../../build/mobile_robot build --build-base /home/russe/Autonomous_Robot/build/mobile_robot/build install --record /home/russe/Autonomous_Robot/build/mobile_robot/install.log --single-version-externally-managed install_data
