[0.636s] Invoking command in '/home/russe/Autonomous_Robot/src/mobile_robot': PYTHONPATH=/home/russe/Autonomous_Robot/build/mobile_robot/prefix_override:/usr/lib/python3/dist-packages/colcon_core/task/python/colcon_distutils_commands:/home/russe/Autonomous_Robot/install/mobile_robot/lib/python3.12/site-packages:${PYTHONPATH} /usr/bin/python3 -W ignore:setup.py install is deprecated -W ignore:easy_install command is deprecated setup.py egg_info --egg-base ../../build/mobile_robot build --build-base /home/russe/Autonomous_Robot/build/mobile_robot/build install --record /home/russe/Autonomous_Robot/build/mobile_robot/install.log --single-version-externally-managed install_data
[0.831s] running egg_info
[0.846s] writing ../../build/mobile_robot/mobile_robot.egg-info/PKG-INFO
[0.847s] writing dependency_links to ../../build/mobile_robot/mobile_robot.egg-info/dependency_links.txt
[0.847s] writing entry points to ../../build/mobile_robot/mobile_robot.egg-info/entry_points.txt
[0.847s] writing requirements to ../../build/mobile_robot/mobile_robot.egg-info/requires.txt
[0.847s] writing top-level names to ../../build/mobile_robot/mobile_robot.egg-info/top_level.txt
[0.875s] reading manifest file '../../build/mobile_robot/mobile_robot.egg-info/SOURCES.txt'
[0.876s] writing manifest file '../../build/mobile_robot/mobile_robot.egg-info/SOURCES.txt'
[0.876s] running build
[0.876s] running build_py
[0.877s] running install
[0.882s] running install_lib
[0.897s] running install_data
[0.898s] copying worlds/arena2.py -> /home/russe/Autonomous_Robot/install/mobile_robot/share/mobile_robot/worlds
[0.898s] running install_egg_info
[0.913s] removing '/home/russe/Autonomous_Robot/install/mobile_robot/lib/python3.12/site-packages/mobile_robot-0.0.0-py3.12.egg-info' (and everything under it)
[0.913s] Copying ../../build/mobile_robot/mobile_robot.egg-info to /home/russe/Autonomous_Robot/install/mobile_robot/lib/python3.12/site-packages/mobile_robot-0.0.0-py3.12.egg-info
[0.914s] running install_scripts
[1.009s] Installing auto_recharge_node script to /home/russe/Autonomous_Robot/install/mobile_robot/lib/mobile_robot
[1.009s] Installing avoid_while_interact script to /home/russe/Autonomous_Robot/install/mobile_robot/lib/mobile_robot
[1.009s] Installing battery_node script to /home/russe/Autonomous_Robot/install/mobile_robot/lib/mobile_robot
[1.009s] Installing bounce_2cylinders script to /home/russe/Autonomous_Robot/install/mobile_robot/lib/mobile_robot
[1.009s] Installing bounce_cylinder script to /home/russe/Autonomous_Robot/install/mobile_robot/lib/mobile_robot
[1.009s] Installing find script to /home/russe/Autonomous_Robot/install/mobile_robot/lib/mobile_robot
[1.010s] Installing guest_approach script to /home/russe/Autonomous_Robot/install/mobile_robot/lib/mobile_robot
[1.010s] Installing guest_find script to /home/russe/Autonomous_Robot/install/mobile_robot/lib/mobile_robot
[1.010s] Installing identify2 script to /home/russe/Autonomous_Robot/install/mobile_robot/lib/mobile_robot
[1.010s] Installing identify3 script to /home/russe/Autonomous_Robot/install/mobile_robot/lib/mobile_robot
[1.010s] Installing identify5 script to /home/russe/Autonomous_Robot/install/mobile_robot/lib/mobile_robot
[1.010s] Installing identify6 script to /home/russe/Autonomous_Robot/install/mobile_robot/lib/mobile_robot
[1.010s] Installing identify_move_supervisor script to /home/russe/Autonomous_Robot/install/mobile_robot/lib/mobile_robot
[1.010s] Installing move script to /home/russe/Autonomous_Robot/install/mobile_robot/lib/mobile_robot
[1.010s] Installing move2 script to /home/russe/Autonomous_Robot/install/mobile_robot/lib/mobile_robot
[1.011s] Installing move5 script to /home/russe/Autonomous_Robot/install/mobile_robot/lib/mobile_robot
[1.011s] Installing move6 script to /home/russe/Autonomous_Robot/install/mobile_robot/lib/mobile_robot
[1.011s] Installing rotate_90_degrees script to /home/russe/Autonomous_Robot/install/mobile_robot/lib/mobile_robot
[1.011s] Installing simple_avoid_obstacle script to /home/russe/Autonomous_Robot/install/mobile_robot/lib/mobile_robot
[1.011s] Installing simple_guest_approach script to /home/russe/Autonomous_Robot/install/mobile_robot/lib/mobile_robot
[1.011s] Installing simple_guest_find script to /home/russe/Autonomous_Robot/install/mobile_robot/lib/mobile_robot
[1.012s] Installing soft_obstacle_avoidance_node script to /home/russe/Autonomous_Robot/install/mobile_robot/lib/mobile_robot
[1.012s] Installing spin_head script to /home/russe/Autonomous_Robot/install/mobile_robot/lib/mobile_robot
[1.012s] Installing square_driver_with_logging script to /home/russe/Autonomous_Robot/install/mobile_robot/lib/mobile_robot
[1.012s] Installing test_publisher script to /home/russe/Autonomous_Robot/install/mobile_robot/lib/mobile_robot
[1.012s] writing list of installed files to '/home/russe/Autonomous_Robot/build/mobile_robot/install.log'
[1.035s] Invoked command in '/home/russe/Autonomous_Robot/src/mobile_robot' returned '0': PYTHONPATH=/home/russe/Autonomous_Robot/build/mobile_robot/prefix_override:/usr/lib/python3/dist-packages/colcon_core/task/python/colcon_distutils_commands:/home/russe/Autonomous_Robot/install/mobile_robot/lib/python3.12/site-packages:${PYTHONPATH} /usr/bin/python3 -W ignore:setup.py install is deprecated -W ignore:easy_install command is deprecated setup.py egg_info --egg-base ../../build/mobile_robot build --build-base /home/russe/Autonomous_Robot/build/mobile_robot/build install --record /home/russe/Autonomous_Robot/build/mobile_robot/install.log --single-version-externally-managed install_data
