[0.773s] DEBUG:colcon:Command line arguments: ['/usr/bin/colcon', 'build']
[0.773s] DEBUG:colcon:Parsed command line arguments: Namespace(log_base=None, log_level=None, verb_name='build', build_base='build', install_base='install', merge_install=False, symlink_install=False, test_result_base=None, continue_on_error=False, executor='parallel', parallel_workers=8, event_handlers=None, ignore_user_meta=False, metas=['./colcon.meta'], base_paths=['.'], packages_ignore=None, packages_ignore_regex=None, paths=None, packages_up_to=None, packages_up_to_regex=None, packages_above=None, packages_above_and_dependencies=None, packages_above_depth=None, packages_select_by_dep=None, packages_skip_by_dep=None, packages_skip_up_to=None, packages_select_build_failed=False, packages_skip_build_finished=False, packages_select_test_failures=False, packages_skip_test_passed=False, packages_select=None, packages_skip=None, packages_select_regex=None, packages_skip_regex=None, packages_start=None, packages_end=None, allow_overriding=[], cmake_args=None, cmake_target=None, cmake_target_skip_unavailable=False, cmake_clean_cache=False, cmake_clean_first=False, cmake_force_configure=False, ament_cmake_args=None, catkin_cmake_args=None, catkin_skip_building_tests=False, mixin_files=None, mixin=None, verb_parser=<colcon_mixin.mixin.mixin_argument.MixinArgumentDecorator object at 0x7a53eac816d0>, verb_extension=<colcon_core.verb.build.BuildVerb object at 0x7a53eac81340>, main=<bound method BuildVerb.main of <colcon_core.verb.build.BuildVerb object at 0x7a53eac81340>>, mixin_verb=('build',))
[0.986s] Level 1:colcon.colcon_core.package_discovery:discover_packages(colcon_meta) check parameters
[0.986s] Level 1:colcon.colcon_core.package_discovery:discover_packages(recursive) check parameters
[0.986s] Level 1:colcon.colcon_core.package_discovery:discover_packages(ignore) check parameters
[0.986s] Level 1:colcon.colcon_core.package_discovery:discover_packages(path) check parameters
[0.986s] Level 1:colcon.colcon_core.package_discovery:discover_packages(colcon_meta) discover
[0.987s] Level 1:colcon.colcon_core.package_discovery:discover_packages(recursive) discover
[0.987s] INFO:colcon.colcon_core.package_discovery:Crawling recursively for packages in '/home/russe/Autonomous_Robot'
[0.987s] Level 1:colcon.colcon_core.package_identification:_identify(.) by extensions ['ignore', 'ignore_ament_install']
[0.987s] Level 1:colcon.colcon_core.package_identification:_identify(.) by extension 'ignore'
[0.987s] Level 1:colcon.colcon_core.package_identification:_identify(.) by extension 'ignore_ament_install'
[0.987s] Level 1:colcon.colcon_core.package_identification:_identify(.) by extensions ['colcon_pkg']
[0.987s] Level 1:colcon.colcon_core.package_identification:_identify(.) by extension 'colcon_pkg'
[0.988s] Level 1:colcon.colcon_core.package_identification:_identify(.) by extensions ['colcon_meta']
[0.988s] Level 1:colcon.colcon_core.package_identification:_identify(.) by extension 'colcon_meta'
[0.988s] Level 1:colcon.colcon_core.package_identification:_identify(.) by extensions ['ros']
[0.988s] Level 1:colcon.colcon_core.package_identification:_identify(.) by extension 'ros'
[1.111s] Level 1:colcon.colcon_core.package_identification:_identify(.) by extensions ['cmake', 'python']
[1.112s] Level 1:colcon.colcon_core.package_identification:_identify(.) by extension 'cmake'
[1.112s] Level 1:colcon.colcon_core.package_identification:_identify(.) by extension 'python'
[1.112s] Level 1:colcon.colcon_core.package_identification:_identify(.) by extensions ['python_setup_py']
[1.112s] Level 1:colcon.colcon_core.package_identification:_identify(.) by extension 'python_setup_py'
[1.112s] Level 1:colcon.colcon_core.package_identification:_identify(build) by extensions ['ignore', 'ignore_ament_install']
[1.113s] Level 1:colcon.colcon_core.package_identification:_identify(build) by extension 'ignore'
[1.113s] Level 1:colcon.colcon_core.package_identification:_identify(build) ignored
[1.113s] Level 1:colcon.colcon_core.package_identification:_identify(install) by extensions ['ignore', 'ignore_ament_install']
[1.114s] Level 1:colcon.colcon_core.package_identification:_identify(install) by extension 'ignore'
[1.114s] Level 1:colcon.colcon_core.package_identification:_identify(install) ignored
[1.115s] Level 1:colcon.colcon_core.package_identification:_identify(log) by extensions ['ignore', 'ignore_ament_install']
[1.115s] Level 1:colcon.colcon_core.package_identification:_identify(log) by extension 'ignore'
[1.115s] Level 1:colcon.colcon_core.package_identification:_identify(log) ignored
[1.116s] Level 1:colcon.colcon_core.package_identification:_identify(src) by extensions ['ignore', 'ignore_ament_install']
[1.116s] Level 1:colcon.colcon_core.package_identification:_identify(src) by extension 'ignore'
[1.116s] Level 1:colcon.colcon_core.package_identification:_identify(src) by extension 'ignore_ament_install'
[1.116s] Level 1:colcon.colcon_core.package_identification:_identify(src) by extensions ['colcon_pkg']
[1.116s] Level 1:colcon.colcon_core.package_identification:_identify(src) by extension 'colcon_pkg'
[1.117s] Level 1:colcon.colcon_core.package_identification:_identify(src) by extensions ['colcon_meta']
[1.117s] Level 1:colcon.colcon_core.package_identification:_identify(src) by extension 'colcon_meta'
[1.117s] Level 1:colcon.colcon_core.package_identification:_identify(src) by extensions ['ros']
[1.117s] Level 1:colcon.colcon_core.package_identification:_identify(src) by extension 'ros'
[1.117s] Level 1:colcon.colcon_core.package_identification:_identify(src) by extensions ['cmake', 'python']
[1.117s] Level 1:colcon.colcon_core.package_identification:_identify(src) by extension 'cmake'
[1.117s] Level 1:colcon.colcon_core.package_identification:_identify(src) by extension 'python'
[1.117s] Level 1:colcon.colcon_core.package_identification:_identify(src) by extensions ['python_setup_py']
[1.117s] Level 1:colcon.colcon_core.package_identification:_identify(src) by extension 'python_setup_py'
[1.118s] Level 1:colcon.colcon_core.package_identification:_identify(src/build) by extensions ['ignore', 'ignore_ament_install']
[1.118s] Level 1:colcon.colcon_core.package_identification:_identify(src/build) by extension 'ignore'
[1.118s] Level 1:colcon.colcon_core.package_identification:_identify(src/build) ignored
[1.118s] Level 1:colcon.colcon_core.package_identification:_identify(src/gazebo_differential_drive_robot) by extensions ['ignore', 'ignore_ament_install']
[1.118s] Level 1:colcon.colcon_core.package_identification:_identify(src/gazebo_differential_drive_robot) by extension 'ignore'
[1.119s] Level 1:colcon.colcon_core.package_identification:_identify(src/gazebo_differential_drive_robot) by extension 'ignore_ament_install'
[1.119s] Level 1:colcon.colcon_core.package_identification:_identify(src/gazebo_differential_drive_robot) by extensions ['colcon_pkg']
[1.119s] Level 1:colcon.colcon_core.package_identification:_identify(src/gazebo_differential_drive_robot) by extension 'colcon_pkg'
[1.119s] Level 1:colcon.colcon_core.package_identification:_identify(src/gazebo_differential_drive_robot) by extensions ['colcon_meta']
[1.119s] Level 1:colcon.colcon_core.package_identification:_identify(src/gazebo_differential_drive_robot) by extension 'colcon_meta'
[1.119s] Level 1:colcon.colcon_core.package_identification:_identify(src/gazebo_differential_drive_robot) by extensions ['ros']
[1.119s] Level 1:colcon.colcon_core.package_identification:_identify(src/gazebo_differential_drive_robot) by extension 'ros'
[1.136s] DEBUG:colcon.colcon_core.package_identification:Package 'src/gazebo_differential_drive_robot' with type 'ros.ament_cmake' and name 'gazebo_differential_drive_robot'
[1.136s] Level 1:colcon.colcon_core.package_identification:_identify(src/install) by extensions ['ignore', 'ignore_ament_install']
[1.137s] Level 1:colcon.colcon_core.package_identification:_identify(src/install) by extension 'ignore'
[1.137s] Level 1:colcon.colcon_core.package_identification:_identify(src/install) ignored
[1.137s] Level 1:colcon.colcon_core.package_identification:_identify(src/log) by extensions ['ignore', 'ignore_ament_install']
[1.137s] Level 1:colcon.colcon_core.package_identification:_identify(src/log) by extension 'ignore'
[1.137s] Level 1:colcon.colcon_core.package_identification:_identify(src/log) ignored
[1.137s] Level 1:colcon.colcon_core.package_identification:_identify(src/mobile_robot) by extensions ['ignore', 'ignore_ament_install']
[1.138s] Level 1:colcon.colcon_core.package_identification:_identify(src/mobile_robot) by extension 'ignore'
[1.138s] Level 1:colcon.colcon_core.package_identification:_identify(src/mobile_robot) by extension 'ignore_ament_install'
[1.139s] Level 1:colcon.colcon_core.package_identification:_identify(src/mobile_robot) by extensions ['colcon_pkg']
[1.139s] Level 1:colcon.colcon_core.package_identification:_identify(src/mobile_robot) by extension 'colcon_pkg'
[1.139s] Level 1:colcon.colcon_core.package_identification:_identify(src/mobile_robot) by extensions ['colcon_meta']
[1.139s] Level 1:colcon.colcon_core.package_identification:_identify(src/mobile_robot) by extension 'colcon_meta'
[1.139s] Level 1:colcon.colcon_core.package_identification:_identify(src/mobile_robot) by extensions ['ros']
[1.139s] Level 1:colcon.colcon_core.package_identification:_identify(src/mobile_robot) by extension 'ros'
[1.142s] DEBUG:colcon.colcon_core.package_identification:Package 'src/mobile_robot' with type 'ros.ament_python' and name 'mobile_robot'
[1.142s] Level 1:colcon.colcon_core.package_discovery:discover_packages(recursive) using defaults
[1.142s] Level 1:colcon.colcon_core.package_discovery:discover_packages(ignore) discover
[1.142s] Level 1:colcon.colcon_core.package_discovery:discover_packages(ignore) using defaults
[1.142s] Level 1:colcon.colcon_core.package_discovery:discover_packages(path) discover
[1.143s] Level 1:colcon.colcon_core.package_discovery:discover_packages(path) using defaults
[1.252s] Level 1:colcon.colcon_core.package_discovery:discover_packages(prefix_path) check parameters
[1.252s] Level 1:colcon.colcon_core.package_discovery:discover_packages(prefix_path) discover
[1.259s] DEBUG:colcon.colcon_installed_package_information.package_discovery:Found 322 installed packages in /opt/ros/jazzy
[1.262s] Level 1:colcon.colcon_core.package_discovery:discover_packages(prefix_path) using defaults
[1.525s] Level 5:colcon.colcon_core.verb:set package 'gazebo_differential_drive_robot' build argument 'cmake_args' from command line to 'None'
[1.526s] Level 5:colcon.colcon_core.verb:set package 'gazebo_differential_drive_robot' build argument 'cmake_target' from command line to 'None'
[1.526s] Level 5:colcon.colcon_core.verb:set package 'gazebo_differential_drive_robot' build argument 'cmake_target_skip_unavailable' from command line to 'False'
[1.526s] Level 5:colcon.colcon_core.verb:set package 'gazebo_differential_drive_robot' build argument 'cmake_clean_cache' from command line to 'False'
[1.526s] Level 5:colcon.colcon_core.verb:set package 'gazebo_differential_drive_robot' build argument 'cmake_clean_first' from command line to 'False'
[1.526s] Level 5:colcon.colcon_core.verb:set package 'gazebo_differential_drive_robot' build argument 'cmake_force_configure' from command line to 'False'
[1.526s] Level 5:colcon.colcon_core.verb:set package 'gazebo_differential_drive_robot' build argument 'ament_cmake_args' from command line to 'None'
[1.526s] Level 5:colcon.colcon_core.verb:set package 'gazebo_differential_drive_robot' build argument 'catkin_cmake_args' from command line to 'None'
[1.526s] Level 5:colcon.colcon_core.verb:set package 'gazebo_differential_drive_robot' build argument 'catkin_skip_building_tests' from command line to 'False'
[1.527s] DEBUG:colcon.colcon_core.verb:Building package 'gazebo_differential_drive_robot' with the following arguments: {'ament_cmake_args': None, 'build_base': '/home/russe/Autonomous_Robot/build/gazebo_differential_drive_robot', 'catkin_cmake_args': None, 'catkin_skip_building_tests': False, 'cmake_args': None, 'cmake_clean_cache': False, 'cmake_clean_first': False, 'cmake_force_configure': False, 'cmake_target': None, 'cmake_target_skip_unavailable': False, 'install_base': '/home/russe/Autonomous_Robot/install/gazebo_differential_drive_robot', 'merge_install': False, 'path': '/home/russe/Autonomous_Robot/src/gazebo_differential_drive_robot', 'symlink_install': False, 'test_result_base': None}
[1.528s] Level 5:colcon.colcon_core.verb:set package 'mobile_robot' build argument 'cmake_args' from command line to 'None'
[1.528s] Level 5:colcon.colcon_core.verb:set package 'mobile_robot' build argument 'cmake_target' from command line to 'None'
[1.528s] Level 5:colcon.colcon_core.verb:set package 'mobile_robot' build argument 'cmake_target_skip_unavailable' from command line to 'False'
[1.528s] Level 5:colcon.colcon_core.verb:set package 'mobile_robot' build argument 'cmake_clean_cache' from command line to 'False'
[1.528s] Level 5:colcon.colcon_core.verb:set package 'mobile_robot' build argument 'cmake_clean_first' from command line to 'False'
[1.528s] Level 5:colcon.colcon_core.verb:set package 'mobile_robot' build argument 'cmake_force_configure' from command line to 'False'
[1.528s] Level 5:colcon.colcon_core.verb:set package 'mobile_robot' build argument 'ament_cmake_args' from command line to 'None'
[1.528s] Level 5:colcon.colcon_core.verb:set package 'mobile_robot' build argument 'catkin_cmake_args' from command line to 'None'
[1.528s] Level 5:colcon.colcon_core.verb:set package 'mobile_robot' build argument 'catkin_skip_building_tests' from command line to 'False'
[1.528s] DEBUG:colcon.colcon_core.verb:Building package 'mobile_robot' with the following arguments: {'ament_cmake_args': None, 'build_base': '/home/russe/Autonomous_Robot/build/mobile_robot', 'catkin_cmake_args': None, 'catkin_skip_building_tests': False, 'cmake_args': None, 'cmake_clean_cache': False, 'cmake_clean_first': False, 'cmake_force_configure': False, 'cmake_target': None, 'cmake_target_skip_unavailable': False, 'install_base': '/home/russe/Autonomous_Robot/install/mobile_robot', 'merge_install': False, 'path': '/home/russe/Autonomous_Robot/src/mobile_robot', 'symlink_install': False, 'test_result_base': None}
[1.529s] INFO:colcon.colcon_core.executor:Executing jobs using 'parallel' executor
[1.533s] DEBUG:colcon.colcon_parallel_executor.executor.parallel:run_until_complete
[1.537s] INFO:colcon.colcon_ros.task.ament_cmake.build:Building ROS package in '/home/russe/Autonomous_Robot/src/gazebo_differential_drive_robot' with build type 'ament_cmake'
[1.538s] INFO:colcon.colcon_cmake.task.cmake.build:Building CMake package in '/home/russe/Autonomous_Robot/src/gazebo_differential_drive_robot'
[1.550s] INFO:colcon.colcon_core.plugin_system:Skipping extension 'colcon_core.shell.bat': Not used on non-Windows systems
[1.550s] INFO:colcon.colcon_core.shell:Skip shell extension 'powershell' for command environment: Not usable outside of PowerShell
[1.550s] DEBUG:colcon.colcon_core.shell:Skip shell extension 'dsv' for command environment
[1.570s] INFO:colcon.colcon_ros.task.ament_python.build:Building ROS package in '/home/russe/Autonomous_Robot/src/mobile_robot' with build type 'ament_python'
[1.571s] Level 1:colcon.colcon_core.shell:create_environment_hook('mobile_robot', 'ament_prefix_path')
[1.572s] INFO:colcon.colcon_core.shell:Creating environment hook '/home/russe/Autonomous_Robot/install/mobile_robot/share/mobile_robot/hook/ament_prefix_path.ps1'
[1.577s] INFO:colcon.colcon_core.shell:Creating environment descriptor '/home/russe/Autonomous_Robot/install/mobile_robot/share/mobile_robot/hook/ament_prefix_path.dsv'
[1.583s] INFO:colcon.colcon_core.shell:Creating environment hook '/home/russe/Autonomous_Robot/install/mobile_robot/share/mobile_robot/hook/ament_prefix_path.sh'
[1.586s] INFO:colcon.colcon_core.shell:Skip shell extension 'powershell' for command environment: Not usable outside of PowerShell
[1.586s] DEBUG:colcon.colcon_core.shell:Skip shell extension 'dsv' for command environment
[1.609s] DEBUG:colcon.colcon_core.event_handler.log_command:Invoking command in '/home/russe/Autonomous_Robot/build/gazebo_differential_drive_robot': CMAKE_PREFIX_PATH=${CMAKE_PREFIX_PATH}:/opt/ros/jazzy /usr/bin/cmake --build /home/russe/Autonomous_Robot/build/gazebo_differential_drive_robot -- -j8 -l8
[2.782s] INFO:colcon.colcon_core.task.python.build:Building Python package in '/home/russe/Autonomous_Robot/src/mobile_robot'
[2.782s] INFO:colcon.colcon_core.shell:Skip shell extension 'powershell' for command environment: Not usable outside of PowerShell
[2.783s] DEBUG:colcon.colcon_core.shell:Skip shell extension 'dsv' for command environment
[2.816s] DEBUG:colcon.colcon_core.event_handler.log_command:Invoked command in '/home/russe/Autonomous_Robot/build/gazebo_differential_drive_robot' returned '0': CMAKE_PREFIX_PATH=${CMAKE_PREFIX_PATH}:/opt/ros/jazzy /usr/bin/cmake --build /home/russe/Autonomous_Robot/build/gazebo_differential_drive_robot -- -j8 -l8
[2.886s] DEBUG:colcon.colcon_core.event_handler.log_command:Invoking command in '/home/russe/Autonomous_Robot/build/gazebo_differential_drive_robot': CMAKE_PREFIX_PATH=${CMAKE_PREFIX_PATH}:/opt/ros/jazzy /usr/bin/cmake --install /home/russe/Autonomous_Robot/build/gazebo_differential_drive_robot
[2.982s] Level 1:colcon.colcon_core.environment:create_environment_scripts_only(gazebo_differential_drive_robot)
[2.995s] Level 1:colcon.colcon_core.environment:checking '/home/russe/Autonomous_Robot/install/gazebo_differential_drive_robot' for CMake module files
[2.995s] DEBUG:colcon.colcon_core.event_handler.log_command:Invoked command in '/home/russe/Autonomous_Robot/build/gazebo_differential_drive_robot' returned '0': CMAKE_PREFIX_PATH=${CMAKE_PREFIX_PATH}:/opt/ros/jazzy /usr/bin/cmake --install /home/russe/Autonomous_Robot/build/gazebo_differential_drive_robot
[2.997s] Level 1:colcon.colcon_core.environment:checking '/home/russe/Autonomous_Robot/install/gazebo_differential_drive_robot' for CMake config files
[3.006s] Level 1:colcon.colcon_core.shell:create_environment_hook('gazebo_differential_drive_robot', 'cmake_prefix_path')
[3.010s] INFO:colcon.colcon_core.shell:Creating environment hook '/home/russe/Autonomous_Robot/install/gazebo_differential_drive_robot/share/gazebo_differential_drive_robot/hook/cmake_prefix_path.ps1'
[3.011s] INFO:colcon.colcon_core.shell:Creating environment descriptor '/home/russe/Autonomous_Robot/install/gazebo_differential_drive_robot/share/gazebo_differential_drive_robot/hook/cmake_prefix_path.dsv'
[3.012s] INFO:colcon.colcon_core.shell:Creating environment hook '/home/russe/Autonomous_Robot/install/gazebo_differential_drive_robot/share/gazebo_differential_drive_robot/hook/cmake_prefix_path.sh'
[3.019s] Level 1:colcon.colcon_core.environment:checking '/home/russe/Autonomous_Robot/install/gazebo_differential_drive_robot/lib'
[3.020s] Level 1:colcon.colcon_core.environment:checking '/home/russe/Autonomous_Robot/install/gazebo_differential_drive_robot/bin'
[3.020s] Level 1:colcon.colcon_core.environment:checking '/home/russe/Autonomous_Robot/install/gazebo_differential_drive_robot/lib/pkgconfig/gazebo_differential_drive_robot.pc'
[3.021s] Level 1:colcon.colcon_core.environment:checking '/home/russe/Autonomous_Robot/install/gazebo_differential_drive_robot/lib/python3.12/site-packages'
[3.022s] Level 1:colcon.colcon_core.environment:checking '/home/russe/Autonomous_Robot/install/gazebo_differential_drive_robot/bin'
[3.023s] INFO:colcon.colcon_core.shell:Creating package script '/home/russe/Autonomous_Robot/install/gazebo_differential_drive_robot/share/gazebo_differential_drive_robot/package.ps1'
[3.029s] INFO:colcon.colcon_core.shell:Creating package descriptor '/home/russe/Autonomous_Robot/install/gazebo_differential_drive_robot/share/gazebo_differential_drive_robot/package.dsv'
[3.030s] INFO:colcon.colcon_core.shell:Creating package script '/home/russe/Autonomous_Robot/install/gazebo_differential_drive_robot/share/gazebo_differential_drive_robot/package.sh'
[3.036s] INFO:colcon.colcon_core.shell:Creating package script '/home/russe/Autonomous_Robot/install/gazebo_differential_drive_robot/share/gazebo_differential_drive_robot/package.bash'
[3.038s] INFO:colcon.colcon_core.shell:Creating package script '/home/russe/Autonomous_Robot/install/gazebo_differential_drive_robot/share/gazebo_differential_drive_robot/package.zsh'
[3.051s] Level 1:colcon.colcon_core.environment:create_file_with_runtime_dependencies(/home/russe/Autonomous_Robot/install/gazebo_differential_drive_robot/share/colcon-core/packages/gazebo_differential_drive_robot)
[3.058s] Level 1:colcon.colcon_core.environment:create_environment_scripts_only(gazebo_differential_drive_robot)
[3.062s] Level 1:colcon.colcon_core.environment:checking '/home/russe/Autonomous_Robot/install/gazebo_differential_drive_robot' for CMake module files
[3.065s] Level 1:colcon.colcon_core.environment:checking '/home/russe/Autonomous_Robot/install/gazebo_differential_drive_robot' for CMake config files
[3.066s] Level 1:colcon.colcon_core.shell:create_environment_hook('gazebo_differential_drive_robot', 'cmake_prefix_path')
[3.067s] INFO:colcon.colcon_core.shell:Creating environment hook '/home/russe/Autonomous_Robot/install/gazebo_differential_drive_robot/share/gazebo_differential_drive_robot/hook/cmake_prefix_path.ps1'
[3.073s] INFO:colcon.colcon_core.shell:Creating environment descriptor '/home/russe/Autonomous_Robot/install/gazebo_differential_drive_robot/share/gazebo_differential_drive_robot/hook/cmake_prefix_path.dsv'
[3.074s] INFO:colcon.colcon_core.shell:Creating environment hook '/home/russe/Autonomous_Robot/install/gazebo_differential_drive_robot/share/gazebo_differential_drive_robot/hook/cmake_prefix_path.sh'
[3.076s] Level 1:colcon.colcon_core.environment:checking '/home/russe/Autonomous_Robot/install/gazebo_differential_drive_robot/lib'
[3.087s] Level 1:colcon.colcon_core.environment:checking '/home/russe/Autonomous_Robot/install/gazebo_differential_drive_robot/bin'
[3.088s] Level 1:colcon.colcon_core.environment:checking '/home/russe/Autonomous_Robot/install/gazebo_differential_drive_robot/lib/pkgconfig/gazebo_differential_drive_robot.pc'
[3.088s] Level 1:colcon.colcon_core.environment:checking '/home/russe/Autonomous_Robot/install/gazebo_differential_drive_robot/lib/python3.12/site-packages'
[3.089s] Level 1:colcon.colcon_core.environment:checking '/home/russe/Autonomous_Robot/install/gazebo_differential_drive_robot/bin'
[3.090s] INFO:colcon.colcon_core.shell:Creating package script '/home/russe/Autonomous_Robot/install/gazebo_differential_drive_robot/share/gazebo_differential_drive_robot/package.ps1'
[3.091s] INFO:colcon.colcon_core.shell:Creating package descriptor '/home/russe/Autonomous_Robot/install/gazebo_differential_drive_robot/share/gazebo_differential_drive_robot/package.dsv'
[3.092s] INFO:colcon.colcon_core.shell:Creating package script '/home/russe/Autonomous_Robot/install/gazebo_differential_drive_robot/share/gazebo_differential_drive_robot/package.sh'
[3.093s] INFO:colcon.colcon_core.shell:Creating package script '/home/russe/Autonomous_Robot/install/gazebo_differential_drive_robot/share/gazebo_differential_drive_robot/package.bash'
[3.094s] INFO:colcon.colcon_core.shell:Creating package script '/home/russe/Autonomous_Robot/install/gazebo_differential_drive_robot/share/gazebo_differential_drive_robot/package.zsh'
[3.102s] Level 1:colcon.colcon_core.environment:create_file_with_runtime_dependencies(/home/russe/Autonomous_Robot/install/gazebo_differential_drive_robot/share/colcon-core/packages/gazebo_differential_drive_robot)
[5.555s] DEBUG:colcon.colcon_core.event_handler.log_command:Invoking command in '/home/russe/Autonomous_Robot/src/mobile_robot': PYTHONPATH=/home/russe/Autonomous_Robot/build/mobile_robot/prefix_override:/usr/lib/python3/dist-packages/colcon_core/task/python/colcon_distutils_commands:/home/russe/Autonomous_Robot/install/mobile_robot/lib/python3.12/site-packages:${PYTHONPATH} /usr/bin/python3 -W ignore:setup.py install is deprecated -W ignore:easy_install command is deprecated setup.py egg_info --egg-base ../../build/mobile_robot build --build-base /home/russe/Autonomous_Robot/build/mobile_robot/build install --record /home/russe/Autonomous_Robot/build/mobile_robot/install.log --single-version-externally-managed install_data
[8.293s] Level 1:colcon.colcon_core.environment:checking '/home/russe/Autonomous_Robot/install/mobile_robot' for CMake module files
[8.296s] Level 1:colcon.colcon_core.environment:checking '/home/russe/Autonomous_Robot/install/mobile_robot' for CMake config files
[8.294s] DEBUG:colcon.colcon_core.event_handler.log_command:Invoked command in '/home/russe/Autonomous_Robot/src/mobile_robot' returned '0': PYTHONPATH=/home/russe/Autonomous_Robot/build/mobile_robot/prefix_override:/usr/lib/python3/dist-packages/colcon_core/task/python/colcon_distutils_commands:/home/russe/Autonomous_Robot/install/mobile_robot/lib/python3.12/site-packages:${PYTHONPATH} /usr/bin/python3 -W ignore:setup.py install is deprecated -W ignore:easy_install command is deprecated setup.py egg_info --egg-base ../../build/mobile_robot build --build-base /home/russe/Autonomous_Robot/build/mobile_robot/build install --record /home/russe/Autonomous_Robot/build/mobile_robot/install.log --single-version-externally-managed install_data
[8.307s] Level 1:colcon.colcon_core.environment:checking '/home/russe/Autonomous_Robot/install/mobile_robot/lib'
[8.307s] Level 1:colcon.colcon_core.environment:checking '/home/russe/Autonomous_Robot/install/mobile_robot/bin'
[8.307s] Level 1:colcon.colcon_core.environment:checking '/home/russe/Autonomous_Robot/install/mobile_robot/lib/pkgconfig/mobile_robot.pc'
[8.308s] Level 1:colcon.colcon_core.environment:checking '/home/russe/Autonomous_Robot/install/mobile_robot/lib/python3.12/site-packages'
[8.308s] Level 1:colcon.colcon_core.shell:create_environment_hook('mobile_robot', 'pythonpath')
[8.309s] INFO:colcon.colcon_core.shell:Creating environment hook '/home/russe/Autonomous_Robot/install/mobile_robot/share/mobile_robot/hook/pythonpath.ps1'
[8.314s] INFO:colcon.colcon_core.shell:Creating environment descriptor '/home/russe/Autonomous_Robot/install/mobile_robot/share/mobile_robot/hook/pythonpath.dsv'
[8.315s] INFO:colcon.colcon_core.shell:Creating environment hook '/home/russe/Autonomous_Robot/install/mobile_robot/share/mobile_robot/hook/pythonpath.sh'
[8.322s] Level 1:colcon.colcon_core.environment:checking '/home/russe/Autonomous_Robot/install/mobile_robot/bin'
[8.322s] Level 1:colcon.colcon_core.environment:create_environment_scripts_only(mobile_robot)
[8.323s] INFO:colcon.colcon_core.shell:Creating package script '/home/russe/Autonomous_Robot/install/mobile_robot/share/mobile_robot/package.ps1'
[8.324s] INFO:colcon.colcon_core.shell:Creating package descriptor '/home/russe/Autonomous_Robot/install/mobile_robot/share/mobile_robot/package.dsv'
[8.325s] INFO:colcon.colcon_core.shell:Creating package script '/home/russe/Autonomous_Robot/install/mobile_robot/share/mobile_robot/package.sh'
[8.331s] INFO:colcon.colcon_core.shell:Creating package script '/home/russe/Autonomous_Robot/install/mobile_robot/share/mobile_robot/package.bash'
[8.332s] INFO:colcon.colcon_core.shell:Creating package script '/home/russe/Autonomous_Robot/install/mobile_robot/share/mobile_robot/package.zsh'
[8.333s] Level 1:colcon.colcon_core.environment:create_file_with_runtime_dependencies(/home/russe/Autonomous_Robot/install/mobile_robot/share/colcon-core/packages/mobile_robot)
[8.338s] DEBUG:colcon.colcon_parallel_executor.executor.parallel:closing loop
[8.339s] DEBUG:colcon.colcon_parallel_executor.executor.parallel:loop closed
[8.339s] DEBUG:colcon.colcon_parallel_executor.executor.parallel:run_until_complete finished with '0'
[8.339s] DEBUG:colcon.colcon_core.event_reactor:joining thread
[8.441s] INFO:colcon.colcon_core.plugin_system:Skipping extension 'colcon_notification.desktop_notification.notify_send': Could not find 'notify-send'
[8.442s] INFO:colcon.colcon_core.plugin_system:Skipping extension 'colcon_notification.desktop_notification.terminal_notifier': Not used on non-Darwin systems
[8.442s] INFO:colcon.colcon_core.plugin_system:Skipping extension 'colcon_notification.desktop_notification.win32': Not used on non-Windows systems
[8.442s] INFO:colcon.colcon_notification.desktop_notification:Sending desktop notification using 'notify2'
[8.447s] DEBUG:colcon.colcon_notification.desktop_notification.notify2:Failed to initialize notify2: org.freedesktop.DBus.Error.ServiceUnknown: The name org.freedesktop.Notifications was not provided by any .service files
[8.447s] DEBUG:colcon.colcon_core.event_reactor:joined thread
[8.448s] INFO:colcon.colcon_core.shell:Creating prefix script '/home/russe/Autonomous_Robot/install/local_setup.ps1'
[8.450s] INFO:colcon.colcon_core.shell:Creating prefix util module '/home/russe/Autonomous_Robot/install/_local_setup_util_ps1.py'
[8.454s] INFO:colcon.colcon_core.shell:Creating prefix chain script '/home/russe/Autonomous_Robot/install/setup.ps1'
[8.457s] INFO:colcon.colcon_core.shell:Creating prefix script '/home/russe/Autonomous_Robot/install/local_setup.sh'
[8.462s] INFO:colcon.colcon_core.shell:Creating prefix util module '/home/russe/Autonomous_Robot/install/_local_setup_util_sh.py'
[8.464s] INFO:colcon.colcon_core.shell:Creating prefix chain script '/home/russe/Autonomous_Robot/install/setup.sh'
[8.467s] INFO:colcon.colcon_core.shell:Creating prefix script '/home/russe/Autonomous_Robot/install/local_setup.bash'
[8.468s] INFO:colcon.colcon_core.shell:Creating prefix chain script '/home/russe/Autonomous_Robot/install/setup.bash'
[8.471s] INFO:colcon.colcon_core.shell:Creating prefix script '/home/russe/Autonomous_Robot/install/local_setup.zsh'
[8.472s] INFO:colcon.colcon_core.shell:Creating prefix chain script '/home/russe/Autonomous_Robot/install/setup.zsh'
