[1.860s] Invoking command in '/home/russe/Autonomous_Robot/src/mobile_robot': PYTHONPATH=/home/russe/Autonomous_Robot/build/mobile_robot/prefix_override:/usr/lib/python3/dist-packages/colcon_core/task/python/colcon_distutils_commands:/home/russe/Autonomous_Robot/install/mobile_robot/lib/python3.12/site-packages:${PYTHONPATH} /usr/bin/python3 -W ignore:setup.py install is deprecated -W ignore:easy_install command is deprecated setup.py egg_info --egg-base ../../build/mobile_robot build --build-base /home/russe/Autonomous_Robot/build/mobile_robot/build install --record /home/russe/Autonomous_Robot/build/mobile_robot/install.log --single-version-externally-managed install_data
[2.447s] running egg_info
[2.488s] writing ../../build/mobile_robot/mobile_robot.egg-info/PKG-INFO
[2.490s] writing dependency_links to ../../build/mobile_robot/mobile_robot.egg-info/dependency_links.txt
[2.490s] writing entry points to ../../build/mobile_robot/mobile_robot.egg-info/entry_points.txt
[2.490s] writing requirements to ../../build/mobile_robot/mobile_robot.egg-info/requires.txt
[2.491s] writing top-level names to ../../build/mobile_robot/mobile_robot.egg-info/top_level.txt
[2.584s] reading manifest file '../../build/mobile_robot/mobile_robot.egg-info/SOURCES.txt'
[2.584s] writing manifest file '../../build/mobile_robot/mobile_robot.egg-info/SOURCES.txt'
[2.584s] running build
[2.585s] running build_py
[2.586s] copying mobile_robot/simple_guest_find.py -> /home/russe/Autonomous_Robot/build/mobile_robot/build/lib/mobile_robot
[2.587s] running install
[2.606s] running install_lib
[2.655s] copying /home/russe/Autonomous_Robot/build/mobile_robot/build/lib/mobile_robot/simple_guest_find.py -> /home/russe/Autonomous_Robot/install/mobile_robot/lib/python3.12/site-packages/mobile_robot
[2.658s] byte-compiling /home/russe/Autonomous_Robot/install/mobile_robot/lib/python3.12/site-packages/mobile_robot/simple_guest_find.py to simple_guest_find.cpython-312.pyc
[2.666s] running install_data
[2.667s] running install_egg_info
[2.714s] removing '/home/russe/Autonomous_Robot/install/mobile_robot/lib/python3.12/site-packages/mobile_robot-0.0.0-py3.12.egg-info' (and everything under it)
[2.714s] Copying ../../build/mobile_robot/mobile_robot.egg-info to /home/russe/Autonomous_Robot/install/mobile_robot/lib/python3.12/site-packages/mobile_robot-0.0.0-py3.12.egg-info
[2.718s] running install_scripts
[3.016s] Installing battery_node script to /home/russe/Autonomous_Robot/install/mobile_robot/lib/mobile_robot
[3.016s] Installing guest_approach script to /home/russe/Autonomous_Robot/install/mobile_robot/lib/mobile_robot
[3.017s] Installing guest_find script to /home/russe/Autonomous_Robot/install/mobile_robot/lib/mobile_robot
[3.017s] Installing simple_avoid_obstacle script to /home/russe/Autonomous_Robot/install/mobile_robot/lib/mobile_robot
[3.018s] Installing simple_guest_approach script to /home/russe/Autonomous_Robot/install/mobile_robot/lib/mobile_robot
[3.018s] Installing simple_guest_find script to /home/russe/Autonomous_Robot/install/mobile_robot/lib/mobile_robot
[3.018s] Installing spin_head script to /home/russe/Autonomous_Robot/install/mobile_robot/lib/mobile_robot
[3.018s] Installing test_publisher script to /home/russe/Autonomous_Robot/install/mobile_robot/lib/mobile_robot
[3.019s] writing list of installed files to '/home/russe/Autonomous_Robot/build/mobile_robot/install.log'
[3.088s] Invoked command in '/home/russe/Autonomous_Robot/src/mobile_robot' returned '0': PYTHONPATH=/home/russe/Autonomous_Robot/build/mobile_robot/prefix_override:/usr/lib/python3/dist-packages/colcon_core/task/python/colcon_distutils_commands:/home/russe/Autonomous_Robot/install/mobile_robot/lib/python3.12/site-packages:${PYTHONPATH} /usr/bin/python3 -W ignore:setup.py install is deprecated -W ignore:easy_install command is deprecated setup.py egg_info --egg-base ../../build/mobile_robot build --build-base /home/russe/Autonomous_Robot/build/mobile_robot/build install --record /home/russe/Autonomous_Robot/build/mobile_robot/install.log --single-version-externally-managed install_data
