[0.406s] DEBUG:colcon:Command line arguments: ['/usr/bin/colcon', 'build']
[0.407s] DEBUG:colcon:Parsed command line arguments: Namespace(log_base=None, log_level=None, verb_name='build', build_base='build', install_base='install', merge_install=False, symlink_install=False, test_result_base=None, continue_on_error=False, executor='parallel', parallel_workers=8, event_handlers=None, ignore_user_meta=False, metas=['./colcon.meta'], base_paths=['.'], packages_ignore=None, packages_ignore_regex=None, paths=None, packages_up_to=None, packages_up_to_regex=None, packages_above=None, packages_above_and_dependencies=None, packages_above_depth=None, packages_select_by_dep=None, packages_skip_by_dep=None, packages_skip_up_to=None, packages_select_build_failed=False, packages_skip_build_finished=False, packages_select_test_failures=False, packages_skip_test_passed=False, packages_select=None, packages_skip=None, packages_select_regex=None, packages_skip_regex=None, packages_start=None, packages_end=None, allow_overriding=[], cmake_args=None, cmake_target=None, cmake_target_skip_unavailable=False, cmake_clean_cache=False, cmake_clean_first=False, cmake_force_configure=False, ament_cmake_args=None, catkin_cmake_args=None, catkin_skip_building_tests=False, mixin_files=None, mixin=None, verb_parser=<colcon_mixin.mixin.mixin_argument.MixinArgumentDecorator object at 0x7539be965790>, verb_extension=<colcon_core.verb.build.BuildVerb object at 0x7539bf4ee510>, main=<bound method BuildVerb.main of <colcon_core.verb.build.BuildVerb object at 0x7539bf4ee510>>, mixin_verb=('build',))
[0.496s] Level 1:colcon.colcon_core.package_discovery:discover_packages(colcon_meta) check parameters
[0.497s] Level 1:colcon.colcon_core.package_discovery:discover_packages(recursive) check parameters
[0.497s] Level 1:colcon.colcon_core.package_discovery:discover_packages(ignore) check parameters
[0.497s] Level 1:colcon.colcon_core.package_discovery:discover_packages(path) check parameters
[0.497s] Level 1:colcon.colcon_core.package_discovery:discover_packages(colcon_meta) discover
[0.497s] Level 1:colcon.colcon_core.package_discovery:discover_packages(recursive) discover
[0.497s] INFO:colcon.colcon_core.package_discovery:Crawling recursively for packages in '/home/russe/Autonomous_Robot'
[0.497s] Level 1:colcon.colcon_core.package_identification:_identify(.) by extensions ['ignore', 'ignore_ament_install']
[0.498s] Level 1:colcon.colcon_core.package_identification:_identify(.) by extension 'ignore'
[0.498s] Level 1:colcon.colcon_core.package_identification:_identify(.) by extension 'ignore_ament_install'
[0.498s] Level 1:colcon.colcon_core.package_identification:_identify(.) by extensions ['colcon_pkg']
[0.498s] Level 1:colcon.colcon_core.package_identification:_identify(.) by extension 'colcon_pkg'
[0.498s] Level 1:colcon.colcon_core.package_identification:_identify(.) by extensions ['colcon_meta']
[0.498s] Level 1:colcon.colcon_core.package_identification:_identify(.) by extension 'colcon_meta'
[0.498s] Level 1:colcon.colcon_core.package_identification:_identify(.) by extensions ['ros']
[0.498s] Level 1:colcon.colcon_core.package_identification:_identify(.) by extension 'ros'
[0.558s] Level 1:colcon.colcon_core.package_identification:_identify(.) by extensions ['cmake', 'python']
[0.558s] Level 1:colcon.colcon_core.package_identification:_identify(.) by extension 'cmake'
[0.558s] Level 1:colcon.colcon_core.package_identification:_identify(.) by extension 'python'
[0.558s] Level 1:colcon.colcon_core.package_identification:_identify(.) by extensions ['python_setup_py']
[0.559s] Level 1:colcon.colcon_core.package_identification:_identify(.) by extension 'python_setup_py'
[0.559s] Level 1:colcon.colcon_core.package_identification:_identify(build) by extensions ['ignore', 'ignore_ament_install']
[0.559s] Level 1:colcon.colcon_core.package_identification:_identify(build) by extension 'ignore'
[0.559s] Level 1:colcon.colcon_core.package_identification:_identify(build) ignored
[0.559s] Level 1:colcon.colcon_core.package_identification:_identify(install) by extensions ['ignore', 'ignore_ament_install']
[0.560s] Level 1:colcon.colcon_core.package_identification:_identify(install) by extension 'ignore'
[0.560s] Level 1:colcon.colcon_core.package_identification:_identify(install) ignored
[0.560s] Level 1:colcon.colcon_core.package_identification:_identify(log) by extensions ['ignore', 'ignore_ament_install']
[0.560s] Level 1:colcon.colcon_core.package_identification:_identify(log) by extension 'ignore'
[0.561s] Level 1:colcon.colcon_core.package_identification:_identify(log) ignored
[0.561s] Level 1:colcon.colcon_core.package_identification:_identify(src) by extensions ['ignore', 'ignore_ament_install']
[0.561s] Level 1:colcon.colcon_core.package_identification:_identify(src) by extension 'ignore'
[0.561s] Level 1:colcon.colcon_core.package_identification:_identify(src) by extension 'ignore_ament_install'
[0.561s] Level 1:colcon.colcon_core.package_identification:_identify(src) by extensions ['colcon_pkg']
[0.561s] Level 1:colcon.colcon_core.package_identification:_identify(src) by extension 'colcon_pkg'
[0.561s] Level 1:colcon.colcon_core.package_identification:_identify(src) by extensions ['colcon_meta']
[0.561s] Level 1:colcon.colcon_core.package_identification:_identify(src) by extension 'colcon_meta'
[0.561s] Level 1:colcon.colcon_core.package_identification:_identify(src) by extensions ['ros']
[0.561s] Level 1:colcon.colcon_core.package_identification:_identify(src) by extension 'ros'
[0.562s] Level 1:colcon.colcon_core.package_identification:_identify(src) by extensions ['cmake', 'python']
[0.562s] Level 1:colcon.colcon_core.package_identification:_identify(src) by extension 'cmake'
[0.562s] Level 1:colcon.colcon_core.package_identification:_identify(src) by extension 'python'
[0.562s] Level 1:colcon.colcon_core.package_identification:_identify(src) by extensions ['python_setup_py']
[0.562s] Level 1:colcon.colcon_core.package_identification:_identify(src) by extension 'python_setup_py'
[0.562s] Level 1:colcon.colcon_core.package_identification:_identify(src/build) by extensions ['ignore', 'ignore_ament_install']
[0.562s] Level 1:colcon.colcon_core.package_identification:_identify(src/build) by extension 'ignore'
[0.562s] Level 1:colcon.colcon_core.package_identification:_identify(src/build) ignored
[0.563s] Level 1:colcon.colcon_core.package_identification:_identify(src/gazebo_differential_drive_robot) by extensions ['ignore', 'ignore_ament_install']
[0.563s] Level 1:colcon.colcon_core.package_identification:_identify(src/gazebo_differential_drive_robot) by extension 'ignore'
[0.563s] Level 1:colcon.colcon_core.package_identification:_identify(src/gazebo_differential_drive_robot) by extension 'ignore_ament_install'
[0.563s] Level 1:colcon.colcon_core.package_identification:_identify(src/gazebo_differential_drive_robot) by extensions ['colcon_pkg']
[0.563s] Level 1:colcon.colcon_core.package_identification:_identify(src/gazebo_differential_drive_robot) by extension 'colcon_pkg'
[0.563s] Level 1:colcon.colcon_core.package_identification:_identify(src/gazebo_differential_drive_robot) by extensions ['colcon_meta']
[0.563s] Level 1:colcon.colcon_core.package_identification:_identify(src/gazebo_differential_drive_robot) by extension 'colcon_meta'
[0.563s] Level 1:colcon.colcon_core.package_identification:_identify(src/gazebo_differential_drive_robot) by extensions ['ros']
[0.563s] Level 1:colcon.colcon_core.package_identification:_identify(src/gazebo_differential_drive_robot) by extension 'ros'
[0.569s] DEBUG:colcon.colcon_core.package_identification:Package 'src/gazebo_differential_drive_robot' with type 'ros.ament_cmake' and name 'gazebo_differential_drive_robot'
[0.569s] Level 1:colcon.colcon_core.package_identification:_identify(src/install) by extensions ['ignore', 'ignore_ament_install']
[0.569s] Level 1:colcon.colcon_core.package_identification:_identify(src/install) by extension 'ignore'
[0.569s] Level 1:colcon.colcon_core.package_identification:_identify(src/install) ignored
[0.569s] Level 1:colcon.colcon_core.package_identification:_identify(src/log) by extensions ['ignore', 'ignore_ament_install']
[0.569s] Level 1:colcon.colcon_core.package_identification:_identify(src/log) by extension 'ignore'
[0.569s] Level 1:colcon.colcon_core.package_identification:_identify(src/log) ignored
[0.570s] Level 1:colcon.colcon_core.package_identification:_identify(src/mobile_robot) by extensions ['ignore', 'ignore_ament_install']
[0.570s] Level 1:colcon.colcon_core.package_identification:_identify(src/mobile_robot) by extension 'ignore'
[0.570s] Level 1:colcon.colcon_core.package_identification:_identify(src/mobile_robot) by extension 'ignore_ament_install'
[0.570s] Level 1:colcon.colcon_core.package_identification:_identify(src/mobile_robot) by extensions ['colcon_pkg']
[0.570s] Level 1:colcon.colcon_core.package_identification:_identify(src/mobile_robot) by extension 'colcon_pkg'
[0.570s] Level 1:colcon.colcon_core.package_identification:_identify(src/mobile_robot) by extensions ['colcon_meta']
[0.570s] Level 1:colcon.colcon_core.package_identification:_identify(src/mobile_robot) by extension 'colcon_meta'
[0.570s] Level 1:colcon.colcon_core.package_identification:_identify(src/mobile_robot) by extensions ['ros']
[0.570s] Level 1:colcon.colcon_core.package_identification:_identify(src/mobile_robot) by extension 'ros'
[0.572s] DEBUG:colcon.colcon_core.package_identification:Package 'src/mobile_robot' with type 'ros.ament_python' and name 'mobile_robot'
[0.572s] Level 1:colcon.colcon_core.package_discovery:discover_packages(recursive) using defaults
[0.573s] Level 1:colcon.colcon_core.package_discovery:discover_packages(ignore) discover
[0.573s] Level 1:colcon.colcon_core.package_discovery:discover_packages(ignore) using defaults
[0.573s] Level 1:colcon.colcon_core.package_discovery:discover_packages(path) discover
[0.573s] Level 1:colcon.colcon_core.package_discovery:discover_packages(path) using defaults
[0.626s] Level 1:colcon.colcon_core.package_discovery:discover_packages(prefix_path) check parameters
[0.626s] Level 1:colcon.colcon_core.package_discovery:discover_packages(prefix_path) discover
[0.634s] DEBUG:colcon.colcon_installed_package_information.package_discovery:Found 322 installed packages in /opt/ros/jazzy
[0.637s] Level 1:colcon.colcon_core.package_discovery:discover_packages(prefix_path) using defaults
[0.747s] Level 5:colcon.colcon_core.verb:set package 'gazebo_differential_drive_robot' build argument 'cmake_args' from command line to 'None'
[0.747s] Level 5:colcon.colcon_core.verb:set package 'gazebo_differential_drive_robot' build argument 'cmake_target' from command line to 'None'
[0.747s] Level 5:colcon.colcon_core.verb:set package 'gazebo_differential_drive_robot' build argument 'cmake_target_skip_unavailable' from command line to 'False'
[0.747s] Level 5:colcon.colcon_core.verb:set package 'gazebo_differential_drive_robot' build argument 'cmake_clean_cache' from command line to 'False'
[0.747s] Level 5:colcon.colcon_core.verb:set package 'gazebo_differential_drive_robot' build argument 'cmake_clean_first' from command line to 'False'
[0.747s] Level 5:colcon.colcon_core.verb:set package 'gazebo_differential_drive_robot' build argument 'cmake_force_configure' from command line to 'False'
[0.747s] Level 5:colcon.colcon_core.verb:set package 'gazebo_differential_drive_robot' build argument 'ament_cmake_args' from command line to 'None'
[0.747s] Level 5:colcon.colcon_core.verb:set package 'gazebo_differential_drive_robot' build argument 'catkin_cmake_args' from command line to 'None'
[0.747s] Level 5:colcon.colcon_core.verb:set package 'gazebo_differential_drive_robot' build argument 'catkin_skip_building_tests' from command line to 'False'
[0.748s] DEBUG:colcon.colcon_core.verb:Building package 'gazebo_differential_drive_robot' with the following arguments: {'ament_cmake_args': None, 'build_base': '/home/russe/Autonomous_Robot/build/gazebo_differential_drive_robot', 'catkin_cmake_args': None, 'catkin_skip_building_tests': False, 'cmake_args': None, 'cmake_clean_cache': False, 'cmake_clean_first': False, 'cmake_force_configure': False, 'cmake_target': None, 'cmake_target_skip_unavailable': False, 'install_base': '/home/russe/Autonomous_Robot/install/gazebo_differential_drive_robot', 'merge_install': False, 'path': '/home/russe/Autonomous_Robot/src/gazebo_differential_drive_robot', 'symlink_install': False, 'test_result_base': None}
[0.748s] Level 5:colcon.colcon_core.verb:set package 'mobile_robot' build argument 'cmake_args' from command line to 'None'
[0.748s] Level 5:colcon.colcon_core.verb:set package 'mobile_robot' build argument 'cmake_target' from command line to 'None'
[0.748s] Level 5:colcon.colcon_core.verb:set package 'mobile_robot' build argument 'cmake_target_skip_unavailable' from command line to 'False'
[0.748s] Level 5:colcon.colcon_core.verb:set package 'mobile_robot' build argument 'cmake_clean_cache' from command line to 'False'
[0.748s] Level 5:colcon.colcon_core.verb:set package 'mobile_robot' build argument 'cmake_clean_first' from command line to 'False'
[0.748s] Level 5:colcon.colcon_core.verb:set package 'mobile_robot' build argument 'cmake_force_configure' from command line to 'False'
[0.748s] Level 5:colcon.colcon_core.verb:set package 'mobile_robot' build argument 'ament_cmake_args' from command line to 'None'
[0.748s] Level 5:colcon.colcon_core.verb:set package 'mobile_robot' build argument 'catkin_cmake_args' from command line to 'None'
[0.748s] Level 5:colcon.colcon_core.verb:set package 'mobile_robot' build argument 'catkin_skip_building_tests' from command line to 'False'
[0.749s] DEBUG:colcon.colcon_core.verb:Building package 'mobile_robot' with the following arguments: {'ament_cmake_args': None, 'build_base': '/home/russe/Autonomous_Robot/build/mobile_robot', 'catkin_cmake_args': None, 'catkin_skip_building_tests': False, 'cmake_args': None, 'cmake_clean_cache': False, 'cmake_clean_first': False, 'cmake_force_configure': False, 'cmake_target': None, 'cmake_target_skip_unavailable': False, 'install_base': '/home/russe/Autonomous_Robot/install/mobile_robot', 'merge_install': False, 'path': '/home/russe/Autonomous_Robot/src/mobile_robot', 'symlink_install': False, 'test_result_base': None}
[0.749s] INFO:colcon.colcon_core.executor:Executing jobs using 'parallel' executor
[0.755s] DEBUG:colcon.colcon_parallel_executor.executor.parallel:run_until_complete
[0.755s] INFO:colcon.colcon_ros.task.ament_cmake.build:Building ROS package in '/home/russe/Autonomous_Robot/src/gazebo_differential_drive_robot' with build type 'ament_cmake'
[0.756s] INFO:colcon.colcon_cmake.task.cmake.build:Building CMake package in '/home/russe/Autonomous_Robot/src/gazebo_differential_drive_robot'
[0.761s] INFO:colcon.colcon_core.plugin_system:Skipping extension 'colcon_core.shell.bat': Not used on non-Windows systems
[0.761s] INFO:colcon.colcon_core.shell:Skip shell extension 'powershell' for command environment: Not usable outside of PowerShell
[0.761s] DEBUG:colcon.colcon_core.shell:Skip shell extension 'dsv' for command environment
[0.774s] INFO:colcon.colcon_ros.task.ament_python.build:Building ROS package in '/home/russe/Autonomous_Robot/src/mobile_robot' with build type 'ament_python'
[0.775s] Level 1:colcon.colcon_core.shell:create_environment_hook('mobile_robot', 'ament_prefix_path')
[0.775s] INFO:colcon.colcon_core.shell:Creating environment hook '/home/russe/Autonomous_Robot/install/mobile_robot/share/mobile_robot/hook/ament_prefix_path.ps1'
[0.777s] INFO:colcon.colcon_core.shell:Creating environment descriptor '/home/russe/Autonomous_Robot/install/mobile_robot/share/mobile_robot/hook/ament_prefix_path.dsv'
[0.778s] INFO:colcon.colcon_core.shell:Creating environment hook '/home/russe/Autonomous_Robot/install/mobile_robot/share/mobile_robot/hook/ament_prefix_path.sh'
[0.780s] INFO:colcon.colcon_core.shell:Skip shell extension 'powershell' for command environment: Not usable outside of PowerShell
[0.780s] DEBUG:colcon.colcon_core.shell:Skip shell extension 'dsv' for command environment
[0.801s] DEBUG:colcon.colcon_core.event_handler.log_command:Invoking command in '/home/russe/Autonomous_Robot/build/gazebo_differential_drive_robot': CMAKE_PREFIX_PATH=${CMAKE_PREFIX_PATH}:/opt/ros/jazzy /usr/bin/cmake --build /home/russe/Autonomous_Robot/build/gazebo_differential_drive_robot -- -j8 -l8
[1.380s] INFO:colcon.colcon_core.task.python.build:Building Python package in '/home/russe/Autonomous_Robot/src/mobile_robot'
[1.380s] INFO:colcon.colcon_core.shell:Skip shell extension 'powershell' for command environment: Not usable outside of PowerShell
[1.381s] DEBUG:colcon.colcon_core.shell:Skip shell extension 'dsv' for command environment
[1.398s] DEBUG:colcon.colcon_core.event_handler.log_command:Invoked command in '/home/russe/Autonomous_Robot/build/gazebo_differential_drive_robot' returned '0': CMAKE_PREFIX_PATH=${CMAKE_PREFIX_PATH}:/opt/ros/jazzy /usr/bin/cmake --build /home/russe/Autonomous_Robot/build/gazebo_differential_drive_robot -- -j8 -l8
[1.431s] DEBUG:colcon.colcon_core.event_handler.log_command:Invoking command in '/home/russe/Autonomous_Robot/build/gazebo_differential_drive_robot': CMAKE_PREFIX_PATH=${CMAKE_PREFIX_PATH}:/opt/ros/jazzy /usr/bin/cmake --install /home/russe/Autonomous_Robot/build/gazebo_differential_drive_robot
[1.470s] Level 1:colcon.colcon_core.environment:create_environment_scripts_only(gazebo_differential_drive_robot)
[1.473s] Level 1:colcon.colcon_core.environment:checking '/home/russe/Autonomous_Robot/install/gazebo_differential_drive_robot' for CMake module files
[1.474s] Level 1:colcon.colcon_core.environment:checking '/home/russe/Autonomous_Robot/install/gazebo_differential_drive_robot' for CMake config files
[1.475s] Level 1:colcon.colcon_core.shell:create_environment_hook('gazebo_differential_drive_robot', 'cmake_prefix_path')
[1.475s] INFO:colcon.colcon_core.shell:Creating environment hook '/home/russe/Autonomous_Robot/install/gazebo_differential_drive_robot/share/gazebo_differential_drive_robot/hook/cmake_prefix_path.ps1'
[1.476s] INFO:colcon.colcon_core.shell:Creating environment descriptor '/home/russe/Autonomous_Robot/install/gazebo_differential_drive_robot/share/gazebo_differential_drive_robot/hook/cmake_prefix_path.dsv'
[1.477s] INFO:colcon.colcon_core.shell:Creating environment hook '/home/russe/Autonomous_Robot/install/gazebo_differential_drive_robot/share/gazebo_differential_drive_robot/hook/cmake_prefix_path.sh'
[1.479s] Level 1:colcon.colcon_core.environment:checking '/home/russe/Autonomous_Robot/install/gazebo_differential_drive_robot/lib'
[1.480s] DEBUG:colcon.colcon_core.event_handler.log_command:Invoked command in '/home/russe/Autonomous_Robot/build/gazebo_differential_drive_robot' returned '0': CMAKE_PREFIX_PATH=${CMAKE_PREFIX_PATH}:/opt/ros/jazzy /usr/bin/cmake --install /home/russe/Autonomous_Robot/build/gazebo_differential_drive_robot
[1.480s] Level 1:colcon.colcon_core.environment:checking '/home/russe/Autonomous_Robot/install/gazebo_differential_drive_robot/bin'
[1.480s] Level 1:colcon.colcon_core.environment:checking '/home/russe/Autonomous_Robot/install/gazebo_differential_drive_robot/lib/pkgconfig/gazebo_differential_drive_robot.pc'
[1.482s] Level 1:colcon.colcon_core.environment:checking '/home/russe/Autonomous_Robot/install/gazebo_differential_drive_robot/lib/python3.12/site-packages'
[1.484s] Level 1:colcon.colcon_core.environment:checking '/home/russe/Autonomous_Robot/install/gazebo_differential_drive_robot/bin'
[1.484s] INFO:colcon.colcon_core.shell:Creating package script '/home/russe/Autonomous_Robot/install/gazebo_differential_drive_robot/share/gazebo_differential_drive_robot/package.ps1'
[1.486s] INFO:colcon.colcon_core.shell:Creating package descriptor '/home/russe/Autonomous_Robot/install/gazebo_differential_drive_robot/share/gazebo_differential_drive_robot/package.dsv'
[1.487s] INFO:colcon.colcon_core.shell:Creating package script '/home/russe/Autonomous_Robot/install/gazebo_differential_drive_robot/share/gazebo_differential_drive_robot/package.sh'
[1.488s] INFO:colcon.colcon_core.shell:Creating package script '/home/russe/Autonomous_Robot/install/gazebo_differential_drive_robot/share/gazebo_differential_drive_robot/package.bash'
[1.489s] INFO:colcon.colcon_core.shell:Creating package script '/home/russe/Autonomous_Robot/install/gazebo_differential_drive_robot/share/gazebo_differential_drive_robot/package.zsh'
[1.490s] Level 1:colcon.colcon_core.environment:create_file_with_runtime_dependencies(/home/russe/Autonomous_Robot/install/gazebo_differential_drive_robot/share/colcon-core/packages/gazebo_differential_drive_robot)
[1.491s] Level 1:colcon.colcon_core.environment:create_environment_scripts_only(gazebo_differential_drive_robot)
[1.492s] Level 1:colcon.colcon_core.environment:checking '/home/russe/Autonomous_Robot/install/gazebo_differential_drive_robot' for CMake module files
[1.493s] Level 1:colcon.colcon_core.environment:checking '/home/russe/Autonomous_Robot/install/gazebo_differential_drive_robot' for CMake config files
[1.493s] Level 1:colcon.colcon_core.shell:create_environment_hook('gazebo_differential_drive_robot', 'cmake_prefix_path')
[1.494s] INFO:colcon.colcon_core.shell:Creating environment hook '/home/russe/Autonomous_Robot/install/gazebo_differential_drive_robot/share/gazebo_differential_drive_robot/hook/cmake_prefix_path.ps1'
[1.495s] INFO:colcon.colcon_core.shell:Creating environment descriptor '/home/russe/Autonomous_Robot/install/gazebo_differential_drive_robot/share/gazebo_differential_drive_robot/hook/cmake_prefix_path.dsv'
[1.495s] INFO:colcon.colcon_core.shell:Creating environment hook '/home/russe/Autonomous_Robot/install/gazebo_differential_drive_robot/share/gazebo_differential_drive_robot/hook/cmake_prefix_path.sh'
[1.497s] Level 1:colcon.colcon_core.environment:checking '/home/russe/Autonomous_Robot/install/gazebo_differential_drive_robot/lib'
[1.501s] Level 1:colcon.colcon_core.environment:checking '/home/russe/Autonomous_Robot/install/gazebo_differential_drive_robot/bin'
[1.502s] Level 1:colcon.colcon_core.environment:checking '/home/russe/Autonomous_Robot/install/gazebo_differential_drive_robot/lib/pkgconfig/gazebo_differential_drive_robot.pc'
[1.503s] Level 1:colcon.colcon_core.environment:checking '/home/russe/Autonomous_Robot/install/gazebo_differential_drive_robot/lib/python3.12/site-packages'
[1.504s] Level 1:colcon.colcon_core.environment:checking '/home/russe/Autonomous_Robot/install/gazebo_differential_drive_robot/bin'
[1.505s] INFO:colcon.colcon_core.shell:Creating package script '/home/russe/Autonomous_Robot/install/gazebo_differential_drive_robot/share/gazebo_differential_drive_robot/package.ps1'
[1.506s] INFO:colcon.colcon_core.shell:Creating package descriptor '/home/russe/Autonomous_Robot/install/gazebo_differential_drive_robot/share/gazebo_differential_drive_robot/package.dsv'
[1.507s] INFO:colcon.colcon_core.shell:Creating package script '/home/russe/Autonomous_Robot/install/gazebo_differential_drive_robot/share/gazebo_differential_drive_robot/package.sh'
[1.508s] INFO:colcon.colcon_core.shell:Creating package script '/home/russe/Autonomous_Robot/install/gazebo_differential_drive_robot/share/gazebo_differential_drive_robot/package.bash'
[1.509s] INFO:colcon.colcon_core.shell:Creating package script '/home/russe/Autonomous_Robot/install/gazebo_differential_drive_robot/share/gazebo_differential_drive_robot/package.zsh'
[1.510s] Level 1:colcon.colcon_core.environment:create_file_with_runtime_dependencies(/home/russe/Autonomous_Robot/install/gazebo_differential_drive_robot/share/colcon-core/packages/gazebo_differential_drive_robot)
[2.857s] DEBUG:colcon.colcon_core.event_handler.log_command:Invoking command in '/home/russe/Autonomous_Robot/src/mobile_robot': PYTHONPATH=/home/russe/Autonomous_Robot/build/mobile_robot/prefix_override:/usr/lib/python3/dist-packages/colcon_core/task/python/colcon_distutils_commands:/home/russe/Autonomous_Robot/install/mobile_robot/lib/python3.12/site-packages:${PYTHONPATH} /usr/bin/python3 -W ignore:setup.py install is deprecated -W ignore:easy_install command is deprecated setup.py egg_info --egg-base ../../build/mobile_robot build --build-base /home/russe/Autonomous_Robot/build/mobile_robot/build install --record /home/russe/Autonomous_Robot/build/mobile_robot/install.log --single-version-externally-managed install_data
[4.314s] Level 1:colcon.colcon_core.environment:checking '/home/russe/Autonomous_Robot/install/mobile_robot' for CMake module files
[4.316s] Level 1:colcon.colcon_core.environment:checking '/home/russe/Autonomous_Robot/install/mobile_robot' for CMake config files
[4.317s] DEBUG:colcon.colcon_core.event_handler.log_command:Invoked command in '/home/russe/Autonomous_Robot/src/mobile_robot' returned '0': PYTHONPATH=/home/russe/Autonomous_Robot/build/mobile_robot/prefix_override:/usr/lib/python3/dist-packages/colcon_core/task/python/colcon_distutils_commands:/home/russe/Autonomous_Robot/install/mobile_robot/lib/python3.12/site-packages:${PYTHONPATH} /usr/bin/python3 -W ignore:setup.py install is deprecated -W ignore:easy_install command is deprecated setup.py egg_info --egg-base ../../build/mobile_robot build --build-base /home/russe/Autonomous_Robot/build/mobile_robot/build install --record /home/russe/Autonomous_Robot/build/mobile_robot/install.log --single-version-externally-managed install_data
[4.318s] Level 1:colcon.colcon_core.environment:checking '/home/russe/Autonomous_Robot/install/mobile_robot/lib'
[4.318s] Level 1:colcon.colcon_core.environment:checking '/home/russe/Autonomous_Robot/install/mobile_robot/bin'
[4.318s] Level 1:colcon.colcon_core.environment:checking '/home/russe/Autonomous_Robot/install/mobile_robot/lib/pkgconfig/mobile_robot.pc'
[4.319s] Level 1:colcon.colcon_core.environment:checking '/home/russe/Autonomous_Robot/install/mobile_robot/lib/python3.12/site-packages'
[4.319s] Level 1:colcon.colcon_core.shell:create_environment_hook('mobile_robot', 'pythonpath')
[4.319s] INFO:colcon.colcon_core.shell:Creating environment hook '/home/russe/Autonomous_Robot/install/mobile_robot/share/mobile_robot/hook/pythonpath.ps1'
[4.321s] INFO:colcon.colcon_core.shell:Creating environment descriptor '/home/russe/Autonomous_Robot/install/mobile_robot/share/mobile_robot/hook/pythonpath.dsv'
[4.322s] INFO:colcon.colcon_core.shell:Creating environment hook '/home/russe/Autonomous_Robot/install/mobile_robot/share/mobile_robot/hook/pythonpath.sh'
[4.324s] Level 1:colcon.colcon_core.environment:checking '/home/russe/Autonomous_Robot/install/mobile_robot/bin'
[4.324s] Level 1:colcon.colcon_core.environment:create_environment_scripts_only(mobile_robot)
[4.325s] INFO:colcon.colcon_core.shell:Creating package script '/home/russe/Autonomous_Robot/install/mobile_robot/share/mobile_robot/package.ps1'
[4.328s] INFO:colcon.colcon_core.shell:Creating package descriptor '/home/russe/Autonomous_Robot/install/mobile_robot/share/mobile_robot/package.dsv'
[4.329s] INFO:colcon.colcon_core.shell:Creating package script '/home/russe/Autonomous_Robot/install/mobile_robot/share/mobile_robot/package.sh'
[4.330s] INFO:colcon.colcon_core.shell:Creating package script '/home/russe/Autonomous_Robot/install/mobile_robot/share/mobile_robot/package.bash'
[4.330s] INFO:colcon.colcon_core.shell:Creating package script '/home/russe/Autonomous_Robot/install/mobile_robot/share/mobile_robot/package.zsh'
[4.331s] Level 1:colcon.colcon_core.environment:create_file_with_runtime_dependencies(/home/russe/Autonomous_Robot/install/mobile_robot/share/colcon-core/packages/mobile_robot)
[4.332s] DEBUG:colcon.colcon_parallel_executor.executor.parallel:closing loop
[4.332s] DEBUG:colcon.colcon_parallel_executor.executor.parallel:loop closed
[4.333s] DEBUG:colcon.colcon_parallel_executor.executor.parallel:run_until_complete finished with '0'
[4.333s] DEBUG:colcon.colcon_core.event_reactor:joining thread
[4.386s] INFO:colcon.colcon_core.plugin_system:Skipping extension 'colcon_notification.desktop_notification.notify_send': Could not find 'notify-send'
[4.386s] INFO:colcon.colcon_core.plugin_system:Skipping extension 'colcon_notification.desktop_notification.terminal_notifier': Not used on non-Darwin systems
[4.387s] INFO:colcon.colcon_core.plugin_system:Skipping extension 'colcon_notification.desktop_notification.win32': Not used on non-Windows systems
[4.387s] INFO:colcon.colcon_notification.desktop_notification:Sending desktop notification using 'notify2'
[4.393s] DEBUG:colcon.colcon_notification.desktop_notification.notify2:Failed to initialize notify2: org.freedesktop.DBus.Error.ServiceUnknown: The name org.freedesktop.Notifications was not provided by any .service files
[4.394s] DEBUG:colcon.colcon_core.event_reactor:joined thread
[4.394s] INFO:colcon.colcon_core.shell:Creating prefix script '/home/russe/Autonomous_Robot/install/local_setup.ps1'
[4.397s] INFO:colcon.colcon_core.shell:Creating prefix util module '/home/russe/Autonomous_Robot/install/_local_setup_util_ps1.py'
[4.403s] INFO:colcon.colcon_core.shell:Creating prefix chain script '/home/russe/Autonomous_Robot/install/setup.ps1'
[4.405s] INFO:colcon.colcon_core.shell:Creating prefix script '/home/russe/Autonomous_Robot/install/local_setup.sh'
[4.406s] INFO:colcon.colcon_core.shell:Creating prefix util module '/home/russe/Autonomous_Robot/install/_local_setup_util_sh.py'
[4.408s] INFO:colcon.colcon_core.shell:Creating prefix chain script '/home/russe/Autonomous_Robot/install/setup.sh'
[4.410s] INFO:colcon.colcon_core.shell:Creating prefix script '/home/russe/Autonomous_Robot/install/local_setup.bash'
[4.411s] INFO:colcon.colcon_core.shell:Creating prefix chain script '/home/russe/Autonomous_Robot/install/setup.bash'
[4.415s] INFO:colcon.colcon_core.shell:Creating prefix script '/home/russe/Autonomous_Robot/install/local_setup.zsh'
[4.416s] INFO:colcon.colcon_core.shell:Creating prefix chain script '/home/russe/Autonomous_Robot/install/setup.zsh'
