/home/benoitrouchy/Autonomous_Robot-master/install/mobile_robot/lib/python3.12/site-packages/mobile_robot/simple_avoid_obstacle.py
/home/benoitrouchy/Autonomous_Robot-master/install/mobile_robot/lib/python3.12/site-packages/mobile_robot/battery_node.py
/home/benoitrouchy/Autonomous_Robot-master/install/mobile_robot/lib/python3.12/site-packages/mobile_robot/auto_recharge_node.py
/home/benoitrouchy/Autonomous_Robot-master/install/mobile_robot/lib/python3.12/site-packages/mobile_robot/__init__.py
/home/benoitrouchy/Autonomous_Robot-master/install/mobile_robot/lib/python3.12/site-packages/mobile_robot/test.py
/home/benoitrouchy/Autonomous_Robot-master/install/mobile_robot/lib/python3.12/site-packages/mobile_robot/soft_obstacle_avoidance_node.py
/home/benoitrouchy/Autonomous_Robot-master/install/mobile_robot/lib/python3.12/site-packages/mobile_robot/__pycache__/simple_avoid_obstacle.cpython-312.pyc
/home/benoitrouchy/Autonomous_Robot-master/install/mobile_robot/lib/python3.12/site-packages/mobile_robot/__pycache__/battery_node.cpython-312.pyc
/home/benoitrouchy/Autonomous_Robot-master/install/mobile_robot/lib/python3.12/site-packages/mobile_robot/__pycache__/auto_recharge_node.cpython-312.pyc
/home/benoitrouchy/Autonomous_Robot-master/install/mobile_robot/lib/python3.12/site-packages/mobile_robot/__pycache__/__init__.cpython-312.pyc
/home/benoitrouchy/Autonomous_Robot-master/install/mobile_robot/lib/python3.12/site-packages/mobile_robot/__pycache__/test.cpython-312.pyc
/home/benoitrouchy/Autonomous_Robot-master/install/mobile_robot/lib/python3.12/site-packages/mobile_robot/__pycache__/soft_obstacle_avoidance_node.cpython-312.pyc
/home/benoitrouchy/Autonomous_Robot-master/install/mobile_robot/share/ament_index/resource_index/packages/mobile_robot
/home/benoitrouchy/Autonomous_Robot-master/install/mobile_robot/share/mobile_robot/package.xml
/home/benoitrouchy/Autonomous_Robot-master/install/mobile_robot/share/mobile_robot/launch/gazebo_model.launch.py
/home/benoitrouchy/Autonomous_Robot-master/install/mobile_robot/share/mobile_robot/launch/auto_recharge.launch.py
/home/benoitrouchy/Autonomous_Robot-master/install/mobile_robot/share/mobile_robot/launch/simple_avoid_obstacle.launch.py
/home/benoitrouchy/Autonomous_Robot-master/install/mobile_robot/share/mobile_robot/model/charging_stations.sdf
/home/benoitrouchy/Autonomous_Robot-master/install/mobile_robot/share/mobile_robot/model/robot.xacro
/home/benoitrouchy/Autonomous_Robot-master/install/mobile_robot/share/mobile_robot/model/robot.gazebo
/home/benoitrouchy/Autonomous_Robot-master/install/mobile_robot/share/mobile_robot/parameters/bridge_parameters.yaml
/home/benoitrouchy/Autonomous_Robot-master/install/mobile_robot/share/mobile_robot/parameters/battery_tunable_parameters.yaml
/home/benoitrouchy/Autonomous_Robot-master/install/mobile_robot/share/mobile_robot/parameters/avoidance_parameters.yaml
/home/benoitrouchy/Autonomous_Robot-master/install/mobile_robot/share/mobile_robot/worlds/arena_moving_cylinder.sdf
/home/benoitrouchy/Autonomous_Robot-master/install/mobile_robot/share/mobile_robot/worlds/arena_with_cylinders.py
/home/benoitrouchy/Autonomous_Robot-master/install/mobile_robot/share/mobile_robot/worlds/arena_long.sdf
/home/benoitrouchy/Autonomous_Robot-master/install/mobile_robot/share/mobile_robot/worlds/arena2.py
/home/benoitrouchy/Autonomous_Robot-master/install/mobile_robot/share/mobile_robot/worlds/arena_2moving_cylinders.sdf
/home/benoitrouchy/Autonomous_Robot-master/install/mobile_robot/share/mobile_robot/worlds/arena.sdf
/home/benoitrouchy/Autonomous_Robot-master/install/mobile_robot/lib/python3.12/site-packages/mobile_robot-0.0.0-py3.12.egg-info/zip-safe
/home/benoitrouchy/Autonomous_Robot-master/install/mobile_robot/lib/python3.12/site-packages/mobile_robot-0.0.0-py3.12.egg-info/PKG-INFO
/home/benoitrouchy/Autonomous_Robot-master/install/mobile_robot/lib/python3.12/site-packages/mobile_robot-0.0.0-py3.12.egg-info/dependency_links.txt
/home/benoitrouchy/Autonomous_Robot-master/install/mobile_robot/lib/python3.12/site-packages/mobile_robot-0.0.0-py3.12.egg-info/entry_points.txt
/home/benoitrouchy/Autonomous_Robot-master/install/mobile_robot/lib/python3.12/site-packages/mobile_robot-0.0.0-py3.12.egg-info/SOURCES.txt
/home/benoitrouchy/Autonomous_Robot-master/install/mobile_robot/lib/python3.12/site-packages/mobile_robot-0.0.0-py3.12.egg-info/top_level.txt
/home/benoitrouchy/Autonomous_Robot-master/install/mobile_robot/lib/python3.12/site-packages/mobile_robot-0.0.0-py3.12.egg-info/requires.txt
/home/benoitrouchy/Autonomous_Robot-master/install/mobile_robot/lib/mobile_robot/auto_recharge_node
/home/benoitrouchy/Autonomous_Robot-master/install/mobile_robot/lib/mobile_robot/battery_node
/home/benoitrouchy/Autonomous_Robot-master/install/mobile_robot/lib/mobile_robot/simple_avoid_obstacle
/home/benoitrouchy/Autonomous_Robot-master/install/mobile_robot/lib/mobile_robot/soft_obstacle_avoidance_node
/home/benoitrouchy/Autonomous_Robot-master/install/mobile_robot/lib/mobile_robot/test_publisher
