[0.580s] Invoking command in '/home/russell/Autonomous_Robot/src/mobile_robot': DEBUGINFOD_URLS=https://debuginfod.ubuntu.com PYTHONPATH=/home/russell/Autonomous_Robot/build/mobile_robot/prefix_override:/usr/lib/python3/dist-packages/colcon_core/task/python/colcon_distutils_commands:/home/russell/Autonomous_Robot/install/mobile_robot/lib/python3.12/site-packages: /usr/bin/python3 -W ignore:setup.py install is deprecated -W ignore:easy_install command is deprecated setup.py egg_info --egg-base ../../build/mobile_robot build --build-base /home/russell/Autonomous_Robot/build/mobile_robot/build install --record /home/russell/Autonomous_Robot/build/mobile_robot/install.log --single-version-externally-managed install_data
[0.753s] running egg_info
[0.763s] writing ../../build/mobile_robot/mobile_robot.egg-info/PKG-INFO
[0.763s] writing dependency_links to ../../build/mobile_robot/mobile_robot.egg-info/dependency_links.txt
[0.763s] writing entry points to ../../build/mobile_robot/mobile_robot.egg-info/entry_points.txt
[0.763s] writing requirements to ../../build/mobile_robot/mobile_robot.egg-info/requires.txt
[0.763s] writing top-level names to ../../build/mobile_robot/mobile_robot.egg-info/top_level.txt
[0.784s] reading manifest file '../../build/mobile_robot/mobile_robot.egg-info/SOURCES.txt'
[0.806s] writing manifest file '../../build/mobile_robot/mobile_robot.egg-info/SOURCES.txt'
[0.806s] running build
[0.807s] running build_py
[0.807s] running install
[0.813s] running install_lib
[0.824s] running install_data
[0.824s] running install_egg_info
[0.835s] removing '/home/russell/Autonomous_Robot/install/mobile_robot/lib/python3.12/site-packages/mobile_robot-0.0.0-py3.12.egg-info' (and everything under it)
[0.836s] Copying ../../build/mobile_robot/mobile_robot.egg-info to /home/russell/Autonomous_Robot/install/mobile_robot/lib/python3.12/site-packages/mobile_robot-0.0.0-py3.12.egg-info
[0.861s] running install_scripts
[0.944s] Installing publisher script to /home/russell/Autonomous_Robot/install/mobile_robot/lib/mobile_robot
[0.945s] writing list of installed files to '/home/russell/Autonomous_Robot/build/mobile_robot/install.log'
[0.971s] Invoked command in '/home/russell/Autonomous_Robot/src/mobile_robot' returned '0': DEBUGINFOD_URLS=https://debuginfod.ubuntu.com PYTHONPATH=/home/russell/Autonomous_Robot/build/mobile_robot/prefix_override:/usr/lib/python3/dist-packages/colcon_core/task/python/colcon_distutils_commands:/home/russell/Autonomous_Robot/install/mobile_robot/lib/python3.12/site-packages: /usr/bin/python3 -W ignore:setup.py install is deprecated -W ignore:easy_install command is deprecated setup.py egg_info --egg-base ../../build/mobile_robot build --build-base /home/russell/Autonomous_Robot/build/mobile_robot/build install --record /home/russell/Autonomous_Robot/build/mobile_robot/install.log --single-version-externally-managed install_data
