[0.678s] Invoking command in '/home/russe/Autonomous_Robot/src/mobile_robot': PYTHONPATH=/home/russe/Autonomous_Robot/src/mobile_robot/build/mobile_robot/prefix_override:/usr/lib/python3/dist-packages/colcon_core/task/python/colcon_distutils_commands:/home/russe/Autonomous_Robot/src/mobile_robot/install/mobile_robot/lib/python3.12/site-packages:${PYTHONPATH} /usr/bin/python3 -W ignore:setup.py install is deprecated -W ignore:easy_install command is deprecated setup.py egg_info --egg-base build/mobile_robot build --build-base /home/russe/Autonomous_Robot/src/mobile_robot/build/mobile_robot/build install --record /home/russe/Autonomous_Robot/src/mobile_robot/build/mobile_robot/install.log --single-version-externally-managed install_data
[0.892s] running egg_info
[0.907s] writing build/mobile_robot/mobile_robot.egg-info/PKG-INFO
[0.907s] writing dependency_links to build/mobile_robot/mobile_robot.egg-info/dependency_links.txt
[0.908s] writing entry points to build/mobile_robot/mobile_robot.egg-info/entry_points.txt
[0.908s] writing requirements to build/mobile_robot/mobile_robot.egg-info/requires.txt
[0.908s] writing top-level names to build/mobile_robot/mobile_robot.egg-info/top_level.txt
[0.940s] reading manifest file 'build/mobile_robot/mobile_robot.egg-info/SOURCES.txt'
[0.941s] writing manifest file 'build/mobile_robot/mobile_robot.egg-info/SOURCES.txt'
[0.941s] running build
[0.941s] running build_py
[0.941s] copying mobile_robot/battery_node.py -> /home/russe/Autonomous_Robot/src/mobile_robot/build/mobile_robot/build/lib/mobile_robot
[0.943s] running install
[0.948s] running install_lib
[0.963s] copying /home/russe/Autonomous_Robot/src/mobile_robot/build/mobile_robot/build/lib/mobile_robot/battery_node.py -> /home/russe/Autonomous_Robot/src/mobile_robot/install/mobile_robot/lib/python3.12/site-packages/mobile_robot
[0.965s] byte-compiling /home/russe/Autonomous_Robot/src/mobile_robot/install/mobile_robot/lib/python3.12/site-packages/mobile_robot/battery_node.py to battery_node.cpython-312.pyc
[0.968s] running install_data
[0.968s] running install_egg_info
[0.984s] removing '/home/russe/Autonomous_Robot/src/mobile_robot/install/mobile_robot/lib/python3.12/site-packages/mobile_robot-0.0.0-py3.12.egg-info' (and everything under it)
[0.984s] Copying build/mobile_robot/mobile_robot.egg-info to /home/russe/Autonomous_Robot/src/mobile_robot/install/mobile_robot/lib/python3.12/site-packages/mobile_robot-0.0.0-py3.12.egg-info
[0.986s] running install_scripts
[1.086s] Installing auto_recharge_node script to /home/russe/Autonomous_Robot/src/mobile_robot/install/mobile_robot/lib/mobile_robot
[1.086s] Installing avoid_while_interact script to /home/russe/Autonomous_Robot/src/mobile_robot/install/mobile_robot/lib/mobile_robot
[1.086s] Installing battery_node script to /home/russe/Autonomous_Robot/src/mobile_robot/install/mobile_robot/lib/mobile_robot
[1.087s] Installing bounce_2cylinders script to /home/russe/Autonomous_Robot/src/mobile_robot/install/mobile_robot/lib/mobile_robot
[1.087s] Installing bounce_cylinder script to /home/russe/Autonomous_Robot/src/mobile_robot/install/mobile_robot/lib/mobile_robot
[1.087s] Installing find script to /home/russe/Autonomous_Robot/src/mobile_robot/install/mobile_robot/lib/mobile_robot
[1.087s] Installing guest_approach script to /home/russe/Autonomous_Robot/src/mobile_robot/install/mobile_robot/lib/mobile_robot
[1.087s] Installing guest_find script to /home/russe/Autonomous_Robot/src/mobile_robot/install/mobile_robot/lib/mobile_robot
[1.087s] Installing identify2 script to /home/russe/Autonomous_Robot/src/mobile_robot/install/mobile_robot/lib/mobile_robot
[1.088s] Installing identify3 script to /home/russe/Autonomous_Robot/src/mobile_robot/install/mobile_robot/lib/mobile_robot
[1.088s] Installing identify5 script to /home/russe/Autonomous_Robot/src/mobile_robot/install/mobile_robot/lib/mobile_robot
[1.088s] Installing identify6 script to /home/russe/Autonomous_Robot/src/mobile_robot/install/mobile_robot/lib/mobile_robot
[1.088s] Installing identify_move_supervisor script to /home/russe/Autonomous_Robot/src/mobile_robot/install/mobile_robot/lib/mobile_robot
[1.088s] Installing move script to /home/russe/Autonomous_Robot/src/mobile_robot/install/mobile_robot/lib/mobile_robot
[1.089s] Installing move2 script to /home/russe/Autonomous_Robot/src/mobile_robot/install/mobile_robot/lib/mobile_robot
[1.089s] Installing move5 script to /home/russe/Autonomous_Robot/src/mobile_robot/install/mobile_robot/lib/mobile_robot
[1.089s] Installing move6 script to /home/russe/Autonomous_Robot/src/mobile_robot/install/mobile_robot/lib/mobile_robot
[1.089s] Installing rotate_90_degrees script to /home/russe/Autonomous_Robot/src/mobile_robot/install/mobile_robot/lib/mobile_robot
[1.089s] Installing simple_avoid_obstacle script to /home/russe/Autonomous_Robot/src/mobile_robot/install/mobile_robot/lib/mobile_robot
[1.090s] Installing simple_guest_approach script to /home/russe/Autonomous_Robot/src/mobile_robot/install/mobile_robot/lib/mobile_robot
[1.090s] Installing simple_guest_find script to /home/russe/Autonomous_Robot/src/mobile_robot/install/mobile_robot/lib/mobile_robot
[1.090s] Installing soft_obstacle_avoidance_node script to /home/russe/Autonomous_Robot/src/mobile_robot/install/mobile_robot/lib/mobile_robot
[1.090s] Installing spin_head script to /home/russe/Autonomous_Robot/src/mobile_robot/install/mobile_robot/lib/mobile_robot
[1.090s] Installing square_driver_with_logging script to /home/russe/Autonomous_Robot/src/mobile_robot/install/mobile_robot/lib/mobile_robot
[1.090s] Installing test_publisher script to /home/russe/Autonomous_Robot/src/mobile_robot/install/mobile_robot/lib/mobile_robot
[1.091s] writing list of installed files to '/home/russe/Autonomous_Robot/src/mobile_robot/build/mobile_robot/install.log'
[1.115s] Invoked command in '/home/russe/Autonomous_Robot/src/mobile_robot' returned '0': PYTHONPATH=/home/russe/Autonomous_Robot/src/mobile_robot/build/mobile_robot/prefix_override:/usr/lib/python3/dist-packages/colcon_core/task/python/colcon_distutils_commands:/home/russe/Autonomous_Robot/src/mobile_robot/install/mobile_robot/lib/python3.12/site-packages:${PYTHONPATH} /usr/bin/python3 -W ignore:setup.py install is deprecated -W ignore:easy_install command is deprecated setup.py egg_info --egg-base build/mobile_robot build --build-base /home/russe/Autonomous_Robot/src/mobile_robot/build/mobile_robot/build install --record /home/russe/Autonomous_Robot/src/mobile_robot/build/mobile_robot/install.log --single-version-externally-managed install_data
