[0.406s] DEBUG:colcon:Command line arguments: ['/usr/bin/colcon', 'build']
[0.406s] DEBUG:colcon:Parsed command line arguments: Namespace(log_base=None, log_level=None, verb_name='build', build_base='build', install_base='install', merge_install=False, symlink_install=False, test_result_base=None, continue_on_error=False, executor='parallel', parallel_workers=8, event_handlers=None, ignore_user_meta=False, metas=['./colcon.meta'], base_paths=['.'], packages_ignore=None, packages_ignore_regex=None, paths=None, packages_up_to=None, packages_up_to_regex=None, packages_above=None, packages_above_and_dependencies=None, packages_above_depth=None, packages_select_by_dep=None, packages_skip_by_dep=None, packages_skip_up_to=None, packages_select_build_failed=False, packages_skip_build_finished=False, packages_select_test_failures=False, packages_skip_test_passed=False, packages_select=None, packages_skip=None, packages_select_regex=None, packages_skip_regex=None, packages_start=None, packages_end=None, allow_overriding=[], cmake_args=None, cmake_target=None, cmake_target_skip_unavailable=False, cmake_clean_cache=False, cmake_clean_first=False, cmake_force_configure=False, ament_cmake_args=None, catkin_cmake_args=None, catkin_skip_building_tests=False, mixin_files=None, mixin=None, verb_parser=<colcon_mixin.mixin.mixin_argument.MixinArgumentDecorator object at 0x742a84c7d880>, verb_extension=<colcon_core.verb.build.BuildVerb object at 0x742a84c7d4f0>, main=<bound method BuildVerb.main of <colcon_core.verb.build.BuildVerb object at 0x742a84c7d4f0>>, mixin_verb=('build',))
[0.513s] Level 1:colcon.colcon_core.package_discovery:discover_packages(colcon_meta) check parameters
[0.513s] Level 1:colcon.colcon_core.package_discovery:discover_packages(recursive) check parameters
[0.513s] Level 1:colcon.colcon_core.package_discovery:discover_packages(ignore) check parameters
[0.513s] Level 1:colcon.colcon_core.package_discovery:discover_packages(path) check parameters
[0.513s] Level 1:colcon.colcon_core.package_discovery:discover_packages(colcon_meta) discover
[0.513s] Level 1:colcon.colcon_core.package_discovery:discover_packages(recursive) discover
[0.513s] INFO:colcon.colcon_core.package_discovery:Crawling recursively for packages in '/home/russe/Autonomous_Robot/src'
[0.514s] Level 1:colcon.colcon_core.package_identification:_identify(.) by extensions ['ignore', 'ignore_ament_install']
[0.514s] Level 1:colcon.colcon_core.package_identification:_identify(.) by extension 'ignore'
[0.514s] Level 1:colcon.colcon_core.package_identification:_identify(.) by extension 'ignore_ament_install'
[0.514s] Level 1:colcon.colcon_core.package_identification:_identify(.) by extensions ['colcon_pkg']
[0.514s] Level 1:colcon.colcon_core.package_identification:_identify(.) by extension 'colcon_pkg'
[0.514s] Level 1:colcon.colcon_core.package_identification:_identify(.) by extensions ['colcon_meta']
[0.514s] Level 1:colcon.colcon_core.package_identification:_identify(.) by extension 'colcon_meta'
[0.515s] Level 1:colcon.colcon_core.package_identification:_identify(.) by extensions ['ros']
[0.515s] Level 1:colcon.colcon_core.package_identification:_identify(.) by extension 'ros'
[0.586s] Level 1:colcon.colcon_core.package_identification:_identify(.) by extensions ['cmake', 'python']
[0.586s] Level 1:colcon.colcon_core.package_identification:_identify(.) by extension 'cmake'
[0.586s] Level 1:colcon.colcon_core.package_identification:_identify(.) by extension 'python'
[0.587s] Level 1:colcon.colcon_core.package_identification:_identify(.) by extensions ['python_setup_py']
[0.587s] Level 1:colcon.colcon_core.package_identification:_identify(.) by extension 'python_setup_py'
[0.587s] Level 1:colcon.colcon_core.package_identification:_identify(build) by extensions ['ignore', 'ignore_ament_install']
[0.587s] Level 1:colcon.colcon_core.package_identification:_identify(build) by extension 'ignore'
[0.587s] Level 1:colcon.colcon_core.package_identification:_identify(build) ignored
[0.587s] Level 1:colcon.colcon_core.package_identification:_identify(gazebo_differential_drive_robot) by extensions ['ignore', 'ignore_ament_install']
[0.588s] Level 1:colcon.colcon_core.package_identification:_identify(gazebo_differential_drive_robot) by extension 'ignore'
[0.588s] Level 1:colcon.colcon_core.package_identification:_identify(gazebo_differential_drive_robot) by extension 'ignore_ament_install'
[0.588s] Level 1:colcon.colcon_core.package_identification:_identify(gazebo_differential_drive_robot) by extensions ['colcon_pkg']
[0.588s] Level 1:colcon.colcon_core.package_identification:_identify(gazebo_differential_drive_robot) by extension 'colcon_pkg'
[0.588s] Level 1:colcon.colcon_core.package_identification:_identify(gazebo_differential_drive_robot) by extensions ['colcon_meta']
[0.588s] Level 1:colcon.colcon_core.package_identification:_identify(gazebo_differential_drive_robot) by extension 'colcon_meta'
[0.588s] Level 1:colcon.colcon_core.package_identification:_identify(gazebo_differential_drive_robot) by extensions ['ros']
[0.588s] Level 1:colcon.colcon_core.package_identification:_identify(gazebo_differential_drive_robot) by extension 'ros'
[0.610s] DEBUG:colcon.colcon_core.package_identification:Package 'gazebo_differential_drive_robot' with type 'ros.ament_cmake' and name 'gazebo_differential_drive_robot'
[0.610s] Level 1:colcon.colcon_core.package_identification:_identify(install) by extensions ['ignore', 'ignore_ament_install']
[0.611s] Level 1:colcon.colcon_core.package_identification:_identify(install) by extension 'ignore'
[0.611s] Level 1:colcon.colcon_core.package_identification:_identify(install) ignored
[0.611s] Level 1:colcon.colcon_core.package_identification:_identify(log) by extensions ['ignore', 'ignore_ament_install']
[0.611s] Level 1:colcon.colcon_core.package_identification:_identify(log) by extension 'ignore'
[0.611s] Level 1:colcon.colcon_core.package_identification:_identify(log) ignored
[0.612s] Level 1:colcon.colcon_core.package_identification:_identify(mobile_robot) by extensions ['ignore', 'ignore_ament_install']
[0.612s] Level 1:colcon.colcon_core.package_identification:_identify(mobile_robot) by extension 'ignore'
[0.612s] Level 1:colcon.colcon_core.package_identification:_identify(mobile_robot) by extension 'ignore_ament_install'
[0.612s] Level 1:colcon.colcon_core.package_identification:_identify(mobile_robot) by extensions ['colcon_pkg']
[0.612s] Level 1:colcon.colcon_core.package_identification:_identify(mobile_robot) by extension 'colcon_pkg'
[0.612s] Level 1:colcon.colcon_core.package_identification:_identify(mobile_robot) by extensions ['colcon_meta']
[0.612s] Level 1:colcon.colcon_core.package_identification:_identify(mobile_robot) by extension 'colcon_meta'
[0.613s] Level 1:colcon.colcon_core.package_identification:_identify(mobile_robot) by extensions ['ros']
[0.613s] Level 1:colcon.colcon_core.package_identification:_identify(mobile_robot) by extension 'ros'
[0.615s] DEBUG:colcon.colcon_core.package_identification:Package 'mobile_robot' with type 'ros.ament_python' and name 'mobile_robot'
[0.615s] Level 1:colcon.colcon_core.package_discovery:discover_packages(recursive) using defaults
[0.615s] Level 1:colcon.colcon_core.package_discovery:discover_packages(ignore) discover
[0.615s] Level 1:colcon.colcon_core.package_discovery:discover_packages(ignore) using defaults
[0.615s] Level 1:colcon.colcon_core.package_discovery:discover_packages(path) discover
[0.615s] Level 1:colcon.colcon_core.package_discovery:discover_packages(path) using defaults
[0.660s] Level 1:colcon.colcon_core.package_discovery:discover_packages(prefix_path) check parameters
[0.661s] Level 1:colcon.colcon_core.package_discovery:discover_packages(prefix_path) discover
[0.668s] DEBUG:colcon.colcon_installed_package_information.package_discovery:Found 322 installed packages in /opt/ros/jazzy
[0.670s] Level 1:colcon.colcon_core.package_discovery:discover_packages(prefix_path) using defaults
[0.781s] Level 5:colcon.colcon_core.verb:set package 'gazebo_differential_drive_robot' build argument 'cmake_args' from command line to 'None'
[0.781s] Level 5:colcon.colcon_core.verb:set package 'gazebo_differential_drive_robot' build argument 'cmake_target' from command line to 'None'
[0.782s] Level 5:colcon.colcon_core.verb:set package 'gazebo_differential_drive_robot' build argument 'cmake_target_skip_unavailable' from command line to 'False'
[0.782s] Level 5:colcon.colcon_core.verb:set package 'gazebo_differential_drive_robot' build argument 'cmake_clean_cache' from command line to 'False'
[0.782s] Level 5:colcon.colcon_core.verb:set package 'gazebo_differential_drive_robot' build argument 'cmake_clean_first' from command line to 'False'
[0.782s] Level 5:colcon.colcon_core.verb:set package 'gazebo_differential_drive_robot' build argument 'cmake_force_configure' from command line to 'False'
[0.782s] Level 5:colcon.colcon_core.verb:set package 'gazebo_differential_drive_robot' build argument 'ament_cmake_args' from command line to 'None'
[0.782s] Level 5:colcon.colcon_core.verb:set package 'gazebo_differential_drive_robot' build argument 'catkin_cmake_args' from command line to 'None'
[0.782s] Level 5:colcon.colcon_core.verb:set package 'gazebo_differential_drive_robot' build argument 'catkin_skip_building_tests' from command line to 'False'
[0.782s] DEBUG:colcon.colcon_core.verb:Building package 'gazebo_differential_drive_robot' with the following arguments: {'ament_cmake_args': None, 'build_base': '/home/russe/Autonomous_Robot/src/build/gazebo_differential_drive_robot', 'catkin_cmake_args': None, 'catkin_skip_building_tests': False, 'cmake_args': None, 'cmake_clean_cache': False, 'cmake_clean_first': False, 'cmake_force_configure': False, 'cmake_target': None, 'cmake_target_skip_unavailable': False, 'install_base': '/home/russe/Autonomous_Robot/src/install/gazebo_differential_drive_robot', 'merge_install': False, 'path': '/home/russe/Autonomous_Robot/src/gazebo_differential_drive_robot', 'symlink_install': False, 'test_result_base': None}
[0.783s] Level 5:colcon.colcon_core.verb:set package 'mobile_robot' build argument 'cmake_args' from command line to 'None'
[0.783s] Level 5:colcon.colcon_core.verb:set package 'mobile_robot' build argument 'cmake_target' from command line to 'None'
[0.783s] Level 5:colcon.colcon_core.verb:set package 'mobile_robot' build argument 'cmake_target_skip_unavailable' from command line to 'False'
[0.783s] Level 5:colcon.colcon_core.verb:set package 'mobile_robot' build argument 'cmake_clean_cache' from command line to 'False'
[0.783s] Level 5:colcon.colcon_core.verb:set package 'mobile_robot' build argument 'cmake_clean_first' from command line to 'False'
[0.783s] Level 5:colcon.colcon_core.verb:set package 'mobile_robot' build argument 'cmake_force_configure' from command line to 'False'
[0.783s] Level 5:colcon.colcon_core.verb:set package 'mobile_robot' build argument 'ament_cmake_args' from command line to 'None'
[0.783s] Level 5:colcon.colcon_core.verb:set package 'mobile_robot' build argument 'catkin_cmake_args' from command line to 'None'
[0.784s] Level 5:colcon.colcon_core.verb:set package 'mobile_robot' build argument 'catkin_skip_building_tests' from command line to 'False'
[0.784s] DEBUG:colcon.colcon_core.verb:Building package 'mobile_robot' with the following arguments: {'ament_cmake_args': None, 'build_base': '/home/russe/Autonomous_Robot/src/build/mobile_robot', 'catkin_cmake_args': None, 'catkin_skip_building_tests': False, 'cmake_args': None, 'cmake_clean_cache': False, 'cmake_clean_first': False, 'cmake_force_configure': False, 'cmake_target': None, 'cmake_target_skip_unavailable': False, 'install_base': '/home/russe/Autonomous_Robot/src/install/mobile_robot', 'merge_install': False, 'path': '/home/russe/Autonomous_Robot/src/mobile_robot', 'symlink_install': False, 'test_result_base': None}
[0.784s] INFO:colcon.colcon_core.executor:Executing jobs using 'parallel' executor
[0.786s] DEBUG:colcon.colcon_parallel_executor.executor.parallel:run_until_complete
[0.786s] INFO:colcon.colcon_ros.task.ament_cmake.build:Building ROS package in '/home/russe/Autonomous_Robot/src/gazebo_differential_drive_robot' with build type 'ament_cmake'
[0.787s] INFO:colcon.colcon_cmake.task.cmake.build:Building CMake package in '/home/russe/Autonomous_Robot/src/gazebo_differential_drive_robot'
[0.795s] INFO:colcon.colcon_core.plugin_system:Skipping extension 'colcon_core.shell.bat': Not used on non-Windows systems
[0.795s] INFO:colcon.colcon_core.shell:Skip shell extension 'powershell' for command environment: Not usable outside of PowerShell
[0.795s] DEBUG:colcon.colcon_core.shell:Skip shell extension 'dsv' for command environment
[0.805s] INFO:colcon.colcon_ros.task.ament_python.build:Building ROS package in '/home/russe/Autonomous_Robot/src/mobile_robot' with build type 'ament_python'
[0.805s] Level 1:colcon.colcon_core.shell:create_environment_hook('mobile_robot', 'ament_prefix_path')
[0.806s] INFO:colcon.colcon_core.shell:Creating environment hook '/home/russe/Autonomous_Robot/src/install/mobile_robot/share/mobile_robot/hook/ament_prefix_path.ps1'
[0.810s] INFO:colcon.colcon_core.shell:Creating environment descriptor '/home/russe/Autonomous_Robot/src/install/mobile_robot/share/mobile_robot/hook/ament_prefix_path.dsv'
[0.812s] INFO:colcon.colcon_core.shell:Creating environment hook '/home/russe/Autonomous_Robot/src/install/mobile_robot/share/mobile_robot/hook/ament_prefix_path.sh'
[0.815s] INFO:colcon.colcon_core.shell:Skip shell extension 'powershell' for command environment: Not usable outside of PowerShell
[0.816s] DEBUG:colcon.colcon_core.shell:Skip shell extension 'dsv' for command environment
[0.839s] DEBUG:colcon.colcon_core.event_handler.log_command:Invoking command in '/home/russe/Autonomous_Robot/src/build/gazebo_differential_drive_robot': CMAKE_PREFIX_PATH=${CMAKE_PREFIX_PATH}:/opt/ros/jazzy /usr/bin/cmake /home/russe/Autonomous_Robot/src/gazebo_differential_drive_robot -DCMAKE_INSTALL_PREFIX=/home/russe/Autonomous_Robot/src/install/gazebo_differential_drive_robot
[1.539s] INFO:colcon.colcon_core.task.python.build:Building Python package in '/home/russe/Autonomous_Robot/src/mobile_robot'
[1.540s] INFO:colcon.colcon_core.shell:Skip shell extension 'powershell' for command environment: Not usable outside of PowerShell
[1.540s] DEBUG:colcon.colcon_core.shell:Skip shell extension 'dsv' for command environment
[3.209s] DEBUG:colcon.colcon_core.event_handler.log_command:Invoking command in '/home/russe/Autonomous_Robot/src/mobile_robot': PYTHONPATH=/home/russe/Autonomous_Robot/src/build/mobile_robot/prefix_override:/usr/lib/python3/dist-packages/colcon_core/task/python/colcon_distutils_commands:/home/russe/Autonomous_Robot/src/install/mobile_robot/lib/python3.12/site-packages:${PYTHONPATH} /usr/bin/python3 -W ignore:setup.py install is deprecated -W ignore:easy_install command is deprecated setup.py egg_info --egg-base ../build/mobile_robot build --build-base /home/russe/Autonomous_Robot/src/build/mobile_robot/build install --record /home/russe/Autonomous_Robot/src/build/mobile_robot/install.log --single-version-externally-managed install_data
[4.735s] DEBUG:colcon.colcon_core.event_handler.log_command:Invoked command in '/home/russe/Autonomous_Robot/src/mobile_robot' returned '0': PYTHONPATH=/home/russe/Autonomous_Robot/src/build/mobile_robot/prefix_override:/usr/lib/python3/dist-packages/colcon_core/task/python/colcon_distutils_commands:/home/russe/Autonomous_Robot/src/install/mobile_robot/lib/python3.12/site-packages:${PYTHONPATH} /usr/bin/python3 -W ignore:setup.py install is deprecated -W ignore:easy_install command is deprecated setup.py egg_info --egg-base ../build/mobile_robot build --build-base /home/russe/Autonomous_Robot/src/build/mobile_robot/build install --record /home/russe/Autonomous_Robot/src/build/mobile_robot/install.log --single-version-externally-managed install_data
[4.739s] Level 1:colcon.colcon_core.environment:checking '/home/russe/Autonomous_Robot/src/install/mobile_robot' for CMake module files
[4.740s] Level 1:colcon.colcon_core.environment:checking '/home/russe/Autonomous_Robot/src/install/mobile_robot' for CMake config files
[4.741s] Level 1:colcon.colcon_core.environment:checking '/home/russe/Autonomous_Robot/src/install/mobile_robot/lib'
[4.742s] Level 1:colcon.colcon_core.environment:checking '/home/russe/Autonomous_Robot/src/install/mobile_robot/bin'
[4.742s] Level 1:colcon.colcon_core.environment:checking '/home/russe/Autonomous_Robot/src/install/mobile_robot/lib/pkgconfig/mobile_robot.pc'
[4.742s] Level 1:colcon.colcon_core.environment:checking '/home/russe/Autonomous_Robot/src/install/mobile_robot/lib/python3.12/site-packages'
[4.742s] Level 1:colcon.colcon_core.shell:create_environment_hook('mobile_robot', 'pythonpath')
[4.743s] INFO:colcon.colcon_core.shell:Creating environment hook '/home/russe/Autonomous_Robot/src/install/mobile_robot/share/mobile_robot/hook/pythonpath.ps1'
[4.747s] INFO:colcon.colcon_core.shell:Creating environment descriptor '/home/russe/Autonomous_Robot/src/install/mobile_robot/share/mobile_robot/hook/pythonpath.dsv'
[4.748s] INFO:colcon.colcon_core.shell:Creating environment hook '/home/russe/Autonomous_Robot/src/install/mobile_robot/share/mobile_robot/hook/pythonpath.sh'
[4.749s] Level 1:colcon.colcon_core.environment:checking '/home/russe/Autonomous_Robot/src/install/mobile_robot/bin'
[4.749s] Level 1:colcon.colcon_core.environment:create_environment_scripts_only(mobile_robot)
[4.749s] INFO:colcon.colcon_core.shell:Creating package script '/home/russe/Autonomous_Robot/src/install/mobile_robot/share/mobile_robot/package.ps1'
[4.751s] INFO:colcon.colcon_core.shell:Creating package descriptor '/home/russe/Autonomous_Robot/src/install/mobile_robot/share/mobile_robot/package.dsv'
[4.752s] INFO:colcon.colcon_core.shell:Creating package script '/home/russe/Autonomous_Robot/src/install/mobile_robot/share/mobile_robot/package.sh'
[4.754s] INFO:colcon.colcon_core.shell:Creating package script '/home/russe/Autonomous_Robot/src/install/mobile_robot/share/mobile_robot/package.bash'
[4.755s] INFO:colcon.colcon_core.shell:Creating package script '/home/russe/Autonomous_Robot/src/install/mobile_robot/share/mobile_robot/package.zsh'
[4.756s] Level 1:colcon.colcon_core.environment:create_file_with_runtime_dependencies(/home/russe/Autonomous_Robot/src/install/mobile_robot/share/colcon-core/packages/mobile_robot)
[6.253s] DEBUG:colcon.colcon_core.event_handler.log_command:Invoked command in '/home/russe/Autonomous_Robot/src/build/gazebo_differential_drive_robot' returned '0': CMAKE_PREFIX_PATH=${CMAKE_PREFIX_PATH}:/opt/ros/jazzy /usr/bin/cmake /home/russe/Autonomous_Robot/src/gazebo_differential_drive_robot -DCMAKE_INSTALL_PREFIX=/home/russe/Autonomous_Robot/src/install/gazebo_differential_drive_robot
[6.256s] DEBUG:colcon.colcon_core.event_handler.log_command:Invoking command in '/home/russe/Autonomous_Robot/src/build/gazebo_differential_drive_robot': CMAKE_PREFIX_PATH=${CMAKE_PREFIX_PATH}:/opt/ros/jazzy /usr/bin/cmake --build /home/russe/Autonomous_Robot/src/build/gazebo_differential_drive_robot -- -j8 -l8
[6.356s] DEBUG:colcon.colcon_core.event_handler.log_command:Invoked command in '/home/russe/Autonomous_Robot/src/build/gazebo_differential_drive_robot' returned '0': CMAKE_PREFIX_PATH=${CMAKE_PREFIX_PATH}:/opt/ros/jazzy /usr/bin/cmake --build /home/russe/Autonomous_Robot/src/build/gazebo_differential_drive_robot -- -j8 -l8
[6.377s] DEBUG:colcon.colcon_core.event_handler.log_command:Invoking command in '/home/russe/Autonomous_Robot/src/build/gazebo_differential_drive_robot': CMAKE_PREFIX_PATH=${CMAKE_PREFIX_PATH}:/opt/ros/jazzy /usr/bin/cmake --install /home/russe/Autonomous_Robot/src/build/gazebo_differential_drive_robot
[6.435s] Level 1:colcon.colcon_core.environment:create_environment_scripts_only(gazebo_differential_drive_robot)
[6.437s] Level 1:colcon.colcon_core.environment:checking '/home/russe/Autonomous_Robot/src/install/gazebo_differential_drive_robot' for CMake module files
[6.440s] Level 1:colcon.colcon_core.environment:checking '/home/russe/Autonomous_Robot/src/install/gazebo_differential_drive_robot' for CMake config files
[6.440s] DEBUG:colcon.colcon_core.event_handler.log_command:Invoked command in '/home/russe/Autonomous_Robot/src/build/gazebo_differential_drive_robot' returned '0': CMAKE_PREFIX_PATH=${CMAKE_PREFIX_PATH}:/opt/ros/jazzy /usr/bin/cmake --install /home/russe/Autonomous_Robot/src/build/gazebo_differential_drive_robot
[6.441s] Level 1:colcon.colcon_core.shell:create_environment_hook('gazebo_differential_drive_robot', 'cmake_prefix_path')
[6.442s] INFO:colcon.colcon_core.shell:Creating environment hook '/home/russe/Autonomous_Robot/src/install/gazebo_differential_drive_robot/share/gazebo_differential_drive_robot/hook/cmake_prefix_path.ps1'
[6.443s] INFO:colcon.colcon_core.shell:Creating environment descriptor '/home/russe/Autonomous_Robot/src/install/gazebo_differential_drive_robot/share/gazebo_differential_drive_robot/hook/cmake_prefix_path.dsv'
[6.444s] INFO:colcon.colcon_core.shell:Creating environment hook '/home/russe/Autonomous_Robot/src/install/gazebo_differential_drive_robot/share/gazebo_differential_drive_robot/hook/cmake_prefix_path.sh'
[6.445s] Level 1:colcon.colcon_core.environment:checking '/home/russe/Autonomous_Robot/src/install/gazebo_differential_drive_robot/lib'
[6.445s] Level 1:colcon.colcon_core.environment:checking '/home/russe/Autonomous_Robot/src/install/gazebo_differential_drive_robot/bin'
[6.445s] Level 1:colcon.colcon_core.environment:checking '/home/russe/Autonomous_Robot/src/install/gazebo_differential_drive_robot/lib/pkgconfig/gazebo_differential_drive_robot.pc'
[6.446s] Level 1:colcon.colcon_core.environment:checking '/home/russe/Autonomous_Robot/src/install/gazebo_differential_drive_robot/lib/python3.12/site-packages'
[6.447s] Level 1:colcon.colcon_core.environment:checking '/home/russe/Autonomous_Robot/src/install/gazebo_differential_drive_robot/bin'
[6.447s] INFO:colcon.colcon_core.shell:Creating package script '/home/russe/Autonomous_Robot/src/install/gazebo_differential_drive_robot/share/gazebo_differential_drive_robot/package.ps1'
[6.448s] INFO:colcon.colcon_core.shell:Creating package descriptor '/home/russe/Autonomous_Robot/src/install/gazebo_differential_drive_robot/share/gazebo_differential_drive_robot/package.dsv'
[6.449s] INFO:colcon.colcon_core.shell:Creating package script '/home/russe/Autonomous_Robot/src/install/gazebo_differential_drive_robot/share/gazebo_differential_drive_robot/package.sh'
[6.449s] INFO:colcon.colcon_core.shell:Creating package script '/home/russe/Autonomous_Robot/src/install/gazebo_differential_drive_robot/share/gazebo_differential_drive_robot/package.bash'
[6.450s] INFO:colcon.colcon_core.shell:Creating package script '/home/russe/Autonomous_Robot/src/install/gazebo_differential_drive_robot/share/gazebo_differential_drive_robot/package.zsh'
[6.450s] Level 1:colcon.colcon_core.environment:create_file_with_runtime_dependencies(/home/russe/Autonomous_Robot/src/install/gazebo_differential_drive_robot/share/colcon-core/packages/gazebo_differential_drive_robot)
[6.453s] Level 1:colcon.colcon_core.environment:create_environment_scripts_only(gazebo_differential_drive_robot)
[6.455s] Level 1:colcon.colcon_core.environment:checking '/home/russe/Autonomous_Robot/src/install/gazebo_differential_drive_robot' for CMake module files
[6.457s] Level 1:colcon.colcon_core.environment:checking '/home/russe/Autonomous_Robot/src/install/gazebo_differential_drive_robot' for CMake config files
[6.458s] Level 1:colcon.colcon_core.shell:create_environment_hook('gazebo_differential_drive_robot', 'cmake_prefix_path')
[6.458s] INFO:colcon.colcon_core.shell:Creating environment hook '/home/russe/Autonomous_Robot/src/install/gazebo_differential_drive_robot/share/gazebo_differential_drive_robot/hook/cmake_prefix_path.ps1'
[6.459s] INFO:colcon.colcon_core.shell:Creating environment descriptor '/home/russe/Autonomous_Robot/src/install/gazebo_differential_drive_robot/share/gazebo_differential_drive_robot/hook/cmake_prefix_path.dsv'
[6.460s] INFO:colcon.colcon_core.shell:Creating environment hook '/home/russe/Autonomous_Robot/src/install/gazebo_differential_drive_robot/share/gazebo_differential_drive_robot/hook/cmake_prefix_path.sh'
[6.462s] Level 1:colcon.colcon_core.environment:checking '/home/russe/Autonomous_Robot/src/install/gazebo_differential_drive_robot/lib'
[6.462s] Level 1:colcon.colcon_core.environment:checking '/home/russe/Autonomous_Robot/src/install/gazebo_differential_drive_robot/bin'
[6.462s] Level 1:colcon.colcon_core.environment:checking '/home/russe/Autonomous_Robot/src/install/gazebo_differential_drive_robot/lib/pkgconfig/gazebo_differential_drive_robot.pc'
[6.462s] Level 1:colcon.colcon_core.environment:checking '/home/russe/Autonomous_Robot/src/install/gazebo_differential_drive_robot/lib/python3.12/site-packages'
[6.463s] Level 1:colcon.colcon_core.environment:checking '/home/russe/Autonomous_Robot/src/install/gazebo_differential_drive_robot/bin'
[6.464s] INFO:colcon.colcon_core.shell:Creating package script '/home/russe/Autonomous_Robot/src/install/gazebo_differential_drive_robot/share/gazebo_differential_drive_robot/package.ps1'
[6.465s] INFO:colcon.colcon_core.shell:Creating package descriptor '/home/russe/Autonomous_Robot/src/install/gazebo_differential_drive_robot/share/gazebo_differential_drive_robot/package.dsv'
[6.465s] INFO:colcon.colcon_core.shell:Creating package script '/home/russe/Autonomous_Robot/src/install/gazebo_differential_drive_robot/share/gazebo_differential_drive_robot/package.sh'
[6.466s] INFO:colcon.colcon_core.shell:Creating package script '/home/russe/Autonomous_Robot/src/install/gazebo_differential_drive_robot/share/gazebo_differential_drive_robot/package.bash'
[6.467s] INFO:colcon.colcon_core.shell:Creating package script '/home/russe/Autonomous_Robot/src/install/gazebo_differential_drive_robot/share/gazebo_differential_drive_robot/package.zsh'
[6.468s] Level 1:colcon.colcon_core.environment:create_file_with_runtime_dependencies(/home/russe/Autonomous_Robot/src/install/gazebo_differential_drive_robot/share/colcon-core/packages/gazebo_differential_drive_robot)
[6.468s] DEBUG:colcon.colcon_parallel_executor.executor.parallel:closing loop
[6.469s] DEBUG:colcon.colcon_parallel_executor.executor.parallel:loop closed
[6.469s] DEBUG:colcon.colcon_parallel_executor.executor.parallel:run_until_complete finished with '0'
[6.470s] DEBUG:colcon.colcon_core.event_reactor:joining thread
[6.541s] INFO:colcon.colcon_core.plugin_system:Skipping extension 'colcon_notification.desktop_notification.notify_send': Could not find 'notify-send'
[6.541s] INFO:colcon.colcon_core.plugin_system:Skipping extension 'colcon_notification.desktop_notification.terminal_notifier': Not used on non-Darwin systems
[6.541s] INFO:colcon.colcon_core.plugin_system:Skipping extension 'colcon_notification.desktop_notification.win32': Not used on non-Windows systems
[6.541s] INFO:colcon.colcon_notification.desktop_notification:Sending desktop notification using 'notify2'
[6.544s] DEBUG:colcon.colcon_notification.desktop_notification.notify2:Failed to initialize notify2: org.freedesktop.DBus.Error.ServiceUnknown: The name org.freedesktop.Notifications was not provided by any .service files
[6.544s] DEBUG:colcon.colcon_core.event_reactor:joined thread
[6.545s] INFO:colcon.colcon_core.shell:Creating prefix script '/home/russe/Autonomous_Robot/src/install/local_setup.ps1'
[6.546s] INFO:colcon.colcon_core.shell:Creating prefix util module '/home/russe/Autonomous_Robot/src/install/_local_setup_util_ps1.py'
[6.549s] INFO:colcon.colcon_core.shell:Creating prefix chain script '/home/russe/Autonomous_Robot/src/install/setup.ps1'
[6.551s] INFO:colcon.colcon_core.shell:Creating prefix script '/home/russe/Autonomous_Robot/src/install/local_setup.sh'
[6.554s] INFO:colcon.colcon_core.shell:Creating prefix util module '/home/russe/Autonomous_Robot/src/install/_local_setup_util_sh.py'
[6.556s] INFO:colcon.colcon_core.shell:Creating prefix chain script '/home/russe/Autonomous_Robot/src/install/setup.sh'
[6.557s] INFO:colcon.colcon_core.shell:Creating prefix script '/home/russe/Autonomous_Robot/src/install/local_setup.bash'
[6.558s] INFO:colcon.colcon_core.shell:Creating prefix chain script '/home/russe/Autonomous_Robot/src/install/setup.bash'
[6.560s] INFO:colcon.colcon_core.shell:Creating prefix script '/home/russe/Autonomous_Robot/src/install/local_setup.zsh'
[6.561s] INFO:colcon.colcon_core.shell:Creating prefix chain script '/home/russe/Autonomous_Robot/src/install/setup.zsh'
