[0.661s] Invoking command in '/home/russe/Autonomous_Robot/src/mobile_robot': PYTHONPATH=/home/russe/Autonomous_Robot/build/mobile_robot/prefix_override:/usr/lib/python3/dist-packages/colcon_core/task/python/colcon_distutils_commands:/home/russe/Autonomous_Robot/install/mobile_robot/lib/python3.12/site-packages:${PYTHONPATH} /usr/bin/python3 -W ignore:setup.py install is deprecated -W ignore:easy_install command is deprecated setup.py egg_info --egg-base ../../build/mobile_robot build --build-base /home/russe/Autonomous_Robot/build/mobile_robot/build install --record /home/russe/Autonomous_Robot/build/mobile_robot/install.log --single-version-externally-managed install_data
[0.857s] running egg_info
[0.873s] writing ../../build/mobile_robot/mobile_robot.egg-info/PKG-INFO
[0.873s] writing dependency_links to ../../build/mobile_robot/mobile_robot.egg-info/dependency_links.txt
[0.873s] writing entry points to ../../build/mobile_robot/mobile_robot.egg-info/entry_points.txt
[0.873s] writing requirements to ../../build/mobile_robot/mobile_robot.egg-info/requires.txt
[0.873s] writing top-level names to ../../build/mobile_robot/mobile_robot.egg-info/top_level.txt
[0.903s] reading manifest file '../../build/mobile_robot/mobile_robot.egg-info/SOURCES.txt'
[0.904s] writing manifest file '../../build/mobile_robot/mobile_robot.egg-info/SOURCES.txt'
[0.904s] running build
[0.904s] running build_py
[0.905s] copying mobile_robot/identify.py -> /home/russe/Autonomous_Robot/build/mobile_robot/build/lib/mobile_robot
[0.905s] copying mobile_robot/move.py -> /home/russe/Autonomous_Robot/build/mobile_robot/build/lib/mobile_robot
[0.905s] running install
[0.910s] running install_lib
[0.925s] copying /home/russe/Autonomous_Robot/build/mobile_robot/build/lib/mobile_robot/identify.py -> /home/russe/Autonomous_Robot/install/mobile_robot/lib/python3.12/site-packages/mobile_robot
[0.925s] copying /home/russe/Autonomous_Robot/build/mobile_robot/build/lib/mobile_robot/move.py -> /home/russe/Autonomous_Robot/install/mobile_robot/lib/python3.12/site-packages/mobile_robot
[0.926s] byte-compiling /home/russe/Autonomous_Robot/install/mobile_robot/lib/python3.12/site-packages/mobile_robot/identify.py to identify.cpython-312.pyc
[0.927s] byte-compiling /home/russe/Autonomous_Robot/install/mobile_robot/lib/python3.12/site-packages/mobile_robot/move.py to move.cpython-312.pyc
[0.929s] running install_data
[0.929s] running install_egg_info
[0.945s] removing '/home/russe/Autonomous_Robot/install/mobile_robot/lib/python3.12/site-packages/mobile_robot-0.0.0-py3.12.egg-info' (and everything under it)
[0.945s] Copying ../../build/mobile_robot/mobile_robot.egg-info to /home/russe/Autonomous_Robot/install/mobile_robot/lib/python3.12/site-packages/mobile_robot-0.0.0-py3.12.egg-info
[0.946s] running install_scripts
[1.042s] Installing battery_node script to /home/russe/Autonomous_Robot/install/mobile_robot/lib/mobile_robot
[1.043s] Installing bounce_2cylinders script to /home/russe/Autonomous_Robot/install/mobile_robot/lib/mobile_robot
[1.043s] Installing bounce_cylinder script to /home/russe/Autonomous_Robot/install/mobile_robot/lib/mobile_robot
[1.043s] Installing find script to /home/russe/Autonomous_Robot/install/mobile_robot/lib/mobile_robot
[1.043s] Installing guest_approach script to /home/russe/Autonomous_Robot/install/mobile_robot/lib/mobile_robot
[1.043s] Installing guest_find script to /home/russe/Autonomous_Robot/install/mobile_robot/lib/mobile_robot
[1.044s] Installing identify script to /home/russe/Autonomous_Robot/install/mobile_robot/lib/mobile_robot
[1.044s] Installing identify_move_supervisor script to /home/russe/Autonomous_Robot/install/mobile_robot/lib/mobile_robot
[1.044s] Installing move script to /home/russe/Autonomous_Robot/install/mobile_robot/lib/mobile_robot
[1.044s] Installing rotate_90_degrees script to /home/russe/Autonomous_Robot/install/mobile_robot/lib/mobile_robot
[1.044s] Installing simple_avoid_obstacle script to /home/russe/Autonomous_Robot/install/mobile_robot/lib/mobile_robot
[1.044s] Installing simple_guest_approach script to /home/russe/Autonomous_Robot/install/mobile_robot/lib/mobile_robot
[1.044s] Installing simple_guest_find script to /home/russe/Autonomous_Robot/install/mobile_robot/lib/mobile_robot
[1.045s] Installing spin_head script to /home/russe/Autonomous_Robot/install/mobile_robot/lib/mobile_robot
[1.045s] Installing square_driver_with_logging script to /home/russe/Autonomous_Robot/install/mobile_robot/lib/mobile_robot
[1.045s] Installing test_publisher script to /home/russe/Autonomous_Robot/install/mobile_robot/lib/mobile_robot
[1.045s] writing list of installed files to '/home/russe/Autonomous_Robot/build/mobile_robot/install.log'
[1.069s] Invoked command in '/home/russe/Autonomous_Robot/src/mobile_robot' returned '0': PYTHONPATH=/home/russe/Autonomous_Robot/build/mobile_robot/prefix_override:/usr/lib/python3/dist-packages/colcon_core/task/python/colcon_distutils_commands:/home/russe/Autonomous_Robot/install/mobile_robot/lib/python3.12/site-packages:${PYTHONPATH} /usr/bin/python3 -W ignore:setup.py install is deprecated -W ignore:easy_install command is deprecated setup.py egg_info --egg-base ../../build/mobile_robot build --build-base /home/russe/Autonomous_Robot/build/mobile_robot/build install --record /home/russe/Autonomous_Robot/build/mobile_robot/install.log --single-version-externally-managed install_data
