[0.364s] DEBUG:colcon:Command line arguments: ['/usr/bin/colcon', 'build']
[0.364s] DEBUG:colcon:Parsed command line arguments: Namespace(log_base=None, log_level=None, verb_name='build', build_base='build', install_base='install', merge_install=False, symlink_install=False, test_result_base=None, continue_on_error=False, executor='parallel', parallel_workers=8, event_handlers=None, ignore_user_meta=False, metas=['./colcon.meta'], base_paths=['.'], packages_ignore=None, packages_ignore_regex=None, paths=None, packages_up_to=None, packages_up_to_regex=None, packages_above=None, packages_above_and_dependencies=None, packages_above_depth=None, packages_select_by_dep=None, packages_skip_by_dep=None, packages_skip_up_to=None, packages_select_build_failed=False, packages_skip_build_finished=False, packages_select_test_failures=False, packages_skip_test_passed=False, packages_select=None, packages_skip=None, packages_select_regex=None, packages_skip_regex=None, packages_start=None, packages_end=None, allow_overriding=[], cmake_args=None, cmake_target=None, cmake_target_skip_unavailable=False, cmake_clean_cache=False, cmake_clean_first=False, cmake_force_configure=False, ament_cmake_args=None, catkin_cmake_args=None, catkin_skip_building_tests=False, mixin_files=None, mixin=None, verb_parser=<colcon_mixin.mixin.mixin_argument.MixinArgumentDecorator object at 0x7015c403db50>, verb_extension=<colcon_core.verb.build.BuildVerb object at 0x7015c403d340>, main=<bound method BuildVerb.main of <colcon_core.verb.build.BuildVerb object at 0x7015c403d340>>, mixin_verb=('build',))
[0.452s] Level 1:colcon.colcon_core.package_discovery:discover_packages(colcon_meta) check parameters
[0.452s] Level 1:colcon.colcon_core.package_discovery:discover_packages(recursive) check parameters
[0.452s] Level 1:colcon.colcon_core.package_discovery:discover_packages(ignore) check parameters
[0.452s] Level 1:colcon.colcon_core.package_discovery:discover_packages(path) check parameters
[0.452s] Level 1:colcon.colcon_core.package_discovery:discover_packages(colcon_meta) discover
[0.452s] Level 1:colcon.colcon_core.package_discovery:discover_packages(recursive) discover
[0.452s] INFO:colcon.colcon_core.package_discovery:Crawling recursively for packages in '/home/russe/Autonomous_Robot'
[0.453s] Level 1:colcon.colcon_core.package_identification:_identify(.) by extensions ['ignore', 'ignore_ament_install']
[0.453s] Level 1:colcon.colcon_core.package_identification:_identify(.) by extension 'ignore'
[0.453s] Level 1:colcon.colcon_core.package_identification:_identify(.) by extension 'ignore_ament_install'
[0.453s] Level 1:colcon.colcon_core.package_identification:_identify(.) by extensions ['colcon_pkg']
[0.453s] Level 1:colcon.colcon_core.package_identification:_identify(.) by extension 'colcon_pkg'
[0.453s] Level 1:colcon.colcon_core.package_identification:_identify(.) by extensions ['colcon_meta']
[0.453s] Level 1:colcon.colcon_core.package_identification:_identify(.) by extension 'colcon_meta'
[0.453s] Level 1:colcon.colcon_core.package_identification:_identify(.) by extensions ['ros']
[0.453s] Level 1:colcon.colcon_core.package_identification:_identify(.) by extension 'ros'
[0.516s] Level 1:colcon.colcon_core.package_identification:_identify(.) by extensions ['cmake', 'python']
[0.516s] Level 1:colcon.colcon_core.package_identification:_identify(.) by extension 'cmake'
[0.516s] Level 1:colcon.colcon_core.package_identification:_identify(.) by extension 'python'
[0.516s] Level 1:colcon.colcon_core.package_identification:_identify(.) by extensions ['python_setup_py']
[0.516s] Level 1:colcon.colcon_core.package_identification:_identify(.) by extension 'python_setup_py'
[0.517s] Level 1:colcon.colcon_core.package_identification:_identify(build) by extensions ['ignore', 'ignore_ament_install']
[0.517s] Level 1:colcon.colcon_core.package_identification:_identify(build) by extension 'ignore'
[0.517s] Level 1:colcon.colcon_core.package_identification:_identify(build) ignored
[0.518s] Level 1:colcon.colcon_core.package_identification:_identify(install) by extensions ['ignore', 'ignore_ament_install']
[0.518s] Level 1:colcon.colcon_core.package_identification:_identify(install) by extension 'ignore'
[0.518s] Level 1:colcon.colcon_core.package_identification:_identify(install) ignored
[0.519s] Level 1:colcon.colcon_core.package_identification:_identify(log) by extensions ['ignore', 'ignore_ament_install']
[0.519s] Level 1:colcon.colcon_core.package_identification:_identify(log) by extension 'ignore'
[0.520s] Level 1:colcon.colcon_core.package_identification:_identify(log) ignored
[0.520s] Level 1:colcon.colcon_core.package_identification:_identify(src) by extensions ['ignore', 'ignore_ament_install']
[0.520s] Level 1:colcon.colcon_core.package_identification:_identify(src) by extension 'ignore'
[0.520s] Level 1:colcon.colcon_core.package_identification:_identify(src) by extension 'ignore_ament_install'
[0.520s] Level 1:colcon.colcon_core.package_identification:_identify(src) by extensions ['colcon_pkg']
[0.520s] Level 1:colcon.colcon_core.package_identification:_identify(src) by extension 'colcon_pkg'
[0.520s] Level 1:colcon.colcon_core.package_identification:_identify(src) by extensions ['colcon_meta']
[0.520s] Level 1:colcon.colcon_core.package_identification:_identify(src) by extension 'colcon_meta'
[0.520s] Level 1:colcon.colcon_core.package_identification:_identify(src) by extensions ['ros']
[0.520s] Level 1:colcon.colcon_core.package_identification:_identify(src) by extension 'ros'
[0.520s] Level 1:colcon.colcon_core.package_identification:_identify(src) by extensions ['cmake', 'python']
[0.521s] Level 1:colcon.colcon_core.package_identification:_identify(src) by extension 'cmake'
[0.521s] Level 1:colcon.colcon_core.package_identification:_identify(src) by extension 'python'
[0.521s] Level 1:colcon.colcon_core.package_identification:_identify(src) by extensions ['python_setup_py']
[0.521s] Level 1:colcon.colcon_core.package_identification:_identify(src) by extension 'python_setup_py'
[0.521s] Level 1:colcon.colcon_core.package_identification:_identify(src/gazebo_differential_drive_robot) by extensions ['ignore', 'ignore_ament_install']
[0.521s] Level 1:colcon.colcon_core.package_identification:_identify(src/gazebo_differential_drive_robot) by extension 'ignore'
[0.521s] Level 1:colcon.colcon_core.package_identification:_identify(src/gazebo_differential_drive_robot) by extension 'ignore_ament_install'
[0.521s] Level 1:colcon.colcon_core.package_identification:_identify(src/gazebo_differential_drive_robot) by extensions ['colcon_pkg']
[0.521s] Level 1:colcon.colcon_core.package_identification:_identify(src/gazebo_differential_drive_robot) by extension 'colcon_pkg'
[0.521s] Level 1:colcon.colcon_core.package_identification:_identify(src/gazebo_differential_drive_robot) by extensions ['colcon_meta']
[0.521s] Level 1:colcon.colcon_core.package_identification:_identify(src/gazebo_differential_drive_robot) by extension 'colcon_meta'
[0.521s] Level 1:colcon.colcon_core.package_identification:_identify(src/gazebo_differential_drive_robot) by extensions ['ros']
[0.521s] Level 1:colcon.colcon_core.package_identification:_identify(src/gazebo_differential_drive_robot) by extension 'ros'
[0.526s] DEBUG:colcon.colcon_core.package_identification:Package 'src/gazebo_differential_drive_robot' with type 'ros.ament_cmake' and name 'gazebo_differential_drive_robot'
[0.542s] Level 1:colcon.colcon_core.package_identification:_identify(src/mobile_robot) by extensions ['ignore', 'ignore_ament_install']
[0.542s] Level 1:colcon.colcon_core.package_identification:_identify(src/mobile_robot) by extension 'ignore'
[0.542s] Level 1:colcon.colcon_core.package_identification:_identify(src/mobile_robot) by extension 'ignore_ament_install'
[0.542s] Level 1:colcon.colcon_core.package_identification:_identify(src/mobile_robot) by extensions ['colcon_pkg']
[0.543s] Level 1:colcon.colcon_core.package_identification:_identify(src/mobile_robot) by extension 'colcon_pkg'
[0.543s] Level 1:colcon.colcon_core.package_identification:_identify(src/mobile_robot) by extensions ['colcon_meta']
[0.543s] Level 1:colcon.colcon_core.package_identification:_identify(src/mobile_robot) by extension 'colcon_meta'
[0.543s] Level 1:colcon.colcon_core.package_identification:_identify(src/mobile_robot) by extensions ['ros']
[0.543s] Level 1:colcon.colcon_core.package_identification:_identify(src/mobile_robot) by extension 'ros'
[0.545s] DEBUG:colcon.colcon_core.package_identification:Package 'src/mobile_robot' with type 'ros.ament_python' and name 'mobile_robot'
[0.545s] Level 1:colcon.colcon_core.package_discovery:discover_packages(recursive) using defaults
[0.545s] Level 1:colcon.colcon_core.package_discovery:discover_packages(ignore) discover
[0.545s] Level 1:colcon.colcon_core.package_discovery:discover_packages(ignore) using defaults
[0.545s] Level 1:colcon.colcon_core.package_discovery:discover_packages(path) discover
[0.545s] Level 1:colcon.colcon_core.package_discovery:discover_packages(path) using defaults
[0.588s] Level 1:colcon.colcon_core.package_discovery:discover_packages(prefix_path) check parameters
[0.589s] Level 1:colcon.colcon_core.package_discovery:discover_packages(prefix_path) discover
[0.593s] DEBUG:colcon.colcon_installed_package_information.package_discovery:Found 3 installed packages in /home/russe/Autonomous_Robot/install
[0.596s] DEBUG:colcon.colcon_installed_package_information.package_discovery:Found 322 installed packages in /opt/ros/jazzy
[0.597s] Level 1:colcon.colcon_core.package_discovery:discover_packages(prefix_path) using defaults
[0.698s] Level 5:colcon.colcon_core.verb:set package 'gazebo_differential_drive_robot' build argument 'cmake_args' from command line to 'None'
[0.698s] Level 5:colcon.colcon_core.verb:set package 'gazebo_differential_drive_robot' build argument 'cmake_target' from command line to 'None'
[0.698s] Level 5:colcon.colcon_core.verb:set package 'gazebo_differential_drive_robot' build argument 'cmake_target_skip_unavailable' from command line to 'False'
[0.698s] Level 5:colcon.colcon_core.verb:set package 'gazebo_differential_drive_robot' build argument 'cmake_clean_cache' from command line to 'False'
[0.699s] Level 5:colcon.colcon_core.verb:set package 'gazebo_differential_drive_robot' build argument 'cmake_clean_first' from command line to 'False'
[0.699s] Level 5:colcon.colcon_core.verb:set package 'gazebo_differential_drive_robot' build argument 'cmake_force_configure' from command line to 'False'
[0.699s] Level 5:colcon.colcon_core.verb:set package 'gazebo_differential_drive_robot' build argument 'ament_cmake_args' from command line to 'None'
[0.699s] Level 5:colcon.colcon_core.verb:set package 'gazebo_differential_drive_robot' build argument 'catkin_cmake_args' from command line to 'None'
[0.699s] Level 5:colcon.colcon_core.verb:set package 'gazebo_differential_drive_robot' build argument 'catkin_skip_building_tests' from command line to 'False'
[0.699s] DEBUG:colcon.colcon_core.verb:Building package 'gazebo_differential_drive_robot' with the following arguments: {'ament_cmake_args': None, 'build_base': '/home/russe/Autonomous_Robot/build/gazebo_differential_drive_robot', 'catkin_cmake_args': None, 'catkin_skip_building_tests': False, 'cmake_args': None, 'cmake_clean_cache': False, 'cmake_clean_first': False, 'cmake_force_configure': False, 'cmake_target': None, 'cmake_target_skip_unavailable': False, 'install_base': '/home/russe/Autonomous_Robot/install/gazebo_differential_drive_robot', 'merge_install': False, 'path': '/home/russe/Autonomous_Robot/src/gazebo_differential_drive_robot', 'symlink_install': False, 'test_result_base': None}
[0.699s] Level 5:colcon.colcon_core.verb:set package 'mobile_robot' build argument 'cmake_args' from command line to 'None'
[0.699s] Level 5:colcon.colcon_core.verb:set package 'mobile_robot' build argument 'cmake_target' from command line to 'None'
[0.700s] Level 5:colcon.colcon_core.verb:set package 'mobile_robot' build argument 'cmake_target_skip_unavailable' from command line to 'False'
[0.700s] Level 5:colcon.colcon_core.verb:set package 'mobile_robot' build argument 'cmake_clean_cache' from command line to 'False'
[0.700s] Level 5:colcon.colcon_core.verb:set package 'mobile_robot' build argument 'cmake_clean_first' from command line to 'False'
[0.700s] Level 5:colcon.colcon_core.verb:set package 'mobile_robot' build argument 'cmake_force_configure' from command line to 'False'
[0.700s] Level 5:colcon.colcon_core.verb:set package 'mobile_robot' build argument 'ament_cmake_args' from command line to 'None'
[0.700s] Level 5:colcon.colcon_core.verb:set package 'mobile_robot' build argument 'catkin_cmake_args' from command line to 'None'
[0.700s] Level 5:colcon.colcon_core.verb:set package 'mobile_robot' build argument 'catkin_skip_building_tests' from command line to 'False'
[0.700s] DEBUG:colcon.colcon_core.verb:Building package 'mobile_robot' with the following arguments: {'ament_cmake_args': None, 'build_base': '/home/russe/Autonomous_Robot/build/mobile_robot', 'catkin_cmake_args': None, 'catkin_skip_building_tests': False, 'cmake_args': None, 'cmake_clean_cache': False, 'cmake_clean_first': False, 'cmake_force_configure': False, 'cmake_target': None, 'cmake_target_skip_unavailable': False, 'install_base': '/home/russe/Autonomous_Robot/install/mobile_robot', 'merge_install': False, 'path': '/home/russe/Autonomous_Robot/src/mobile_robot', 'symlink_install': False, 'test_result_base': None}
[0.700s] INFO:colcon.colcon_core.executor:Executing jobs using 'parallel' executor
[0.704s] DEBUG:colcon.colcon_parallel_executor.executor.parallel:run_until_complete
[0.704s] INFO:colcon.colcon_ros.task.ament_cmake.build:Building ROS package in '/home/russe/Autonomous_Robot/src/gazebo_differential_drive_robot' with build type 'ament_cmake'
[0.704s] INFO:colcon.colcon_cmake.task.cmake.build:Building CMake package in '/home/russe/Autonomous_Robot/src/gazebo_differential_drive_robot'
[0.710s] INFO:colcon.colcon_core.plugin_system:Skipping extension 'colcon_core.shell.bat': Not used on non-Windows systems
[0.710s] INFO:colcon.colcon_core.shell:Skip shell extension 'powershell' for command environment: Not usable outside of PowerShell
[0.710s] DEBUG:colcon.colcon_core.shell:Skip shell extension 'dsv' for command environment
[0.720s] INFO:colcon.colcon_ros.task.ament_python.build:Building ROS package in '/home/russe/Autonomous_Robot/src/mobile_robot' with build type 'ament_python'
[0.721s] Level 1:colcon.colcon_core.shell:create_environment_hook('mobile_robot', 'ament_prefix_path')
[0.721s] INFO:colcon.colcon_core.shell:Creating environment hook '/home/russe/Autonomous_Robot/install/mobile_robot/share/mobile_robot/hook/ament_prefix_path.ps1'
[0.724s] INFO:colcon.colcon_core.shell:Creating environment descriptor '/home/russe/Autonomous_Robot/install/mobile_robot/share/mobile_robot/hook/ament_prefix_path.dsv'
[0.725s] INFO:colcon.colcon_core.shell:Creating environment hook '/home/russe/Autonomous_Robot/install/mobile_robot/share/mobile_robot/hook/ament_prefix_path.sh'
[0.727s] INFO:colcon.colcon_core.shell:Skip shell extension 'powershell' for command environment: Not usable outside of PowerShell
[0.727s] DEBUG:colcon.colcon_core.shell:Skip shell extension 'dsv' for command environment
[0.749s] DEBUG:colcon.colcon_core.event_handler.log_command:Invoking command in '/home/russe/Autonomous_Robot/build/gazebo_differential_drive_robot': CMAKE_PREFIX_PATH=${CMAKE_PREFIX_PATH}:/home/russe/Autonomous_Robot/install/new_gazebo_robot:/home/russe/Autonomous_Robot/install/mobile_robot:/opt/ros/jazzy /usr/bin/cmake --build /home/russe/Autonomous_Robot/build/gazebo_differential_drive_robot -- -j8 -l8
[1.259s] INFO:colcon.colcon_core.task.python.build:Building Python package in '/home/russe/Autonomous_Robot/src/mobile_robot'
[1.260s] INFO:colcon.colcon_core.shell:Skip shell extension 'powershell' for command environment: Not usable outside of PowerShell
[1.260s] DEBUG:colcon.colcon_core.shell:Skip shell extension 'dsv' for command environment
[1.269s] DEBUG:colcon.colcon_core.event_handler.log_command:Invoked command in '/home/russe/Autonomous_Robot/build/gazebo_differential_drive_robot' returned '0': CMAKE_PREFIX_PATH=${CMAKE_PREFIX_PATH}:/home/russe/Autonomous_Robot/install/new_gazebo_robot:/home/russe/Autonomous_Robot/install/mobile_robot:/opt/ros/jazzy /usr/bin/cmake --build /home/russe/Autonomous_Robot/build/gazebo_differential_drive_robot -- -j8 -l8
[1.293s] DEBUG:colcon.colcon_core.event_handler.log_command:Invoking command in '/home/russe/Autonomous_Robot/build/gazebo_differential_drive_robot': CMAKE_PREFIX_PATH=${CMAKE_PREFIX_PATH}:/home/russe/Autonomous_Robot/install/new_gazebo_robot:/home/russe/Autonomous_Robot/install/mobile_robot:/opt/ros/jazzy /usr/bin/cmake --install /home/russe/Autonomous_Robot/build/gazebo_differential_drive_robot
[1.321s] Level 1:colcon.colcon_core.environment:create_environment_scripts_only(gazebo_differential_drive_robot)
[1.326s] DEBUG:colcon.colcon_core.event_handler.log_command:Invoked command in '/home/russe/Autonomous_Robot/build/gazebo_differential_drive_robot' returned '0': CMAKE_PREFIX_PATH=${CMAKE_PREFIX_PATH}:/home/russe/Autonomous_Robot/install/new_gazebo_robot:/home/russe/Autonomous_Robot/install/mobile_robot:/opt/ros/jazzy /usr/bin/cmake --install /home/russe/Autonomous_Robot/build/gazebo_differential_drive_robot
[1.328s] Level 1:colcon.colcon_core.environment:checking '/home/russe/Autonomous_Robot/install/gazebo_differential_drive_robot' for CMake module files
[1.329s] Level 1:colcon.colcon_core.environment:checking '/home/russe/Autonomous_Robot/install/gazebo_differential_drive_robot' for CMake config files
[1.330s] Level 1:colcon.colcon_core.shell:create_environment_hook('gazebo_differential_drive_robot', 'cmake_prefix_path')
[1.334s] INFO:colcon.colcon_core.shell:Creating environment hook '/home/russe/Autonomous_Robot/install/gazebo_differential_drive_robot/share/gazebo_differential_drive_robot/hook/cmake_prefix_path.ps1'
[1.335s] INFO:colcon.colcon_core.shell:Creating environment descriptor '/home/russe/Autonomous_Robot/install/gazebo_differential_drive_robot/share/gazebo_differential_drive_robot/hook/cmake_prefix_path.dsv'
[1.336s] INFO:colcon.colcon_core.shell:Creating environment hook '/home/russe/Autonomous_Robot/install/gazebo_differential_drive_robot/share/gazebo_differential_drive_robot/hook/cmake_prefix_path.sh'
[1.337s] Level 1:colcon.colcon_core.environment:checking '/home/russe/Autonomous_Robot/install/gazebo_differential_drive_robot/lib'
[1.337s] Level 1:colcon.colcon_core.environment:checking '/home/russe/Autonomous_Robot/install/gazebo_differential_drive_robot/bin'
[1.338s] Level 1:colcon.colcon_core.environment:checking '/home/russe/Autonomous_Robot/install/gazebo_differential_drive_robot/lib/pkgconfig/gazebo_differential_drive_robot.pc'
[1.338s] Level 1:colcon.colcon_core.environment:checking '/home/russe/Autonomous_Robot/install/gazebo_differential_drive_robot/lib/python3.12/site-packages'
[1.339s] Level 1:colcon.colcon_core.environment:checking '/home/russe/Autonomous_Robot/install/gazebo_differential_drive_robot/bin'
[1.340s] INFO:colcon.colcon_core.shell:Creating package script '/home/russe/Autonomous_Robot/install/gazebo_differential_drive_robot/share/gazebo_differential_drive_robot/package.ps1'
[1.341s] INFO:colcon.colcon_core.shell:Creating package descriptor '/home/russe/Autonomous_Robot/install/gazebo_differential_drive_robot/share/gazebo_differential_drive_robot/package.dsv'
[1.342s] INFO:colcon.colcon_core.shell:Creating package script '/home/russe/Autonomous_Robot/install/gazebo_differential_drive_robot/share/gazebo_differential_drive_robot/package.sh'
[1.344s] INFO:colcon.colcon_core.shell:Creating package script '/home/russe/Autonomous_Robot/install/gazebo_differential_drive_robot/share/gazebo_differential_drive_robot/package.bash'
[1.345s] INFO:colcon.colcon_core.shell:Creating package script '/home/russe/Autonomous_Robot/install/gazebo_differential_drive_robot/share/gazebo_differential_drive_robot/package.zsh'
[1.346s] Level 1:colcon.colcon_core.environment:create_file_with_runtime_dependencies(/home/russe/Autonomous_Robot/install/gazebo_differential_drive_robot/share/colcon-core/packages/gazebo_differential_drive_robot)
[1.347s] Level 1:colcon.colcon_core.environment:create_environment_scripts_only(gazebo_differential_drive_robot)
[1.348s] Level 1:colcon.colcon_core.environment:checking '/home/russe/Autonomous_Robot/install/gazebo_differential_drive_robot' for CMake module files
[1.349s] Level 1:colcon.colcon_core.environment:checking '/home/russe/Autonomous_Robot/install/gazebo_differential_drive_robot' for CMake config files
[1.350s] Level 1:colcon.colcon_core.shell:create_environment_hook('gazebo_differential_drive_robot', 'cmake_prefix_path')
[1.350s] INFO:colcon.colcon_core.shell:Creating environment hook '/home/russe/Autonomous_Robot/install/gazebo_differential_drive_robot/share/gazebo_differential_drive_robot/hook/cmake_prefix_path.ps1'
[1.351s] INFO:colcon.colcon_core.shell:Creating environment descriptor '/home/russe/Autonomous_Robot/install/gazebo_differential_drive_robot/share/gazebo_differential_drive_robot/hook/cmake_prefix_path.dsv'
[1.352s] INFO:colcon.colcon_core.shell:Creating environment hook '/home/russe/Autonomous_Robot/install/gazebo_differential_drive_robot/share/gazebo_differential_drive_robot/hook/cmake_prefix_path.sh'
[1.354s] Level 1:colcon.colcon_core.environment:checking '/home/russe/Autonomous_Robot/install/gazebo_differential_drive_robot/lib'
[1.355s] Level 1:colcon.colcon_core.environment:checking '/home/russe/Autonomous_Robot/install/gazebo_differential_drive_robot/bin'
[1.355s] Level 1:colcon.colcon_core.environment:checking '/home/russe/Autonomous_Robot/install/gazebo_differential_drive_robot/lib/pkgconfig/gazebo_differential_drive_robot.pc'
[1.355s] Level 1:colcon.colcon_core.environment:checking '/home/russe/Autonomous_Robot/install/gazebo_differential_drive_robot/lib/python3.12/site-packages'
[1.356s] Level 1:colcon.colcon_core.environment:checking '/home/russe/Autonomous_Robot/install/gazebo_differential_drive_robot/bin'
[1.356s] INFO:colcon.colcon_core.shell:Creating package script '/home/russe/Autonomous_Robot/install/gazebo_differential_drive_robot/share/gazebo_differential_drive_robot/package.ps1'
[1.357s] INFO:colcon.colcon_core.shell:Creating package descriptor '/home/russe/Autonomous_Robot/install/gazebo_differential_drive_robot/share/gazebo_differential_drive_robot/package.dsv'
[1.359s] INFO:colcon.colcon_core.shell:Creating package script '/home/russe/Autonomous_Robot/install/gazebo_differential_drive_robot/share/gazebo_differential_drive_robot/package.sh'
[1.359s] INFO:colcon.colcon_core.shell:Creating package script '/home/russe/Autonomous_Robot/install/gazebo_differential_drive_robot/share/gazebo_differential_drive_robot/package.bash'
[1.360s] INFO:colcon.colcon_core.shell:Creating package script '/home/russe/Autonomous_Robot/install/gazebo_differential_drive_robot/share/gazebo_differential_drive_robot/package.zsh'
[1.361s] Level 1:colcon.colcon_core.environment:create_file_with_runtime_dependencies(/home/russe/Autonomous_Robot/install/gazebo_differential_drive_robot/share/colcon-core/packages/gazebo_differential_drive_robot)
[2.586s] DEBUG:colcon.colcon_core.event_handler.log_command:Invoking command in '/home/russe/Autonomous_Robot/src/mobile_robot': PYTHONPATH=/home/russe/Autonomous_Robot/build/mobile_robot/prefix_override:/usr/lib/python3/dist-packages/colcon_core/task/python/colcon_distutils_commands:/home/russe/Autonomous_Robot/install/mobile_robot/lib/python3.12/site-packages:${PYTHONPATH} /usr/bin/python3 -W ignore:setup.py install is deprecated -W ignore:easy_install command is deprecated setup.py egg_info --egg-base ../../build/mobile_robot build --build-base /home/russe/Autonomous_Robot/build/mobile_robot/build install --record /home/russe/Autonomous_Robot/build/mobile_robot/install.log --single-version-externally-managed install_data
[3.791s] Level 1:colcon.colcon_core.environment:checking '/home/russe/Autonomous_Robot/install/mobile_robot' for CMake module files
[3.792s] Level 1:colcon.colcon_core.environment:checking '/home/russe/Autonomous_Robot/install/mobile_robot' for CMake config files
[3.793s] Level 1:colcon.colcon_core.environment:checking '/home/russe/Autonomous_Robot/install/mobile_robot/lib'
[3.793s] Level 1:colcon.colcon_core.environment:checking '/home/russe/Autonomous_Robot/install/mobile_robot/bin'
[3.793s] Level 1:colcon.colcon_core.environment:checking '/home/russe/Autonomous_Robot/install/mobile_robot/lib/pkgconfig/mobile_robot.pc'
[3.794s] Level 1:colcon.colcon_core.environment:checking '/home/russe/Autonomous_Robot/install/mobile_robot/lib/python3.12/site-packages'
[3.794s] Level 1:colcon.colcon_core.shell:create_environment_hook('mobile_robot', 'pythonpath')
[3.795s] INFO:colcon.colcon_core.shell:Creating environment hook '/home/russe/Autonomous_Robot/install/mobile_robot/share/mobile_robot/hook/pythonpath.ps1'
[3.797s] DEBUG:colcon.colcon_core.event_handler.log_command:Invoked command in '/home/russe/Autonomous_Robot/src/mobile_robot' returned '0': PYTHONPATH=/home/russe/Autonomous_Robot/build/mobile_robot/prefix_override:/usr/lib/python3/dist-packages/colcon_core/task/python/colcon_distutils_commands:/home/russe/Autonomous_Robot/install/mobile_robot/lib/python3.12/site-packages:${PYTHONPATH} /usr/bin/python3 -W ignore:setup.py install is deprecated -W ignore:easy_install command is deprecated setup.py egg_info --egg-base ../../build/mobile_robot build --build-base /home/russe/Autonomous_Robot/build/mobile_robot/build install --record /home/russe/Autonomous_Robot/build/mobile_robot/install.log --single-version-externally-managed install_data
[3.798s] INFO:colcon.colcon_core.shell:Creating environment descriptor '/home/russe/Autonomous_Robot/install/mobile_robot/share/mobile_robot/hook/pythonpath.dsv'
[3.798s] INFO:colcon.colcon_core.shell:Creating environment hook '/home/russe/Autonomous_Robot/install/mobile_robot/share/mobile_robot/hook/pythonpath.sh'
[3.800s] Level 1:colcon.colcon_core.environment:checking '/home/russe/Autonomous_Robot/install/mobile_robot/bin'
[3.800s] Level 1:colcon.colcon_core.environment:create_environment_scripts_only(mobile_robot)
[3.801s] INFO:colcon.colcon_core.shell:Creating package script '/home/russe/Autonomous_Robot/install/mobile_robot/share/mobile_robot/package.ps1'
[3.802s] INFO:colcon.colcon_core.shell:Creating package descriptor '/home/russe/Autonomous_Robot/install/mobile_robot/share/mobile_robot/package.dsv'
[3.803s] INFO:colcon.colcon_core.shell:Creating package script '/home/russe/Autonomous_Robot/install/mobile_robot/share/mobile_robot/package.sh'
[3.804s] INFO:colcon.colcon_core.shell:Creating package script '/home/russe/Autonomous_Robot/install/mobile_robot/share/mobile_robot/package.bash'
[3.805s] INFO:colcon.colcon_core.shell:Creating package script '/home/russe/Autonomous_Robot/install/mobile_robot/share/mobile_robot/package.zsh'
[3.806s] Level 1:colcon.colcon_core.environment:create_file_with_runtime_dependencies(/home/russe/Autonomous_Robot/install/mobile_robot/share/colcon-core/packages/mobile_robot)
[3.806s] DEBUG:colcon.colcon_parallel_executor.executor.parallel:closing loop
[3.807s] DEBUG:colcon.colcon_parallel_executor.executor.parallel:loop closed
[3.807s] DEBUG:colcon.colcon_parallel_executor.executor.parallel:run_until_complete finished with '0'
[3.807s] DEBUG:colcon.colcon_core.event_reactor:joining thread
[3.885s] INFO:colcon.colcon_core.plugin_system:Skipping extension 'colcon_notification.desktop_notification.notify_send': Could not find 'notify-send'
[3.886s] INFO:colcon.colcon_core.plugin_system:Skipping extension 'colcon_notification.desktop_notification.terminal_notifier': Not used on non-Darwin systems
[3.886s] INFO:colcon.colcon_core.plugin_system:Skipping extension 'colcon_notification.desktop_notification.win32': Not used on non-Windows systems
[3.886s] INFO:colcon.colcon_notification.desktop_notification:Sending desktop notification using 'notify2'
[3.890s] DEBUG:colcon.colcon_notification.desktop_notification.notify2:Failed to initialize notify2: org.freedesktop.DBus.Error.ServiceUnknown: The name org.freedesktop.Notifications was not provided by any .service files
[3.890s] DEBUG:colcon.colcon_core.event_reactor:joined thread
[3.891s] INFO:colcon.colcon_core.shell:Creating prefix script '/home/russe/Autonomous_Robot/install/local_setup.ps1'
[3.893s] INFO:colcon.colcon_core.shell:Creating prefix util module '/home/russe/Autonomous_Robot/install/_local_setup_util_ps1.py'
[3.896s] INFO:colcon.colcon_core.shell:Creating prefix chain script '/home/russe/Autonomous_Robot/install/setup.ps1'
[3.898s] INFO:colcon.colcon_core.shell:Creating prefix script '/home/russe/Autonomous_Robot/install/local_setup.sh'
[3.899s] INFO:colcon.colcon_core.shell:Creating prefix util module '/home/russe/Autonomous_Robot/install/_local_setup_util_sh.py'
[3.900s] INFO:colcon.colcon_core.shell:Creating prefix chain script '/home/russe/Autonomous_Robot/install/setup.sh'
[3.903s] INFO:colcon.colcon_core.shell:Creating prefix script '/home/russe/Autonomous_Robot/install/local_setup.bash'
[3.905s] INFO:colcon.colcon_core.shell:Creating prefix chain script '/home/russe/Autonomous_Robot/install/setup.bash'
[3.907s] INFO:colcon.colcon_core.shell:Creating prefix script '/home/russe/Autonomous_Robot/install/local_setup.zsh'
[3.908s] INFO:colcon.colcon_core.shell:Creating prefix chain script '/home/russe/Autonomous_Robot/install/setup.zsh'
