[0.050s] Invoking command in '/home/russe/Autonomous_Robot/src/build/gazebo_differential_drive_robot': CMAKE_PREFIX_PATH=${CMAKE_PREFIX_PATH}:/opt/ros/jazzy /usr/bin/cmake /home/russe/Autonomous_Robot/src/gazebo_differential_drive_robot -DCMAKE_INSTALL_PREFIX=/home/russe/Autonomous_Robot/src/install/gazebo_differential_drive_robot
[0.737s] -- The C compiler identification is GNU 13.3.0
[2.175s] -- The CXX compiler identification is GNU 13.3.0
[3.061s] -- Detecting C compiler ABI info
[3.586s] -- Detecting C compiler ABI info - done
[3.608s] -- Check for working C compiler: /usr/bin/cc - skipped
[3.624s] -- Detecting C compile features
[3.627s] -- Detecting C compile features - done
[3.779s] -- Detecting CXX compiler ABI info
[4.272s] -- Detecting CXX compiler ABI info - done
[4.293s] -- Check for working CXX compiler: /usr/bin/c++ - skipped
[4.295s] -- Detecting CXX compile features
[4.296s] -- Detecting CXX compile features - done
[4.341s] -- Found ament_cmake: 2.5.5 (/opt/ros/jazzy/share/ament_cmake/cmake)
[4.710s] -- Found Python3: /usr/bin/python3 (found version "3.12.3") found components: Interpreter 
[5.094s] -- Found ament_lint_auto: 0.17.4 (/opt/ros/jazzy/share/ament_lint_auto/cmake)
[5.405s] -- Added test 'flake8' to check Python code syntax and style conventions
[5.405s] -- Configured 'flake8' exclude dirs and/or files: 
[5.408s] -- Added test 'lint_cmake' to check CMake code style
[5.411s] -- Added test 'pep257' to check Python code against some of the docstring style conventions in PEP 257
[5.425s] -- Added test 'xmllint' to check XML markup files
[5.432s] -- Configuring done (5.3s)
[5.447s] -- Generating done (0.0s)
[5.452s] -- Build files have been written to: /home/russe/Autonomous_Robot/src/build/gazebo_differential_drive_robot
[5.464s] Invoked command in '/home/russe/Autonomous_Robot/src/build/gazebo_differential_drive_robot' returned '0': CMAKE_PREFIX_PATH=${CMAKE_PREFIX_PATH}:/opt/ros/jazzy /usr/bin/cmake /home/russe/Autonomous_Robot/src/gazebo_differential_drive_robot -DCMAKE_INSTALL_PREFIX=/home/russe/Autonomous_Robot/src/install/gazebo_differential_drive_robot
[5.467s] Invoking command in '/home/russe/Autonomous_Robot/src/build/gazebo_differential_drive_robot': CMAKE_PREFIX_PATH=${CMAKE_PREFIX_PATH}:/opt/ros/jazzy /usr/bin/cmake --build /home/russe/Autonomous_Robot/src/build/gazebo_differential_drive_robot -- -j8 -l8
[5.567s] Invoked command in '/home/russe/Autonomous_Robot/src/build/gazebo_differential_drive_robot' returned '0': CMAKE_PREFIX_PATH=${CMAKE_PREFIX_PATH}:/opt/ros/jazzy /usr/bin/cmake --build /home/russe/Autonomous_Robot/src/build/gazebo_differential_drive_robot -- -j8 -l8
[5.588s] Invoking command in '/home/russe/Autonomous_Robot/src/build/gazebo_differential_drive_robot': CMAKE_PREFIX_PATH=${CMAKE_PREFIX_PATH}:/opt/ros/jazzy /usr/bin/cmake --install /home/russe/Autonomous_Robot/src/build/gazebo_differential_drive_robot
[5.615s] -- Install configuration: ""
[5.615s] -- Installing: /home/russe/Autonomous_Robot/src/install/gazebo_differential_drive_robot/share/gazebo_differential_drive_robot/launch
[5.615s] -- Installing: /home/russe/Autonomous_Robot/src/install/gazebo_differential_drive_robot/share/gazebo_differential_drive_robot/launch/robot.launch.py
[5.629s] -- Installing: /home/russe/Autonomous_Robot/src/install/gazebo_differential_drive_robot/share/gazebo_differential_drive_robot/model
[5.629s] -- Installing: /home/russe/Autonomous_Robot/src/install/gazebo_differential_drive_robot/share/gazebo_differential_drive_robot/model/robot.xacro
[5.629s] -- Installing: /home/russe/Autonomous_Robot/src/install/gazebo_differential_drive_robot/share/gazebo_differential_drive_robot/config
[5.629s] -- Installing: /home/russe/Autonomous_Robot/src/install/gazebo_differential_drive_robot/share/gazebo_differential_drive_robot/config/gz_bridge.yaml
[5.631s] -- Installing: /home/russe/Autonomous_Robot/src/install/gazebo_differential_drive_robot/lib/gazebo_differential_drive_robot/square_driver_with_logging.py
[5.636s] -- Installing: /home/russe/Autonomous_Robot/src/install/gazebo_differential_drive_robot/share/ament_index/resource_index/package_run_dependencies/gazebo_differential_drive_robot
[5.636s] -- Installing: /home/russe/Autonomous_Robot/src/install/gazebo_differential_drive_robot/share/ament_index/resource_index/parent_prefix_path/gazebo_differential_drive_robot
[5.637s] -- Installing: /home/russe/Autonomous_Robot/src/install/gazebo_differential_drive_robot/share/gazebo_differential_drive_robot/environment/ament_prefix_path.sh
[5.637s] -- Installing: /home/russe/Autonomous_Robot/src/install/gazebo_differential_drive_robot/share/gazebo_differential_drive_robot/environment/ament_prefix_path.dsv
[5.637s] -- Installing: /home/russe/Autonomous_Robot/src/install/gazebo_differential_drive_robot/share/gazebo_differential_drive_robot/environment/path.sh
[5.638s] -- Installing: /home/russe/Autonomous_Robot/src/install/gazebo_differential_drive_robot/share/gazebo_differential_drive_robot/environment/path.dsv
[5.639s] -- Installing: /home/russe/Autonomous_Robot/src/install/gazebo_differential_drive_robot/share/gazebo_differential_drive_robot/local_setup.bash
[5.639s] -- Installing: /home/russe/Autonomous_Robot/src/install/gazebo_differential_drive_robot/share/gazebo_differential_drive_robot/local_setup.sh
[5.639s] -- Installing: /home/russe/Autonomous_Robot/src/install/gazebo_differential_drive_robot/share/gazebo_differential_drive_robot/local_setup.zsh
[5.640s] -- Installing: /home/russe/Autonomous_Robot/src/install/gazebo_differential_drive_robot/share/gazebo_differential_drive_robot/local_setup.dsv
[5.640s] -- Installing: /home/russe/Autonomous_Robot/src/install/gazebo_differential_drive_robot/share/gazebo_differential_drive_robot/package.dsv
[5.640s] -- Installing: /home/russe/Autonomous_Robot/src/install/gazebo_differential_drive_robot/share/ament_index/resource_index/packages/gazebo_differential_drive_robot
[5.641s] -- Installing: /home/russe/Autonomous_Robot/src/install/gazebo_differential_drive_robot/share/gazebo_differential_drive_robot/cmake/gazebo_differential_drive_robotConfig.cmake
[5.641s] -- Installing: /home/russe/Autonomous_Robot/src/install/gazebo_differential_drive_robot/share/gazebo_differential_drive_robot/cmake/gazebo_differential_drive_robotConfig-version.cmake
[5.642s] -- Installing: /home/russe/Autonomous_Robot/src/install/gazebo_differential_drive_robot/share/gazebo_differential_drive_robot/package.xml
[5.650s] Invoked command in '/home/russe/Autonomous_Robot/src/build/gazebo_differential_drive_robot' returned '0': CMAKE_PREFIX_PATH=${CMAKE_PREFIX_PATH}:/opt/ros/jazzy /usr/bin/cmake --install /home/russe/Autonomous_Robot/src/build/gazebo_differential_drive_robot
