[1.862s] Invoking command in '/home/russe/Autonomous_Robot/src/mobile_robot': PYTHONPATH=/home/russe/Autonomous_Robot/build/mobile_robot/prefix_override:/usr/lib/python3/dist-packages/colcon_core/task/python/colcon_distutils_commands:/home/russe/Autonomous_Robot/install/mobile_robot/lib/python3.12/site-packages:${PYTHONPATH} /usr/bin/python3 -W ignore:setup.py install is deprecated -W ignore:easy_install command is deprecated setup.py egg_info --egg-base ../../build/mobile_robot build --build-base /home/russe/Autonomous_Robot/build/mobile_robot/build install --record /home/russe/Autonomous_Robot/build/mobile_robot/install.log --single-version-externally-managed install_data
[2.544s] running egg_info
[2.589s] writing ../../build/mobile_robot/mobile_robot.egg-info/PKG-INFO
[2.590s] writing dependency_links to ../../build/mobile_robot/mobile_robot.egg-info/dependency_links.txt
[2.590s] writing entry points to ../../build/mobile_robot/mobile_robot.egg-info/entry_points.txt
[2.590s] writing requirements to ../../build/mobile_robot/mobile_robot.egg-info/requires.txt
[2.591s] writing top-level names to ../../build/mobile_robot/mobile_robot.egg-info/top_level.txt
[2.689s] reading manifest file '../../build/mobile_robot/mobile_robot.egg-info/SOURCES.txt'
[2.690s] writing manifest file '../../build/mobile_robot/mobile_robot.egg-info/SOURCES.txt'
[2.690s] running build
[2.690s] running build_py
[2.691s] running install
[2.709s] running install_lib
[2.761s] running install_data
[2.766s] running install_egg_info
[2.809s] removing '/home/russe/Autonomous_Robot/install/mobile_robot/lib/python3.12/site-packages/mobile_robot-0.0.0-py3.12.egg-info' (and everything under it)
[2.810s] Copying ../../build/mobile_robot/mobile_robot.egg-info to /home/russe/Autonomous_Robot/install/mobile_robot/lib/python3.12/site-packages/mobile_robot-0.0.0-py3.12.egg-info
[2.812s] running install_scripts
[3.142s] Installing simple_avoid_obstacle script to /home/russe/Autonomous_Robot/install/mobile_robot/lib/mobile_robot
[3.142s] Installing test_publisher script to /home/russe/Autonomous_Robot/install/mobile_robot/lib/mobile_robot
[3.142s] writing list of installed files to '/home/russe/Autonomous_Robot/build/mobile_robot/install.log'
[3.214s] Invoked command in '/home/russe/Autonomous_Robot/src/mobile_robot' returned '0': PYTHONPATH=/home/russe/Autonomous_Robot/build/mobile_robot/prefix_override:/usr/lib/python3/dist-packages/colcon_core/task/python/colcon_distutils_commands:/home/russe/Autonomous_Robot/install/mobile_robot/lib/python3.12/site-packages:${PYTHONPATH} /usr/bin/python3 -W ignore:setup.py install is deprecated -W ignore:easy_install command is deprecated setup.py egg_info --egg-base ../../build/mobile_robot build --build-base /home/russe/Autonomous_Robot/build/mobile_robot/build install --record /home/russe/Autonomous_Robot/build/mobile_robot/install.log --single-version-externally-managed install_data
