-- Install configuration: ""
-- Up-to-date: /home/russe/Autonomous_Robot/src/install/gazebo_differential_drive_robot/share/gazebo_differential_drive_robot/launch
-- Up-to-date: /home/russe/Autonomous_Robot/src/install/gazebo_differential_drive_robot/share/gazebo_differential_drive_robot/launch/robot.launch.py
-- Up-to-date: /home/russe/Autonomous_Robot/src/install/gazebo_differential_drive_robot/share/gazebo_differential_drive_robot/model
-- Up-to-date: /home/russe/Autonomous_Robot/src/install/gazebo_differential_drive_robot/share/gazebo_differential_drive_robot/model/robot.xacro
-- Up-to-date: /home/russe/Autonomous_Robot/src/install/gazebo_differential_drive_robot/share/gazebo_differential_drive_robot/config
-- Up-to-date: /home/russe/Autonomous_Robot/src/install/gazebo_differential_drive_robot/share/gazebo_differential_drive_robot/config/gz_bridge.yaml
-- Up-to-date: /home/russe/Autonomous_Robot/src/install/gazebo_differential_drive_robot/lib/gazebo_differential_drive_robot/square_driver_with_logging.py
-- Up-to-date: /home/russe/Autonomous_Robot/src/install/gazebo_differential_drive_robot/share/ament_index/resource_index/package_run_dependencies/gazebo_differential_drive_robot
-- Up-to-date: /home/russe/Autonomous_Robot/src/install/gazebo_differential_drive_robot/share/ament_index/resource_index/parent_prefix_path/gazebo_differential_drive_robot
-- Up-to-date: /home/russe/Autonomous_Robot/src/install/gazebo_differential_drive_robot/share/gazebo_differential_drive_robot/environment/ament_prefix_path.sh
-- Up-to-date: /home/russe/Autonomous_Robot/src/install/gazebo_differential_drive_robot/share/gazebo_differential_drive_robot/environment/ament_prefix_path.dsv
-- Up-to-date: /home/russe/Autonomous_Robot/src/install/gazebo_differential_drive_robot/share/gazebo_differential_drive_robot/environment/path.sh
-- Up-to-date: /home/russe/Autonomous_Robot/src/install/gazebo_differential_drive_robot/share/gazebo_differential_drive_robot/environment/path.dsv
-- Up-to-date: /home/russe/Autonomous_Robot/src/install/gazebo_differential_drive_robot/share/gazebo_differential_drive_robot/local_setup.bash
-- Up-to-date: /home/russe/Autonomous_Robot/src/install/gazebo_differential_drive_robot/share/gazebo_differential_drive_robot/local_setup.sh
-- Up-to-date: /home/russe/Autonomous_Robot/src/install/gazebo_differential_drive_robot/share/gazebo_differential_drive_robot/local_setup.zsh
-- Up-to-date: /home/russe/Autonomous_Robot/src/install/gazebo_differential_drive_robot/share/gazebo_differential_drive_robot/local_setup.dsv
-- Up-to-date: /home/russe/Autonomous_Robot/src/install/gazebo_differential_drive_robot/share/gazebo_differential_drive_robot/package.dsv
-- Up-to-date: /home/russe/Autonomous_Robot/src/install/gazebo_differential_drive_robot/share/ament_index/resource_index/packages/gazebo_differential_drive_robot
-- Up-to-date: /home/russe/Autonomous_Robot/src/install/gazebo_differential_drive_robot/share/gazebo_differential_drive_robot/cmake/gazebo_differential_drive_robotConfig.cmake
-- Up-to-date: /home/russe/Autonomous_Robot/src/install/gazebo_differential_drive_robot/share/gazebo_differential_drive_robot/cmake/gazebo_differential_drive_robotConfig-version.cmake
-- Up-to-date: /home/russe/Autonomous_Robot/src/install/gazebo_differential_drive_robot/share/gazebo_differential_drive_robot/package.xml
