[0.648s] Invoking command in '/home/russe/Autonomous_Robot/src/mobile_robot': PYTHONPATH=/home/russe/Autonomous_Robot/src/mobile_robot/build/mobile_robot/prefix_override:/usr/lib/python3/dist-packages/colcon_core/task/python/colcon_distutils_commands:/home/russe/Autonomous_Robot/src/mobile_robot/install/mobile_robot/lib/python3.12/site-packages:${PYTHONPATH} /usr/bin/python3 -W ignore:setup.py install is deprecated -W ignore:easy_install command is deprecated setup.py egg_info --egg-base build/mobile_robot build --build-base /home/russe/Autonomous_Robot/src/mobile_robot/build/mobile_robot/build install --record /home/russe/Autonomous_Robot/src/mobile_robot/build/mobile_robot/install.log --single-version-externally-managed install_data
[0.853s] running egg_info
[0.867s] writing build/mobile_robot/mobile_robot.egg-info/PKG-INFO
[0.867s] writing dependency_links to build/mobile_robot/mobile_robot.egg-info/dependency_links.txt
[0.867s] writing entry points to build/mobile_robot/mobile_robot.egg-info/entry_points.txt
[0.867s] writing requirements to build/mobile_robot/mobile_robot.egg-info/requires.txt
[0.868s] writing top-level names to build/mobile_robot/mobile_robot.egg-info/top_level.txt
[0.898s] reading manifest file 'build/mobile_robot/mobile_robot.egg-info/SOURCES.txt'
[0.899s] writing manifest file 'build/mobile_robot/mobile_robot.egg-info/SOURCES.txt'
[0.899s] running build
[0.899s] running build_py
[0.900s] copying mobile_robot/battery_node.py -> /home/russe/Autonomous_Robot/src/mobile_robot/build/mobile_robot/build/lib/mobile_robot
[0.900s] running install
[0.906s] running install_lib
[0.921s] copying /home/russe/Autonomous_Robot/src/mobile_robot/build/mobile_robot/build/lib/mobile_robot/battery_node.py -> /home/russe/Autonomous_Robot/src/mobile_robot/install/mobile_robot/lib/python3.12/site-packages/mobile_robot
[0.922s] byte-compiling /home/russe/Autonomous_Robot/src/mobile_robot/install/mobile_robot/lib/python3.12/site-packages/mobile_robot/battery_node.py to battery_node.cpython-312.pyc
[0.925s] running install_data
[0.925s] running install_egg_info
[0.943s] removing '/home/russe/Autonomous_Robot/src/mobile_robot/install/mobile_robot/lib/python3.12/site-packages/mobile_robot-0.0.0-py3.12.egg-info' (and everything under it)
[0.944s] Copying build/mobile_robot/mobile_robot.egg-info to /home/russe/Autonomous_Robot/src/mobile_robot/install/mobile_robot/lib/python3.12/site-packages/mobile_robot-0.0.0-py3.12.egg-info
[0.945s] running install_scripts
[1.045s] Installing auto_recharge_node script to /home/russe/Autonomous_Robot/src/mobile_robot/install/mobile_robot/lib/mobile_robot
[1.046s] Installing avoid_while_interact script to /home/russe/Autonomous_Robot/src/mobile_robot/install/mobile_robot/lib/mobile_robot
[1.046s] Installing battery_node script to /home/russe/Autonomous_Robot/src/mobile_robot/install/mobile_robot/lib/mobile_robot
[1.046s] Installing bounce_2cylinders script to /home/russe/Autonomous_Robot/src/mobile_robot/install/mobile_robot/lib/mobile_robot
[1.046s] Installing bounce_cylinder script to /home/russe/Autonomous_Robot/src/mobile_robot/install/mobile_robot/lib/mobile_robot
[1.046s] Installing find script to /home/russe/Autonomous_Robot/src/mobile_robot/install/mobile_robot/lib/mobile_robot
[1.047s] Installing guest_approach script to /home/russe/Autonomous_Robot/src/mobile_robot/install/mobile_robot/lib/mobile_robot
[1.047s] Installing guest_find script to /home/russe/Autonomous_Robot/src/mobile_robot/install/mobile_robot/lib/mobile_robot
[1.047s] Installing identify2 script to /home/russe/Autonomous_Robot/src/mobile_robot/install/mobile_robot/lib/mobile_robot
[1.047s] Installing identify3 script to /home/russe/Autonomous_Robot/src/mobile_robot/install/mobile_robot/lib/mobile_robot
[1.047s] Installing identify5 script to /home/russe/Autonomous_Robot/src/mobile_robot/install/mobile_robot/lib/mobile_robot
[1.047s] Installing identify6 script to /home/russe/Autonomous_Robot/src/mobile_robot/install/mobile_robot/lib/mobile_robot
[1.048s] Installing identify_move_supervisor script to /home/russe/Autonomous_Robot/src/mobile_robot/install/mobile_robot/lib/mobile_robot
[1.048s] Installing move script to /home/russe/Autonomous_Robot/src/mobile_robot/install/mobile_robot/lib/mobile_robot
[1.048s] Installing move2 script to /home/russe/Autonomous_Robot/src/mobile_robot/install/mobile_robot/lib/mobile_robot
[1.048s] Installing move5 script to /home/russe/Autonomous_Robot/src/mobile_robot/install/mobile_robot/lib/mobile_robot
[1.049s] Installing move6 script to /home/russe/Autonomous_Robot/src/mobile_robot/install/mobile_robot/lib/mobile_robot
[1.049s] Installing rotate_90_degrees script to /home/russe/Autonomous_Robot/src/mobile_robot/install/mobile_robot/lib/mobile_robot
[1.049s] Installing simple_avoid_obstacle script to /home/russe/Autonomous_Robot/src/mobile_robot/install/mobile_robot/lib/mobile_robot
[1.049s] Installing simple_guest_approach script to /home/russe/Autonomous_Robot/src/mobile_robot/install/mobile_robot/lib/mobile_robot
[1.049s] Installing simple_guest_find script to /home/russe/Autonomous_Robot/src/mobile_robot/install/mobile_robot/lib/mobile_robot
[1.049s] Installing soft_obstacle_avoidance_node script to /home/russe/Autonomous_Robot/src/mobile_robot/install/mobile_robot/lib/mobile_robot
[1.049s] Installing spin_head script to /home/russe/Autonomous_Robot/src/mobile_robot/install/mobile_robot/lib/mobile_robot
[1.049s] Installing square_driver_with_logging script to /home/russe/Autonomous_Robot/src/mobile_robot/install/mobile_robot/lib/mobile_robot
[1.049s] Installing test_publisher script to /home/russe/Autonomous_Robot/src/mobile_robot/install/mobile_robot/lib/mobile_robot
[1.050s] writing list of installed files to '/home/russe/Autonomous_Robot/src/mobile_robot/build/mobile_robot/install.log'
[1.076s] Invoked command in '/home/russe/Autonomous_Robot/src/mobile_robot' returned '0': PYTHONPATH=/home/russe/Autonomous_Robot/src/mobile_robot/build/mobile_robot/prefix_override:/usr/lib/python3/dist-packages/colcon_core/task/python/colcon_distutils_commands:/home/russe/Autonomous_Robot/src/mobile_robot/install/mobile_robot/lib/python3.12/site-packages:${PYTHONPATH} /usr/bin/python3 -W ignore:setup.py install is deprecated -W ignore:easy_install command is deprecated setup.py egg_info --egg-base build/mobile_robot build --build-base /home/russe/Autonomous_Robot/src/mobile_robot/build/mobile_robot/build install --record /home/russe/Autonomous_Robot/src/mobile_robot/build/mobile_robot/install.log --single-version-externally-managed install_data
